[0.077s] Invoking command in '/root/ROS2Docker/ros2_ws/build/examples_rclcpp_minimal_action_client': CMAKE_PREFIX_PATH=/opt/ros/foxy /usr/bin/cmake /root/ROS2Docker/ros2_ws/src/examples/rclcpp/actions/minimal_action_client -DCMAKE_INSTALL_PREFIX=/root/ROS2Docker/ros2_ws/install/examples_rclcpp_minimal_action_client
[1.450s] -- The C compiler identification is GNU 9.3.0
[1.451s] -- The CXX compiler identification is GNU 9.3.0
[1.451s] -- Check for working C compiler: /usr/bin/cc
[1.452s] -- Check for working C compiler: /usr/bin/cc -- works
[1.452s] -- Detecting C compiler ABI info
[1.453s] -- Detecting C compiler ABI info - done
[1.454s] -- Detecting C compile features
[1.454s] -- Detecting C compile features - done
[1.454s] -- Check for working CXX compiler: /usr/bin/c++
[1.455s] -- Check for working CXX compiler: /usr/bin/c++ -- works
[1.455s] -- Detecting CXX compiler ABI info
[1.455s] -- Detecting CXX compiler ABI info - done
[1.455s] -- Detecting CXX compile features
[1.455s] -- Detecting CXX compile features - done
[1.455s] -- Found ament_cmake: 0.9.9 (/opt/ros/foxy/share/ament_cmake/cmake)
[1.455s] -- Found PythonInterp: /usr/bin/python3 (found suitable version "3.8.10", minimum required is "3") 
[1.456s] -- Using PYTHON_EXECUTABLE: /usr/bin/python3
[1.456s] -- Found example_interfaces: 0.9.1 (/opt/ros/foxy/share/example_interfaces/cmake)
[1.456s] -- Using all available rosidl_typesupport_c: rosidl_typesupport_fastrtps_c;rosidl_typesupport_introspection_c
[1.456s] -- Found rosidl_adapter: 1.2.1 (/opt/ros/foxy/share/rosidl_adapter/cmake)
[1.456s] -- Found OpenSSL: /usr/lib/x86_64-linux-gnu/libcrypto.so (found version "1.1.1f")  
[1.456s] -- Found FastRTPS: /opt/ros/foxy/include  
[1.456s] -- Using all available rosidl_typesupport_cpp: rosidl_typesupport_fastrtps_cpp;rosidl_typesupport_introspection_cpp
[1.457s] -- Found rclcpp: 2.4.0 (/opt/ros/foxy/share/rclcpp/cmake)
[1.457s] -- Found rmw_implementation_cmake: 1.0.3 (/opt/ros/foxy/share/rmw_implementation_cmake/cmake)
[1.458s] -- Using RMW implementation 'rmw_fastrtps_cpp' as default
[1.458s] -- Looking for pthread.h
[1.459s] -- Looking for pthread.h - found
[1.460s] -- Performing Test CMAKE_HAVE_LIBC_PTHREAD
[1.460s] -- Performing Test CMAKE_HAVE_LIBC_PTHREAD - Failed
[1.460s] -- Looking for pthread_create in pthreads
[1.460s] -- Looking for pthread_create in pthreads - not found
[1.460s] -- Looking for pthread_create in pthread
[1.461s] -- Looking for pthread_create in pthread - found
[1.461s] -- Found Threads: TRUE  
[1.673s] -- Found rclcpp_action: 2.4.0 (/opt/ros/foxy/share/rclcpp_action/cmake)
[1.728s] -- Found ament_lint_auto: 0.9.6 (/opt/ros/foxy/share/ament_lint_auto/cmake)
[1.826s] -- Added test 'copyright' to check source files copyright and LICENSE
[1.827s] -- Added test 'cppcheck' to perform static code analysis on C / C++ code
[1.827s] -- Configured cppcheck include dirs: 
[1.827s] -- Configured cppcheck exclude dirs and/or files: 
[1.828s] -- Added test 'cpplint' to check C / C++ code against the Google style
[1.828s] -- Configured cpplint exclude dirs and/or files: 
[1.829s] -- Added test 'lint_cmake' to check CMake code style
[1.830s] -- Added test 'uncrustify' to check C / C++ code style
[1.830s] -- Configured uncrustify additional arguments: 
[1.830s] -- Added test 'xmllint' to check XML markup files
[1.836s] -- Configuring done
[1.871s] -- Generating done
[1.871s] -- Build files have been written to: /root/ROS2Docker/ros2_ws/build/examples_rclcpp_minimal_action_client
[1.931s] Invoked command in '/root/ROS2Docker/ros2_ws/build/examples_rclcpp_minimal_action_client' returned '0': CMAKE_PREFIX_PATH=/opt/ros/foxy /usr/bin/cmake /root/ROS2Docker/ros2_ws/src/examples/rclcpp/actions/minimal_action_client -DCMAKE_INSTALL_PREFIX=/root/ROS2Docker/ros2_ws/install/examples_rclcpp_minimal_action_client
[1.934s] Invoking command in '/root/ROS2Docker/ros2_ws/build/examples_rclcpp_minimal_action_client': CMAKE_PREFIX_PATH=/opt/ros/foxy /usr/bin/cmake --build /root/ROS2Docker/ros2_ws/build/examples_rclcpp_minimal_action_client -- -j16 -l16
[1.987s] [35m[1mScanning dependencies of target action_client_not_composable_with_cancel[0m
[1.987s] [35m[1mScanning dependencies of target action_client_not_composable[0m
[2.006s] [35m[1mScanning dependencies of target action_client_member_functions[0m
[2.007s] [35m[1mScanning dependencies of target action_client_not_composable_with_feedback[0m
[2.055s] [ 12%] [32mBuilding CXX object CMakeFiles/action_client_not_composable_with_cancel.dir/not_composable_with_cancel.cpp.o[0m
[2.062s] [ 25%] [32mBuilding CXX object CMakeFiles/action_client_not_composable.dir/not_composable.cpp.o[0m
[2.098s] [ 37%] [32mBuilding CXX object CMakeFiles/action_client_member_functions.dir/member_functions.cpp.o[0m
[2.133s] [ 50%] [32mBuilding CXX object CMakeFiles/action_client_not_composable_with_feedback.dir/not_composable_with_feedback.cpp.o[0m
[6.691s] [ 62%] [32m[1mLinking CXX executable action_client_not_composable[0m
[6.848s] [ 62%] Built target action_client_not_composable
[6.920s] [ 75%] [32m[1mLinking CXX executable action_client_member_functions[0m
[7.068s] [ 75%] Built target action_client_member_functions
[7.114s] [ 87%] [32m[1mLinking CXX executable action_client_not_composable_with_feedback[0m
[7.245s] [ 87%] Built target action_client_not_composable_with_feedback
[7.316s] [100%] [32m[1mLinking CXX executable action_client_not_composable_with_cancel[0m
[7.449s] [100%] Built target action_client_not_composable_with_cancel
[7.458s] Invoked command in '/root/ROS2Docker/ros2_ws/build/examples_rclcpp_minimal_action_client' returned '0': CMAKE_PREFIX_PATH=/opt/ros/foxy /usr/bin/cmake --build /root/ROS2Docker/ros2_ws/build/examples_rclcpp_minimal_action_client -- -j16 -l16
[7.483s] Invoking command in '/root/ROS2Docker/ros2_ws/build/examples_rclcpp_minimal_action_client': CMAKE_PREFIX_PATH=/opt/ros/foxy /usr/bin/cmake --install /root/ROS2Docker/ros2_ws/build/examples_rclcpp_minimal_action_client
[7.489s] -- Install configuration: ""
[7.489s] -- Installing: /root/ROS2Docker/ros2_ws/install/examples_rclcpp_minimal_action_client/lib/examples_rclcpp_minimal_action_client/action_client_member_functions
[7.490s] -- Set runtime path of "/root/ROS2Docker/ros2_ws/install/examples_rclcpp_minimal_action_client/lib/examples_rclcpp_minimal_action_client/action_client_member_functions" to ""
[7.490s] -- Installing: /root/ROS2Docker/ros2_ws/install/examples_rclcpp_minimal_action_client/lib/examples_rclcpp_minimal_action_client/action_client_not_composable
[7.491s] -- Set runtime path of "/root/ROS2Docker/ros2_ws/install/examples_rclcpp_minimal_action_client/lib/examples_rclcpp_minimal_action_client/action_client_not_composable" to ""
[7.491s] -- Installing: /root/ROS2Docker/ros2_ws/install/examples_rclcpp_minimal_action_client/lib/examples_rclcpp_minimal_action_client/action_client_not_composable_with_cancel
[7.491s] -- Set runtime path of "/root/ROS2Docker/ros2_ws/install/examples_rclcpp_minimal_action_client/lib/examples_rclcpp_minimal_action_client/action_client_not_composable_with_cancel" to ""
[7.492s] -- Installing: /root/ROS2Docker/ros2_ws/install/examples_rclcpp_minimal_action_client/lib/examples_rclcpp_minimal_action_client/action_client_not_composable_with_feedback
[7.492s] -- Set runtime path of "/root/ROS2Docker/ros2_ws/install/examples_rclcpp_minimal_action_client/lib/examples_rclcpp_minimal_action_client/action_client_not_composable_with_feedback" to ""
[7.492s] -- Installing: /root/ROS2Docker/ros2_ws/install/examples_rclcpp_minimal_action_client/share/ament_index/resource_index/package_run_dependencies/examples_rclcpp_minimal_action_client
[7.493s] -- Installing: /root/ROS2Docker/ros2_ws/install/examples_rclcpp_minimal_action_client/share/ament_index/resource_index/parent_prefix_path/examples_rclcpp_minimal_action_client
[7.493s] -- Installing: /root/ROS2Docker/ros2_ws/install/examples_rclcpp_minimal_action_client/share/examples_rclcpp_minimal_action_client/environment/ament_prefix_path.sh
[7.493s] -- Installing: /root/ROS2Docker/ros2_ws/install/examples_rclcpp_minimal_action_client/share/examples_rclcpp_minimal_action_client/environment/ament_prefix_path.dsv
[7.493s] -- Installing: /root/ROS2Docker/ros2_ws/install/examples_rclcpp_minimal_action_client/share/examples_rclcpp_minimal_action_client/environment/path.sh
[7.493s] -- Installing: /root/ROS2Docker/ros2_ws/install/examples_rclcpp_minimal_action_client/share/examples_rclcpp_minimal_action_client/environment/path.dsv
[7.493s] -- Installing: /root/ROS2Docker/ros2_ws/install/examples_rclcpp_minimal_action_client/share/examples_rclcpp_minimal_action_client/local_setup.bash
[7.493s] -- Installing: /root/ROS2Docker/ros2_ws/install/examples_rclcpp_minimal_action_client/share/examples_rclcpp_minimal_action_client/local_setup.sh
[7.493s] -- Installing: /root/ROS2Docker/ros2_ws/install/examples_rclcpp_minimal_action_client/share/examples_rclcpp_minimal_action_client/local_setup.zsh
[7.494s] -- Installing: /root/ROS2Docker/ros2_ws/install/examples_rclcpp_minimal_action_client/share/examples_rclcpp_minimal_action_client/local_setup.dsv
[7.494s] -- Installing: /root/ROS2Docker/ros2_ws/install/examples_rclcpp_minimal_action_client/share/examples_rclcpp_minimal_action_client/package.dsv
[7.494s] -- Installing: /root/ROS2Docker/ros2_ws/install/examples_rclcpp_minimal_action_client/share/ament_index/resource_index/packages/examples_rclcpp_minimal_action_client
[7.494s] -- Installing: /root/ROS2Docker/ros2_ws/install/examples_rclcpp_minimal_action_client/share/examples_rclcpp_minimal_action_client/cmake/examples_rclcpp_minimal_action_clientConfig.cmake
[7.494s] -- Installing: /root/ROS2Docker/ros2_ws/install/examples_rclcpp_minimal_action_client/share/examples_rclcpp_minimal_action_client/cmake/examples_rclcpp_minimal_action_clientConfig-version.cmake
[7.494s] -- Installing: /root/ROS2Docker/ros2_ws/install/examples_rclcpp_minimal_action_client/share/examples_rclcpp_minimal_action_client/package.xml
[7.497s] Invoked command in '/root/ROS2Docker/ros2_ws/build/examples_rclcpp_minimal_action_client' returned '0': CMAKE_PREFIX_PATH=/opt/ros/foxy /usr/bin/cmake --install /root/ROS2Docker/ros2_ws/build/examples_rclcpp_minimal_action_client
