[0.021s] Invoking command in '/root/ROS2Docker/ros2_ws/build/ur_bringup': CMAKE_PREFIX_PATH=${CMAKE_PREFIX_PATH}:/root/ROS2Docker/ros2_ws/install/ur_ignition:/root/ROS2Docker/ros2_ws/install/examples_rclpy_minimal_subscriber:/root/ROS2Docker/ros2_ws/install/examples_rclpy_minimal_service:/root/ROS2Docker/ros2_ws/install/examples_rclpy_minimal_publisher:/root/ROS2Docker/ros2_ws/install/examples_rclpy_minimal_client:/root/ROS2Docker/ros2_ws/install/examples_rclpy_minimal_action_server:/root/ROS2Docker/ros2_ws/install/examples_rclpy_minimal_action_client:/root/ROS2Docker/ros2_ws/install/examples_rclpy_executors:/opt/ros/foxy /usr/bin/cmake /root/ROS2Docker/ros2_ws/src/Universal_Robots_ROS2_Driver/ur_bringup -DCMAKE_INSTALL_PREFIX=/root/ROS2Docker/ros2_ws/install/ur_bringup
[0.062s] -- The C compiler identification is GNU 9.3.0
[0.105s] -- The CXX compiler identification is GNU 9.3.0
[0.109s] -- Check for working C compiler: /usr/bin/cc
[0.161s] -- Check for working C compiler: /usr/bin/cc -- works
[0.161s] -- Detecting C compiler ABI info
[0.214s] -- Detecting C compiler ABI info - done
[0.224s] -- Detecting C compile features
[0.224s] -- Detecting C compile features - done
[0.226s] -- Check for working CXX compiler: /usr/bin/c++
[0.287s] -- Check for working CXX compiler: /usr/bin/c++ -- works
[0.288s] -- Detecting CXX compiler ABI info
[0.350s] -- Detecting CXX compiler ABI info - done
[0.368s] -- Detecting CXX compile features
[0.369s] -- Detecting CXX compile features - done
[0.370s] -- Found ament_cmake: 0.9.9 (/opt/ros/foxy/share/ament_cmake/cmake)
[0.391s] -- Found PythonInterp: /usr/bin/python3 (found suitable version "3.8.10", minimum required is "3") 
[0.391s] -- Using PYTHON_EXECUTABLE: /usr/bin/python3
[0.580s] -- Configuring done
[0.580s] -- Generating done
[0.581s] -- Build files have been written to: /root/ROS2Docker/ros2_ws/build/ur_bringup
[0.583s] Invoked command in '/root/ROS2Docker/ros2_ws/build/ur_bringup' returned '0': CMAKE_PREFIX_PATH=${CMAKE_PREFIX_PATH}:/root/ROS2Docker/ros2_ws/install/ur_ignition:/root/ROS2Docker/ros2_ws/install/examples_rclpy_minimal_subscriber:/root/ROS2Docker/ros2_ws/install/examples_rclpy_minimal_service:/root/ROS2Docker/ros2_ws/install/examples_rclpy_minimal_publisher:/root/ROS2Docker/ros2_ws/install/examples_rclpy_minimal_client:/root/ROS2Docker/ros2_ws/install/examples_rclpy_minimal_action_server:/root/ROS2Docker/ros2_ws/install/examples_rclpy_minimal_action_client:/root/ROS2Docker/ros2_ws/install/examples_rclpy_executors:/opt/ros/foxy /usr/bin/cmake /root/ROS2Docker/ros2_ws/src/Universal_Robots_ROS2_Driver/ur_bringup -DCMAKE_INSTALL_PREFIX=/root/ROS2Docker/ros2_ws/install/ur_bringup
[0.585s] Invoking command in '/root/ROS2Docker/ros2_ws/build/ur_bringup': CMAKE_PREFIX_PATH=${CMAKE_PREFIX_PATH}:/root/ROS2Docker/ros2_ws/install/ur_ignition:/root/ROS2Docker/ros2_ws/install/examples_rclpy_minimal_subscriber:/root/ROS2Docker/ros2_ws/install/examples_rclpy_minimal_service:/root/ROS2Docker/ros2_ws/install/examples_rclpy_minimal_publisher:/root/ROS2Docker/ros2_ws/install/examples_rclpy_minimal_client:/root/ROS2Docker/ros2_ws/install/examples_rclpy_minimal_action_server:/root/ROS2Docker/ros2_ws/install/examples_rclpy_minimal_action_client:/root/ROS2Docker/ros2_ws/install/examples_rclpy_executors:/opt/ros/foxy /usr/bin/cmake --build /root/ROS2Docker/ros2_ws/build/ur_bringup -- -j16 -l16
[0.615s] Invoked command in '/root/ROS2Docker/ros2_ws/build/ur_bringup' returned '0': CMAKE_PREFIX_PATH=${CMAKE_PREFIX_PATH}:/root/ROS2Docker/ros2_ws/install/ur_ignition:/root/ROS2Docker/ros2_ws/install/examples_rclpy_minimal_subscriber:/root/ROS2Docker/ros2_ws/install/examples_rclpy_minimal_service:/root/ROS2Docker/ros2_ws/install/examples_rclpy_minimal_publisher:/root/ROS2Docker/ros2_ws/install/examples_rclpy_minimal_client:/root/ROS2Docker/ros2_ws/install/examples_rclpy_minimal_action_server:/root/ROS2Docker/ros2_ws/install/examples_rclpy_minimal_action_client:/root/ROS2Docker/ros2_ws/install/examples_rclpy_executors:/opt/ros/foxy /usr/bin/cmake --build /root/ROS2Docker/ros2_ws/build/ur_bringup -- -j16 -l16
[0.638s] Invoking command in '/root/ROS2Docker/ros2_ws/build/ur_bringup': CMAKE_PREFIX_PATH=${CMAKE_PREFIX_PATH}:/root/ROS2Docker/ros2_ws/install/ur_ignition:/root/ROS2Docker/ros2_ws/install/examples_rclpy_minimal_subscriber:/root/ROS2Docker/ros2_ws/install/examples_rclpy_minimal_service:/root/ROS2Docker/ros2_ws/install/examples_rclpy_minimal_publisher:/root/ROS2Docker/ros2_ws/install/examples_rclpy_minimal_client:/root/ROS2Docker/ros2_ws/install/examples_rclpy_minimal_action_server:/root/ROS2Docker/ros2_ws/install/examples_rclpy_minimal_action_client:/root/ROS2Docker/ros2_ws/install/examples_rclpy_executors:/opt/ros/foxy /usr/bin/cmake --install /root/ROS2Docker/ros2_ws/build/ur_bringup
[0.646s] -- Install configuration: ""
[0.646s] -- Installing: /root/ROS2Docker/ros2_ws/install/ur_bringup/share/ur_bringup/config
[0.646s] -- Installing: /root/ROS2Docker/ros2_ws/install/ur_bringup/share/ur_bringup/config/ur_controllers.yaml
[0.646s] -- Installing: /root/ROS2Docker/ros2_ws/install/ur_bringup/share/ur_bringup/config/test_goal_publishers_config.yaml
[0.647s] -- Installing: /root/ROS2Docker/ros2_ws/install/ur_bringup/share/ur_bringup/launch
[0.647s] -- Installing: /root/ROS2Docker/ros2_ws/install/ur_bringup/share/ur_bringup/launch/ur3.launch.py
[0.647s] -- Installing: /root/ROS2Docker/ros2_ws/install/ur_bringup/share/ur_bringup/launch/ur10.launch.py
[0.647s] -- Installing: /root/ROS2Docker/ros2_ws/install/ur_bringup/share/ur_bringup/launch/ur5.launch.py
[0.647s] -- Installing: /root/ROS2Docker/ros2_ws/install/ur_bringup/share/ur_bringup/launch/ur5e.launch.py
[0.647s] -- Installing: /root/ROS2Docker/ros2_ws/install/ur_bringup/share/ur_bringup/launch/ur_moveit.launch.py
[0.647s] -- Installing: /root/ROS2Docker/ros2_ws/install/ur_bringup/share/ur_bringup/launch/test_scaled_joint_trajectory_controller.launch.py
[0.647s] -- Installing: /root/ROS2Docker/ros2_ws/install/ur_bringup/share/ur_bringup/launch/ur_dashboard_client.launch.py
[0.647s] -- Installing: /root/ROS2Docker/ros2_ws/install/ur_bringup/share/ur_bringup/launch/test_joint_trajectory_controller.launch.py
[0.647s] -- Installing: /root/ROS2Docker/ros2_ws/install/ur_bringup/share/ur_bringup/launch/ur10e.launch.py
[0.647s] -- Installing: /root/ROS2Docker/ros2_ws/install/ur_bringup/share/ur_bringup/launch/ur3e.launch.py
[0.647s] -- Installing: /root/ROS2Docker/ros2_ws/install/ur_bringup/share/ur_bringup/launch/ur_control.launch.py
[0.647s] -- Installing: /root/ROS2Docker/ros2_ws/install/ur_bringup/share/ur_bringup/launch/ur16e.launch.py
[0.648s] -- Installing: /root/ROS2Docker/ros2_ws/install/ur_bringup/share/ament_index/resource_index/package_run_dependencies/ur_bringup
[0.648s] -- Installing: /root/ROS2Docker/ros2_ws/install/ur_bringup/share/ament_index/resource_index/parent_prefix_path/ur_bringup
[0.648s] -- Installing: /root/ROS2Docker/ros2_ws/install/ur_bringup/share/ur_bringup/environment/ament_prefix_path.sh
[0.648s] -- Installing: /root/ROS2Docker/ros2_ws/install/ur_bringup/share/ur_bringup/environment/ament_prefix_path.dsv
[0.648s] -- Installing: /root/ROS2Docker/ros2_ws/install/ur_bringup/share/ur_bringup/environment/path.sh
[0.648s] -- Installing: /root/ROS2Docker/ros2_ws/install/ur_bringup/share/ur_bringup/environment/path.dsv
[0.648s] -- Installing: /root/ROS2Docker/ros2_ws/install/ur_bringup/share/ur_bringup/local_setup.bash
[0.648s] -- Installing: /root/ROS2Docker/ros2_ws/install/ur_bringup/share/ur_bringup/local_setup.sh
[0.648s] -- Installing: /root/ROS2Docker/ros2_ws/install/ur_bringup/share/ur_bringup/local_setup.zsh
[0.648s] -- Installing: /root/ROS2Docker/ros2_ws/install/ur_bringup/share/ur_bringup/local_setup.dsv
[0.648s] -- Installing: /root/ROS2Docker/ros2_ws/install/ur_bringup/share/ur_bringup/package.dsv
[0.649s] -- Installing: /root/ROS2Docker/ros2_ws/install/ur_bringup/share/ament_index/resource_index/packages/ur_bringup
[0.649s] -- Installing: /root/ROS2Docker/ros2_ws/install/ur_bringup/share/ur_bringup/cmake/ur_bringupConfig.cmake
[0.649s] -- Installing: /root/ROS2Docker/ros2_ws/install/ur_bringup/share/ur_bringup/cmake/ur_bringupConfig-version.cmake
[0.650s] -- Installing: /root/ROS2Docker/ros2_ws/install/ur_bringup/share/ur_bringup/package.xml
[0.651s] Invoked command in '/root/ROS2Docker/ros2_ws/build/ur_bringup' returned '0': CMAKE_PREFIX_PATH=${CMAKE_PREFIX_PATH}:/root/ROS2Docker/ros2_ws/install/ur_ignition:/root/ROS2Docker/ros2_ws/install/examples_rclpy_minimal_subscriber:/root/ROS2Docker/ros2_ws/install/examples_rclpy_minimal_service:/root/ROS2Docker/ros2_ws/install/examples_rclpy_minimal_publisher:/root/ROS2Docker/ros2_ws/install/examples_rclpy_minimal_client:/root/ROS2Docker/ros2_ws/install/examples_rclpy_minimal_action_server:/root/ROS2Docker/ros2_ws/install/examples_rclpy_minimal_action_client:/root/ROS2Docker/ros2_ws/install/examples_rclpy_executors:/opt/ros/foxy /usr/bin/cmake --install /root/ROS2Docker/ros2_ws/build/ur_bringup
