/root/ROS2Docker/ros2_ws/install/examples_rclpy_executors/lib/python3.8/site-packages/examples_rclpy_executors/listener.py
/root/ROS2Docker/ros2_ws/install/examples_rclpy_executors/lib/python3.8/site-packages/examples_rclpy_executors/talker.py
/root/ROS2Docker/ros2_ws/install/examples_rclpy_executors/lib/python3.8/site-packages/examples_rclpy_executors/composed.py
/root/ROS2Docker/ros2_ws/install/examples_rclpy_executors/lib/python3.8/site-packages/examples_rclpy_executors/__init__.py
/root/ROS2Docker/ros2_ws/install/examples_rclpy_executors/lib/python3.8/site-packages/examples_rclpy_executors/custom_executor.py
/root/ROS2Docker/ros2_ws/install/examples_rclpy_executors/lib/python3.8/site-packages/examples_rclpy_executors/callback_group.py
/root/ROS2Docker/ros2_ws/install/examples_rclpy_executors/lib/python3.8/site-packages/examples_rclpy_executors/custom_callback_group.py
/root/ROS2Docker/ros2_ws/install/examples_rclpy_executors/lib/python3.8/site-packages/examples_rclpy_executors/__pycache__/listener.cpython-38.pyc
/root/ROS2Docker/ros2_ws/install/examples_rclpy_executors/lib/python3.8/site-packages/examples_rclpy_executors/__pycache__/talker.cpython-38.pyc
/root/ROS2Docker/ros2_ws/install/examples_rclpy_executors/lib/python3.8/site-packages/examples_rclpy_executors/__pycache__/composed.cpython-38.pyc
/root/ROS2Docker/ros2_ws/install/examples_rclpy_executors/lib/python3.8/site-packages/examples_rclpy_executors/__pycache__/__init__.cpython-38.pyc
/root/ROS2Docker/ros2_ws/install/examples_rclpy_executors/lib/python3.8/site-packages/examples_rclpy_executors/__pycache__/custom_executor.cpython-38.pyc
/root/ROS2Docker/ros2_ws/install/examples_rclpy_executors/lib/python3.8/site-packages/examples_rclpy_executors/__pycache__/callback_group.cpython-38.pyc
/root/ROS2Docker/ros2_ws/install/examples_rclpy_executors/lib/python3.8/site-packages/examples_rclpy_executors/__pycache__/custom_callback_group.cpython-38.pyc
/root/ROS2Docker/ros2_ws/install/examples_rclpy_executors/share/ament_index/resource_index/packages/examples_rclpy_executors
/root/ROS2Docker/ros2_ws/install/examples_rclpy_executors/share/examples_rclpy_executors/package.xml
/root/ROS2Docker/ros2_ws/install/examples_rclpy_executors/lib/python3.8/site-packages/examples_rclpy_executors-0.9.4-py3.8.egg-info/requires.txt
/root/ROS2Docker/ros2_ws/install/examples_rclpy_executors/lib/python3.8/site-packages/examples_rclpy_executors-0.9.4-py3.8.egg-info/top_level.txt
/root/ROS2Docker/ros2_ws/install/examples_rclpy_executors/lib/python3.8/site-packages/examples_rclpy_executors-0.9.4-py3.8.egg-info/entry_points.txt
/root/ROS2Docker/ros2_ws/install/examples_rclpy_executors/lib/python3.8/site-packages/examples_rclpy_executors-0.9.4-py3.8.egg-info/dependency_links.txt
/root/ROS2Docker/ros2_ws/install/examples_rclpy_executors/lib/python3.8/site-packages/examples_rclpy_executors-0.9.4-py3.8.egg-info/zip-safe
/root/ROS2Docker/ros2_ws/install/examples_rclpy_executors/lib/python3.8/site-packages/examples_rclpy_executors-0.9.4-py3.8.egg-info/SOURCES.txt
/root/ROS2Docker/ros2_ws/install/examples_rclpy_executors/lib/python3.8/site-packages/examples_rclpy_executors-0.9.4-py3.8.egg-info/PKG-INFO
/root/ROS2Docker/ros2_ws/install/examples_rclpy_executors/lib/examples_rclpy_executors/callback_group
/root/ROS2Docker/ros2_ws/install/examples_rclpy_executors/lib/examples_rclpy_executors/composed
/root/ROS2Docker/ros2_ws/install/examples_rclpy_executors/lib/examples_rclpy_executors/custom_callback_group
/root/ROS2Docker/ros2_ws/install/examples_rclpy_executors/lib/examples_rclpy_executors/custom_executor
/root/ROS2Docker/ros2_ws/install/examples_rclpy_executors/lib/examples_rclpy_executors/listener
/root/ROS2Docker/ros2_ws/install/examples_rclpy_executors/lib/examples_rclpy_executors/talker
