-- Install configuration: ""
-- Up-to-date: /root/ROS2Docker/ros2_ws/install/ur_bringup/share/ur_bringup/config
-- Up-to-date: /root/ROS2Docker/ros2_ws/install/ur_bringup/share/ur_bringup/config/ur_controllers.yaml
-- Up-to-date: /root/ROS2Docker/ros2_ws/install/ur_bringup/share/ur_bringup/config/test_goal_publishers_config.yaml
-- Up-to-date: /root/ROS2Docker/ros2_ws/install/ur_bringup/share/ur_bringup/launch
-- Up-to-date: /root/ROS2Docker/ros2_ws/install/ur_bringup/share/ur_bringup/launch/ur3.launch.py
-- Up-to-date: /root/ROS2Docker/ros2_ws/install/ur_bringup/share/ur_bringup/launch/ur10.launch.py
-- Up-to-date: /root/ROS2Docker/ros2_ws/install/ur_bringup/share/ur_bringup/launch/ur5.launch.py
-- Up-to-date: /root/ROS2Docker/ros2_ws/install/ur_bringup/share/ur_bringup/launch/ur5e.launch.py
-- Up-to-date: /root/ROS2Docker/ros2_ws/install/ur_bringup/share/ur_bringup/launch/ur_moveit.launch.py
-- Up-to-date: /root/ROS2Docker/ros2_ws/install/ur_bringup/share/ur_bringup/launch/test_scaled_joint_trajectory_controller.launch.py
-- Up-to-date: /root/ROS2Docker/ros2_ws/install/ur_bringup/share/ur_bringup/launch/ur_dashboard_client.launch.py
-- Up-to-date: /root/ROS2Docker/ros2_ws/install/ur_bringup/share/ur_bringup/launch/test_joint_trajectory_controller.launch.py
-- Up-to-date: /root/ROS2Docker/ros2_ws/install/ur_bringup/share/ur_bringup/launch/ur10e.launch.py
-- Up-to-date: /root/ROS2Docker/ros2_ws/install/ur_bringup/share/ur_bringup/launch/ur3e.launch.py
-- Up-to-date: /root/ROS2Docker/ros2_ws/install/ur_bringup/share/ur_bringup/launch/ur_control.launch.py
-- Up-to-date: /root/ROS2Docker/ros2_ws/install/ur_bringup/share/ur_bringup/launch/ur16e.launch.py
-- Up-to-date: /root/ROS2Docker/ros2_ws/install/ur_bringup/share/ament_index/resource_index/package_run_dependencies/ur_bringup
-- Up-to-date: /root/ROS2Docker/ros2_ws/install/ur_bringup/share/ament_index/resource_index/parent_prefix_path/ur_bringup
-- Up-to-date: /root/ROS2Docker/ros2_ws/install/ur_bringup/share/ur_bringup/environment/ament_prefix_path.sh
-- Up-to-date: /root/ROS2Docker/ros2_ws/install/ur_bringup/share/ur_bringup/environment/ament_prefix_path.dsv
-- Up-to-date: /root/ROS2Docker/ros2_ws/install/ur_bringup/share/ur_bringup/environment/path.sh
-- Up-to-date: /root/ROS2Docker/ros2_ws/install/ur_bringup/share/ur_bringup/environment/path.dsv
-- Up-to-date: /root/ROS2Docker/ros2_ws/install/ur_bringup/share/ur_bringup/local_setup.bash
-- Up-to-date: /root/ROS2Docker/ros2_ws/install/ur_bringup/share/ur_bringup/local_setup.sh
-- Up-to-date: /root/ROS2Docker/ros2_ws/install/ur_bringup/share/ur_bringup/local_setup.zsh
-- Up-to-date: /root/ROS2Docker/ros2_ws/install/ur_bringup/share/ur_bringup/local_setup.dsv
-- Up-to-date: /root/ROS2Docker/ros2_ws/install/ur_bringup/share/ur_bringup/package.dsv
-- Up-to-date: /root/ROS2Docker/ros2_ws/install/ur_bringup/share/ament_index/resource_index/packages/ur_bringup
-- Up-to-date: /root/ROS2Docker/ros2_ws/install/ur_bringup/share/ur_bringup/cmake/ur_bringupConfig.cmake
-- Up-to-date: /root/ROS2Docker/ros2_ws/install/ur_bringup/share/ur_bringup/cmake/ur_bringupConfig-version.cmake
-- Up-to-date: /root/ROS2Docker/ros2_ws/install/ur_bringup/share/ur_bringup/package.xml
