[0.186s] Invoking command in '/root/ROS2Docker/ros2_ws/build/ur_bringup': CMAKE_PREFIX_PATH=${CMAKE_PREFIX_PATH}:/root/ROS2Docker/ros2_ws/install/ur_ignition:/root/ROS2Docker/ros2_ws/install/examples_rclpy_minimal_subscriber:/root/ROS2Docker/ros2_ws/install/examples_rclpy_minimal_service:/root/ROS2Docker/ros2_ws/install/examples_rclpy_minimal_publisher:/root/ROS2Docker/ros2_ws/install/examples_rclpy_minimal_client:/root/ROS2Docker/ros2_ws/install/examples_rclpy_minimal_action_server:/root/ROS2Docker/ros2_ws/install/examples_rclpy_minimal_action_client:/root/ROS2Docker/ros2_ws/install/examples_rclpy_executors:/opt/ros/foxy /usr/bin/cmake --build /root/ROS2Docker/ros2_ws/build/ur_bringup -- -j16 -l16
[0.218s] Invoked command in '/root/ROS2Docker/ros2_ws/build/ur_bringup' returned '0': CMAKE_PREFIX_PATH=${CMAKE_PREFIX_PATH}:/root/ROS2Docker/ros2_ws/install/ur_ignition:/root/ROS2Docker/ros2_ws/install/examples_rclpy_minimal_subscriber:/root/ROS2Docker/ros2_ws/install/examples_rclpy_minimal_service:/root/ROS2Docker/ros2_ws/install/examples_rclpy_minimal_publisher:/root/ROS2Docker/ros2_ws/install/examples_rclpy_minimal_client:/root/ROS2Docker/ros2_ws/install/examples_rclpy_minimal_action_server:/root/ROS2Docker/ros2_ws/install/examples_rclpy_minimal_action_client:/root/ROS2Docker/ros2_ws/install/examples_rclpy_executors:/opt/ros/foxy /usr/bin/cmake --build /root/ROS2Docker/ros2_ws/build/ur_bringup -- -j16 -l16
[0.252s] Invoking command in '/root/ROS2Docker/ros2_ws/build/ur_bringup': CMAKE_PREFIX_PATH=${CMAKE_PREFIX_PATH}:/root/ROS2Docker/ros2_ws/install/ur_ignition:/root/ROS2Docker/ros2_ws/install/examples_rclpy_minimal_subscriber:/root/ROS2Docker/ros2_ws/install/examples_rclpy_minimal_service:/root/ROS2Docker/ros2_ws/install/examples_rclpy_minimal_publisher:/root/ROS2Docker/ros2_ws/install/examples_rclpy_minimal_client:/root/ROS2Docker/ros2_ws/install/examples_rclpy_minimal_action_server:/root/ROS2Docker/ros2_ws/install/examples_rclpy_minimal_action_client:/root/ROS2Docker/ros2_ws/install/examples_rclpy_executors:/opt/ros/foxy /usr/bin/cmake --install /root/ROS2Docker/ros2_ws/build/ur_bringup
[0.264s] -- Install configuration: ""
[0.264s] -- Up-to-date: /root/ROS2Docker/ros2_ws/install/ur_bringup/share/ur_bringup/config
[0.265s] -- Up-to-date: /root/ROS2Docker/ros2_ws/install/ur_bringup/share/ur_bringup/config/ur_controllers.yaml
[0.266s] -- Up-to-date: /root/ROS2Docker/ros2_ws/install/ur_bringup/share/ur_bringup/config/test_goal_publishers_config.yaml
[0.266s] -- Up-to-date: /root/ROS2Docker/ros2_ws/install/ur_bringup/share/ur_bringup/launch
[0.267s] -- Up-to-date: /root/ROS2Docker/ros2_ws/install/ur_bringup/share/ur_bringup/launch/ur3.launch.py
[0.267s] -- Up-to-date: /root/ROS2Docker/ros2_ws/install/ur_bringup/share/ur_bringup/launch/ur10.launch.py
[0.267s] -- Up-to-date: /root/ROS2Docker/ros2_ws/install/ur_bringup/share/ur_bringup/launch/ur5.launch.py
[0.267s] -- Up-to-date: /root/ROS2Docker/ros2_ws/install/ur_bringup/share/ur_bringup/launch/ur5e.launch.py
[0.268s] -- Up-to-date: /root/ROS2Docker/ros2_ws/install/ur_bringup/share/ur_bringup/launch/ur_moveit.launch.py
[0.268s] -- Up-to-date: /root/ROS2Docker/ros2_ws/install/ur_bringup/share/ur_bringup/launch/test_scaled_joint_trajectory_controller.launch.py
[0.269s] -- Up-to-date: /root/ROS2Docker/ros2_ws/install/ur_bringup/share/ur_bringup/launch/ur_dashboard_client.launch.py
[0.269s] -- Up-to-date: /root/ROS2Docker/ros2_ws/install/ur_bringup/share/ur_bringup/launch/test_joint_trajectory_controller.launch.py
[0.269s] -- Up-to-date: /root/ROS2Docker/ros2_ws/install/ur_bringup/share/ur_bringup/launch/ur10e.launch.py
[0.269s] -- Up-to-date: /root/ROS2Docker/ros2_ws/install/ur_bringup/share/ur_bringup/launch/ur3e.launch.py
[0.270s] -- Up-to-date: /root/ROS2Docker/ros2_ws/install/ur_bringup/share/ur_bringup/launch/ur_control.launch.py
[0.270s] -- Up-to-date: /root/ROS2Docker/ros2_ws/install/ur_bringup/share/ur_bringup/launch/ur16e.launch.py
[0.270s] -- Up-to-date: /root/ROS2Docker/ros2_ws/install/ur_bringup/share/ament_index/resource_index/package_run_dependencies/ur_bringup
[0.270s] -- Up-to-date: /root/ROS2Docker/ros2_ws/install/ur_bringup/share/ament_index/resource_index/parent_prefix_path/ur_bringup
[0.270s] -- Up-to-date: /root/ROS2Docker/ros2_ws/install/ur_bringup/share/ur_bringup/environment/ament_prefix_path.sh
[0.271s] -- Up-to-date: /root/ROS2Docker/ros2_ws/install/ur_bringup/share/ur_bringup/environment/ament_prefix_path.dsv
[0.271s] -- Up-to-date: /root/ROS2Docker/ros2_ws/install/ur_bringup/share/ur_bringup/environment/path.sh
[0.271s] -- Up-to-date: /root/ROS2Docker/ros2_ws/install/ur_bringup/share/ur_bringup/environment/path.dsv
[0.272s] -- Up-to-date: /root/ROS2Docker/ros2_ws/install/ur_bringup/share/ur_bringup/local_setup.bash
[0.272s] -- Up-to-date: /root/ROS2Docker/ros2_ws/install/ur_bringup/share/ur_bringup/local_setup.sh
[0.272s] -- Up-to-date: /root/ROS2Docker/ros2_ws/install/ur_bringup/share/ur_bringup/local_setup.zsh
[0.272s] -- Up-to-date: /root/ROS2Docker/ros2_ws/install/ur_bringup/share/ur_bringup/local_setup.dsv
[0.273s] -- Up-to-date: /root/ROS2Docker/ros2_ws/install/ur_bringup/share/ur_bringup/package.dsv
[0.273s] -- Up-to-date: /root/ROS2Docker/ros2_ws/install/ur_bringup/share/ament_index/resource_index/packages/ur_bringup
[0.273s] -- Up-to-date: /root/ROS2Docker/ros2_ws/install/ur_bringup/share/ur_bringup/cmake/ur_bringupConfig.cmake
[0.274s] -- Up-to-date: /root/ROS2Docker/ros2_ws/install/ur_bringup/share/ur_bringup/cmake/ur_bringupConfig-version.cmake
[0.274s] -- Up-to-date: /root/ROS2Docker/ros2_ws/install/ur_bringup/share/ur_bringup/package.xml
[0.315s] Invoked command in '/root/ROS2Docker/ros2_ws/build/ur_bringup' returned '0': CMAKE_PREFIX_PATH=${CMAKE_PREFIX_PATH}:/root/ROS2Docker/ros2_ws/install/ur_ignition:/root/ROS2Docker/ros2_ws/install/examples_rclpy_minimal_subscriber:/root/ROS2Docker/ros2_ws/install/examples_rclpy_minimal_service:/root/ROS2Docker/ros2_ws/install/examples_rclpy_minimal_publisher:/root/ROS2Docker/ros2_ws/install/examples_rclpy_minimal_client:/root/ROS2Docker/ros2_ws/install/examples_rclpy_minimal_action_server:/root/ROS2Docker/ros2_ws/install/examples_rclpy_minimal_action_client:/root/ROS2Docker/ros2_ws/install/examples_rclpy_executors:/opt/ros/foxy /usr/bin/cmake --install /root/ROS2Docker/ros2_ws/build/ur_bringup
