[0.069s] Invoking command in '/root/ROS2Docker/ros2_ws/build/examples_rclcpp_minimal_composition': CMAKE_PREFIX_PATH=/opt/ros/foxy /usr/bin/cmake /root/ROS2Docker/ros2_ws/src/examples/rclcpp/composition/minimal_composition -DCMAKE_INSTALL_PREFIX=/root/ROS2Docker/ros2_ws/install/examples_rclcpp_minimal_composition
[1.466s] -- The C compiler identification is GNU 9.3.0
[1.469s] -- The CXX compiler identification is GNU 9.3.0
[1.469s] -- Check for working C compiler: /usr/bin/cc
[1.469s] -- Check for working C compiler: /usr/bin/cc -- works
[1.469s] -- Detecting C compiler ABI info
[1.469s] -- Detecting C compiler ABI info - done
[1.469s] -- Detecting C compile features
[1.469s] -- Detecting C compile features - done
[1.470s] -- Check for working CXX compiler: /usr/bin/c++
[1.470s] -- Check for working CXX compiler: /usr/bin/c++ -- works
[1.470s] -- Detecting CXX compiler ABI info
[1.470s] -- Detecting CXX compiler ABI info - done
[1.470s] -- Detecting CXX compile features
[1.470s] -- Detecting CXX compile features - done
[1.470s] -- Found ament_cmake: 0.9.9 (/opt/ros/foxy/share/ament_cmake/cmake)
[1.470s] -- Found PythonInterp: /usr/bin/python3 (found suitable version "3.8.10", minimum required is "3") 
[1.470s] -- Using PYTHON_EXECUTABLE: /usr/bin/python3
[1.470s] -- Found rclcpp: 2.4.0 (/opt/ros/foxy/share/rclcpp/cmake)
[1.471s] -- Using all available rosidl_typesupport_c: rosidl_typesupport_fastrtps_c;rosidl_typesupport_introspection_c
[1.471s] -- Found rosidl_adapter: 1.2.1 (/opt/ros/foxy/share/rosidl_adapter/cmake)
[1.471s] -- Found OpenSSL: /usr/lib/x86_64-linux-gnu/libcrypto.so (found version "1.1.1f")  
[1.471s] -- Found FastRTPS: /opt/ros/foxy/include  
[1.471s] -- Using all available rosidl_typesupport_cpp: rosidl_typesupport_fastrtps_cpp;rosidl_typesupport_introspection_cpp
[1.471s] -- Found rmw_implementation_cmake: 1.0.3 (/opt/ros/foxy/share/rmw_implementation_cmake/cmake)
[1.471s] -- Using RMW implementation 'rmw_fastrtps_cpp' as default
[1.471s] -- Looking for pthread.h
[1.471s] -- Looking for pthread.h - found
[1.471s] -- Performing Test CMAKE_HAVE_LIBC_PTHREAD
[1.471s] -- Performing Test CMAKE_HAVE_LIBC_PTHREAD - Failed
[1.472s] -- Looking for pthread_create in pthreads
[1.472s] -- Looking for pthread_create in pthreads - not found
[1.472s] -- Looking for pthread_create in pthread
[1.472s] -- Looking for pthread_create in pthread - found
[1.472s] -- Found Threads: TRUE  
[1.656s] -- Found rclcpp_components: 2.4.0 (/opt/ros/foxy/share/rclcpp_components/cmake)
[1.754s] -- Found ament_lint_auto: 0.9.6 (/opt/ros/foxy/share/ament_lint_auto/cmake)
[1.896s] -- Added test 'copyright' to check source files copyright and LICENSE
[1.896s] -- Added test 'cppcheck' to perform static code analysis on C / C++ code
[1.896s] -- Configured cppcheck include dirs: /root/ROS2Docker/ros2_ws/src/examples/rclcpp/composition/minimal_composition/include
[1.896s] -- Configured cppcheck exclude dirs and/or files: 
[1.896s] -- Added test 'cpplint' to check C / C++ code against the Google style
[1.896s] -- Configured cpplint exclude dirs and/or files: 
[1.897s] -- Added test 'lint_cmake' to check CMake code style
[1.897s] -- Added test 'uncrustify' to check C / C++ code style
[1.897s] -- Configured uncrustify additional arguments: 
[1.897s] -- Added test 'xmllint' to check XML markup files
[1.899s] -- Configuring done
[1.927s] -- Generating done
[1.929s] -- Build files have been written to: /root/ROS2Docker/ros2_ws/build/examples_rclcpp_minimal_composition
[1.965s] Invoked command in '/root/ROS2Docker/ros2_ws/build/examples_rclcpp_minimal_composition' returned '0': CMAKE_PREFIX_PATH=/opt/ros/foxy /usr/bin/cmake /root/ROS2Docker/ros2_ws/src/examples/rclcpp/composition/minimal_composition -DCMAKE_INSTALL_PREFIX=/root/ROS2Docker/ros2_ws/install/examples_rclcpp_minimal_composition
[1.966s] Invoking command in '/root/ROS2Docker/ros2_ws/build/examples_rclcpp_minimal_composition': CMAKE_PREFIX_PATH=/opt/ros/foxy /usr/bin/cmake --build /root/ROS2Docker/ros2_ws/build/examples_rclcpp_minimal_composition -- -j16 -l16
[2.098s] [35m[1mScanning dependencies of target composition_nodes[0m
[2.198s] [ 11%] [32mBuilding CXX object CMakeFiles/composition_nodes.dir/src/publisher_node.cpp.o[0m
[2.218s] [ 22%] [32mBuilding CXX object CMakeFiles/composition_nodes.dir/src/subscriber_node.cpp.o[0m
[8.253s] [ 33%] [32m[1mLinking CXX shared library libcomposition_nodes.so[0m
[8.463s] [ 33%] Built target composition_nodes
[8.471s] [35m[1mScanning dependencies of target composition_publisher[0m
[8.471s] [35m[1mScanning dependencies of target composition_subscriber[0m
[8.471s] [35m[1mScanning dependencies of target composition_composed[0m
[8.498s] [ 66%] [32mBuilding CXX object CMakeFiles/composition_subscriber.dir/src/standalone_subscriber.cpp.o[0m
[8.498s] [ 66%] [32mBuilding CXX object CMakeFiles/composition_composed.dir/src/composed.cpp.o[0m
[8.498s] [ 66%] [32mBuilding CXX object CMakeFiles/composition_publisher.dir/src/standalone_publisher.cpp.o[0m
[9.863s] [ 77%] [32m[1mLinking CXX executable composition_subscriber[0m
[9.879s] [ 88%] [32m[1mLinking CXX executable composition_publisher[0m
[9.901s] [100%] [32m[1mLinking CXX executable composition_composed[0m
[9.985s] [100%] Built target composition_subscriber
[9.999s] [100%] Built target composition_publisher
[10.017s] [100%] Built target composition_composed
[10.026s] Invoked command in '/root/ROS2Docker/ros2_ws/build/examples_rclcpp_minimal_composition' returned '0': CMAKE_PREFIX_PATH=/opt/ros/foxy /usr/bin/cmake --build /root/ROS2Docker/ros2_ws/build/examples_rclcpp_minimal_composition -- -j16 -l16
[10.049s] Invoking command in '/root/ROS2Docker/ros2_ws/build/examples_rclcpp_minimal_composition': CMAKE_PREFIX_PATH=/opt/ros/foxy /usr/bin/cmake --install /root/ROS2Docker/ros2_ws/build/examples_rclcpp_minimal_composition
[10.055s] -- Install configuration: ""
[10.055s] -- Installing: /root/ROS2Docker/ros2_ws/install/examples_rclcpp_minimal_composition/share/examples_rclcpp_minimal_composition/environment/library_path.sh
[10.055s] -- Installing: /root/ROS2Docker/ros2_ws/install/examples_rclcpp_minimal_composition/share/examples_rclcpp_minimal_composition/environment/library_path.dsv
[10.055s] -- Installing: /root/ROS2Docker/ros2_ws/install/examples_rclcpp_minimal_composition/lib/libcomposition_nodes.so
[10.057s] -- Set runtime path of "/root/ROS2Docker/ros2_ws/install/examples_rclcpp_minimal_composition/lib/libcomposition_nodes.so" to ""
[10.057s] -- Installing: /root/ROS2Docker/ros2_ws/install/examples_rclcpp_minimal_composition/lib/examples_rclcpp_minimal_composition/composition_publisher
[10.058s] -- Set runtime path of "/root/ROS2Docker/ros2_ws/install/examples_rclcpp_minimal_composition/lib/examples_rclcpp_minimal_composition/composition_publisher" to ""
[10.058s] -- Installing: /root/ROS2Docker/ros2_ws/install/examples_rclcpp_minimal_composition/lib/examples_rclcpp_minimal_composition/composition_subscriber
[10.058s] -- Set runtime path of "/root/ROS2Docker/ros2_ws/install/examples_rclcpp_minimal_composition/lib/examples_rclcpp_minimal_composition/composition_subscriber" to ""
[10.058s] -- Installing: /root/ROS2Docker/ros2_ws/install/examples_rclcpp_minimal_composition/lib/examples_rclcpp_minimal_composition/composition_composed
[10.058s] -- Set runtime path of "/root/ROS2Docker/ros2_ws/install/examples_rclcpp_minimal_composition/lib/examples_rclcpp_minimal_composition/composition_composed" to ""
[10.058s] -- Installing: /root/ROS2Docker/ros2_ws/install/examples_rclcpp_minimal_composition/share/ament_index/resource_index/package_run_dependencies/examples_rclcpp_minimal_composition
[10.059s] -- Installing: /root/ROS2Docker/ros2_ws/install/examples_rclcpp_minimal_composition/share/ament_index/resource_index/parent_prefix_path/examples_rclcpp_minimal_composition
[10.059s] -- Installing: /root/ROS2Docker/ros2_ws/install/examples_rclcpp_minimal_composition/share/examples_rclcpp_minimal_composition/environment/ament_prefix_path.sh
[10.059s] -- Installing: /root/ROS2Docker/ros2_ws/install/examples_rclcpp_minimal_composition/share/examples_rclcpp_minimal_composition/environment/ament_prefix_path.dsv
[10.059s] -- Installing: /root/ROS2Docker/ros2_ws/install/examples_rclcpp_minimal_composition/share/examples_rclcpp_minimal_composition/environment/path.sh
[10.059s] -- Installing: /root/ROS2Docker/ros2_ws/install/examples_rclcpp_minimal_composition/share/examples_rclcpp_minimal_composition/environment/path.dsv
[10.059s] -- Installing: /root/ROS2Docker/ros2_ws/install/examples_rclcpp_minimal_composition/share/examples_rclcpp_minimal_composition/local_setup.bash
[10.059s] -- Installing: /root/ROS2Docker/ros2_ws/install/examples_rclcpp_minimal_composition/share/examples_rclcpp_minimal_composition/local_setup.sh
[10.059s] -- Installing: /root/ROS2Docker/ros2_ws/install/examples_rclcpp_minimal_composition/share/examples_rclcpp_minimal_composition/local_setup.zsh
[10.059s] -- Installing: /root/ROS2Docker/ros2_ws/install/examples_rclcpp_minimal_composition/share/examples_rclcpp_minimal_composition/local_setup.dsv
[10.059s] -- Installing: /root/ROS2Docker/ros2_ws/install/examples_rclcpp_minimal_composition/share/examples_rclcpp_minimal_composition/package.dsv
[10.059s] -- Installing: /root/ROS2Docker/ros2_ws/install/examples_rclcpp_minimal_composition/share/ament_index/resource_index/packages/examples_rclcpp_minimal_composition
[10.061s] -- Installing: /root/ROS2Docker/ros2_ws/install/examples_rclcpp_minimal_composition/share/examples_rclcpp_minimal_composition/cmake/examples_rclcpp_minimal_compositionConfig.cmake
[10.061s] -- Installing: /root/ROS2Docker/ros2_ws/install/examples_rclcpp_minimal_composition/share/examples_rclcpp_minimal_composition/cmake/examples_rclcpp_minimal_compositionConfig-version.cmake
[10.061s] -- Installing: /root/ROS2Docker/ros2_ws/install/examples_rclcpp_minimal_composition/share/examples_rclcpp_minimal_composition/package.xml
[10.063s] Invoked command in '/root/ROS2Docker/ros2_ws/build/examples_rclcpp_minimal_composition' returned '0': CMAKE_PREFIX_PATH=/opt/ros/foxy /usr/bin/cmake --install /root/ROS2Docker/ros2_ws/build/examples_rclcpp_minimal_composition
