[0.015s] Invoking command in '/root/ROS2Docker/ros2_ws/build/ur_controllers': CMAKE_PREFIX_PATH=/root/ROS2Docker/ros2_ws/install/ur_msgs:/root/ROS2Docker/ros2_ws/install/ur_dashboard_msgs:/root/ROS2Docker/ros2_ws/install/ur_robot_driver:/root/ROS2Docker/ros2_ws/install/ur_controllers:/root/ROS2Docker/ros2_ws/install/ur_moveit_config:/root/ROS2Docker/ros2_ws/install/ur_bringup:/root/ROS2Docker/ros2_ws/install/ur_description:/root/ROS2Docker/ros2_ws/install/examples_rclcpp_multithreaded_executor:/root/ROS2Docker/ros2_ws/install/examples_rclcpp_minimal_timer:/root/ROS2Docker/ros2_ws/install/examples_rclcpp_minimal_subscriber:/root/ROS2Docker/ros2_ws/install/examples_rclcpp_minimal_service:/root/ROS2Docker/ros2_ws/install/examples_rclcpp_minimal_publisher:/root/ROS2Docker/ros2_ws/install/examples_rclcpp_minimal_composition:/root/ROS2Docker/ros2_ws/install/examples_rclcpp_minimal_client:/root/ROS2Docker/ros2_ws/install/examples_rclcpp_minimal_action_server:/root/ROS2Docker/ros2_ws/install/examples_rclcpp_minimal_action_client:/root/ROS2Docker/ros2_ws/install/ur_ignition:/root/ROS2Docker/ros2_ws/install/examples_rclpy_minimal_subscriber:/root/ROS2Docker/ros2_ws/install/examples_rclpy_minimal_service:/root/ROS2Docker/ros2_ws/install/examples_rclpy_minimal_publisher:/root/ROS2Docker/ros2_ws/install/examples_rclpy_minimal_client:/root/ROS2Docker/ros2_ws/install/examples_rclpy_minimal_action_server:/root/ROS2Docker/ros2_ws/install/examples_rclpy_minimal_action_client:/root/ROS2Docker/ros2_ws/install/examples_rclpy_executors:/opt/ros/foxy LD_LIBRARY_PATH=/root/ROS2Docker/ros2_ws/install/ur_msgs/lib:/root/ROS2Docker/ros2_ws/install/ur_dashboard_msgs/lib:/root/ROS2Docker/ros2_ws/install/ur_robot_driver/lib:/root/ROS2Docker/ros2_ws/install/ur_controllers/lib:/root/ROS2Docker/ros2_ws/install/examples_rclcpp_minimal_composition/lib:/opt/ros/foxy/opt/yaml_cpp_vendor/lib:/opt/ros/foxy/opt/rviz_ogre_vendor/lib:/opt/ros/foxy/lib/x86_64-linux-gnu:/opt/ros/foxy/lib PYTHONPATH=/root/ROS2Docker/ros2_ws/install/ur_msgs/lib/python3.8/site-packages:/root/ROS2Docker/ros2_ws/install/ur_dashboard_msgs/lib/python3.8/site-packages:/root/ROS2Docker/ros2_ws/install/ur_bringup/lib/python3.8/site-packages:/root/ROS2Docker/ros2_ws/install/ur_ignition/lib/python3.8/site-packages:/root/ROS2Docker/ros2_ws/install/examples_rclpy_minimal_subscriber/lib/python3.8/site-packages:/root/ROS2Docker/ros2_ws/install/examples_rclpy_minimal_service/lib/python3.8/site-packages:/root/ROS2Docker/ros2_ws/install/examples_rclpy_minimal_publisher/lib/python3.8/site-packages:/root/ROS2Docker/ros2_ws/install/examples_rclpy_minimal_client/lib/python3.8/site-packages:/root/ROS2Docker/ros2_ws/install/examples_rclpy_minimal_action_server/lib/python3.8/site-packages:/root/ROS2Docker/ros2_ws/install/examples_rclpy_minimal_action_client/lib/python3.8/site-packages:/root/ROS2Docker/ros2_ws/install/examples_rclpy_executors/lib/python3.8/site-packages:/opt/ros/foxy/lib/python3.8/site-packages /usr/bin/cmake /root/ROS2Docker/ros2_ws/src/Universal_Robots_ROS2_Driver/ur_controllers -DCMAKE_INSTALL_PREFIX=/root/ROS2Docker/ros2_ws/install/ur_controllers
[0.057s] -- The C compiler identification is GNU 9.3.0
[0.100s] -- The CXX compiler identification is GNU 9.3.0
[0.105s] -- Check for working C compiler: /usr/bin/cc
[0.157s] -- Check for working C compiler: /usr/bin/cc -- works
[0.158s] -- Detecting C compiler ABI info
[0.224s] -- Detecting C compiler ABI info - done
[0.238s] -- Detecting C compile features
[0.238s] -- Detecting C compile features - done
[0.241s] -- Check for working CXX compiler: /usr/bin/c++
[0.317s] -- Check for working CXX compiler: /usr/bin/c++ -- works
[0.318s] -- Detecting CXX compiler ABI info
[0.381s] -- Detecting CXX compiler ABI info - done
[0.395s] -- Detecting CXX compile features
[0.396s] -- Detecting CXX compile features - done
[0.398s] -- Found ament_cmake: 0.9.9 (/opt/ros/foxy/share/ament_cmake/cmake)
[0.426s] -- Found PythonInterp: /usr/bin/python3 (found suitable version "3.8.10", minimum required is "3") 
[0.426s] -- Using PYTHON_EXECUTABLE: /usr/bin/python3
[0.573s] -- Found control_msgs: 2.5.1 (/opt/ros/foxy/share/control_msgs/cmake)
[0.600s] -- Using all available rosidl_typesupport_c: rosidl_typesupport_fastrtps_c;rosidl_typesupport_introspection_c
[0.606s] -- Found rosidl_adapter: 1.2.1 (/opt/ros/foxy/share/rosidl_adapter/cmake)
[0.668s] -- Found OpenSSL: /usr/lib/x86_64-linux-gnu/libcrypto.so (found version "1.1.1f")  
[0.694s] -- Found FastRTPS: /opt/ros/foxy/include  
[0.762s] -- Using all available rosidl_typesupport_cpp: rosidl_typesupport_fastrtps_cpp;rosidl_typesupport_introspection_cpp
[1.137s] -- Found controller_interface: 0.8.1 (/opt/ros/foxy/share/controller_interface/cmake)
[1.234s] -- Found rmw_implementation_cmake: 1.0.3 (/opt/ros/foxy/share/rmw_implementation_cmake/cmake)
[1.236s] -- Using RMW implementation 'rmw_fastrtps_cpp' as default
[1.237s] -- Looking for pthread.h
[1.289s] -- Looking for pthread.h - found
[1.289s] -- Performing Test CMAKE_HAVE_LIBC_PTHREAD
[1.345s] -- Performing Test CMAKE_HAVE_LIBC_PTHREAD - Failed
[1.345s] -- Looking for pthread_create in pthreads
[1.407s] -- Looking for pthread_create in pthreads - not found
[1.407s] -- Looking for pthread_create in pthread
[1.482s] -- Looking for pthread_create in pthread - found
[1.483s] -- Found Threads: TRUE  
[1.713s] -- Found joint_trajectory_controller: 0.5.1 (/opt/ros/foxy/share/joint_trajectory_controller/cmake)
[1.816s] -- Found realtime_tools: 2.1.1 (/opt/ros/foxy/share/realtime_tools/cmake)
[1.850s] -- Found std_srvs: 2.0.4 (/opt/ros/foxy/share/std_srvs/cmake)
[1.859s] -- Found ur_dashboard_msgs: 0.0.0 (/root/ROS2Docker/ros2_ws/install/ur_dashboard_msgs/share/ur_dashboard_msgs/cmake)
[1.923s] -- Found ur_msgs: 1.3.2 (/root/ROS2Docker/ros2_ws/install/ur_msgs/share/ur_msgs/cmake)
[2.243s] -- Configuring done
[2.265s] -- Generating done
[2.267s] -- Build files have been written to: /root/ROS2Docker/ros2_ws/build/ur_controllers
[2.274s] Invoked command in '/root/ROS2Docker/ros2_ws/build/ur_controllers' returned '0': CMAKE_PREFIX_PATH=/root/ROS2Docker/ros2_ws/install/ur_msgs:/root/ROS2Docker/ros2_ws/install/ur_dashboard_msgs:/root/ROS2Docker/ros2_ws/install/ur_robot_driver:/root/ROS2Docker/ros2_ws/install/ur_controllers:/root/ROS2Docker/ros2_ws/install/ur_moveit_config:/root/ROS2Docker/ros2_ws/install/ur_bringup:/root/ROS2Docker/ros2_ws/install/ur_description:/root/ROS2Docker/ros2_ws/install/examples_rclcpp_multithreaded_executor:/root/ROS2Docker/ros2_ws/install/examples_rclcpp_minimal_timer:/root/ROS2Docker/ros2_ws/install/examples_rclcpp_minimal_subscriber:/root/ROS2Docker/ros2_ws/install/examples_rclcpp_minimal_service:/root/ROS2Docker/ros2_ws/install/examples_rclcpp_minimal_publisher:/root/ROS2Docker/ros2_ws/install/examples_rclcpp_minimal_composition:/root/ROS2Docker/ros2_ws/install/examples_rclcpp_minimal_client:/root/ROS2Docker/ros2_ws/install/examples_rclcpp_minimal_action_server:/root/ROS2Docker/ros2_ws/install/examples_rclcpp_minimal_action_client:/root/ROS2Docker/ros2_ws/install/ur_ignition:/root/ROS2Docker/ros2_ws/install/examples_rclpy_minimal_subscriber:/root/ROS2Docker/ros2_ws/install/examples_rclpy_minimal_service:/root/ROS2Docker/ros2_ws/install/examples_rclpy_minimal_publisher:/root/ROS2Docker/ros2_ws/install/examples_rclpy_minimal_client:/root/ROS2Docker/ros2_ws/install/examples_rclpy_minimal_action_server:/root/ROS2Docker/ros2_ws/install/examples_rclpy_minimal_action_client:/root/ROS2Docker/ros2_ws/install/examples_rclpy_executors:/opt/ros/foxy LD_LIBRARY_PATH=/root/ROS2Docker/ros2_ws/install/ur_msgs/lib:/root/ROS2Docker/ros2_ws/install/ur_dashboard_msgs/lib:/root/ROS2Docker/ros2_ws/install/ur_robot_driver/lib:/root/ROS2Docker/ros2_ws/install/ur_controllers/lib:/root/ROS2Docker/ros2_ws/install/examples_rclcpp_minimal_composition/lib:/opt/ros/foxy/opt/yaml_cpp_vendor/lib:/opt/ros/foxy/opt/rviz_ogre_vendor/lib:/opt/ros/foxy/lib/x86_64-linux-gnu:/opt/ros/foxy/lib PYTHONPATH=/root/ROS2Docker/ros2_ws/install/ur_msgs/lib/python3.8/site-packages:/root/ROS2Docker/ros2_ws/install/ur_dashboard_msgs/lib/python3.8/site-packages:/root/ROS2Docker/ros2_ws/install/ur_bringup/lib/python3.8/site-packages:/root/ROS2Docker/ros2_ws/install/ur_ignition/lib/python3.8/site-packages:/root/ROS2Docker/ros2_ws/install/examples_rclpy_minimal_subscriber/lib/python3.8/site-packages:/root/ROS2Docker/ros2_ws/install/examples_rclpy_minimal_service/lib/python3.8/site-packages:/root/ROS2Docker/ros2_ws/install/examples_rclpy_minimal_publisher/lib/python3.8/site-packages:/root/ROS2Docker/ros2_ws/install/examples_rclpy_minimal_client/lib/python3.8/site-packages:/root/ROS2Docker/ros2_ws/install/examples_rclpy_minimal_action_server/lib/python3.8/site-packages:/root/ROS2Docker/ros2_ws/install/examples_rclpy_minimal_action_client/lib/python3.8/site-packages:/root/ROS2Docker/ros2_ws/install/examples_rclpy_executors/lib/python3.8/site-packages:/opt/ros/foxy/lib/python3.8/site-packages /usr/bin/cmake /root/ROS2Docker/ros2_ws/src/Universal_Robots_ROS2_Driver/ur_controllers -DCMAKE_INSTALL_PREFIX=/root/ROS2Docker/ros2_ws/install/ur_controllers
[2.275s] Invoking command in '/root/ROS2Docker/ros2_ws/build/ur_controllers': CMAKE_PREFIX_PATH=/root/ROS2Docker/ros2_ws/install/ur_msgs:/root/ROS2Docker/ros2_ws/install/ur_dashboard_msgs:/root/ROS2Docker/ros2_ws/install/ur_robot_driver:/root/ROS2Docker/ros2_ws/install/ur_controllers:/root/ROS2Docker/ros2_ws/install/ur_moveit_config:/root/ROS2Docker/ros2_ws/install/ur_bringup:/root/ROS2Docker/ros2_ws/install/ur_description:/root/ROS2Docker/ros2_ws/install/examples_rclcpp_multithreaded_executor:/root/ROS2Docker/ros2_ws/install/examples_rclcpp_minimal_timer:/root/ROS2Docker/ros2_ws/install/examples_rclcpp_minimal_subscriber:/root/ROS2Docker/ros2_ws/install/examples_rclcpp_minimal_service:/root/ROS2Docker/ros2_ws/install/examples_rclcpp_minimal_publisher:/root/ROS2Docker/ros2_ws/install/examples_rclcpp_minimal_composition:/root/ROS2Docker/ros2_ws/install/examples_rclcpp_minimal_client:/root/ROS2Docker/ros2_ws/install/examples_rclcpp_minimal_action_server:/root/ROS2Docker/ros2_ws/install/examples_rclcpp_minimal_action_client:/root/ROS2Docker/ros2_ws/install/ur_ignition:/root/ROS2Docker/ros2_ws/install/examples_rclpy_minimal_subscriber:/root/ROS2Docker/ros2_ws/install/examples_rclpy_minimal_service:/root/ROS2Docker/ros2_ws/install/examples_rclpy_minimal_publisher:/root/ROS2Docker/ros2_ws/install/examples_rclpy_minimal_client:/root/ROS2Docker/ros2_ws/install/examples_rclpy_minimal_action_server:/root/ROS2Docker/ros2_ws/install/examples_rclpy_minimal_action_client:/root/ROS2Docker/ros2_ws/install/examples_rclpy_executors:/opt/ros/foxy LD_LIBRARY_PATH=/root/ROS2Docker/ros2_ws/install/ur_msgs/lib:/root/ROS2Docker/ros2_ws/install/ur_dashboard_msgs/lib:/root/ROS2Docker/ros2_ws/install/ur_robot_driver/lib:/root/ROS2Docker/ros2_ws/install/ur_controllers/lib:/root/ROS2Docker/ros2_ws/install/examples_rclcpp_minimal_composition/lib:/opt/ros/foxy/opt/yaml_cpp_vendor/lib:/opt/ros/foxy/opt/rviz_ogre_vendor/lib:/opt/ros/foxy/lib/x86_64-linux-gnu:/opt/ros/foxy/lib PYTHONPATH=/root/ROS2Docker/ros2_ws/install/ur_msgs/lib/python3.8/site-packages:/root/ROS2Docker/ros2_ws/install/ur_dashboard_msgs/lib/python3.8/site-packages:/root/ROS2Docker/ros2_ws/install/ur_bringup/lib/python3.8/site-packages:/root/ROS2Docker/ros2_ws/install/ur_ignition/lib/python3.8/site-packages:/root/ROS2Docker/ros2_ws/install/examples_rclpy_minimal_subscriber/lib/python3.8/site-packages:/root/ROS2Docker/ros2_ws/install/examples_rclpy_minimal_service/lib/python3.8/site-packages:/root/ROS2Docker/ros2_ws/install/examples_rclpy_minimal_publisher/lib/python3.8/site-packages:/root/ROS2Docker/ros2_ws/install/examples_rclpy_minimal_client/lib/python3.8/site-packages:/root/ROS2Docker/ros2_ws/install/examples_rclpy_minimal_action_server/lib/python3.8/site-packages:/root/ROS2Docker/ros2_ws/install/examples_rclpy_minimal_action_client/lib/python3.8/site-packages:/root/ROS2Docker/ros2_ws/install/examples_rclpy_executors/lib/python3.8/site-packages:/opt/ros/foxy/lib/python3.8/site-packages /usr/bin/cmake --build /root/ROS2Docker/ros2_ws/build/ur_controllers -- -j16 -l16
[2.305s] [35m[1mScanning dependencies of target ur_controllers[0m
[2.349s] [ 40%] [32mBuilding CXX object CMakeFiles/ur_controllers.dir/src/speed_scaling_state_broadcaster.cpp.o[0m
[2.349s] [ 40%] [32mBuilding CXX object CMakeFiles/ur_controllers.dir/src/scaled_joint_trajectory_controller.cpp.o[0m
[2.349s] [ 60%] [32mBuilding CXX object CMakeFiles/ur_controllers.dir/src/force_torque_sensor_broadcaster.cpp.o[0m
[2.350s] [ 80%] [32mBuilding CXX object CMakeFiles/ur_controllers.dir/src/gpio_controller.cpp.o[0m
[6.259s] [100%] [32m[1mLinking CXX shared library libur_controllers.so[0m
[6.572s] [100%] Built target ur_controllers
[6.582s] Invoked command in '/root/ROS2Docker/ros2_ws/build/ur_controllers' returned '0': CMAKE_PREFIX_PATH=/root/ROS2Docker/ros2_ws/install/ur_msgs:/root/ROS2Docker/ros2_ws/install/ur_dashboard_msgs:/root/ROS2Docker/ros2_ws/install/ur_robot_driver:/root/ROS2Docker/ros2_ws/install/ur_controllers:/root/ROS2Docker/ros2_ws/install/ur_moveit_config:/root/ROS2Docker/ros2_ws/install/ur_bringup:/root/ROS2Docker/ros2_ws/install/ur_description:/root/ROS2Docker/ros2_ws/install/examples_rclcpp_multithreaded_executor:/root/ROS2Docker/ros2_ws/install/examples_rclcpp_minimal_timer:/root/ROS2Docker/ros2_ws/install/examples_rclcpp_minimal_subscriber:/root/ROS2Docker/ros2_ws/install/examples_rclcpp_minimal_service:/root/ROS2Docker/ros2_ws/install/examples_rclcpp_minimal_publisher:/root/ROS2Docker/ros2_ws/install/examples_rclcpp_minimal_composition:/root/ROS2Docker/ros2_ws/install/examples_rclcpp_minimal_client:/root/ROS2Docker/ros2_ws/install/examples_rclcpp_minimal_action_server:/root/ROS2Docker/ros2_ws/install/examples_rclcpp_minimal_action_client:/root/ROS2Docker/ros2_ws/install/ur_ignition:/root/ROS2Docker/ros2_ws/install/examples_rclpy_minimal_subscriber:/root/ROS2Docker/ros2_ws/install/examples_rclpy_minimal_service:/root/ROS2Docker/ros2_ws/install/examples_rclpy_minimal_publisher:/root/ROS2Docker/ros2_ws/install/examples_rclpy_minimal_client:/root/ROS2Docker/ros2_ws/install/examples_rclpy_minimal_action_server:/root/ROS2Docker/ros2_ws/install/examples_rclpy_minimal_action_client:/root/ROS2Docker/ros2_ws/install/examples_rclpy_executors:/opt/ros/foxy LD_LIBRARY_PATH=/root/ROS2Docker/ros2_ws/install/ur_msgs/lib:/root/ROS2Docker/ros2_ws/install/ur_dashboard_msgs/lib:/root/ROS2Docker/ros2_ws/install/ur_robot_driver/lib:/root/ROS2Docker/ros2_ws/install/ur_controllers/lib:/root/ROS2Docker/ros2_ws/install/examples_rclcpp_minimal_composition/lib:/opt/ros/foxy/opt/yaml_cpp_vendor/lib:/opt/ros/foxy/opt/rviz_ogre_vendor/lib:/opt/ros/foxy/lib/x86_64-linux-gnu:/opt/ros/foxy/lib PYTHONPATH=/root/ROS2Docker/ros2_ws/install/ur_msgs/lib/python3.8/site-packages:/root/ROS2Docker/ros2_ws/install/ur_dashboard_msgs/lib/python3.8/site-packages:/root/ROS2Docker/ros2_ws/install/ur_bringup/lib/python3.8/site-packages:/root/ROS2Docker/ros2_ws/install/ur_ignition/lib/python3.8/site-packages:/root/ROS2Docker/ros2_ws/install/examples_rclpy_minimal_subscriber/lib/python3.8/site-packages:/root/ROS2Docker/ros2_ws/install/examples_rclpy_minimal_service/lib/python3.8/site-packages:/root/ROS2Docker/ros2_ws/install/examples_rclpy_minimal_publisher/lib/python3.8/site-packages:/root/ROS2Docker/ros2_ws/install/examples_rclpy_minimal_client/lib/python3.8/site-packages:/root/ROS2Docker/ros2_ws/install/examples_rclpy_minimal_action_server/lib/python3.8/site-packages:/root/ROS2Docker/ros2_ws/install/examples_rclpy_minimal_action_client/lib/python3.8/site-packages:/root/ROS2Docker/ros2_ws/install/examples_rclpy_executors/lib/python3.8/site-packages:/opt/ros/foxy/lib/python3.8/site-packages /usr/bin/cmake --build /root/ROS2Docker/ros2_ws/build/ur_controllers -- -j16 -l16
[6.604s] Invoking command in '/root/ROS2Docker/ros2_ws/build/ur_controllers': CMAKE_PREFIX_PATH=/root/ROS2Docker/ros2_ws/install/ur_msgs:/root/ROS2Docker/ros2_ws/install/ur_dashboard_msgs:/root/ROS2Docker/ros2_ws/install/ur_robot_driver:/root/ROS2Docker/ros2_ws/install/ur_controllers:/root/ROS2Docker/ros2_ws/install/ur_moveit_config:/root/ROS2Docker/ros2_ws/install/ur_bringup:/root/ROS2Docker/ros2_ws/install/ur_description:/root/ROS2Docker/ros2_ws/install/examples_rclcpp_multithreaded_executor:/root/ROS2Docker/ros2_ws/install/examples_rclcpp_minimal_timer:/root/ROS2Docker/ros2_ws/install/examples_rclcpp_minimal_subscriber:/root/ROS2Docker/ros2_ws/install/examples_rclcpp_minimal_service:/root/ROS2Docker/ros2_ws/install/examples_rclcpp_minimal_publisher:/root/ROS2Docker/ros2_ws/install/examples_rclcpp_minimal_composition:/root/ROS2Docker/ros2_ws/install/examples_rclcpp_minimal_client:/root/ROS2Docker/ros2_ws/install/examples_rclcpp_minimal_action_server:/root/ROS2Docker/ros2_ws/install/examples_rclcpp_minimal_action_client:/root/ROS2Docker/ros2_ws/install/ur_ignition:/root/ROS2Docker/ros2_ws/install/examples_rclpy_minimal_subscriber:/root/ROS2Docker/ros2_ws/install/examples_rclpy_minimal_service:/root/ROS2Docker/ros2_ws/install/examples_rclpy_minimal_publisher:/root/ROS2Docker/ros2_ws/install/examples_rclpy_minimal_client:/root/ROS2Docker/ros2_ws/install/examples_rclpy_minimal_action_server:/root/ROS2Docker/ros2_ws/install/examples_rclpy_minimal_action_client:/root/ROS2Docker/ros2_ws/install/examples_rclpy_executors:/opt/ros/foxy LD_LIBRARY_PATH=/root/ROS2Docker/ros2_ws/install/ur_msgs/lib:/root/ROS2Docker/ros2_ws/install/ur_dashboard_msgs/lib:/root/ROS2Docker/ros2_ws/install/ur_robot_driver/lib:/root/ROS2Docker/ros2_ws/install/ur_controllers/lib:/root/ROS2Docker/ros2_ws/install/examples_rclcpp_minimal_composition/lib:/opt/ros/foxy/opt/yaml_cpp_vendor/lib:/opt/ros/foxy/opt/rviz_ogre_vendor/lib:/opt/ros/foxy/lib/x86_64-linux-gnu:/opt/ros/foxy/lib PYTHONPATH=/root/ROS2Docker/ros2_ws/install/ur_msgs/lib/python3.8/site-packages:/root/ROS2Docker/ros2_ws/install/ur_dashboard_msgs/lib/python3.8/site-packages:/root/ROS2Docker/ros2_ws/install/ur_bringup/lib/python3.8/site-packages:/root/ROS2Docker/ros2_ws/install/ur_ignition/lib/python3.8/site-packages:/root/ROS2Docker/ros2_ws/install/examples_rclpy_minimal_subscriber/lib/python3.8/site-packages:/root/ROS2Docker/ros2_ws/install/examples_rclpy_minimal_service/lib/python3.8/site-packages:/root/ROS2Docker/ros2_ws/install/examples_rclpy_minimal_publisher/lib/python3.8/site-packages:/root/ROS2Docker/ros2_ws/install/examples_rclpy_minimal_client/lib/python3.8/site-packages:/root/ROS2Docker/ros2_ws/install/examples_rclpy_minimal_action_server/lib/python3.8/site-packages:/root/ROS2Docker/ros2_ws/install/examples_rclpy_minimal_action_client/lib/python3.8/site-packages:/root/ROS2Docker/ros2_ws/install/examples_rclpy_executors/lib/python3.8/site-packages:/opt/ros/foxy/lib/python3.8/site-packages /usr/bin/cmake --install /root/ROS2Docker/ros2_ws/build/ur_controllers
[6.609s] -- Install configuration: ""
[6.610s] -- Installing: /root/ROS2Docker/ros2_ws/install/ur_controllers/share/ur_controllers/controller_plugins.xml
[6.610s] -- Installing: /root/ROS2Docker/ros2_ws/install/ur_controllers/lib/libur_controllers.so
[6.612s] -- Set runtime path of "/root/ROS2Docker/ros2_ws/install/ur_controllers/lib/libur_controllers.so" to ""
[6.613s] -- Installing: /root/ROS2Docker/ros2_ws/install/ur_controllers/include
[6.613s] -- Installing: /root/ROS2Docker/ros2_ws/install/ur_controllers/include/ur_controllers
[6.613s] -- Installing: /root/ROS2Docker/ros2_ws/install/ur_controllers/include/ur_controllers/gpio_controller.hpp
[6.613s] -- Installing: /root/ROS2Docker/ros2_ws/install/ur_controllers/include/ur_controllers/speed_scaling_state_broadcaster.hpp
[6.613s] -- Installing: /root/ROS2Docker/ros2_ws/install/ur_controllers/include/ur_controllers/force_torque_sensor_broadcaster.hpp
[6.613s] -- Installing: /root/ROS2Docker/ros2_ws/install/ur_controllers/include/ur_controllers/scaled_joint_trajectory_controller.hpp
[6.613s] -- Up-to-date: /root/ROS2Docker/ros2_ws/install/ur_controllers/share/ur_controllers/controller_plugins.xml
[6.613s] -- Installing: /root/ROS2Docker/ros2_ws/install/ur_controllers/share/ur_controllers/environment/library_path.sh
[6.613s] -- Installing: /root/ROS2Docker/ros2_ws/install/ur_controllers/share/ur_controllers/environment/library_path.dsv
[6.613s] -- Installing: /root/ROS2Docker/ros2_ws/install/ur_controllers/share/ament_index/resource_index/package_run_dependencies/ur_controllers
[6.613s] -- Installing: /root/ROS2Docker/ros2_ws/install/ur_controllers/share/ament_index/resource_index/parent_prefix_path/ur_controllers
[6.613s] -- Installing: /root/ROS2Docker/ros2_ws/install/ur_controllers/share/ur_controllers/environment/ament_prefix_path.sh
[6.613s] -- Installing: /root/ROS2Docker/ros2_ws/install/ur_controllers/share/ur_controllers/environment/ament_prefix_path.dsv
[6.613s] -- Installing: /root/ROS2Docker/ros2_ws/install/ur_controllers/share/ur_controllers/environment/path.sh
[6.613s] -- Installing: /root/ROS2Docker/ros2_ws/install/ur_controllers/share/ur_controllers/environment/path.dsv
[6.614s] -- Installing: /root/ROS2Docker/ros2_ws/install/ur_controllers/share/ur_controllers/local_setup.bash
[6.614s] -- Installing: /root/ROS2Docker/ros2_ws/install/ur_controllers/share/ur_controllers/local_setup.sh
[6.614s] -- Installing: /root/ROS2Docker/ros2_ws/install/ur_controllers/share/ur_controllers/local_setup.zsh
[6.614s] -- Installing: /root/ROS2Docker/ros2_ws/install/ur_controllers/share/ur_controllers/local_setup.dsv
[6.614s] -- Installing: /root/ROS2Docker/ros2_ws/install/ur_controllers/share/ur_controllers/package.dsv
[6.614s] -- Installing: /root/ROS2Docker/ros2_ws/install/ur_controllers/share/ament_index/resource_index/packages/ur_controllers
[6.614s] -- Installing: /root/ROS2Docker/ros2_ws/install/ur_controllers/share/ament_index/resource_index/controller_interface__pluginlib__plugin/ur_controllers
[6.614s] -- Installing: /root/ROS2Docker/ros2_ws/install/ur_controllers/share/ur_controllers/cmake/ament_cmake_export_dependencies-extras.cmake
[6.614s] -- Installing: /root/ROS2Docker/ros2_ws/install/ur_controllers/share/ur_controllers/cmake/ament_cmake_export_include_directories-extras.cmake
[6.614s] -- Installing: /root/ROS2Docker/ros2_ws/install/ur_controllers/share/ur_controllers/cmake/ament_cmake_export_libraries-extras.cmake
[6.615s] -- Installing: /root/ROS2Docker/ros2_ws/install/ur_controllers/share/ur_controllers/cmake/ur_controllersConfig.cmake
[6.615s] -- Installing: /root/ROS2Docker/ros2_ws/install/ur_controllers/share/ur_controllers/cmake/ur_controllersConfig-version.cmake
[6.615s] -- Installing: /root/ROS2Docker/ros2_ws/install/ur_controllers/share/ur_controllers/package.xml
[6.616s] Invoked command in '/root/ROS2Docker/ros2_ws/build/ur_controllers' returned '0': CMAKE_PREFIX_PATH=/root/ROS2Docker/ros2_ws/install/ur_msgs:/root/ROS2Docker/ros2_ws/install/ur_dashboard_msgs:/root/ROS2Docker/ros2_ws/install/ur_robot_driver:/root/ROS2Docker/ros2_ws/install/ur_controllers:/root/ROS2Docker/ros2_ws/install/ur_moveit_config:/root/ROS2Docker/ros2_ws/install/ur_bringup:/root/ROS2Docker/ros2_ws/install/ur_description:/root/ROS2Docker/ros2_ws/install/examples_rclcpp_multithreaded_executor:/root/ROS2Docker/ros2_ws/install/examples_rclcpp_minimal_timer:/root/ROS2Docker/ros2_ws/install/examples_rclcpp_minimal_subscriber:/root/ROS2Docker/ros2_ws/install/examples_rclcpp_minimal_service:/root/ROS2Docker/ros2_ws/install/examples_rclcpp_minimal_publisher:/root/ROS2Docker/ros2_ws/install/examples_rclcpp_minimal_composition:/root/ROS2Docker/ros2_ws/install/examples_rclcpp_minimal_client:/root/ROS2Docker/ros2_ws/install/examples_rclcpp_minimal_action_server:/root/ROS2Docker/ros2_ws/install/examples_rclcpp_minimal_action_client:/root/ROS2Docker/ros2_ws/install/ur_ignition:/root/ROS2Docker/ros2_ws/install/examples_rclpy_minimal_subscriber:/root/ROS2Docker/ros2_ws/install/examples_rclpy_minimal_service:/root/ROS2Docker/ros2_ws/install/examples_rclpy_minimal_publisher:/root/ROS2Docker/ros2_ws/install/examples_rclpy_minimal_client:/root/ROS2Docker/ros2_ws/install/examples_rclpy_minimal_action_server:/root/ROS2Docker/ros2_ws/install/examples_rclpy_minimal_action_client:/root/ROS2Docker/ros2_ws/install/examples_rclpy_executors:/opt/ros/foxy LD_LIBRARY_PATH=/root/ROS2Docker/ros2_ws/install/ur_msgs/lib:/root/ROS2Docker/ros2_ws/install/ur_dashboard_msgs/lib:/root/ROS2Docker/ros2_ws/install/ur_robot_driver/lib:/root/ROS2Docker/ros2_ws/install/ur_controllers/lib:/root/ROS2Docker/ros2_ws/install/examples_rclcpp_minimal_composition/lib:/opt/ros/foxy/opt/yaml_cpp_vendor/lib:/opt/ros/foxy/opt/rviz_ogre_vendor/lib:/opt/ros/foxy/lib/x86_64-linux-gnu:/opt/ros/foxy/lib PYTHONPATH=/root/ROS2Docker/ros2_ws/install/ur_msgs/lib/python3.8/site-packages:/root/ROS2Docker/ros2_ws/install/ur_dashboard_msgs/lib/python3.8/site-packages:/root/ROS2Docker/ros2_ws/install/ur_bringup/lib/python3.8/site-packages:/root/ROS2Docker/ros2_ws/install/ur_ignition/lib/python3.8/site-packages:/root/ROS2Docker/ros2_ws/install/examples_rclpy_minimal_subscriber/lib/python3.8/site-packages:/root/ROS2Docker/ros2_ws/install/examples_rclpy_minimal_service/lib/python3.8/site-packages:/root/ROS2Docker/ros2_ws/install/examples_rclpy_minimal_publisher/lib/python3.8/site-packages:/root/ROS2Docker/ros2_ws/install/examples_rclpy_minimal_client/lib/python3.8/site-packages:/root/ROS2Docker/ros2_ws/install/examples_rclpy_minimal_action_server/lib/python3.8/site-packages:/root/ROS2Docker/ros2_ws/install/examples_rclpy_minimal_action_client/lib/python3.8/site-packages:/root/ROS2Docker/ros2_ws/install/examples_rclpy_executors/lib/python3.8/site-packages:/opt/ros/foxy/lib/python3.8/site-packages /usr/bin/cmake --install /root/ROS2Docker/ros2_ws/build/ur_controllers
