-- The C compiler identification is GNU 9.3.0
-- The CXX compiler identification is GNU 9.3.0
-- Check for working C compiler: /usr/bin/cc
-- Check for working C compiler: /usr/bin/cc -- works
-- Detecting C compiler ABI info
-- Detecting C compiler ABI info - done
-- Detecting C compile features
-- Detecting C compile features - done
-- Check for working CXX compiler: /usr/bin/c++
-- Check for working CXX compiler: /usr/bin/c++ -- works
-- Detecting CXX compiler ABI info
-- Detecting CXX compiler ABI info - done
-- Detecting CXX compile features
-- Detecting CXX compile features - done
ur_robot_driver: You did not request a specific build type: selecting 'RelWithDebInfo'.
-- Found ament_cmake: 0.9.9 (/opt/ros/foxy/share/ament_cmake/cmake)
-- Found PythonInterp: /usr/bin/python3 (found suitable version "3.8.10", minimum required is "3") 
-- Using PYTHON_EXECUTABLE: /usr/bin/python3
-- Found hardware_interface: 0.8.1 (/opt/ros/foxy/share/hardware_interface/cmake)
-- Using all available rosidl_typesupport_c: rosidl_typesupport_fastrtps_c;rosidl_typesupport_introspection_c
-- Found rosidl_adapter: 1.2.1 (/opt/ros/foxy/share/rosidl_adapter/cmake)
-- Found OpenSSL: /usr/lib/x86_64-linux-gnu/libcrypto.so (found version "1.1.1f")  
-- Found FastRTPS: /opt/ros/foxy/include  
-- Using all available rosidl_typesupport_cpp: rosidl_typesupport_fastrtps_cpp;rosidl_typesupport_introspection_cpp
-- Found rclcpp: 2.4.0 (/opt/ros/foxy/share/rclcpp/cmake)
-- Found rmw_implementation_cmake: 1.0.3 (/opt/ros/foxy/share/rmw_implementation_cmake/cmake)
-- Using RMW implementation 'rmw_fastrtps_cpp' as default
-- Looking for pthread.h
-- Looking for pthread.h - found
-- Performing Test CMAKE_HAVE_LIBC_PTHREAD
-- Performing Test CMAKE_HAVE_LIBC_PTHREAD - Failed
-- Looking for pthread_create in pthreads
-- Looking for pthread_create in pthreads - not found
-- Looking for pthread_create in pthread
-- Looking for pthread_create in pthread - found
-- Found Threads: TRUE  
-- Found std_srvs: 2.0.4 (/opt/ros/foxy/share/std_srvs/cmake)
-- Found ur_dashboard_msgs: 0.0.0 (/root/ROS2Docker/ros2_ws/install/ur_dashboard_msgs/share/ur_dashboard_msgs/cmake)
-- Found ur_controllers: 0.0.0 (/root/ROS2Docker/ros2_ws/install/ur_controllers/share/ur_controllers/cmake)
-- Found ur_description: 0.0.0 (/root/ROS2Docker/ros2_ws/install/ur_description/share/ur_description/cmake)
-- Found ur_bringup: 0.0.0 (/root/ROS2Docker/ros2_ws/install/ur_bringup/share/ur_bringup/cmake)
-- Found launch_testing_ament_cmake: 0.10.6 (/opt/ros/foxy/share/launch_testing_ament_cmake/cmake)
-- Found python_cmake_module: 0.8.1 (/opt/ros/foxy/share/python_cmake_module/cmake)
-- Found PythonInterp: /usr/bin/python3 (found suitable version "3.8.10", minimum required is "3.5") 
-- Found PythonLibs: /usr/lib/x86_64-linux-gnu/libpython3.8.so (found suitable version "3.8.10", minimum required is "3.5") 
-- Using PYTHON_EXECUTABLE: /usr/bin/python3
-- Using PYTHON_INCLUDE_DIRS: /usr/include/python3.8
-- Using PYTHON_LIBRARIES: /usr/lib/x86_64-linux-gnu/libpython3.8.so
-- Found PythonExtra: .so  
-- Configuring done
-- Generating done
-- Build files have been written to: /root/ROS2Docker/ros2_ws/build/ur_robot_driver
[35m[1mScanning dependencies of target dashboard_client[0m
[35m[1mScanning dependencies of target ur_robot_driver_plugin[0m
[ 37%] [32mBuilding CXX object CMakeFiles/dashboard_client.dir/src/dashboard_client_node.cpp.o[0m
[ 37%] [32mBuilding CXX object CMakeFiles/dashboard_client.dir/src/dashboard_client_ros.cpp.o[0m
[ 37%] [32mBuilding CXX object CMakeFiles/dashboard_client.dir/src/urcl_log_handler.cpp.o[0m
[ 50%] [32mBuilding CXX object CMakeFiles/ur_robot_driver_plugin.dir/src/dashboard_client_ros.cpp.o[0m
[ 62%] [32mBuilding CXX object CMakeFiles/ur_robot_driver_plugin.dir/src/hardware_interface.cpp.o[0m
[ 75%] [32mBuilding CXX object CMakeFiles/ur_robot_driver_plugin.dir/src/urcl_log_handler.cpp.o[0m
[ 87%] [32m[1mLinking CXX executable dashboard_client[0m
[100%] [32m[1mLinking CXX shared library libur_robot_driver_plugin.so[0m
[100%] Built target dashboard_client
[100%] Built target ur_robot_driver_plugin
-- Install configuration: "RelWithDebInfo"
-- Installing: /root/ROS2Docker/ros2_ws/install/ur_robot_driver/share/ur_robot_driver/hardware_interface_plugin.xml
-- Installing: /root/ROS2Docker/ros2_ws/install/ur_robot_driver/lib/ur_robot_driver/dashboard_client
-- Set runtime path of "/root/ROS2Docker/ros2_ws/install/ur_robot_driver/lib/ur_robot_driver/dashboard_client" to ""
-- Installing: /root/ROS2Docker/ros2_ws/install/ur_robot_driver/lib/libur_robot_driver_plugin.so
-- Set runtime path of "/root/ROS2Docker/ros2_ws/install/ur_robot_driver/lib/libur_robot_driver_plugin.so" to ""
-- Installing: /root/ROS2Docker/ros2_ws/install/ur_robot_driver/include
-- Installing: /root/ROS2Docker/ros2_ws/install/ur_robot_driver/include/ur_robot_driver
-- Installing: /root/ROS2Docker/ros2_ws/install/ur_robot_driver/include/ur_robot_driver/hardware_interface.hpp
-- Installing: /root/ROS2Docker/ros2_ws/install/ur_robot_driver/include/ur_robot_driver/dashboard_client_ros.hpp
-- Installing: /root/ROS2Docker/ros2_ws/install/ur_robot_driver/include/ur_robot_driver/urcl_log_handler.hpp
-- Installing: /root/ROS2Docker/ros2_ws/install/ur_robot_driver/share/ur_robot_driver/environment/library_path.sh
-- Installing: /root/ROS2Docker/ros2_ws/install/ur_robot_driver/share/ur_robot_driver/environment/library_path.dsv
-- Installing: /root/ROS2Docker/ros2_ws/install/ur_robot_driver/bin/tool_communication
-- Installing: /root/ROS2Docker/ros2_ws/install/ur_robot_driver/share/ur_robot_driver/resources
-- Installing: /root/ROS2Docker/ros2_ws/install/ur_robot_driver/share/ur_robot_driver/resources/externalcontrol-1.0.5.urcap
-- Installing: /root/ROS2Docker/ros2_ws/install/ur_robot_driver/share/ur_robot_driver/resources/ros_control.urscript
-- Installing: /root/ROS2Docker/ros2_ws/install/ur_robot_driver/share/ur_robot_driver/resources/rtde_input_recipe.txt
-- Installing: /root/ROS2Docker/ros2_ws/install/ur_robot_driver/share/ur_robot_driver/resources/rs485-1.0.urcap
-- Installing: /root/ROS2Docker/ros2_ws/install/ur_robot_driver/share/ur_robot_driver/resources/Dockerfile
-- Installing: /root/ROS2Docker/ros2_ws/install/ur_robot_driver/share/ur_robot_driver/resources/rtde_output_recipe.txt
-- Up-to-date: /root/ROS2Docker/ros2_ws/install/ur_robot_driver/include
-- Up-to-date: /root/ROS2Docker/ros2_ws/install/ur_robot_driver/include/ur_robot_driver
-- Up-to-date: /root/ROS2Docker/ros2_ws/install/ur_robot_driver/include/ur_robot_driver/hardware_interface.hpp
-- Up-to-date: /root/ROS2Docker/ros2_ws/install/ur_robot_driver/include/ur_robot_driver/dashboard_client_ros.hpp
-- Up-to-date: /root/ROS2Docker/ros2_ws/install/ur_robot_driver/include/ur_robot_driver/urcl_log_handler.hpp
-- Installing: /root/ROS2Docker/ros2_ws/install/ur_robot_driver/share/ament_index/resource_index/package_run_dependencies/ur_robot_driver
-- Installing: /root/ROS2Docker/ros2_ws/install/ur_robot_driver/share/ament_index/resource_index/parent_prefix_path/ur_robot_driver
-- Installing: /root/ROS2Docker/ros2_ws/install/ur_robot_driver/share/ur_robot_driver/environment/ament_prefix_path.sh
-- Installing: /root/ROS2Docker/ros2_ws/install/ur_robot_driver/share/ur_robot_driver/environment/ament_prefix_path.dsv
-- Installing: /root/ROS2Docker/ros2_ws/install/ur_robot_driver/share/ur_robot_driver/environment/path.sh
-- Installing: /root/ROS2Docker/ros2_ws/install/ur_robot_driver/share/ur_robot_driver/environment/path.dsv
-- Installing: /root/ROS2Docker/ros2_ws/install/ur_robot_driver/share/ur_robot_driver/local_setup.bash
-- Installing: /root/ROS2Docker/ros2_ws/install/ur_robot_driver/share/ur_robot_driver/local_setup.sh
-- Installing: /root/ROS2Docker/ros2_ws/install/ur_robot_driver/share/ur_robot_driver/local_setup.zsh
-- Installing: /root/ROS2Docker/ros2_ws/install/ur_robot_driver/share/ur_robot_driver/local_setup.dsv
-- Installing: /root/ROS2Docker/ros2_ws/install/ur_robot_driver/share/ur_robot_driver/package.dsv
-- Installing: /root/ROS2Docker/ros2_ws/install/ur_robot_driver/share/ament_index/resource_index/packages/ur_robot_driver
-- Installing: /root/ROS2Docker/ros2_ws/install/ur_robot_driver/share/ament_index/resource_index/hardware_interface__pluginlib__plugin/ur_robot_driver
-- Installing: /root/ROS2Docker/ros2_ws/install/ur_robot_driver/share/ur_robot_driver/cmake/ament_cmake_export_include_directories-extras.cmake
-- Installing: /root/ROS2Docker/ros2_ws/install/ur_robot_driver/share/ur_robot_driver/cmake/ament_cmake_export_libraries-extras.cmake
-- Installing: /root/ROS2Docker/ros2_ws/install/ur_robot_driver/share/ur_robot_driver/cmake/ament_cmake_export_dependencies-extras.cmake
-- Installing: /root/ROS2Docker/ros2_ws/install/ur_robot_driver/share/ur_robot_driver/cmake/ur_robot_driverConfig.cmake
-- Installing: /root/ROS2Docker/ros2_ws/install/ur_robot_driver/share/ur_robot_driver/cmake/ur_robot_driverConfig-version.cmake
-- Installing: /root/ROS2Docker/ros2_ws/install/ur_robot_driver/share/ur_robot_driver/package.xml
