[0.013s] Invoking command in '/root/ROS2Docker/ros2_ws/build/ur_robot_driver': CMAKE_PREFIX_PATH=/root/ROS2Docker/ros2_ws/install/ur_controllers:/root/ROS2Docker/ros2_ws/install/ur_msgs:/root/ROS2Docker/ros2_ws/install/ur_description:/root/ROS2Docker/ros2_ws/install/ur_dashboard_msgs:/root/ROS2Docker/ros2_ws/install/ur_bringup:/root/ROS2Docker/ros2_ws/install/ur_robot_driver:/root/ROS2Docker/ros2_ws/install/ur_moveit_config:/root/ROS2Docker/ros2_ws/install/examples_rclcpp_multithreaded_executor:/root/ROS2Docker/ros2_ws/install/examples_rclcpp_minimal_timer:/root/ROS2Docker/ros2_ws/install/examples_rclcpp_minimal_subscriber:/root/ROS2Docker/ros2_ws/install/examples_rclcpp_minimal_service:/root/ROS2Docker/ros2_ws/install/examples_rclcpp_minimal_publisher:/root/ROS2Docker/ros2_ws/install/examples_rclcpp_minimal_composition:/root/ROS2Docker/ros2_ws/install/examples_rclcpp_minimal_client:/root/ROS2Docker/ros2_ws/install/examples_rclcpp_minimal_action_server:/root/ROS2Docker/ros2_ws/install/examples_rclcpp_minimal_action_client:/root/ROS2Docker/ros2_ws/install/ur_ignition:/root/ROS2Docker/ros2_ws/install/examples_rclpy_minimal_subscriber:/root/ROS2Docker/ros2_ws/install/examples_rclpy_minimal_service:/root/ROS2Docker/ros2_ws/install/examples_rclpy_minimal_publisher:/root/ROS2Docker/ros2_ws/install/examples_rclpy_minimal_client:/root/ROS2Docker/ros2_ws/install/examples_rclpy_minimal_action_server:/root/ROS2Docker/ros2_ws/install/examples_rclpy_minimal_action_client:/root/ROS2Docker/ros2_ws/install/examples_rclpy_executors:/opt/ros/foxy LD_LIBRARY_PATH=/root/ROS2Docker/ros2_ws/install/ur_controllers/lib:/root/ROS2Docker/ros2_ws/install/ur_msgs/lib:/root/ROS2Docker/ros2_ws/install/ur_dashboard_msgs/lib:/root/ROS2Docker/ros2_ws/install/ur_robot_driver/lib:/root/ROS2Docker/ros2_ws/install/examples_rclcpp_minimal_composition/lib:/opt/ros/foxy/opt/yaml_cpp_vendor/lib:/opt/ros/foxy/opt/rviz_ogre_vendor/lib:/opt/ros/foxy/lib/x86_64-linux-gnu:/opt/ros/foxy/lib PYTHONPATH=/root/ROS2Docker/ros2_ws/install/ur_msgs/lib/python3.8/site-packages:/root/ROS2Docker/ros2_ws/install/ur_dashboard_msgs/lib/python3.8/site-packages:/root/ROS2Docker/ros2_ws/install/ur_bringup/lib/python3.8/site-packages:/root/ROS2Docker/ros2_ws/install/ur_ignition/lib/python3.8/site-packages:/root/ROS2Docker/ros2_ws/install/examples_rclpy_minimal_subscriber/lib/python3.8/site-packages:/root/ROS2Docker/ros2_ws/install/examples_rclpy_minimal_service/lib/python3.8/site-packages:/root/ROS2Docker/ros2_ws/install/examples_rclpy_minimal_publisher/lib/python3.8/site-packages:/root/ROS2Docker/ros2_ws/install/examples_rclpy_minimal_client/lib/python3.8/site-packages:/root/ROS2Docker/ros2_ws/install/examples_rclpy_minimal_action_server/lib/python3.8/site-packages:/root/ROS2Docker/ros2_ws/install/examples_rclpy_minimal_action_client/lib/python3.8/site-packages:/root/ROS2Docker/ros2_ws/install/examples_rclpy_executors/lib/python3.8/site-packages:/opt/ros/foxy/lib/python3.8/site-packages /usr/bin/cmake /root/ROS2Docker/ros2_ws/src/Universal_Robots_ROS2_Driver/ur_robot_driver -DCMAKE_INSTALL_PREFIX=/root/ROS2Docker/ros2_ws/install/ur_robot_driver
[0.052s] -- The C compiler identification is GNU 9.3.0
[0.094s] -- The CXX compiler identification is GNU 9.3.0
[0.098s] -- Check for working C compiler: /usr/bin/cc
[0.152s] -- Check for working C compiler: /usr/bin/cc -- works
[0.152s] -- Detecting C compiler ABI info
[0.215s] -- Detecting C compiler ABI info - done
[0.230s] -- Detecting C compile features
[0.230s] -- Detecting C compile features - done
[0.233s] -- Check for working CXX compiler: /usr/bin/c++
[0.333s] -- Check for working CXX compiler: /usr/bin/c++ -- works
[0.334s] -- Detecting CXX compiler ABI info
[0.421s] -- Detecting CXX compiler ABI info - done
[0.440s] -- Detecting CXX compile features
[0.441s] -- Detecting CXX compile features - done
[0.442s] ur_robot_driver: You did not request a specific build type: selecting 'RelWithDebInfo'.
[0.445s] -- Found ament_cmake: 0.9.9 (/opt/ros/foxy/share/ament_cmake/cmake)
[0.478s] -- Found PythonInterp: /usr/bin/python3 (found suitable version "3.8.10", minimum required is "3") 
[0.478s] -- Using PYTHON_EXECUTABLE: /usr/bin/python3
[0.637s] -- Found hardware_interface: 0.8.1 (/opt/ros/foxy/share/hardware_interface/cmake)
[0.667s] -- Using all available rosidl_typesupport_c: rosidl_typesupport_fastrtps_c;rosidl_typesupport_introspection_c
[0.673s] -- Found rosidl_adapter: 1.2.1 (/opt/ros/foxy/share/rosidl_adapter/cmake)
[0.735s] -- Found OpenSSL: /usr/lib/x86_64-linux-gnu/libcrypto.so (found version "1.1.1f")  
[0.760s] -- Found FastRTPS: /opt/ros/foxy/include  
[0.829s] -- Using all available rosidl_typesupport_cpp: rosidl_typesupport_fastrtps_cpp;rosidl_typesupport_introspection_cpp
[1.259s] -- Found rclcpp: 2.4.0 (/opt/ros/foxy/share/rclcpp/cmake)
[1.297s] -- Found rmw_implementation_cmake: 1.0.3 (/opt/ros/foxy/share/rmw_implementation_cmake/cmake)
[1.299s] -- Using RMW implementation 'rmw_fastrtps_cpp' as default
[1.300s] -- Looking for pthread.h
[1.352s] -- Looking for pthread.h - found
[1.352s] -- Performing Test CMAKE_HAVE_LIBC_PTHREAD
[1.408s] -- Performing Test CMAKE_HAVE_LIBC_PTHREAD - Failed
[1.408s] -- Looking for pthread_create in pthreads
[1.486s] -- Looking for pthread_create in pthreads - not found
[1.486s] -- Looking for pthread_create in pthread
[1.592s] -- Looking for pthread_create in pthread - found
[1.593s] -- Found Threads: TRUE  
[1.717s] -- Found std_srvs: 2.0.4 (/opt/ros/foxy/share/std_srvs/cmake)
[1.726s] -- Found ur_dashboard_msgs: 0.0.0 (/root/ROS2Docker/ros2_ws/install/ur_dashboard_msgs/share/ur_dashboard_msgs/cmake)
[1.855s] -- Found ur_controllers: 0.0.0 (/root/ROS2Docker/ros2_ws/install/ur_controllers/share/ur_controllers/cmake)
[2.519s] -- Found ur_description: 0.0.0 (/root/ROS2Docker/ros2_ws/install/ur_description/share/ur_description/cmake)
[2.520s] -- Found ur_bringup: 0.0.0 (/root/ROS2Docker/ros2_ws/install/ur_bringup/share/ur_bringup/cmake)
[2.521s] -- Found launch_testing_ament_cmake: 0.10.6 (/opt/ros/foxy/share/launch_testing_ament_cmake/cmake)
[2.523s] -- Found python_cmake_module: 0.8.1 (/opt/ros/foxy/share/python_cmake_module/cmake)
[2.540s] -- Found PythonInterp: /usr/bin/python3 (found suitable version "3.8.10", minimum required is "3.5") 
[2.544s] -- Found PythonLibs: /usr/lib/x86_64-linux-gnu/libpython3.8.so (found suitable version "3.8.10", minimum required is "3.5") 
[2.544s] -- Using PYTHON_EXECUTABLE: /usr/bin/python3
[2.544s] -- Using PYTHON_INCLUDE_DIRS: /usr/include/python3.8
[2.544s] -- Using PYTHON_LIBRARIES: /usr/lib/x86_64-linux-gnu/libpython3.8.so
[2.561s] -- Found PythonExtra: .so  
[2.564s] -- Configuring done
[2.591s] -- Generating done
[2.593s] -- Build files have been written to: /root/ROS2Docker/ros2_ws/build/ur_robot_driver
[2.598s] Invoked command in '/root/ROS2Docker/ros2_ws/build/ur_robot_driver' returned '0': CMAKE_PREFIX_PATH=/root/ROS2Docker/ros2_ws/install/ur_controllers:/root/ROS2Docker/ros2_ws/install/ur_msgs:/root/ROS2Docker/ros2_ws/install/ur_description:/root/ROS2Docker/ros2_ws/install/ur_dashboard_msgs:/root/ROS2Docker/ros2_ws/install/ur_bringup:/root/ROS2Docker/ros2_ws/install/ur_robot_driver:/root/ROS2Docker/ros2_ws/install/ur_moveit_config:/root/ROS2Docker/ros2_ws/install/examples_rclcpp_multithreaded_executor:/root/ROS2Docker/ros2_ws/install/examples_rclcpp_minimal_timer:/root/ROS2Docker/ros2_ws/install/examples_rclcpp_minimal_subscriber:/root/ROS2Docker/ros2_ws/install/examples_rclcpp_minimal_service:/root/ROS2Docker/ros2_ws/install/examples_rclcpp_minimal_publisher:/root/ROS2Docker/ros2_ws/install/examples_rclcpp_minimal_composition:/root/ROS2Docker/ros2_ws/install/examples_rclcpp_minimal_client:/root/ROS2Docker/ros2_ws/install/examples_rclcpp_minimal_action_server:/root/ROS2Docker/ros2_ws/install/examples_rclcpp_minimal_action_client:/root/ROS2Docker/ros2_ws/install/ur_ignition:/root/ROS2Docker/ros2_ws/install/examples_rclpy_minimal_subscriber:/root/ROS2Docker/ros2_ws/install/examples_rclpy_minimal_service:/root/ROS2Docker/ros2_ws/install/examples_rclpy_minimal_publisher:/root/ROS2Docker/ros2_ws/install/examples_rclpy_minimal_client:/root/ROS2Docker/ros2_ws/install/examples_rclpy_minimal_action_server:/root/ROS2Docker/ros2_ws/install/examples_rclpy_minimal_action_client:/root/ROS2Docker/ros2_ws/install/examples_rclpy_executors:/opt/ros/foxy LD_LIBRARY_PATH=/root/ROS2Docker/ros2_ws/install/ur_controllers/lib:/root/ROS2Docker/ros2_ws/install/ur_msgs/lib:/root/ROS2Docker/ros2_ws/install/ur_dashboard_msgs/lib:/root/ROS2Docker/ros2_ws/install/ur_robot_driver/lib:/root/ROS2Docker/ros2_ws/install/examples_rclcpp_minimal_composition/lib:/opt/ros/foxy/opt/yaml_cpp_vendor/lib:/opt/ros/foxy/opt/rviz_ogre_vendor/lib:/opt/ros/foxy/lib/x86_64-linux-gnu:/opt/ros/foxy/lib PYTHONPATH=/root/ROS2Docker/ros2_ws/install/ur_msgs/lib/python3.8/site-packages:/root/ROS2Docker/ros2_ws/install/ur_dashboard_msgs/lib/python3.8/site-packages:/root/ROS2Docker/ros2_ws/install/ur_bringup/lib/python3.8/site-packages:/root/ROS2Docker/ros2_ws/install/ur_ignition/lib/python3.8/site-packages:/root/ROS2Docker/ros2_ws/install/examples_rclpy_minimal_subscriber/lib/python3.8/site-packages:/root/ROS2Docker/ros2_ws/install/examples_rclpy_minimal_service/lib/python3.8/site-packages:/root/ROS2Docker/ros2_ws/install/examples_rclpy_minimal_publisher/lib/python3.8/site-packages:/root/ROS2Docker/ros2_ws/install/examples_rclpy_minimal_client/lib/python3.8/site-packages:/root/ROS2Docker/ros2_ws/install/examples_rclpy_minimal_action_server/lib/python3.8/site-packages:/root/ROS2Docker/ros2_ws/install/examples_rclpy_minimal_action_client/lib/python3.8/site-packages:/root/ROS2Docker/ros2_ws/install/examples_rclpy_executors/lib/python3.8/site-packages:/opt/ros/foxy/lib/python3.8/site-packages /usr/bin/cmake /root/ROS2Docker/ros2_ws/src/Universal_Robots_ROS2_Driver/ur_robot_driver -DCMAKE_INSTALL_PREFIX=/root/ROS2Docker/ros2_ws/install/ur_robot_driver
[2.600s] Invoking command in '/root/ROS2Docker/ros2_ws/build/ur_robot_driver': CMAKE_PREFIX_PATH=/root/ROS2Docker/ros2_ws/install/ur_controllers:/root/ROS2Docker/ros2_ws/install/ur_msgs:/root/ROS2Docker/ros2_ws/install/ur_description:/root/ROS2Docker/ros2_ws/install/ur_dashboard_msgs:/root/ROS2Docker/ros2_ws/install/ur_bringup:/root/ROS2Docker/ros2_ws/install/ur_robot_driver:/root/ROS2Docker/ros2_ws/install/ur_moveit_config:/root/ROS2Docker/ros2_ws/install/examples_rclcpp_multithreaded_executor:/root/ROS2Docker/ros2_ws/install/examples_rclcpp_minimal_timer:/root/ROS2Docker/ros2_ws/install/examples_rclcpp_minimal_subscriber:/root/ROS2Docker/ros2_ws/install/examples_rclcpp_minimal_service:/root/ROS2Docker/ros2_ws/install/examples_rclcpp_minimal_publisher:/root/ROS2Docker/ros2_ws/install/examples_rclcpp_minimal_composition:/root/ROS2Docker/ros2_ws/install/examples_rclcpp_minimal_client:/root/ROS2Docker/ros2_ws/install/examples_rclcpp_minimal_action_server:/root/ROS2Docker/ros2_ws/install/examples_rclcpp_minimal_action_client:/root/ROS2Docker/ros2_ws/install/ur_ignition:/root/ROS2Docker/ros2_ws/install/examples_rclpy_minimal_subscriber:/root/ROS2Docker/ros2_ws/install/examples_rclpy_minimal_service:/root/ROS2Docker/ros2_ws/install/examples_rclpy_minimal_publisher:/root/ROS2Docker/ros2_ws/install/examples_rclpy_minimal_client:/root/ROS2Docker/ros2_ws/install/examples_rclpy_minimal_action_server:/root/ROS2Docker/ros2_ws/install/examples_rclpy_minimal_action_client:/root/ROS2Docker/ros2_ws/install/examples_rclpy_executors:/opt/ros/foxy LD_LIBRARY_PATH=/root/ROS2Docker/ros2_ws/install/ur_controllers/lib:/root/ROS2Docker/ros2_ws/install/ur_msgs/lib:/root/ROS2Docker/ros2_ws/install/ur_dashboard_msgs/lib:/root/ROS2Docker/ros2_ws/install/ur_robot_driver/lib:/root/ROS2Docker/ros2_ws/install/examples_rclcpp_minimal_composition/lib:/opt/ros/foxy/opt/yaml_cpp_vendor/lib:/opt/ros/foxy/opt/rviz_ogre_vendor/lib:/opt/ros/foxy/lib/x86_64-linux-gnu:/opt/ros/foxy/lib PYTHONPATH=/root/ROS2Docker/ros2_ws/install/ur_msgs/lib/python3.8/site-packages:/root/ROS2Docker/ros2_ws/install/ur_dashboard_msgs/lib/python3.8/site-packages:/root/ROS2Docker/ros2_ws/install/ur_bringup/lib/python3.8/site-packages:/root/ROS2Docker/ros2_ws/install/ur_ignition/lib/python3.8/site-packages:/root/ROS2Docker/ros2_ws/install/examples_rclpy_minimal_subscriber/lib/python3.8/site-packages:/root/ROS2Docker/ros2_ws/install/examples_rclpy_minimal_service/lib/python3.8/site-packages:/root/ROS2Docker/ros2_ws/install/examples_rclpy_minimal_publisher/lib/python3.8/site-packages:/root/ROS2Docker/ros2_ws/install/examples_rclpy_minimal_client/lib/python3.8/site-packages:/root/ROS2Docker/ros2_ws/install/examples_rclpy_minimal_action_server/lib/python3.8/site-packages:/root/ROS2Docker/ros2_ws/install/examples_rclpy_minimal_action_client/lib/python3.8/site-packages:/root/ROS2Docker/ros2_ws/install/examples_rclpy_executors/lib/python3.8/site-packages:/opt/ros/foxy/lib/python3.8/site-packages /usr/bin/cmake --build /root/ROS2Docker/ros2_ws/build/ur_robot_driver -- -j16 -l16
[2.631s] [35m[1mScanning dependencies of target dashboard_client[0m
[2.631s] [35m[1mScanning dependencies of target ur_robot_driver_plugin[0m
[2.664s] [ 37%] [32mBuilding CXX object CMakeFiles/dashboard_client.dir/src/dashboard_client_node.cpp.o[0m
[2.665s] [ 37%] [32mBuilding CXX object CMakeFiles/dashboard_client.dir/src/dashboard_client_ros.cpp.o[0m
[2.665s] [ 37%] [32mBuilding CXX object CMakeFiles/dashboard_client.dir/src/urcl_log_handler.cpp.o[0m
[2.667s] [ 50%] [32mBuilding CXX object CMakeFiles/ur_robot_driver_plugin.dir/src/dashboard_client_ros.cpp.o[0m
[2.668s] [ 62%] [32mBuilding CXX object CMakeFiles/ur_robot_driver_plugin.dir/src/hardware_interface.cpp.o[0m
[2.668s] [ 75%] [32mBuilding CXX object CMakeFiles/ur_robot_driver_plugin.dir/src/urcl_log_handler.cpp.o[0m
[17.467s] [ 87%] [32m[1mLinking CXX executable dashboard_client[0m
[17.649s] [100%] [32m[1mLinking CXX shared library libur_robot_driver_plugin.so[0m
[17.693s] [100%] Built target dashboard_client
[17.890s] [100%] Built target ur_robot_driver_plugin
[17.897s] Invoked command in '/root/ROS2Docker/ros2_ws/build/ur_robot_driver' returned '0': CMAKE_PREFIX_PATH=/root/ROS2Docker/ros2_ws/install/ur_controllers:/root/ROS2Docker/ros2_ws/install/ur_msgs:/root/ROS2Docker/ros2_ws/install/ur_description:/root/ROS2Docker/ros2_ws/install/ur_dashboard_msgs:/root/ROS2Docker/ros2_ws/install/ur_bringup:/root/ROS2Docker/ros2_ws/install/ur_robot_driver:/root/ROS2Docker/ros2_ws/install/ur_moveit_config:/root/ROS2Docker/ros2_ws/install/examples_rclcpp_multithreaded_executor:/root/ROS2Docker/ros2_ws/install/examples_rclcpp_minimal_timer:/root/ROS2Docker/ros2_ws/install/examples_rclcpp_minimal_subscriber:/root/ROS2Docker/ros2_ws/install/examples_rclcpp_minimal_service:/root/ROS2Docker/ros2_ws/install/examples_rclcpp_minimal_publisher:/root/ROS2Docker/ros2_ws/install/examples_rclcpp_minimal_composition:/root/ROS2Docker/ros2_ws/install/examples_rclcpp_minimal_client:/root/ROS2Docker/ros2_ws/install/examples_rclcpp_minimal_action_server:/root/ROS2Docker/ros2_ws/install/examples_rclcpp_minimal_action_client:/root/ROS2Docker/ros2_ws/install/ur_ignition:/root/ROS2Docker/ros2_ws/install/examples_rclpy_minimal_subscriber:/root/ROS2Docker/ros2_ws/install/examples_rclpy_minimal_service:/root/ROS2Docker/ros2_ws/install/examples_rclpy_minimal_publisher:/root/ROS2Docker/ros2_ws/install/examples_rclpy_minimal_client:/root/ROS2Docker/ros2_ws/install/examples_rclpy_minimal_action_server:/root/ROS2Docker/ros2_ws/install/examples_rclpy_minimal_action_client:/root/ROS2Docker/ros2_ws/install/examples_rclpy_executors:/opt/ros/foxy LD_LIBRARY_PATH=/root/ROS2Docker/ros2_ws/install/ur_controllers/lib:/root/ROS2Docker/ros2_ws/install/ur_msgs/lib:/root/ROS2Docker/ros2_ws/install/ur_dashboard_msgs/lib:/root/ROS2Docker/ros2_ws/install/ur_robot_driver/lib:/root/ROS2Docker/ros2_ws/install/examples_rclcpp_minimal_composition/lib:/opt/ros/foxy/opt/yaml_cpp_vendor/lib:/opt/ros/foxy/opt/rviz_ogre_vendor/lib:/opt/ros/foxy/lib/x86_64-linux-gnu:/opt/ros/foxy/lib PYTHONPATH=/root/ROS2Docker/ros2_ws/install/ur_msgs/lib/python3.8/site-packages:/root/ROS2Docker/ros2_ws/install/ur_dashboard_msgs/lib/python3.8/site-packages:/root/ROS2Docker/ros2_ws/install/ur_bringup/lib/python3.8/site-packages:/root/ROS2Docker/ros2_ws/install/ur_ignition/lib/python3.8/site-packages:/root/ROS2Docker/ros2_ws/install/examples_rclpy_minimal_subscriber/lib/python3.8/site-packages:/root/ROS2Docker/ros2_ws/install/examples_rclpy_minimal_service/lib/python3.8/site-packages:/root/ROS2Docker/ros2_ws/install/examples_rclpy_minimal_publisher/lib/python3.8/site-packages:/root/ROS2Docker/ros2_ws/install/examples_rclpy_minimal_client/lib/python3.8/site-packages:/root/ROS2Docker/ros2_ws/install/examples_rclpy_minimal_action_server/lib/python3.8/site-packages:/root/ROS2Docker/ros2_ws/install/examples_rclpy_minimal_action_client/lib/python3.8/site-packages:/root/ROS2Docker/ros2_ws/install/examples_rclpy_executors/lib/python3.8/site-packages:/opt/ros/foxy/lib/python3.8/site-packages /usr/bin/cmake --build /root/ROS2Docker/ros2_ws/build/ur_robot_driver -- -j16 -l16
[17.921s] Invoking command in '/root/ROS2Docker/ros2_ws/build/ur_robot_driver': CMAKE_PREFIX_PATH=/root/ROS2Docker/ros2_ws/install/ur_controllers:/root/ROS2Docker/ros2_ws/install/ur_msgs:/root/ROS2Docker/ros2_ws/install/ur_description:/root/ROS2Docker/ros2_ws/install/ur_dashboard_msgs:/root/ROS2Docker/ros2_ws/install/ur_bringup:/root/ROS2Docker/ros2_ws/install/ur_robot_driver:/root/ROS2Docker/ros2_ws/install/ur_moveit_config:/root/ROS2Docker/ros2_ws/install/examples_rclcpp_multithreaded_executor:/root/ROS2Docker/ros2_ws/install/examples_rclcpp_minimal_timer:/root/ROS2Docker/ros2_ws/install/examples_rclcpp_minimal_subscriber:/root/ROS2Docker/ros2_ws/install/examples_rclcpp_minimal_service:/root/ROS2Docker/ros2_ws/install/examples_rclcpp_minimal_publisher:/root/ROS2Docker/ros2_ws/install/examples_rclcpp_minimal_composition:/root/ROS2Docker/ros2_ws/install/examples_rclcpp_minimal_client:/root/ROS2Docker/ros2_ws/install/examples_rclcpp_minimal_action_server:/root/ROS2Docker/ros2_ws/install/examples_rclcpp_minimal_action_client:/root/ROS2Docker/ros2_ws/install/ur_ignition:/root/ROS2Docker/ros2_ws/install/examples_rclpy_minimal_subscriber:/root/ROS2Docker/ros2_ws/install/examples_rclpy_minimal_service:/root/ROS2Docker/ros2_ws/install/examples_rclpy_minimal_publisher:/root/ROS2Docker/ros2_ws/install/examples_rclpy_minimal_client:/root/ROS2Docker/ros2_ws/install/examples_rclpy_minimal_action_server:/root/ROS2Docker/ros2_ws/install/examples_rclpy_minimal_action_client:/root/ROS2Docker/ros2_ws/install/examples_rclpy_executors:/opt/ros/foxy LD_LIBRARY_PATH=/root/ROS2Docker/ros2_ws/install/ur_controllers/lib:/root/ROS2Docker/ros2_ws/install/ur_msgs/lib:/root/ROS2Docker/ros2_ws/install/ur_dashboard_msgs/lib:/root/ROS2Docker/ros2_ws/install/ur_robot_driver/lib:/root/ROS2Docker/ros2_ws/install/examples_rclcpp_minimal_composition/lib:/opt/ros/foxy/opt/yaml_cpp_vendor/lib:/opt/ros/foxy/opt/rviz_ogre_vendor/lib:/opt/ros/foxy/lib/x86_64-linux-gnu:/opt/ros/foxy/lib PYTHONPATH=/root/ROS2Docker/ros2_ws/install/ur_msgs/lib/python3.8/site-packages:/root/ROS2Docker/ros2_ws/install/ur_dashboard_msgs/lib/python3.8/site-packages:/root/ROS2Docker/ros2_ws/install/ur_bringup/lib/python3.8/site-packages:/root/ROS2Docker/ros2_ws/install/ur_ignition/lib/python3.8/site-packages:/root/ROS2Docker/ros2_ws/install/examples_rclpy_minimal_subscriber/lib/python3.8/site-packages:/root/ROS2Docker/ros2_ws/install/examples_rclpy_minimal_service/lib/python3.8/site-packages:/root/ROS2Docker/ros2_ws/install/examples_rclpy_minimal_publisher/lib/python3.8/site-packages:/root/ROS2Docker/ros2_ws/install/examples_rclpy_minimal_client/lib/python3.8/site-packages:/root/ROS2Docker/ros2_ws/install/examples_rclpy_minimal_action_server/lib/python3.8/site-packages:/root/ROS2Docker/ros2_ws/install/examples_rclpy_minimal_action_client/lib/python3.8/site-packages:/root/ROS2Docker/ros2_ws/install/examples_rclpy_executors/lib/python3.8/site-packages:/opt/ros/foxy/lib/python3.8/site-packages /usr/bin/cmake --install /root/ROS2Docker/ros2_ws/build/ur_robot_driver
[17.927s] -- Install configuration: "RelWithDebInfo"
[17.927s] -- Installing: /root/ROS2Docker/ros2_ws/install/ur_robot_driver/share/ur_robot_driver/hardware_interface_plugin.xml
[17.927s] -- Installing: /root/ROS2Docker/ros2_ws/install/ur_robot_driver/lib/ur_robot_driver/dashboard_client
[17.935s] -- Set runtime path of "/root/ROS2Docker/ros2_ws/install/ur_robot_driver/lib/ur_robot_driver/dashboard_client" to ""
[17.935s] -- Installing: /root/ROS2Docker/ros2_ws/install/ur_robot_driver/lib/libur_robot_driver_plugin.so
[17.945s] -- Set runtime path of "/root/ROS2Docker/ros2_ws/install/ur_robot_driver/lib/libur_robot_driver_plugin.so" to ""
[17.945s] -- Installing: /root/ROS2Docker/ros2_ws/install/ur_robot_driver/include
[17.945s] -- Installing: /root/ROS2Docker/ros2_ws/install/ur_robot_driver/include/ur_robot_driver
[17.945s] -- Installing: /root/ROS2Docker/ros2_ws/install/ur_robot_driver/include/ur_robot_driver/hardware_interface.hpp
[17.945s] -- Installing: /root/ROS2Docker/ros2_ws/install/ur_robot_driver/include/ur_robot_driver/dashboard_client_ros.hpp
[17.945s] -- Installing: /root/ROS2Docker/ros2_ws/install/ur_robot_driver/include/ur_robot_driver/urcl_log_handler.hpp
[17.946s] -- Installing: /root/ROS2Docker/ros2_ws/install/ur_robot_driver/share/ur_robot_driver/environment/library_path.sh
[17.946s] -- Installing: /root/ROS2Docker/ros2_ws/install/ur_robot_driver/share/ur_robot_driver/environment/library_path.dsv
[17.946s] -- Installing: /root/ROS2Docker/ros2_ws/install/ur_robot_driver/bin/tool_communication
[17.946s] -- Installing: /root/ROS2Docker/ros2_ws/install/ur_robot_driver/share/ur_robot_driver/resources
[17.946s] -- Installing: /root/ROS2Docker/ros2_ws/install/ur_robot_driver/share/ur_robot_driver/resources/externalcontrol-1.0.5.urcap
[17.946s] -- Installing: /root/ROS2Docker/ros2_ws/install/ur_robot_driver/share/ur_robot_driver/resources/ros_control.urscript
[17.946s] -- Installing: /root/ROS2Docker/ros2_ws/install/ur_robot_driver/share/ur_robot_driver/resources/rtde_input_recipe.txt
[17.946s] -- Installing: /root/ROS2Docker/ros2_ws/install/ur_robot_driver/share/ur_robot_driver/resources/rs485-1.0.urcap
[17.946s] -- Installing: /root/ROS2Docker/ros2_ws/install/ur_robot_driver/share/ur_robot_driver/resources/Dockerfile
[17.946s] -- Installing: /root/ROS2Docker/ros2_ws/install/ur_robot_driver/share/ur_robot_driver/resources/rtde_output_recipe.txt
[17.946s] -- Up-to-date: /root/ROS2Docker/ros2_ws/install/ur_robot_driver/include
[17.946s] -- Up-to-date: /root/ROS2Docker/ros2_ws/install/ur_robot_driver/include/ur_robot_driver
[17.946s] -- Up-to-date: /root/ROS2Docker/ros2_ws/install/ur_robot_driver/include/ur_robot_driver/hardware_interface.hpp
[17.946s] -- Up-to-date: /root/ROS2Docker/ros2_ws/install/ur_robot_driver/include/ur_robot_driver/dashboard_client_ros.hpp
[17.946s] -- Up-to-date: /root/ROS2Docker/ros2_ws/install/ur_robot_driver/include/ur_robot_driver/urcl_log_handler.hpp
[17.947s] -- Installing: /root/ROS2Docker/ros2_ws/install/ur_robot_driver/share/ament_index/resource_index/package_run_dependencies/ur_robot_driver
[17.947s] -- Installing: /root/ROS2Docker/ros2_ws/install/ur_robot_driver/share/ament_index/resource_index/parent_prefix_path/ur_robot_driver
[17.947s] -- Installing: /root/ROS2Docker/ros2_ws/install/ur_robot_driver/share/ur_robot_driver/environment/ament_prefix_path.sh
[17.947s] -- Installing: /root/ROS2Docker/ros2_ws/install/ur_robot_driver/share/ur_robot_driver/environment/ament_prefix_path.dsv
[17.947s] -- Installing: /root/ROS2Docker/ros2_ws/install/ur_robot_driver/share/ur_robot_driver/environment/path.sh
[17.947s] -- Installing: /root/ROS2Docker/ros2_ws/install/ur_robot_driver/share/ur_robot_driver/environment/path.dsv
[17.947s] -- Installing: /root/ROS2Docker/ros2_ws/install/ur_robot_driver/share/ur_robot_driver/local_setup.bash
[17.947s] -- Installing: /root/ROS2Docker/ros2_ws/install/ur_robot_driver/share/ur_robot_driver/local_setup.sh
[17.947s] -- Installing: /root/ROS2Docker/ros2_ws/install/ur_robot_driver/share/ur_robot_driver/local_setup.zsh
[17.947s] -- Installing: /root/ROS2Docker/ros2_ws/install/ur_robot_driver/share/ur_robot_driver/local_setup.dsv
[17.947s] -- Installing: /root/ROS2Docker/ros2_ws/install/ur_robot_driver/share/ur_robot_driver/package.dsv
[17.947s] -- Installing: /root/ROS2Docker/ros2_ws/install/ur_robot_driver/share/ament_index/resource_index/packages/ur_robot_driver
[17.947s] -- Installing: /root/ROS2Docker/ros2_ws/install/ur_robot_driver/share/ament_index/resource_index/hardware_interface__pluginlib__plugin/ur_robot_driver
[17.947s] -- Installing: /root/ROS2Docker/ros2_ws/install/ur_robot_driver/share/ur_robot_driver/cmake/ament_cmake_export_include_directories-extras.cmake
[17.947s] -- Installing: /root/ROS2Docker/ros2_ws/install/ur_robot_driver/share/ur_robot_driver/cmake/ament_cmake_export_libraries-extras.cmake
[17.948s] -- Installing: /root/ROS2Docker/ros2_ws/install/ur_robot_driver/share/ur_robot_driver/cmake/ament_cmake_export_dependencies-extras.cmake
[17.948s] -- Installing: /root/ROS2Docker/ros2_ws/install/ur_robot_driver/share/ur_robot_driver/cmake/ur_robot_driverConfig.cmake
[17.948s] -- Installing: /root/ROS2Docker/ros2_ws/install/ur_robot_driver/share/ur_robot_driver/cmake/ur_robot_driverConfig-version.cmake
[17.948s] -- Installing: /root/ROS2Docker/ros2_ws/install/ur_robot_driver/share/ur_robot_driver/package.xml
[17.950s] Invoked command in '/root/ROS2Docker/ros2_ws/build/ur_robot_driver' returned '0': CMAKE_PREFIX_PATH=/root/ROS2Docker/ros2_ws/install/ur_controllers:/root/ROS2Docker/ros2_ws/install/ur_msgs:/root/ROS2Docker/ros2_ws/install/ur_description:/root/ROS2Docker/ros2_ws/install/ur_dashboard_msgs:/root/ROS2Docker/ros2_ws/install/ur_bringup:/root/ROS2Docker/ros2_ws/install/ur_robot_driver:/root/ROS2Docker/ros2_ws/install/ur_moveit_config:/root/ROS2Docker/ros2_ws/install/examples_rclcpp_multithreaded_executor:/root/ROS2Docker/ros2_ws/install/examples_rclcpp_minimal_timer:/root/ROS2Docker/ros2_ws/install/examples_rclcpp_minimal_subscriber:/root/ROS2Docker/ros2_ws/install/examples_rclcpp_minimal_service:/root/ROS2Docker/ros2_ws/install/examples_rclcpp_minimal_publisher:/root/ROS2Docker/ros2_ws/install/examples_rclcpp_minimal_composition:/root/ROS2Docker/ros2_ws/install/examples_rclcpp_minimal_client:/root/ROS2Docker/ros2_ws/install/examples_rclcpp_minimal_action_server:/root/ROS2Docker/ros2_ws/install/examples_rclcpp_minimal_action_client:/root/ROS2Docker/ros2_ws/install/ur_ignition:/root/ROS2Docker/ros2_ws/install/examples_rclpy_minimal_subscriber:/root/ROS2Docker/ros2_ws/install/examples_rclpy_minimal_service:/root/ROS2Docker/ros2_ws/install/examples_rclpy_minimal_publisher:/root/ROS2Docker/ros2_ws/install/examples_rclpy_minimal_client:/root/ROS2Docker/ros2_ws/install/examples_rclpy_minimal_action_server:/root/ROS2Docker/ros2_ws/install/examples_rclpy_minimal_action_client:/root/ROS2Docker/ros2_ws/install/examples_rclpy_executors:/opt/ros/foxy LD_LIBRARY_PATH=/root/ROS2Docker/ros2_ws/install/ur_controllers/lib:/root/ROS2Docker/ros2_ws/install/ur_msgs/lib:/root/ROS2Docker/ros2_ws/install/ur_dashboard_msgs/lib:/root/ROS2Docker/ros2_ws/install/ur_robot_driver/lib:/root/ROS2Docker/ros2_ws/install/examples_rclcpp_minimal_composition/lib:/opt/ros/foxy/opt/yaml_cpp_vendor/lib:/opt/ros/foxy/opt/rviz_ogre_vendor/lib:/opt/ros/foxy/lib/x86_64-linux-gnu:/opt/ros/foxy/lib PYTHONPATH=/root/ROS2Docker/ros2_ws/install/ur_msgs/lib/python3.8/site-packages:/root/ROS2Docker/ros2_ws/install/ur_dashboard_msgs/lib/python3.8/site-packages:/root/ROS2Docker/ros2_ws/install/ur_bringup/lib/python3.8/site-packages:/root/ROS2Docker/ros2_ws/install/ur_ignition/lib/python3.8/site-packages:/root/ROS2Docker/ros2_ws/install/examples_rclpy_minimal_subscriber/lib/python3.8/site-packages:/root/ROS2Docker/ros2_ws/install/examples_rclpy_minimal_service/lib/python3.8/site-packages:/root/ROS2Docker/ros2_ws/install/examples_rclpy_minimal_publisher/lib/python3.8/site-packages:/root/ROS2Docker/ros2_ws/install/examples_rclpy_minimal_client/lib/python3.8/site-packages:/root/ROS2Docker/ros2_ws/install/examples_rclpy_minimal_action_server/lib/python3.8/site-packages:/root/ROS2Docker/ros2_ws/install/examples_rclpy_minimal_action_client/lib/python3.8/site-packages:/root/ROS2Docker/ros2_ws/install/examples_rclpy_executors/lib/python3.8/site-packages:/opt/ros/foxy/lib/python3.8/site-packages /usr/bin/cmake --install /root/ROS2Docker/ros2_ws/build/ur_robot_driver
