running egg_info
creating ../../../build/smach_ros/smach_ros.egg-info
writing ../../../build/smach_ros/smach_ros.egg-info/PKG-INFO
writing dependency_links to ../../../build/smach_ros/smach_ros.egg-info/dependency_links.txt
writing requirements to ../../../build/smach_ros/smach_ros.egg-info/requires.txt
writing top-level names to ../../../build/smach_ros/smach_ros.egg-info/top_level.txt
writing manifest file '../../../build/smach_ros/smach_ros.egg-info/SOURCES.txt'
reading manifest file '../../../build/smach_ros/smach_ros.egg-info/SOURCES.txt'
writing manifest file '../../../build/smach_ros/smach_ros.egg-info/SOURCES.txt'
running build
running build_py
creating /root/ROS2Docker/ros2_ws/build/smach_ros/build
creating /root/ROS2Docker/ros2_ws/build/smach_ros/build/lib
creating /root/ROS2Docker/ros2_ws/build/smach_ros/build/lib/smach_ros
copying src/smach_ros/condition_state.py -> /root/ROS2Docker/ros2_ws/build/smach_ros/build/lib/smach_ros
copying src/smach_ros/introspection.py -> /root/ROS2Docker/ros2_ws/build/smach_ros/build/lib/smach_ros
copying src/smach_ros/monitor_state.py -> /root/ROS2Docker/ros2_ws/build/smach_ros/build/lib/smach_ros
copying src/smach_ros/action_server_wrapper.py -> /root/ROS2Docker/ros2_ws/build/smach_ros/build/lib/smach_ros
copying src/smach_ros/service_state.py -> /root/ROS2Docker/ros2_ws/build/smach_ros/build/lib/smach_ros
copying src/smach_ros/node.py -> /root/ROS2Docker/ros2_ws/build/smach_ros/build/lib/smach_ros
copying src/smach_ros/__init__.py -> /root/ROS2Docker/ros2_ws/build/smach_ros/build/lib/smach_ros
copying src/smach_ros/ros_state.py -> /root/ROS2Docker/ros2_ws/build/smach_ros/build/lib/smach_ros
copying src/smach_ros/simple_action_state.py -> /root/ROS2Docker/ros2_ws/build/smach_ros/build/lib/smach_ros
copying src/smach_ros/util.py -> /root/ROS2Docker/ros2_ws/build/smach_ros/build/lib/smach_ros
running install
running install_lib
creating /root/ROS2Docker/ros2_ws/install/smach_ros/lib/python3.8/site-packages/smach_ros
copying /root/ROS2Docker/ros2_ws/build/smach_ros/build/lib/smach_ros/condition_state.py -> /root/ROS2Docker/ros2_ws/install/smach_ros/lib/python3.8/site-packages/smach_ros
copying /root/ROS2Docker/ros2_ws/build/smach_ros/build/lib/smach_ros/introspection.py -> /root/ROS2Docker/ros2_ws/install/smach_ros/lib/python3.8/site-packages/smach_ros
copying /root/ROS2Docker/ros2_ws/build/smach_ros/build/lib/smach_ros/monitor_state.py -> /root/ROS2Docker/ros2_ws/install/smach_ros/lib/python3.8/site-packages/smach_ros
copying /root/ROS2Docker/ros2_ws/build/smach_ros/build/lib/smach_ros/action_server_wrapper.py -> /root/ROS2Docker/ros2_ws/install/smach_ros/lib/python3.8/site-packages/smach_ros
copying /root/ROS2Docker/ros2_ws/build/smach_ros/build/lib/smach_ros/service_state.py -> /root/ROS2Docker/ros2_ws/install/smach_ros/lib/python3.8/site-packages/smach_ros
copying /root/ROS2Docker/ros2_ws/build/smach_ros/build/lib/smach_ros/node.py -> /root/ROS2Docker/ros2_ws/install/smach_ros/lib/python3.8/site-packages/smach_ros
copying /root/ROS2Docker/ros2_ws/build/smach_ros/build/lib/smach_ros/__init__.py -> /root/ROS2Docker/ros2_ws/install/smach_ros/lib/python3.8/site-packages/smach_ros
copying /root/ROS2Docker/ros2_ws/build/smach_ros/build/lib/smach_ros/ros_state.py -> /root/ROS2Docker/ros2_ws/install/smach_ros/lib/python3.8/site-packages/smach_ros
copying /root/ROS2Docker/ros2_ws/build/smach_ros/build/lib/smach_ros/simple_action_state.py -> /root/ROS2Docker/ros2_ws/install/smach_ros/lib/python3.8/site-packages/smach_ros
copying /root/ROS2Docker/ros2_ws/build/smach_ros/build/lib/smach_ros/util.py -> /root/ROS2Docker/ros2_ws/install/smach_ros/lib/python3.8/site-packages/smach_ros
byte-compiling /root/ROS2Docker/ros2_ws/install/smach_ros/lib/python3.8/site-packages/smach_ros/condition_state.py to condition_state.cpython-38.pyc
byte-compiling /root/ROS2Docker/ros2_ws/install/smach_ros/lib/python3.8/site-packages/smach_ros/introspection.py to introspection.cpython-38.pyc
byte-compiling /root/ROS2Docker/ros2_ws/install/smach_ros/lib/python3.8/site-packages/smach_ros/monitor_state.py to monitor_state.cpython-38.pyc
byte-compiling /root/ROS2Docker/ros2_ws/install/smach_ros/lib/python3.8/site-packages/smach_ros/action_server_wrapper.py to action_server_wrapper.cpython-38.pyc
byte-compiling /root/ROS2Docker/ros2_ws/install/smach_ros/lib/python3.8/site-packages/smach_ros/service_state.py to service_state.cpython-38.pyc
byte-compiling /root/ROS2Docker/ros2_ws/install/smach_ros/lib/python3.8/site-packages/smach_ros/node.py to node.cpython-38.pyc
byte-compiling /root/ROS2Docker/ros2_ws/install/smach_ros/lib/python3.8/site-packages/smach_ros/__init__.py to __init__.cpython-38.pyc
byte-compiling /root/ROS2Docker/ros2_ws/install/smach_ros/lib/python3.8/site-packages/smach_ros/ros_state.py to ros_state.cpython-38.pyc
byte-compiling /root/ROS2Docker/ros2_ws/install/smach_ros/lib/python3.8/site-packages/smach_ros/simple_action_state.py to simple_action_state.cpython-38.pyc
byte-compiling /root/ROS2Docker/ros2_ws/install/smach_ros/lib/python3.8/site-packages/smach_ros/util.py to util.cpython-38.pyc
running install_data
creating /root/ROS2Docker/ros2_ws/install/smach_ros/share/ament_index
creating /root/ROS2Docker/ros2_ws/install/smach_ros/share/ament_index/resource_index
creating /root/ROS2Docker/ros2_ws/install/smach_ros/share/ament_index/resource_index/packages
copying resource/smach_ros -> /root/ROS2Docker/ros2_ws/install/smach_ros/share/ament_index/resource_index/packages
copying package.xml -> /root/ROS2Docker/ros2_ws/install/smach_ros/share/smach_ros
running install_egg_info
Copying ../../../build/smach_ros/smach_ros.egg-info to /root/ROS2Docker/ros2_ws/install/smach_ros/lib/python3.8/site-packages/smach_ros-2.0.1-py3.8.egg-info
running install_scripts
writing list of installed files to '/root/ROS2Docker/ros2_ws/build/smach_ros/install.log'
