[0.185s] Invoking command in '/root/ROS2Docker/ros2_ws/src/executive_smach/smach_ros': AMENT_PREFIX_PATH=/root/ROS2Docker/ros2_ws/install/smach_msgs:/root/ROS2Docker/ros2_ws/install/smach:${AMENT_PREFIX_PATH} CMAKE_PREFIX_PATH=/root/ROS2Docker/ros2_ws/install/smach_msgs:${CMAKE_PREFIX_PATH} LD_LIBRARY_PATH=/root/ROS2Docker/ros2_ws/install/smach_msgs/lib:/root/ROS2Docker/ros2_ws/install/ur_robot_driver/lib:/root/ROS2Docker/ros2_ws/install/ur_controllers/lib:/root/ROS2Docker/ros2_ws/install/ur_msgs/lib:/root/ROS2Docker/ros2_ws/install/ur_dashboard_msgs/lib:/root/ROS2Docker/ros2_ws/install/examples_rclcpp_minimal_composition/lib:/opt/ros/foxy/opt/yaml_cpp_vendor/lib:/opt/ros/foxy/opt/rviz_ogre_vendor/lib:/opt/ros/foxy/lib/x86_64-linux-gnu:/opt/ros/foxy/lib PYTHONPATH=/root/ROS2Docker/ros2_ws/install/smach_ros/lib/python3.8/site-packages:/root/ROS2Docker/ros2_ws/install/smach_msgs/lib/python3.8/site-packages:/root/ROS2Docker/ros2_ws/install/smach/lib/python3.8/site-packages:${PYTHONPATH} /usr/bin/python3 setup.py egg_info --egg-base ../../../build/smach_ros build --build-base /root/ROS2Docker/ros2_ws/build/smach_ros/build install --prefix /root/ROS2Docker/ros2_ws/install/smach_ros --record /root/ROS2Docker/ros2_ws/build/smach_ros/install.log --single-version-externally-managed
[0.330s] running egg_info
[0.330s] creating ../../../build/smach_ros/smach_ros.egg-info
[0.331s] writing ../../../build/smach_ros/smach_ros.egg-info/PKG-INFO
[0.331s] writing dependency_links to ../../../build/smach_ros/smach_ros.egg-info/dependency_links.txt
[0.331s] writing requirements to ../../../build/smach_ros/smach_ros.egg-info/requires.txt
[0.331s] writing top-level names to ../../../build/smach_ros/smach_ros.egg-info/top_level.txt
[0.332s] writing manifest file '../../../build/smach_ros/smach_ros.egg-info/SOURCES.txt'
[0.358s] reading manifest file '../../../build/smach_ros/smach_ros.egg-info/SOURCES.txt'
[0.358s] writing manifest file '../../../build/smach_ros/smach_ros.egg-info/SOURCES.txt'
[0.358s] running build
[0.358s] running build_py
[0.359s] creating /root/ROS2Docker/ros2_ws/build/smach_ros/build
[0.359s] creating /root/ROS2Docker/ros2_ws/build/smach_ros/build/lib
[0.359s] creating /root/ROS2Docker/ros2_ws/build/smach_ros/build/lib/smach_ros
[0.359s] copying src/smach_ros/condition_state.py -> /root/ROS2Docker/ros2_ws/build/smach_ros/build/lib/smach_ros
[0.359s] copying src/smach_ros/introspection.py -> /root/ROS2Docker/ros2_ws/build/smach_ros/build/lib/smach_ros
[0.359s] copying src/smach_ros/monitor_state.py -> /root/ROS2Docker/ros2_ws/build/smach_ros/build/lib/smach_ros
[0.359s] copying src/smach_ros/action_server_wrapper.py -> /root/ROS2Docker/ros2_ws/build/smach_ros/build/lib/smach_ros
[0.359s] copying src/smach_ros/service_state.py -> /root/ROS2Docker/ros2_ws/build/smach_ros/build/lib/smach_ros
[0.359s] copying src/smach_ros/node.py -> /root/ROS2Docker/ros2_ws/build/smach_ros/build/lib/smach_ros
[0.359s] copying src/smach_ros/__init__.py -> /root/ROS2Docker/ros2_ws/build/smach_ros/build/lib/smach_ros
[0.359s] copying src/smach_ros/ros_state.py -> /root/ROS2Docker/ros2_ws/build/smach_ros/build/lib/smach_ros
[0.359s] copying src/smach_ros/simple_action_state.py -> /root/ROS2Docker/ros2_ws/build/smach_ros/build/lib/smach_ros
[0.359s] copying src/smach_ros/util.py -> /root/ROS2Docker/ros2_ws/build/smach_ros/build/lib/smach_ros
[0.359s] running install
[0.360s] running install_lib
[0.360s] creating /root/ROS2Docker/ros2_ws/install/smach_ros/lib/python3.8/site-packages/smach_ros
[0.361s] copying /root/ROS2Docker/ros2_ws/build/smach_ros/build/lib/smach_ros/condition_state.py -> /root/ROS2Docker/ros2_ws/install/smach_ros/lib/python3.8/site-packages/smach_ros
[0.361s] copying /root/ROS2Docker/ros2_ws/build/smach_ros/build/lib/smach_ros/introspection.py -> /root/ROS2Docker/ros2_ws/install/smach_ros/lib/python3.8/site-packages/smach_ros
[0.361s] copying /root/ROS2Docker/ros2_ws/build/smach_ros/build/lib/smach_ros/monitor_state.py -> /root/ROS2Docker/ros2_ws/install/smach_ros/lib/python3.8/site-packages/smach_ros
[0.361s] copying /root/ROS2Docker/ros2_ws/build/smach_ros/build/lib/smach_ros/action_server_wrapper.py -> /root/ROS2Docker/ros2_ws/install/smach_ros/lib/python3.8/site-packages/smach_ros
[0.361s] copying /root/ROS2Docker/ros2_ws/build/smach_ros/build/lib/smach_ros/service_state.py -> /root/ROS2Docker/ros2_ws/install/smach_ros/lib/python3.8/site-packages/smach_ros
[0.361s] copying /root/ROS2Docker/ros2_ws/build/smach_ros/build/lib/smach_ros/node.py -> /root/ROS2Docker/ros2_ws/install/smach_ros/lib/python3.8/site-packages/smach_ros
[0.361s] copying /root/ROS2Docker/ros2_ws/build/smach_ros/build/lib/smach_ros/__init__.py -> /root/ROS2Docker/ros2_ws/install/smach_ros/lib/python3.8/site-packages/smach_ros
[0.361s] copying /root/ROS2Docker/ros2_ws/build/smach_ros/build/lib/smach_ros/ros_state.py -> /root/ROS2Docker/ros2_ws/install/smach_ros/lib/python3.8/site-packages/smach_ros
[0.361s] copying /root/ROS2Docker/ros2_ws/build/smach_ros/build/lib/smach_ros/simple_action_state.py -> /root/ROS2Docker/ros2_ws/install/smach_ros/lib/python3.8/site-packages/smach_ros
[0.361s] copying /root/ROS2Docker/ros2_ws/build/smach_ros/build/lib/smach_ros/util.py -> /root/ROS2Docker/ros2_ws/install/smach_ros/lib/python3.8/site-packages/smach_ros
[0.362s] byte-compiling /root/ROS2Docker/ros2_ws/install/smach_ros/lib/python3.8/site-packages/smach_ros/condition_state.py to condition_state.cpython-38.pyc
[0.363s] byte-compiling /root/ROS2Docker/ros2_ws/install/smach_ros/lib/python3.8/site-packages/smach_ros/introspection.py to introspection.cpython-38.pyc
[0.364s] byte-compiling /root/ROS2Docker/ros2_ws/install/smach_ros/lib/python3.8/site-packages/smach_ros/monitor_state.py to monitor_state.cpython-38.pyc
[0.364s] byte-compiling /root/ROS2Docker/ros2_ws/install/smach_ros/lib/python3.8/site-packages/smach_ros/action_server_wrapper.py to action_server_wrapper.cpython-38.pyc
[0.365s] byte-compiling /root/ROS2Docker/ros2_ws/install/smach_ros/lib/python3.8/site-packages/smach_ros/service_state.py to service_state.cpython-38.pyc
[0.366s] byte-compiling /root/ROS2Docker/ros2_ws/install/smach_ros/lib/python3.8/site-packages/smach_ros/node.py to node.cpython-38.pyc
[0.366s] byte-compiling /root/ROS2Docker/ros2_ws/install/smach_ros/lib/python3.8/site-packages/smach_ros/__init__.py to __init__.cpython-38.pyc
[0.366s] byte-compiling /root/ROS2Docker/ros2_ws/install/smach_ros/lib/python3.8/site-packages/smach_ros/ros_state.py to ros_state.cpython-38.pyc
[0.367s] byte-compiling /root/ROS2Docker/ros2_ws/install/smach_ros/lib/python3.8/site-packages/smach_ros/simple_action_state.py to simple_action_state.cpython-38.pyc
[0.368s] byte-compiling /root/ROS2Docker/ros2_ws/install/smach_ros/lib/python3.8/site-packages/smach_ros/util.py to util.cpython-38.pyc
[0.368s] running install_data
[0.368s] creating /root/ROS2Docker/ros2_ws/install/smach_ros/share/ament_index
[0.369s] creating /root/ROS2Docker/ros2_ws/install/smach_ros/share/ament_index/resource_index
[0.369s] creating /root/ROS2Docker/ros2_ws/install/smach_ros/share/ament_index/resource_index/packages
[0.369s] copying resource/smach_ros -> /root/ROS2Docker/ros2_ws/install/smach_ros/share/ament_index/resource_index/packages
[0.369s] copying package.xml -> /root/ROS2Docker/ros2_ws/install/smach_ros/share/smach_ros
[0.369s] running install_egg_info
[0.370s] Copying ../../../build/smach_ros/smach_ros.egg-info to /root/ROS2Docker/ros2_ws/install/smach_ros/lib/python3.8/site-packages/smach_ros-2.0.1-py3.8.egg-info
[0.370s] running install_scripts
[0.383s] writing list of installed files to '/root/ROS2Docker/ros2_ws/build/smach_ros/install.log'
[0.397s] Invoked command in '/root/ROS2Docker/ros2_ws/src/executive_smach/smach_ros' returned '0': AMENT_PREFIX_PATH=/root/ROS2Docker/ros2_ws/install/smach_msgs:/root/ROS2Docker/ros2_ws/install/smach:${AMENT_PREFIX_PATH} CMAKE_PREFIX_PATH=/root/ROS2Docker/ros2_ws/install/smach_msgs:${CMAKE_PREFIX_PATH} LD_LIBRARY_PATH=/root/ROS2Docker/ros2_ws/install/smach_msgs/lib:/root/ROS2Docker/ros2_ws/install/ur_robot_driver/lib:/root/ROS2Docker/ros2_ws/install/ur_controllers/lib:/root/ROS2Docker/ros2_ws/install/ur_msgs/lib:/root/ROS2Docker/ros2_ws/install/ur_dashboard_msgs/lib:/root/ROS2Docker/ros2_ws/install/examples_rclcpp_minimal_composition/lib:/opt/ros/foxy/opt/yaml_cpp_vendor/lib:/opt/ros/foxy/opt/rviz_ogre_vendor/lib:/opt/ros/foxy/lib/x86_64-linux-gnu:/opt/ros/foxy/lib PYTHONPATH=/root/ROS2Docker/ros2_ws/install/smach_ros/lib/python3.8/site-packages:/root/ROS2Docker/ros2_ws/install/smach_msgs/lib/python3.8/site-packages:/root/ROS2Docker/ros2_ws/install/smach/lib/python3.8/site-packages:${PYTHONPATH} /usr/bin/python3 setup.py egg_info --egg-base ../../../build/smach_ros build --build-base /root/ROS2Docker/ros2_ws/build/smach_ros/build install --prefix /root/ROS2Docker/ros2_ws/install/smach_ros --record /root/ROS2Docker/ros2_ws/build/smach_ros/install.log --single-version-externally-managed
