[0.183s] Invoking command in '/root/ROS2Docker/ros2_ws/build/ur_description': CMAKE_PREFIX_PATH=${CMAKE_PREFIX_PATH}:/root/ROS2Docker/ros2_ws/install/ur_ignition:/root/ROS2Docker/ros2_ws/install/examples_rclpy_minimal_subscriber:/root/ROS2Docker/ros2_ws/install/examples_rclpy_minimal_service:/root/ROS2Docker/ros2_ws/install/examples_rclpy_minimal_publisher:/root/ROS2Docker/ros2_ws/install/examples_rclpy_minimal_client:/root/ROS2Docker/ros2_ws/install/examples_rclpy_minimal_action_server:/root/ROS2Docker/ros2_ws/install/examples_rclpy_minimal_action_client:/root/ROS2Docker/ros2_ws/install/examples_rclpy_executors:/opt/ros/foxy /usr/bin/cmake --build /root/ROS2Docker/ros2_ws/build/ur_description -- -j16 -l16
[0.216s] Invoked command in '/root/ROS2Docker/ros2_ws/build/ur_description' returned '0': CMAKE_PREFIX_PATH=${CMAKE_PREFIX_PATH}:/root/ROS2Docker/ros2_ws/install/ur_ignition:/root/ROS2Docker/ros2_ws/install/examples_rclpy_minimal_subscriber:/root/ROS2Docker/ros2_ws/install/examples_rclpy_minimal_service:/root/ROS2Docker/ros2_ws/install/examples_rclpy_minimal_publisher:/root/ROS2Docker/ros2_ws/install/examples_rclpy_minimal_client:/root/ROS2Docker/ros2_ws/install/examples_rclpy_minimal_action_server:/root/ROS2Docker/ros2_ws/install/examples_rclpy_minimal_action_client:/root/ROS2Docker/ros2_ws/install/examples_rclpy_executors:/opt/ros/foxy /usr/bin/cmake --build /root/ROS2Docker/ros2_ws/build/ur_description -- -j16 -l16
[0.251s] Invoking command in '/root/ROS2Docker/ros2_ws/build/ur_description': CMAKE_PREFIX_PATH=${CMAKE_PREFIX_PATH}:/root/ROS2Docker/ros2_ws/install/ur_ignition:/root/ROS2Docker/ros2_ws/install/examples_rclpy_minimal_subscriber:/root/ROS2Docker/ros2_ws/install/examples_rclpy_minimal_service:/root/ROS2Docker/ros2_ws/install/examples_rclpy_minimal_publisher:/root/ROS2Docker/ros2_ws/install/examples_rclpy_minimal_client:/root/ROS2Docker/ros2_ws/install/examples_rclpy_minimal_action_server:/root/ROS2Docker/ros2_ws/install/examples_rclpy_minimal_action_client:/root/ROS2Docker/ros2_ws/install/examples_rclpy_executors:/opt/ros/foxy /usr/bin/cmake --install /root/ROS2Docker/ros2_ws/build/ur_description
[0.268s] -- Install configuration: ""
[0.268s] -- Up-to-date: /root/ROS2Docker/ros2_ws/install/ur_description/share/ur_description/config
[0.269s] -- Up-to-date: /root/ROS2Docker/ros2_ws/install/ur_description/share/ur_description/config/ur16e
[0.270s] -- Up-to-date: /root/ROS2Docker/ros2_ws/install/ur_description/share/ur_description/config/ur16e/default_kinematics.yaml
[0.270s] -- Up-to-date: /root/ROS2Docker/ros2_ws/install/ur_description/share/ur_description/config/ur16e/joint_limits.yaml
[0.270s] -- Up-to-date: /root/ROS2Docker/ros2_ws/install/ur_description/share/ur_description/config/ur16e/physical_parameters.yaml
[0.270s] -- Up-to-date: /root/ROS2Docker/ros2_ws/install/ur_description/share/ur_description/config/ur16e/visual_parameters.yaml
[0.270s] -- Up-to-date: /root/ROS2Docker/ros2_ws/install/ur_description/share/ur_description/config/ur3e
[0.270s] -- Up-to-date: /root/ROS2Docker/ros2_ws/install/ur_description/share/ur_description/config/ur3e/default_kinematics.yaml
[0.271s] -- Up-to-date: /root/ROS2Docker/ros2_ws/install/ur_description/share/ur_description/config/ur3e/joint_limits.yaml
[0.271s] -- Up-to-date: /root/ROS2Docker/ros2_ws/install/ur_description/share/ur_description/config/ur3e/physical_parameters.yaml
[0.272s] -- Up-to-date: /root/ROS2Docker/ros2_ws/install/ur_description/share/ur_description/config/ur3e/visual_parameters.yaml
[0.273s] -- Up-to-date: /root/ROS2Docker/ros2_ws/install/ur_description/share/ur_description/config/initial_positions.yaml
[0.273s] -- Up-to-date: /root/ROS2Docker/ros2_ws/install/ur_description/share/ur_description/config/ur5e
[0.274s] -- Up-to-date: /root/ROS2Docker/ros2_ws/install/ur_description/share/ur_description/config/ur5e/default_kinematics.yaml
[0.274s] -- Up-to-date: /root/ROS2Docker/ros2_ws/install/ur_description/share/ur_description/config/ur5e/joint_limits.yaml
[0.274s] -- Up-to-date: /root/ROS2Docker/ros2_ws/install/ur_description/share/ur_description/config/ur5e/physical_parameters.yaml
[0.275s] -- Up-to-date: /root/ROS2Docker/ros2_ws/install/ur_description/share/ur_description/config/ur5e/visual_parameters.yaml
[0.275s] -- Up-to-date: /root/ROS2Docker/ros2_ws/install/ur_description/share/ur_description/config/ur10
[0.275s] -- Up-to-date: /root/ROS2Docker/ros2_ws/install/ur_description/share/ur_description/config/ur10/default_kinematics.yaml
[0.275s] -- Up-to-date: /root/ROS2Docker/ros2_ws/install/ur_description/share/ur_description/config/ur10/joint_limits.yaml
[0.276s] -- Up-to-date: /root/ROS2Docker/ros2_ws/install/ur_description/share/ur_description/config/ur10/physical_parameters.yaml
[0.276s] -- Up-to-date: /root/ROS2Docker/ros2_ws/install/ur_description/share/ur_description/config/ur10/visual_parameters.yaml
[0.276s] -- Up-to-date: /root/ROS2Docker/ros2_ws/install/ur_description/share/ur_description/config/ur10e
[0.276s] -- Up-to-date: /root/ROS2Docker/ros2_ws/install/ur_description/share/ur_description/config/ur10e/default_kinematics.yaml
[0.278s] -- Up-to-date: /root/ROS2Docker/ros2_ws/install/ur_description/share/ur_description/config/ur10e/joint_limits.yaml
[0.278s] -- Up-to-date: /root/ROS2Docker/ros2_ws/install/ur_description/share/ur_description/config/ur10e/physical_parameters.yaml
[0.279s] -- Up-to-date: /root/ROS2Docker/ros2_ws/install/ur_description/share/ur_description/config/ur10e/visual_parameters.yaml
[0.279s] -- Up-to-date: /root/ROS2Docker/ros2_ws/install/ur_description/share/ur_description/config/ur3
[0.281s] -- Up-to-date: /root/ROS2Docker/ros2_ws/install/ur_description/share/ur_description/config/ur3/default_kinematics.yaml
[0.281s] -- Up-to-date: /root/ROS2Docker/ros2_ws/install/ur_description/share/ur_description/config/ur3/joint_limits.yaml
[0.281s] -- Up-to-date: /root/ROS2Docker/ros2_ws/install/ur_description/share/ur_description/config/ur3/physical_parameters.yaml
[0.281s] -- Up-to-date: /root/ROS2Docker/ros2_ws/install/ur_description/share/ur_description/config/ur3/visual_parameters.yaml
[0.282s] -- Up-to-date: /root/ROS2Docker/ros2_ws/install/ur_description/share/ur_description/config/ur5
[0.282s] -- Up-to-date: /root/ROS2Docker/ros2_ws/install/ur_description/share/ur_description/config/ur5/default_kinematics.yaml
[0.282s] -- Up-to-date: /root/ROS2Docker/ros2_ws/install/ur_description/share/ur_description/config/ur5/joint_limits.yaml
[0.282s] -- Up-to-date: /root/ROS2Docker/ros2_ws/install/ur_description/share/ur_description/config/ur5/physical_parameters.yaml
[0.282s] -- Up-to-date: /root/ROS2Docker/ros2_ws/install/ur_description/share/ur_description/config/ur5/visual_parameters.yaml
[0.282s] -- Up-to-date: /root/ROS2Docker/ros2_ws/install/ur_description/share/ur_description/launch
[0.283s] -- Up-to-date: /root/ROS2Docker/ros2_ws/install/ur_description/share/ur_description/launch/view_ur.launch.py
[0.283s] -- Up-to-date: /root/ROS2Docker/ros2_ws/install/ur_description/share/ur_description/meshes
[0.283s] -- Up-to-date: /root/ROS2Docker/ros2_ws/install/ur_description/share/ur_description/meshes/ur16e
[0.284s] -- Up-to-date: /root/ROS2Docker/ros2_ws/install/ur_description/share/ur_description/meshes/ur16e/collision
[0.284s] -- Up-to-date: /root/ROS2Docker/ros2_ws/install/ur_description/share/ur_description/meshes/ur16e/collision/upperarm.stl
[0.284s] -- Up-to-date: /root/ROS2Docker/ros2_ws/install/ur_description/share/ur_description/meshes/ur16e/collision/forearm.stl
[0.284s] -- Up-to-date: /root/ROS2Docker/ros2_ws/install/ur_description/share/ur_description/meshes/ur16e/visual
[0.285s] -- Up-to-date: /root/ROS2Docker/ros2_ws/install/ur_description/share/ur_description/meshes/ur16e/visual/upperarm.dae
[0.285s] -- Up-to-date: /root/ROS2Docker/ros2_ws/install/ur_description/share/ur_description/meshes/ur16e/visual/forearm.dae
[0.285s] -- Up-to-date: /root/ROS2Docker/ros2_ws/install/ur_description/share/ur_description/meshes/ur3e
[0.285s] -- Up-to-date: /root/ROS2Docker/ros2_ws/install/ur_description/share/ur_description/meshes/ur3e/collision
[0.286s] -- Up-to-date: /root/ROS2Docker/ros2_ws/install/ur_description/share/ur_description/meshes/ur3e/collision/wrist3.stl
[0.286s] -- Up-to-date: /root/ROS2Docker/ros2_ws/install/ur_description/share/ur_description/meshes/ur3e/collision/shoulder.stl
[0.287s] -- Up-to-date: /root/ROS2Docker/ros2_ws/install/ur_description/share/ur_description/meshes/ur3e/collision/wrist1.stl
[0.287s] -- Up-to-date: /root/ROS2Docker/ros2_ws/install/ur_description/share/ur_description/meshes/ur3e/collision/upperarm.stl
[0.288s] -- Up-to-date: /root/ROS2Docker/ros2_ws/install/ur_description/share/ur_description/meshes/ur3e/collision/forearm.stl
[0.288s] -- Up-to-date: /root/ROS2Docker/ros2_ws/install/ur_description/share/ur_description/meshes/ur3e/collision/wrist2.stl
[0.288s] -- Up-to-date: /root/ROS2Docker/ros2_ws/install/ur_description/share/ur_description/meshes/ur3e/collision/base.stl
[0.289s] -- Up-to-date: /root/ROS2Docker/ros2_ws/install/ur_description/share/ur_description/meshes/ur3e/visual
[0.289s] -- Up-to-date: /root/ROS2Docker/ros2_ws/install/ur_description/share/ur_description/meshes/ur3e/visual/wrist1.dae
[0.289s] -- Up-to-date: /root/ROS2Docker/ros2_ws/install/ur_description/share/ur_description/meshes/ur3e/visual/shoulder.dae
[0.289s] -- Up-to-date: /root/ROS2Docker/ros2_ws/install/ur_description/share/ur_description/meshes/ur3e/visual/base.dae
[0.289s] -- Up-to-date: /root/ROS2Docker/ros2_ws/install/ur_description/share/ur_description/meshes/ur3e/visual/wrist2.dae
[0.290s] -- Up-to-date: /root/ROS2Docker/ros2_ws/install/ur_description/share/ur_description/meshes/ur3e/visual/upperarm.dae
[0.290s] -- Up-to-date: /root/ROS2Docker/ros2_ws/install/ur_description/share/ur_description/meshes/ur3e/visual/forearm.dae
[0.290s] -- Up-to-date: /root/ROS2Docker/ros2_ws/install/ur_description/share/ur_description/meshes/ur3e/visual/wrist3.dae
[0.290s] -- Up-to-date: /root/ROS2Docker/ros2_ws/install/ur_description/share/ur_description/meshes/ur5e
[0.292s] -- Up-to-date: /root/ROS2Docker/ros2_ws/install/ur_description/share/ur_description/meshes/ur5e/collision
[0.292s] -- Up-to-date: /root/ROS2Docker/ros2_ws/install/ur_description/share/ur_description/meshes/ur5e/collision/wrist3.stl
[0.292s] -- Up-to-date: /root/ROS2Docker/ros2_ws/install/ur_description/share/ur_description/meshes/ur5e/collision/shoulder.stl
[0.292s] -- Up-to-date: /root/ROS2Docker/ros2_ws/install/ur_description/share/ur_description/meshes/ur5e/collision/wrist1.stl
[0.293s] -- Up-to-date: /root/ROS2Docker/ros2_ws/install/ur_description/share/ur_description/meshes/ur5e/collision/upperarm.stl
[0.294s] -- Up-to-date: /root/ROS2Docker/ros2_ws/install/ur_description/share/ur_description/meshes/ur5e/collision/forearm.stl
[0.294s] -- Up-to-date: /root/ROS2Docker/ros2_ws/install/ur_description/share/ur_description/meshes/ur5e/collision/wrist2.stl
[0.294s] -- Up-to-date: /root/ROS2Docker/ros2_ws/install/ur_description/share/ur_description/meshes/ur5e/collision/base.stl
[0.295s] -- Up-to-date: /root/ROS2Docker/ros2_ws/install/ur_description/share/ur_description/meshes/ur5e/visual
[0.295s] -- Up-to-date: /root/ROS2Docker/ros2_ws/install/ur_description/share/ur_description/meshes/ur5e/visual/wrist1.dae
[0.295s] -- Up-to-date: /root/ROS2Docker/ros2_ws/install/ur_description/share/ur_description/meshes/ur5e/visual/shoulder.dae
[0.295s] -- Up-to-date: /root/ROS2Docker/ros2_ws/install/ur_description/share/ur_description/meshes/ur5e/visual/base.dae
[0.295s] -- Up-to-date: /root/ROS2Docker/ros2_ws/install/ur_description/share/ur_description/meshes/ur5e/visual/wrist2.dae
[0.296s] -- Up-to-date: /root/ROS2Docker/ros2_ws/install/ur_description/share/ur_description/meshes/ur5e/visual/upperarm.dae
[0.296s] -- Up-to-date: /root/ROS2Docker/ros2_ws/install/ur_description/share/ur_description/meshes/ur5e/visual/forearm.dae
[0.296s] -- Up-to-date: /root/ROS2Docker/ros2_ws/install/ur_description/share/ur_description/meshes/ur5e/visual/wrist3.dae
[0.297s] -- Up-to-date: /root/ROS2Docker/ros2_ws/install/ur_description/share/ur_description/meshes/ur10
[0.297s] -- Up-to-date: /root/ROS2Docker/ros2_ws/install/ur_description/share/ur_description/meshes/ur10/collision
[0.297s] -- Up-to-date: /root/ROS2Docker/ros2_ws/install/ur_description/share/ur_description/meshes/ur10/collision/wrist3.stl
[0.298s] -- Up-to-date: /root/ROS2Docker/ros2_ws/install/ur_description/share/ur_description/meshes/ur10/collision/shoulder.stl
[0.298s] -- Up-to-date: /root/ROS2Docker/ros2_ws/install/ur_description/share/ur_description/meshes/ur10/collision/wrist1.stl
[0.299s] -- Up-to-date: /root/ROS2Docker/ros2_ws/install/ur_description/share/ur_description/meshes/ur10/collision/upperarm.stl
[0.299s] -- Up-to-date: /root/ROS2Docker/ros2_ws/install/ur_description/share/ur_description/meshes/ur10/collision/forearm.stl
[0.300s] -- Up-to-date: /root/ROS2Docker/ros2_ws/install/ur_description/share/ur_description/meshes/ur10/collision/wrist2.stl
[0.300s] -- Up-to-date: /root/ROS2Docker/ros2_ws/install/ur_description/share/ur_description/meshes/ur10/collision/base.stl
[0.300s] -- Up-to-date: /root/ROS2Docker/ros2_ws/install/ur_description/share/ur_description/meshes/ur10/visual
[0.300s] -- Up-to-date: /root/ROS2Docker/ros2_ws/install/ur_description/share/ur_description/meshes/ur10/visual/wrist1.dae
[0.300s] -- Up-to-date: /root/ROS2Docker/ros2_ws/install/ur_description/share/ur_description/meshes/ur10/visual/shoulder.dae
[0.301s] -- Up-to-date: /root/ROS2Docker/ros2_ws/install/ur_description/share/ur_description/meshes/ur10/visual/base.dae
[0.301s] -- Up-to-date: /root/ROS2Docker/ros2_ws/install/ur_description/share/ur_description/meshes/ur10/visual/wrist2.dae
[0.301s] -- Up-to-date: /root/ROS2Docker/ros2_ws/install/ur_description/share/ur_description/meshes/ur10/visual/upperarm.dae
[0.302s] -- Up-to-date: /root/ROS2Docker/ros2_ws/install/ur_description/share/ur_description/meshes/ur10/visual/forearm.dae
[0.302s] -- Up-to-date: /root/ROS2Docker/ros2_ws/install/ur_description/share/ur_description/meshes/ur10/visual/wrist3.dae
[0.302s] -- Up-to-date: /root/ROS2Docker/ros2_ws/install/ur_description/share/ur_description/meshes/ur10e
[0.302s] -- Up-to-date: /root/ROS2Docker/ros2_ws/install/ur_description/share/ur_description/meshes/ur10e/collision
[0.302s] -- Up-to-date: /root/ROS2Docker/ros2_ws/install/ur_description/share/ur_description/meshes/ur10e/collision/wrist3.stl
[0.303s] -- Up-to-date: /root/ROS2Docker/ros2_ws/install/ur_description/share/ur_description/meshes/ur10e/collision/shoulder.stl
[0.303s] -- Up-to-date: /root/ROS2Docker/ros2_ws/install/ur_description/share/ur_description/meshes/ur10e/collision/wrist1.stl
[0.303s] -- Up-to-date: /root/ROS2Docker/ros2_ws/install/ur_description/share/ur_description/meshes/ur10e/collision/upperarm.stl
[0.303s] -- Up-to-date: /root/ROS2Docker/ros2_ws/install/ur_description/share/ur_description/meshes/ur10e/collision/forearm.stl
[0.304s] -- Up-to-date: /root/ROS2Docker/ros2_ws/install/ur_description/share/ur_description/meshes/ur10e/collision/wrist2.stl
[0.304s] -- Up-to-date: /root/ROS2Docker/ros2_ws/install/ur_description/share/ur_description/meshes/ur10e/collision/base.stl
[0.304s] -- Up-to-date: /root/ROS2Docker/ros2_ws/install/ur_description/share/ur_description/meshes/ur10e/visual
[0.304s] -- Up-to-date: /root/ROS2Docker/ros2_ws/install/ur_description/share/ur_description/meshes/ur10e/visual/wrist1.dae
[0.304s] -- Up-to-date: /root/ROS2Docker/ros2_ws/install/ur_description/share/ur_description/meshes/ur10e/visual/shoulder.dae
[0.304s] -- Up-to-date: /root/ROS2Docker/ros2_ws/install/ur_description/share/ur_description/meshes/ur10e/visual/base.dae
[0.305s] -- Up-to-date: /root/ROS2Docker/ros2_ws/install/ur_description/share/ur_description/meshes/ur10e/visual/wrist2.dae
[0.307s] -- Up-to-date: /root/ROS2Docker/ros2_ws/install/ur_description/share/ur_description/meshes/ur10e/visual/upperarm.dae
[0.307s] -- Up-to-date: /root/ROS2Docker/ros2_ws/install/ur_description/share/ur_description/meshes/ur10e/visual/forearm.dae
[0.307s] -- Up-to-date: /root/ROS2Docker/ros2_ws/install/ur_description/share/ur_description/meshes/ur10e/visual/wrist3.dae
[0.307s] -- Up-to-date: /root/ROS2Docker/ros2_ws/install/ur_description/share/ur_description/meshes/ur3
[0.307s] -- Up-to-date: /root/ROS2Docker/ros2_ws/install/ur_description/share/ur_description/meshes/ur3/collision
[0.307s] -- Up-to-date: /root/ROS2Docker/ros2_ws/install/ur_description/share/ur_description/meshes/ur3/collision/wrist3.stl
[0.307s] -- Up-to-date: /root/ROS2Docker/ros2_ws/install/ur_description/share/ur_description/meshes/ur3/collision/shoulder.stl
[0.308s] -- Up-to-date: /root/ROS2Docker/ros2_ws/install/ur_description/share/ur_description/meshes/ur3/collision/wrist1.stl
[0.308s] -- Up-to-date: /root/ROS2Docker/ros2_ws/install/ur_description/share/ur_description/meshes/ur3/collision/upperarm.stl
[0.308s] -- Up-to-date: /root/ROS2Docker/ros2_ws/install/ur_description/share/ur_description/meshes/ur3/collision/forearm.stl
[0.308s] -- Up-to-date: /root/ROS2Docker/ros2_ws/install/ur_description/share/ur_description/meshes/ur3/collision/wrist2.stl
[0.308s] -- Up-to-date: /root/ROS2Docker/ros2_ws/install/ur_description/share/ur_description/meshes/ur3/collision/base.stl
[0.308s] -- Up-to-date: /root/ROS2Docker/ros2_ws/install/ur_description/share/ur_description/meshes/ur3/visual
[0.308s] -- Up-to-date: /root/ROS2Docker/ros2_ws/install/ur_description/share/ur_description/meshes/ur3/visual/wrist1.dae
[0.309s] -- Up-to-date: /root/ROS2Docker/ros2_ws/install/ur_description/share/ur_description/meshes/ur3/visual/shoulder.dae
[0.309s] -- Up-to-date: /root/ROS2Docker/ros2_ws/install/ur_description/share/ur_description/meshes/ur3/visual/base.dae
[0.309s] -- Up-to-date: /root/ROS2Docker/ros2_ws/install/ur_description/share/ur_description/meshes/ur3/visual/wrist2.dae
[0.309s] -- Up-to-date: /root/ROS2Docker/ros2_ws/install/ur_description/share/ur_description/meshes/ur3/visual/upperarm.dae
[0.310s] -- Up-to-date: /root/ROS2Docker/ros2_ws/install/ur_description/share/ur_description/meshes/ur3/visual/forearm.dae
[0.310s] -- Up-to-date: /root/ROS2Docker/ros2_ws/install/ur_description/share/ur_description/meshes/ur3/visual/wrist3.dae
[0.310s] -- Up-to-date: /root/ROS2Docker/ros2_ws/install/ur_description/share/ur_description/meshes/ur5
[0.310s] -- Up-to-date: /root/ROS2Docker/ros2_ws/install/ur_description/share/ur_description/meshes/ur5/collision
[0.310s] -- Up-to-date: /root/ROS2Docker/ros2_ws/install/ur_description/share/ur_description/meshes/ur5/collision/wrist3.stl
[0.310s] -- Up-to-date: /root/ROS2Docker/ros2_ws/install/ur_description/share/ur_description/meshes/ur5/collision/shoulder.stl
[0.311s] -- Up-to-date: /root/ROS2Docker/ros2_ws/install/ur_description/share/ur_description/meshes/ur5/collision/wrist1.stl
[0.312s] -- Up-to-date: /root/ROS2Docker/ros2_ws/install/ur_description/share/ur_description/meshes/ur5/collision/upperarm.stl
[0.312s] -- Up-to-date: /root/ROS2Docker/ros2_ws/install/ur_description/share/ur_description/meshes/ur5/collision/forearm.stl
[0.312s] -- Up-to-date: /root/ROS2Docker/ros2_ws/install/ur_description/share/ur_description/meshes/ur5/collision/wrist2.stl
[0.313s] -- Up-to-date: /root/ROS2Docker/ros2_ws/install/ur_description/share/ur_description/meshes/ur5/collision/base.stl
[0.313s] -- Up-to-date: /root/ROS2Docker/ros2_ws/install/ur_description/share/ur_description/meshes/ur5/visual
[0.313s] -- Up-to-date: /root/ROS2Docker/ros2_ws/install/ur_description/share/ur_description/meshes/ur5/visual/wrist1.dae
[0.313s] -- Up-to-date: /root/ROS2Docker/ros2_ws/install/ur_description/share/ur_description/meshes/ur5/visual/shoulder.dae
[0.313s] -- Up-to-date: /root/ROS2Docker/ros2_ws/install/ur_description/share/ur_description/meshes/ur5/visual/base.dae
[0.314s] -- Up-to-date: /root/ROS2Docker/ros2_ws/install/ur_description/share/ur_description/meshes/ur5/visual/wrist2.dae
[0.314s] -- Up-to-date: /root/ROS2Docker/ros2_ws/install/ur_description/share/ur_description/meshes/ur5/visual/upperarm.dae
[0.314s] -- Up-to-date: /root/ROS2Docker/ros2_ws/install/ur_description/share/ur_description/meshes/ur5/visual/forearm.dae
[0.314s] -- Up-to-date: /root/ROS2Docker/ros2_ws/install/ur_description/share/ur_description/meshes/ur5/visual/wrist3.dae
[0.315s] -- Up-to-date: /root/ROS2Docker/ros2_ws/install/ur_description/share/ur_description/rviz
[0.316s] -- Up-to-date: /root/ROS2Docker/ros2_ws/install/ur_description/share/ur_description/rviz/view_robot.rviz
[0.316s] -- Up-to-date: /root/ROS2Docker/ros2_ws/install/ur_description/share/ur_description/urdf
[0.316s] -- Up-to-date: /root/ROS2Docker/ros2_ws/install/ur_description/share/ur_description/urdf/ur.ros2_control.xacro
[0.316s] -- Up-to-date: /root/ROS2Docker/ros2_ws/install/ur_description/share/ur_description/urdf/inc
[0.316s] -- Up-to-date: /root/ROS2Docker/ros2_ws/install/ur_description/share/ur_description/urdf/inc/ur_common.xacro
[0.316s] -- Up-to-date: /root/ROS2Docker/ros2_ws/install/ur_description/share/ur_description/urdf/inc/ur_transmissions.xacro
[0.316s] -- Up-to-date: /root/ROS2Docker/ros2_ws/install/ur_description/share/ur_description/urdf/ur_macro.xacro
[0.316s] -- Up-to-date: /root/ROS2Docker/ros2_ws/install/ur_description/share/ur_description/urdf/ur.urdf.xacro
[0.316s] -- Up-to-date: /root/ROS2Docker/ros2_ws/install/ur_description/share/ament_index/resource_index/package_run_dependencies/ur_description
[0.317s] -- Up-to-date: /root/ROS2Docker/ros2_ws/install/ur_description/share/ament_index/resource_index/parent_prefix_path/ur_description
[0.317s] -- Up-to-date: /root/ROS2Docker/ros2_ws/install/ur_description/share/ur_description/environment/ament_prefix_path.sh
[0.317s] -- Up-to-date: /root/ROS2Docker/ros2_ws/install/ur_description/share/ur_description/environment/ament_prefix_path.dsv
[0.317s] -- Up-to-date: /root/ROS2Docker/ros2_ws/install/ur_description/share/ur_description/environment/path.sh
[0.317s] -- Up-to-date: /root/ROS2Docker/ros2_ws/install/ur_description/share/ur_description/environment/path.dsv
[0.317s] -- Up-to-date: /root/ROS2Docker/ros2_ws/install/ur_description/share/ur_description/local_setup.bash
[0.318s] -- Up-to-date: /root/ROS2Docker/ros2_ws/install/ur_description/share/ur_description/local_setup.sh
[0.318s] -- Up-to-date: /root/ROS2Docker/ros2_ws/install/ur_description/share/ur_description/local_setup.zsh
[0.318s] -- Up-to-date: /root/ROS2Docker/ros2_ws/install/ur_description/share/ur_description/local_setup.dsv
[0.318s] -- Up-to-date: /root/ROS2Docker/ros2_ws/install/ur_description/share/ur_description/package.dsv
[0.318s] -- Up-to-date: /root/ROS2Docker/ros2_ws/install/ur_description/share/ament_index/resource_index/packages/ur_description
[0.318s] -- Up-to-date: /root/ROS2Docker/ros2_ws/install/ur_description/share/ur_description/cmake/ur_descriptionConfig.cmake
[0.319s] -- Up-to-date: /root/ROS2Docker/ros2_ws/install/ur_description/share/ur_description/cmake/ur_descriptionConfig-version.cmake
[0.319s] -- Up-to-date: /root/ROS2Docker/ros2_ws/install/ur_description/share/ur_description/package.xml
[0.325s] Invoked command in '/root/ROS2Docker/ros2_ws/build/ur_description' returned '0': CMAKE_PREFIX_PATH=${CMAKE_PREFIX_PATH}:/root/ROS2Docker/ros2_ws/install/ur_ignition:/root/ROS2Docker/ros2_ws/install/examples_rclpy_minimal_subscriber:/root/ROS2Docker/ros2_ws/install/examples_rclpy_minimal_service:/root/ROS2Docker/ros2_ws/install/examples_rclpy_minimal_publisher:/root/ROS2Docker/ros2_ws/install/examples_rclpy_minimal_client:/root/ROS2Docker/ros2_ws/install/examples_rclpy_minimal_action_server:/root/ROS2Docker/ros2_ws/install/examples_rclpy_minimal_action_client:/root/ROS2Docker/ros2_ws/install/examples_rclpy_executors:/opt/ros/foxy /usr/bin/cmake --install /root/ROS2Docker/ros2_ws/build/ur_description
