[0.026s] Invoking command in '/root/ROS2Docker/ros2_ws/build/ur_dashboard_msgs': CMAKE_PREFIX_PATH=${CMAKE_PREFIX_PATH}:/root/ROS2Docker/ros2_ws/install/ur_ignition:/root/ROS2Docker/ros2_ws/install/examples_rclpy_minimal_subscriber:/root/ROS2Docker/ros2_ws/install/examples_rclpy_minimal_service:/root/ROS2Docker/ros2_ws/install/examples_rclpy_minimal_publisher:/root/ROS2Docker/ros2_ws/install/examples_rclpy_minimal_client:/root/ROS2Docker/ros2_ws/install/examples_rclpy_minimal_action_server:/root/ROS2Docker/ros2_ws/install/examples_rclpy_minimal_action_client:/root/ROS2Docker/ros2_ws/install/examples_rclpy_executors:/opt/ros/foxy /usr/bin/cmake /root/ROS2Docker/ros2_ws/src/Universal_Robots_ROS2_Driver/ur_dashboard_msgs -DCMAKE_INSTALL_PREFIX=/root/ROS2Docker/ros2_ws/install/ur_dashboard_msgs
[0.071s] -- The C compiler identification is GNU 9.3.0
[0.115s] -- The CXX compiler identification is GNU 9.3.0
[0.120s] -- Check for working C compiler: /usr/bin/cc
[0.172s] -- Check for working C compiler: /usr/bin/cc -- works
[0.173s] -- Detecting C compiler ABI info
[0.226s] -- Detecting C compiler ABI info - done
[0.236s] -- Detecting C compile features
[0.237s] -- Detecting C compile features - done
[0.239s] -- Check for working CXX compiler: /usr/bin/c++
[0.299s] -- Check for working CXX compiler: /usr/bin/c++ -- works
[0.299s] -- Detecting CXX compiler ABI info
[0.362s] -- Detecting CXX compiler ABI info - done
[0.372s] -- Detecting CXX compile features
[0.372s] -- Detecting CXX compile features - done
[0.374s] -- Found ament_cmake: 0.9.9 (/opt/ros/foxy/share/ament_cmake/cmake)
[0.393s] -- Found PythonInterp: /usr/bin/python3 (found suitable version "3.8.10", minimum required is "3") 
[0.393s] -- Using PYTHON_EXECUTABLE: /usr/bin/python3
[0.536s] -- Found rosidl_default_generators: 1.0.1 (/opt/ros/foxy/share/rosidl_default_generators/cmake)
[0.542s] -- Using all available rosidl_typesupport_c: rosidl_typesupport_fastrtps_c;rosidl_typesupport_introspection_c
[0.547s] -- Found rosidl_adapter: 1.2.1 (/opt/ros/foxy/share/rosidl_adapter/cmake)
[0.629s] -- Found OpenSSL: /usr/lib/x86_64-linux-gnu/libcrypto.so (found version "1.1.1f")  
[0.658s] -- Found FastRTPS: /opt/ros/foxy/include  
[0.732s] -- Using all available rosidl_typesupport_cpp: rosidl_typesupport_fastrtps_cpp;rosidl_typesupport_introspection_cpp
[0.756s] -- Found action_msgs: 1.0.0 (/opt/ros/foxy/share/action_msgs/cmake)
[0.823s] -- Found PythonInterp: /usr/bin/python3 (found version "3.8.10") 
[1.001s] -- Found ament_cmake_ros: 0.9.2 (/opt/ros/foxy/share/ament_cmake_ros/cmake)
[1.126s] -- Using all available rosidl_typesupport_c: rosidl_typesupport_fastrtps_c;rosidl_typesupport_introspection_c
[1.154s] -- Using all available rosidl_typesupport_cpp: rosidl_typesupport_fastrtps_cpp;rosidl_typesupport_introspection_cpp
[1.177s] -- Found PythonInterp: /usr/bin/python3 (found suitable version "3.8.10", minimum required is "3.5") 
[1.178s] -- Found python_cmake_module: 0.8.1 (/opt/ros/foxy/share/python_cmake_module/cmake)
[1.198s] -- Found PythonLibs: /usr/lib/x86_64-linux-gnu/libpython3.8.so (found suitable version "3.8.10", minimum required is "3.5") 
[1.199s] -- Using PYTHON_EXECUTABLE: /usr/bin/python3
[1.199s] -- Using PYTHON_INCLUDE_DIRS: /usr/include/python3.8
[1.199s] -- Using PYTHON_LIBRARIES: /usr/lib/x86_64-linux-gnu/libpython3.8.so
[1.215s] -- Found PythonExtra: .so  
[1.275s] -- Configuring done
[1.336s] -- Generating done
[1.338s] -- Build files have been written to: /root/ROS2Docker/ros2_ws/build/ur_dashboard_msgs
[1.344s] Invoked command in '/root/ROS2Docker/ros2_ws/build/ur_dashboard_msgs' returned '0': CMAKE_PREFIX_PATH=${CMAKE_PREFIX_PATH}:/root/ROS2Docker/ros2_ws/install/ur_ignition:/root/ROS2Docker/ros2_ws/install/examples_rclpy_minimal_subscriber:/root/ROS2Docker/ros2_ws/install/examples_rclpy_minimal_service:/root/ROS2Docker/ros2_ws/install/examples_rclpy_minimal_publisher:/root/ROS2Docker/ros2_ws/install/examples_rclpy_minimal_client:/root/ROS2Docker/ros2_ws/install/examples_rclpy_minimal_action_server:/root/ROS2Docker/ros2_ws/install/examples_rclpy_minimal_action_client:/root/ROS2Docker/ros2_ws/install/examples_rclpy_executors:/opt/ros/foxy /usr/bin/cmake /root/ROS2Docker/ros2_ws/src/Universal_Robots_ROS2_Driver/ur_dashboard_msgs -DCMAKE_INSTALL_PREFIX=/root/ROS2Docker/ros2_ws/install/ur_dashboard_msgs
[1.346s] Invoking command in '/root/ROS2Docker/ros2_ws/build/ur_dashboard_msgs': CMAKE_PREFIX_PATH=${CMAKE_PREFIX_PATH}:/root/ROS2Docker/ros2_ws/install/ur_ignition:/root/ROS2Docker/ros2_ws/install/examples_rclpy_minimal_subscriber:/root/ROS2Docker/ros2_ws/install/examples_rclpy_minimal_service:/root/ROS2Docker/ros2_ws/install/examples_rclpy_minimal_publisher:/root/ROS2Docker/ros2_ws/install/examples_rclpy_minimal_client:/root/ROS2Docker/ros2_ws/install/examples_rclpy_minimal_action_server:/root/ROS2Docker/ros2_ws/install/examples_rclpy_minimal_action_client:/root/ROS2Docker/ros2_ws/install/examples_rclpy_executors:/opt/ros/foxy /usr/bin/cmake --build /root/ROS2Docker/ros2_ws/build/ur_dashboard_msgs -- -j16 -l16
[1.380s] [35m[1mScanning dependencies of target ur_dashboard_msgs__cpp[0m
[1.381s] [  1%] [34m[1mGenerating C code for ROS interfaces[0m
[1.389s] [  1%] [34m[1mGenerating C++ code for ROS interfaces[0m
[2.519s] [35m[1mScanning dependencies of target ur_dashboard_msgs__rosidl_generator_c[0m
[2.519s] [  1%] Built target ur_dashboard_msgs__cpp
[2.530s] [  3%] [34m[1mGenerating C++ type support dispatch for ROS interfaces[0m
[2.530s] [  3%] [34m[1mGenerating C++ introspection for ROS interfaces[0m
[2.532s] [  3%] [34m[1mGenerating C++ type support for eProsima Fast-RTPS[0m
[2.534s] [  4%] [32mBuilding C object CMakeFiles/ur_dashboard_msgs__rosidl_generator_c.dir/rosidl_generator_c/ur_dashboard_msgs/msg/detail/program_state__functions.c.o[0m
[2.534s] [  4%] [32mBuilding C object CMakeFiles/ur_dashboard_msgs__rosidl_generator_c.dir/rosidl_generator_c/ur_dashboard_msgs/msg/detail/robot_mode__functions.c.o[0m
[2.534s] [  4%] [32mBuilding C object CMakeFiles/ur_dashboard_msgs__rosidl_generator_c.dir/rosidl_generator_c/ur_dashboard_msgs/srv/detail/get_program_state__functions.c.o[0m
[2.535s] [  5%] [32mBuilding C object CMakeFiles/ur_dashboard_msgs__rosidl_generator_c.dir/rosidl_generator_c/ur_dashboard_msgs/msg/detail/safety_mode__functions.c.o[0m
[2.535s] [  6%] [32mBuilding C object CMakeFiles/ur_dashboard_msgs__rosidl_generator_c.dir/rosidl_generator_c/ur_dashboard_msgs/srv/detail/add_to_log__functions.c.o[0m
[2.536s] [  7%] [32mBuilding C object CMakeFiles/ur_dashboard_msgs__rosidl_generator_c.dir/rosidl_generator_c/ur_dashboard_msgs/srv/detail/get_loaded_program__functions.c.o[0m
[2.537s] [  8%] [32mBuilding C object CMakeFiles/ur_dashboard_msgs__rosidl_generator_c.dir/rosidl_generator_c/ur_dashboard_msgs/srv/detail/get_robot_mode__functions.c.o[0m
[2.546s] [  9%] [32mBuilding C object CMakeFiles/ur_dashboard_msgs__rosidl_generator_c.dir/rosidl_generator_c/ur_dashboard_msgs/srv/detail/get_safety_mode__functions.c.o[0m
[2.548s] [ 10%] [32mBuilding C object CMakeFiles/ur_dashboard_msgs__rosidl_generator_c.dir/rosidl_generator_c/ur_dashboard_msgs/srv/detail/is_program_running__functions.c.o[0m
[2.548s] [ 10%] [32mBuilding C object CMakeFiles/ur_dashboard_msgs__rosidl_generator_c.dir/rosidl_generator_c/ur_dashboard_msgs/srv/detail/is_program_saved__functions.c.o[0m
[2.558s] [ 12%] [32mBuilding C object CMakeFiles/ur_dashboard_msgs__rosidl_generator_c.dir/rosidl_generator_c/ur_dashboard_msgs/srv/detail/popup__functions.c.o[0m
[2.558s] [ 12%] [32mBuilding C object CMakeFiles/ur_dashboard_msgs__rosidl_generator_c.dir/rosidl_generator_c/ur_dashboard_msgs/srv/detail/load__functions.c.o[0m
[2.569s] [ 12%] [32mBuilding C object CMakeFiles/ur_dashboard_msgs__rosidl_generator_c.dir/rosidl_generator_c/ur_dashboard_msgs/srv/detail/raw_request__functions.c.o[0m
[2.595s] [ 13%] [32mBuilding C object CMakeFiles/ur_dashboard_msgs__rosidl_generator_c.dir/rosidl_generator_c/ur_dashboard_msgs/action/detail/set_mode__functions.c.o[0m
[2.660s] [ 14%] [32m[1mLinking C shared library libur_dashboard_msgs__rosidl_generator_c.so[0m
[2.691s] [ 14%] Built target ur_dashboard_msgs__rosidl_generator_c
[2.699s] [ 16%] [34m[1mGenerating C type support dispatch for ROS interfaces[0m
[2.700s] [ 16%] [34m[1mGenerating C introspection for ROS interfaces[0m
[3.907s] [35m[1mScanning dependencies of target ur_dashboard_msgs__rosidl_typesupport_c[0m
[3.973s] [ 17%] [32mBuilding CXX object CMakeFiles/ur_dashboard_msgs__rosidl_typesupport_c.dir/rosidl_typesupport_c/ur_dashboard_msgs/msg/safety_mode__type_support.cpp.o[0m
[3.994s] [ 17%] [32mBuilding CXX object CMakeFiles/ur_dashboard_msgs__rosidl_typesupport_c.dir/rosidl_typesupport_c/ur_dashboard_msgs/msg/program_state__type_support.cpp.o[0m
[3.994s] [ 18%] [32mBuilding CXX object CMakeFiles/ur_dashboard_msgs__rosidl_typesupport_c.dir/rosidl_typesupport_c/ur_dashboard_msgs/srv/add_to_log__type_support.cpp.o[0m
[3.995s] [ 19%] [32mBuilding CXX object CMakeFiles/ur_dashboard_msgs__rosidl_typesupport_c.dir/rosidl_typesupport_c/ur_dashboard_msgs/msg/robot_mode__type_support.cpp.o[0m
[3.998s] [35m[1mScanning dependencies of target ur_dashboard_msgs__rosidl_typesupport_cpp[0m
[4.020s] [ 19%] [32mBuilding CXX object CMakeFiles/ur_dashboard_msgs__rosidl_typesupport_c.dir/rosidl_typesupport_c/ur_dashboard_msgs/srv/get_loaded_program__type_support.cpp.o[0m
[4.035s] [ 20%] [32mBuilding CXX object CMakeFiles/ur_dashboard_msgs__rosidl_typesupport_cpp.dir/rosidl_typesupport_cpp/ur_dashboard_msgs/msg/program_state__type_support.cpp.o[0m
[4.035s] [ 21%] [32mBuilding CXX object CMakeFiles/ur_dashboard_msgs__rosidl_typesupport_c.dir/rosidl_typesupport_c/ur_dashboard_msgs/srv/get_program_state__type_support.cpp.o[0m
[4.050s] [ 22%] [32mBuilding CXX object CMakeFiles/ur_dashboard_msgs__rosidl_typesupport_c.dir/rosidl_typesupport_c/ur_dashboard_msgs/srv/get_robot_mode__type_support.cpp.o[0m
[4.050s] [ 23%] [32mBuilding CXX object CMakeFiles/ur_dashboard_msgs__rosidl_typesupport_cpp.dir/rosidl_typesupport_cpp/ur_dashboard_msgs/msg/robot_mode__type_support.cpp.o[0m
[4.063s] [ 24%] [32mBuilding CXX object CMakeFiles/ur_dashboard_msgs__rosidl_typesupport_c.dir/rosidl_typesupport_c/ur_dashboard_msgs/srv/get_safety_mode__type_support.cpp.o[0m
[4.067s] [ 24%] [32mBuilding CXX object CMakeFiles/ur_dashboard_msgs__rosidl_typesupport_c.dir/rosidl_typesupport_c/ur_dashboard_msgs/srv/is_program_running__type_support.cpp.o[0m
[4.073s] [ 24%] [32mBuilding CXX object CMakeFiles/ur_dashboard_msgs__rosidl_typesupport_cpp.dir/rosidl_typesupport_cpp/ur_dashboard_msgs/msg/safety_mode__type_support.cpp.o[0m
[4.084s] [ 25%] [32mBuilding CXX object CMakeFiles/ur_dashboard_msgs__rosidl_typesupport_c.dir/rosidl_typesupport_c/ur_dashboard_msgs/srv/is_program_saved__type_support.cpp.o[0m
[4.090s] [ 26%] [32mBuilding CXX object CMakeFiles/ur_dashboard_msgs__rosidl_typesupport_cpp.dir/rosidl_typesupport_cpp/ur_dashboard_msgs/srv/add_to_log__type_support.cpp.o[0m
[4.112s] [ 27%] [32mBuilding CXX object CMakeFiles/ur_dashboard_msgs__rosidl_typesupport_c.dir/rosidl_typesupport_c/ur_dashboard_msgs/srv/load__type_support.cpp.o[0m
[4.132s] [ 28%] [32mBuilding CXX object CMakeFiles/ur_dashboard_msgs__rosidl_typesupport_cpp.dir/rosidl_typesupport_cpp/ur_dashboard_msgs/srv/get_loaded_program__type_support.cpp.o[0m
[4.154s] [ 29%] [32mBuilding CXX object CMakeFiles/ur_dashboard_msgs__rosidl_typesupport_c.dir/rosidl_typesupport_c/ur_dashboard_msgs/srv/popup__type_support.cpp.o[0m
[4.154s] [ 29%] [32mBuilding CXX object CMakeFiles/ur_dashboard_msgs__rosidl_typesupport_cpp.dir/rosidl_typesupport_cpp/ur_dashboard_msgs/srv/get_program_state__type_support.cpp.o[0m
[4.159s] [ 30%] [32mBuilding CXX object CMakeFiles/ur_dashboard_msgs__rosidl_typesupport_c.dir/rosidl_typesupport_c/ur_dashboard_msgs/action/set_mode__type_support.cpp.o[0m
[4.161s] [ 31%] [32mBuilding CXX object CMakeFiles/ur_dashboard_msgs__rosidl_typesupport_cpp.dir/rosidl_typesupport_cpp/ur_dashboard_msgs/srv/get_robot_mode__type_support.cpp.o[0m
[4.183s] [ 31%] [32mBuilding CXX object CMakeFiles/ur_dashboard_msgs__rosidl_typesupport_c.dir/rosidl_typesupport_c/ur_dashboard_msgs/srv/raw_request__type_support.cpp.o[0m
[4.199s] [ 32%] [32mBuilding CXX object CMakeFiles/ur_dashboard_msgs__rosidl_typesupport_cpp.dir/rosidl_typesupport_cpp/ur_dashboard_msgs/srv/get_safety_mode__type_support.cpp.o[0m
[4.261s] [ 33%] [32mBuilding CXX object CMakeFiles/ur_dashboard_msgs__rosidl_typesupport_cpp.dir/rosidl_typesupport_cpp/ur_dashboard_msgs/srv/is_program_running__type_support.cpp.o[0m
[4.295s] [ 33%] [32mBuilding CXX object CMakeFiles/ur_dashboard_msgs__rosidl_typesupport_cpp.dir/rosidl_typesupport_cpp/ur_dashboard_msgs/srv/is_program_saved__type_support.cpp.o[0m
[4.332s] [ 34%] [32mBuilding CXX object CMakeFiles/ur_dashboard_msgs__rosidl_typesupport_cpp.dir/rosidl_typesupport_cpp/ur_dashboard_msgs/srv/load__type_support.cpp.o[0m
[4.351s] [ 35%] [32m[1mLinking CXX shared library libur_dashboard_msgs__rosidl_typesupport_c.so[0m
[4.378s] [ 36%] [32mBuilding CXX object CMakeFiles/ur_dashboard_msgs__rosidl_typesupport_cpp.dir/rosidl_typesupport_cpp/ur_dashboard_msgs/srv/popup__type_support.cpp.o[0m
[4.457s] [35m[1mScanning dependencies of target ur_dashboard_msgs__rosidl_typesupport_introspection_cpp[0m
[4.465s] [ 37%] [32mBuilding CXX object CMakeFiles/ur_dashboard_msgs__rosidl_typesupport_cpp.dir/rosidl_typesupport_cpp/ur_dashboard_msgs/srv/raw_request__type_support.cpp.o[0m
[4.481s] [35m[1mScanning dependencies of target ur_dashboard_msgs__rosidl_typesupport_introspection_c[0m
[4.505s] [ 37%] Built target ur_dashboard_msgs__rosidl_typesupport_c
[4.541s] [ 38%] [32mBuilding CXX object CMakeFiles/ur_dashboard_msgs__rosidl_typesupport_introspection_cpp.dir/rosidl_typesupport_introspection_cpp/ur_dashboard_msgs/msg/detail/program_state__type_support.cpp.o[0m
[4.551s] [ 39%] [32mBuilding C object CMakeFiles/ur_dashboard_msgs__rosidl_typesupport_introspection_c.dir/rosidl_typesupport_introspection_c/ur_dashboard_msgs/msg/detail/program_state__type_support.c.o[0m
[4.553s] [ 39%] [32mBuilding CXX object CMakeFiles/ur_dashboard_msgs__rosidl_typesupport_cpp.dir/rosidl_typesupport_cpp/ur_dashboard_msgs/action/set_mode__type_support.cpp.o[0m
[4.570s] [ 40%] [32mBuilding C object CMakeFiles/ur_dashboard_msgs__rosidl_typesupport_introspection_c.dir/rosidl_typesupport_introspection_c/ur_dashboard_msgs/msg/detail/robot_mode__type_support.c.o[0m
[4.607s] [ 40%] [32mBuilding C object CMakeFiles/ur_dashboard_msgs__rosidl_typesupport_introspection_c.dir/rosidl_typesupport_introspection_c/ur_dashboard_msgs/msg/detail/safety_mode__type_support.c.o[0m
[4.636s] [35m[1mScanning dependencies of target ur_dashboard_msgs__rosidl_typesupport_fastrtps_cpp[0m
[4.646s] [ 41%] [32mBuilding C object CMakeFiles/ur_dashboard_msgs__rosidl_typesupport_introspection_c.dir/rosidl_typesupport_introspection_c/ur_dashboard_msgs/srv/detail/add_to_log__type_support.c.o[0m
[4.675s] [ 42%] [32mBuilding C object CMakeFiles/ur_dashboard_msgs__rosidl_typesupport_introspection_c.dir/rosidl_typesupport_introspection_c/ur_dashboard_msgs/srv/detail/get_loaded_program__type_support.c.o[0m
[4.677s] [ 43%] [32mBuilding CXX object CMakeFiles/ur_dashboard_msgs__rosidl_typesupport_introspection_cpp.dir/rosidl_typesupport_introspection_cpp/ur_dashboard_msgs/msg/detail/robot_mode__type_support.cpp.o[0m
[4.679s] [ 44%] [32mBuilding CXX object CMakeFiles/ur_dashboard_msgs__rosidl_typesupport_fastrtps_cpp.dir/rosidl_typesupport_fastrtps_cpp/ur_dashboard_msgs/msg/detail/dds_fastrtps/program_state__type_support.cpp.o[0m
[4.689s] [ 45%] [32mBuilding C object CMakeFiles/ur_dashboard_msgs__rosidl_typesupport_introspection_c.dir/rosidl_typesupport_introspection_c/ur_dashboard_msgs/srv/detail/get_program_state__type_support.c.o[0m
[4.697s] [ 45%] [32mBuilding C object CMakeFiles/ur_dashboard_msgs__rosidl_typesupport_introspection_c.dir/rosidl_typesupport_introspection_c/ur_dashboard_msgs/srv/detail/get_robot_mode__type_support.c.o[0m
[4.700s] [ 46%] [32mBuilding CXX object CMakeFiles/ur_dashboard_msgs__rosidl_typesupport_introspection_cpp.dir/rosidl_typesupport_introspection_cpp/ur_dashboard_msgs/msg/detail/safety_mode__type_support.cpp.o[0m
[4.721s] [ 47%] [32mBuilding C object CMakeFiles/ur_dashboard_msgs__rosidl_typesupport_introspection_c.dir/rosidl_typesupport_introspection_c/ur_dashboard_msgs/srv/detail/get_safety_mode__type_support.c.o[0m
[4.764s] [ 48%] [32mBuilding C object CMakeFiles/ur_dashboard_msgs__rosidl_typesupport_introspection_c.dir/rosidl_typesupport_introspection_c/ur_dashboard_msgs/srv/detail/is_program_running__type_support.c.o[0m
[4.788s] [ 48%] [32mBuilding C object CMakeFiles/ur_dashboard_msgs__rosidl_typesupport_introspection_c.dir/rosidl_typesupport_introspection_c/ur_dashboard_msgs/srv/detail/is_program_saved__type_support.c.o[0m
[4.794s] [ 49%] [32mBuilding C object CMakeFiles/ur_dashboard_msgs__rosidl_typesupport_introspection_c.dir/rosidl_typesupport_introspection_c/ur_dashboard_msgs/srv/detail/load__type_support.c.o[0m
[4.800s] [ 49%] [32mBuilding CXX object CMakeFiles/ur_dashboard_msgs__rosidl_typesupport_introspection_cpp.dir/rosidl_typesupport_introspection_cpp/ur_dashboard_msgs/srv/detail/add_to_log__type_support.cpp.o[0m
[4.819s] [ 50%] [32mBuilding C object CMakeFiles/ur_dashboard_msgs__rosidl_typesupport_introspection_c.dir/rosidl_typesupport_introspection_c/ur_dashboard_msgs/srv/detail/popup__type_support.c.o[0m
[4.828s] [ 51%] [32mBuilding C object CMakeFiles/ur_dashboard_msgs__rosidl_typesupport_introspection_c.dir/rosidl_typesupport_introspection_c/ur_dashboard_msgs/srv/detail/raw_request__type_support.c.o[0m
[4.836s] [ 52%] [32mBuilding CXX object CMakeFiles/ur_dashboard_msgs__rosidl_typesupport_introspection_cpp.dir/rosidl_typesupport_introspection_cpp/ur_dashboard_msgs/srv/detail/get_loaded_program__type_support.cpp.o[0m
[4.839s] [ 52%] [32mBuilding C object CMakeFiles/ur_dashboard_msgs__rosidl_typesupport_introspection_c.dir/rosidl_typesupport_introspection_c/ur_dashboard_msgs/action/detail/set_mode__type_support.c.o[0m
[4.843s] [ 53%] [32mBuilding CXX object CMakeFiles/ur_dashboard_msgs__rosidl_typesupport_fastrtps_cpp.dir/rosidl_typesupport_fastrtps_cpp/ur_dashboard_msgs/msg/detail/dds_fastrtps/robot_mode__type_support.cpp.o[0m
[4.859s] [ 53%] [32mBuilding CXX object CMakeFiles/ur_dashboard_msgs__rosidl_typesupport_fastrtps_cpp.dir/rosidl_typesupport_fastrtps_cpp/ur_dashboard_msgs/msg/detail/dds_fastrtps/safety_mode__type_support.cpp.o[0m
[4.870s] [ 54%] [32mBuilding CXX object CMakeFiles/ur_dashboard_msgs__rosidl_typesupport_introspection_cpp.dir/rosidl_typesupport_introspection_cpp/ur_dashboard_msgs/srv/detail/get_program_state__type_support.cpp.o[0m
[4.873s] [ 55%] [32mBuilding CXX object CMakeFiles/ur_dashboard_msgs__rosidl_typesupport_fastrtps_cpp.dir/rosidl_typesupport_fastrtps_cpp/ur_dashboard_msgs/srv/detail/dds_fastrtps/add_to_log__type_support.cpp.o[0m
[4.878s] [ 56%] [32mBuilding CXX object CMakeFiles/ur_dashboard_msgs__rosidl_typesupport_fastrtps_cpp.dir/rosidl_typesupport_fastrtps_cpp/ur_dashboard_msgs/srv/detail/dds_fastrtps/get_loaded_program__type_support.cpp.o[0m
[4.896s] [ 57%] [32m[1mLinking C shared library libur_dashboard_msgs__rosidl_typesupport_introspection_c.so[0m
[4.896s] [ 58%] [32mBuilding CXX object CMakeFiles/ur_dashboard_msgs__rosidl_typesupport_introspection_cpp.dir/rosidl_typesupport_introspection_cpp/ur_dashboard_msgs/srv/detail/get_robot_mode__type_support.cpp.o[0m
[4.905s] [ 59%] [32mBuilding CXX object CMakeFiles/ur_dashboard_msgs__rosidl_typesupport_fastrtps_cpp.dir/rosidl_typesupport_fastrtps_cpp/ur_dashboard_msgs/srv/detail/dds_fastrtps/get_program_state__type_support.cpp.o[0m
[4.945s] [ 59%] [32mBuilding CXX object CMakeFiles/ur_dashboard_msgs__rosidl_typesupport_fastrtps_cpp.dir/rosidl_typesupport_fastrtps_cpp/ur_dashboard_msgs/srv/detail/dds_fastrtps/get_robot_mode__type_support.cpp.o[0m
[4.956s] [ 59%] Built target ur_dashboard_msgs__rosidl_typesupport_introspection_c
[4.971s] [ 60%] [32mBuilding CXX object CMakeFiles/ur_dashboard_msgs__rosidl_typesupport_fastrtps_cpp.dir/rosidl_typesupport_fastrtps_cpp/ur_dashboard_msgs/srv/detail/dds_fastrtps/get_safety_mode__type_support.cpp.o[0m
[5.005s] [ 61%] [32m[1mLinking CXX shared library libur_dashboard_msgs__rosidl_typesupport_cpp.so[0m
[5.028s] [ 61%] [32mBuilding CXX object CMakeFiles/ur_dashboard_msgs__rosidl_typesupport_introspection_cpp.dir/rosidl_typesupport_introspection_cpp/ur_dashboard_msgs/srv/detail/get_safety_mode__type_support.cpp.o[0m
[5.091s] [ 62%] [32mBuilding CXX object CMakeFiles/ur_dashboard_msgs__rosidl_typesupport_introspection_cpp.dir/rosidl_typesupport_introspection_cpp/ur_dashboard_msgs/srv/detail/is_program_running__type_support.cpp.o[0m
[5.101s] [ 62%] Built target ur_dashboard_msgs__rosidl_typesupport_cpp
[5.112s] [ 63%] [32mBuilding CXX object CMakeFiles/ur_dashboard_msgs__rosidl_typesupport_introspection_cpp.dir/rosidl_typesupport_introspection_cpp/ur_dashboard_msgs/srv/detail/is_program_saved__type_support.cpp.o[0m
[5.164s] [ 64%] [32mBuilding CXX object CMakeFiles/ur_dashboard_msgs__rosidl_typesupport_introspection_cpp.dir/rosidl_typesupport_introspection_cpp/ur_dashboard_msgs/srv/detail/load__type_support.cpp.o[0m
[5.220s] [ 64%] [32mBuilding CXX object CMakeFiles/ur_dashboard_msgs__rosidl_typesupport_introspection_cpp.dir/rosidl_typesupport_introspection_cpp/ur_dashboard_msgs/srv/detail/popup__type_support.cpp.o[0m
[5.247s] [ 65%] [32mBuilding CXX object CMakeFiles/ur_dashboard_msgs__rosidl_typesupport_introspection_cpp.dir/rosidl_typesupport_introspection_cpp/ur_dashboard_msgs/srv/detail/raw_request__type_support.cpp.o[0m
[5.280s] [ 66%] [32mBuilding CXX object CMakeFiles/ur_dashboard_msgs__rosidl_typesupport_introspection_cpp.dir/rosidl_typesupport_introspection_cpp/ur_dashboard_msgs/action/detail/set_mode__type_support.cpp.o[0m
[5.302s] [ 67%] [32mBuilding CXX object CMakeFiles/ur_dashboard_msgs__rosidl_typesupport_fastrtps_cpp.dir/rosidl_typesupport_fastrtps_cpp/ur_dashboard_msgs/srv/detail/dds_fastrtps/is_program_running__type_support.cpp.o[0m
[5.328s] [ 68%] [32mBuilding CXX object CMakeFiles/ur_dashboard_msgs__rosidl_typesupport_fastrtps_cpp.dir/rosidl_typesupport_fastrtps_cpp/ur_dashboard_msgs/srv/detail/dds_fastrtps/is_program_saved__type_support.cpp.o[0m
[5.405s] [ 68%] [32mBuilding CXX object CMakeFiles/ur_dashboard_msgs__rosidl_typesupport_fastrtps_cpp.dir/rosidl_typesupport_fastrtps_cpp/ur_dashboard_msgs/srv/detail/dds_fastrtps/load__type_support.cpp.o[0m
[5.461s] [ 69%] [32mBuilding CXX object CMakeFiles/ur_dashboard_msgs__rosidl_typesupport_fastrtps_cpp.dir/rosidl_typesupport_fastrtps_cpp/ur_dashboard_msgs/srv/detail/dds_fastrtps/popup__type_support.cpp.o[0m
[5.463s] [ 70%] [32mBuilding CXX object CMakeFiles/ur_dashboard_msgs__rosidl_typesupport_fastrtps_cpp.dir/rosidl_typesupport_fastrtps_cpp/ur_dashboard_msgs/srv/detail/dds_fastrtps/raw_request__type_support.cpp.o[0m
[5.483s] [ 71%] [32mBuilding CXX object CMakeFiles/ur_dashboard_msgs__rosidl_typesupport_fastrtps_cpp.dir/rosidl_typesupport_fastrtps_cpp/ur_dashboard_msgs/action/detail/dds_fastrtps/set_mode__type_support.cpp.o[0m
[5.663s] [ 72%] [32m[1mLinking CXX shared library libur_dashboard_msgs__rosidl_typesupport_introspection_cpp.so[0m
[5.730s] [ 72%] Built target ur_dashboard_msgs__rosidl_typesupport_introspection_cpp
[5.946s] [ 72%] [32m[1mLinking CXX shared library libur_dashboard_msgs__rosidl_typesupport_fastrtps_cpp.so[0m
[6.019s] [ 72%] Built target ur_dashboard_msgs__rosidl_typesupport_fastrtps_cpp
[6.032s] [ 73%] [34m[1mGenerating C type support for eProsima Fast-RTPS[0m
[7.110s] [35m[1mScanning dependencies of target ur_dashboard_msgs__rosidl_typesupport_fastrtps_c[0m
[7.141s] [ 74%] [32mBuilding CXX object CMakeFiles/ur_dashboard_msgs__rosidl_typesupport_fastrtps_c.dir/rosidl_typesupport_fastrtps_c/ur_dashboard_msgs/msg/detail/robot_mode__type_support_c.cpp.o[0m
[7.142s] [ 74%] [32mBuilding CXX object CMakeFiles/ur_dashboard_msgs__rosidl_typesupport_fastrtps_c.dir/rosidl_typesupport_fastrtps_c/ur_dashboard_msgs/msg/detail/program_state__type_support_c.cpp.o[0m
[7.142s] [ 75%] [32mBuilding CXX object CMakeFiles/ur_dashboard_msgs__rosidl_typesupport_fastrtps_c.dir/rosidl_typesupport_fastrtps_c/ur_dashboard_msgs/msg/detail/safety_mode__type_support_c.cpp.o[0m
[7.142s] [ 76%] [32mBuilding CXX object CMakeFiles/ur_dashboard_msgs__rosidl_typesupport_fastrtps_c.dir/rosidl_typesupport_fastrtps_c/ur_dashboard_msgs/srv/detail/add_to_log__type_support_c.cpp.o[0m
[7.142s] [ 77%] [32mBuilding CXX object CMakeFiles/ur_dashboard_msgs__rosidl_typesupport_fastrtps_c.dir/rosidl_typesupport_fastrtps_c/ur_dashboard_msgs/srv/detail/get_loaded_program__type_support_c.cpp.o[0m
[7.142s] [ 77%] [32mBuilding CXX object CMakeFiles/ur_dashboard_msgs__rosidl_typesupport_fastrtps_c.dir/rosidl_typesupport_fastrtps_c/ur_dashboard_msgs/srv/detail/get_program_state__type_support_c.cpp.o[0m
[7.143s] [ 78%] [32mBuilding CXX object CMakeFiles/ur_dashboard_msgs__rosidl_typesupport_fastrtps_c.dir/rosidl_typesupport_fastrtps_c/ur_dashboard_msgs/srv/detail/get_robot_mode__type_support_c.cpp.o[0m
[7.143s] [ 79%] [32mBuilding CXX object CMakeFiles/ur_dashboard_msgs__rosidl_typesupport_fastrtps_c.dir/rosidl_typesupport_fastrtps_c/ur_dashboard_msgs/srv/detail/get_safety_mode__type_support_c.cpp.o[0m
[7.144s] [ 80%] [32mBuilding CXX object CMakeFiles/ur_dashboard_msgs__rosidl_typesupport_fastrtps_c.dir/rosidl_typesupport_fastrtps_c/ur_dashboard_msgs/srv/detail/is_program_running__type_support_c.cpp.o[0m
[7.145s] [ 81%] [32mBuilding CXX object CMakeFiles/ur_dashboard_msgs__rosidl_typesupport_fastrtps_c.dir/rosidl_typesupport_fastrtps_c/ur_dashboard_msgs/srv/detail/is_program_saved__type_support_c.cpp.o[0m
[7.145s] [ 81%] [32mBuilding CXX object CMakeFiles/ur_dashboard_msgs__rosidl_typesupport_fastrtps_c.dir/rosidl_typesupport_fastrtps_c/ur_dashboard_msgs/srv/detail/load__type_support_c.cpp.o[0m
[7.145s] [ 82%] [32mBuilding CXX object CMakeFiles/ur_dashboard_msgs__rosidl_typesupport_fastrtps_c.dir/rosidl_typesupport_fastrtps_c/ur_dashboard_msgs/action/detail/set_mode__type_support_c.cpp.o[0m
[7.145s] [ 82%] [32mBuilding CXX object CMakeFiles/ur_dashboard_msgs__rosidl_typesupport_fastrtps_c.dir/rosidl_typesupport_fastrtps_c/ur_dashboard_msgs/srv/detail/popup__type_support_c.cpp.o[0m
[7.145s] [ 83%] [32mBuilding CXX object CMakeFiles/ur_dashboard_msgs__rosidl_typesupport_fastrtps_c.dir/rosidl_typesupport_fastrtps_c/ur_dashboard_msgs/srv/detail/raw_request__type_support_c.cpp.o[0m
[7.629s] [ 84%] [32m[1mLinking CXX shared library libur_dashboard_msgs__rosidl_typesupport_fastrtps_c.so[0m
[7.694s] [ 84%] Built target ur_dashboard_msgs__rosidl_typesupport_fastrtps_c
[7.701s] [35m[1mScanning dependencies of target ur_dashboard_msgs[0m
[7.709s] [ 84%] Built target ur_dashboard_msgs
[7.716s] [35m[1mScanning dependencies of target ur_dashboard_msgs__py[0m
[7.724s] [ 85%] [34m[1mGenerating Python code for ROS interfaces[0m
[9.947s] [ 85%] Built target ur_dashboard_msgs__py
[9.955s] [35m[1mScanning dependencies of target ur_dashboard_msgs__python[0m
[9.989s] [ 86%] [32mBuilding C object CMakeFiles/ur_dashboard_msgs__python.dir/rosidl_generator_py/ur_dashboard_msgs/msg/_program_state_s.c.o[0m
[9.989s] [ 86%] [32mBuilding C object CMakeFiles/ur_dashboard_msgs__python.dir/rosidl_generator_py/ur_dashboard_msgs/msg/_robot_mode_s.c.o[0m
[9.989s] [ 87%] [32mBuilding C object CMakeFiles/ur_dashboard_msgs__python.dir/rosidl_generator_py/ur_dashboard_msgs/msg/_safety_mode_s.c.o[0m
[9.990s] [ 88%] [32mBuilding C object CMakeFiles/ur_dashboard_msgs__python.dir/rosidl_generator_py/ur_dashboard_msgs/srv/_add_to_log_s.c.o[0m
[9.990s] [ 89%] [32mBuilding C object CMakeFiles/ur_dashboard_msgs__python.dir/rosidl_generator_py/ur_dashboard_msgs/srv/_get_loaded_program_s.c.o[0m
[9.990s] [ 89%] [32mBuilding C object CMakeFiles/ur_dashboard_msgs__python.dir/rosidl_generator_py/ur_dashboard_msgs/srv/_get_program_state_s.c.o[0m
[9.990s] [ 90%] [32mBuilding C object CMakeFiles/ur_dashboard_msgs__python.dir/rosidl_generator_py/ur_dashboard_msgs/srv/_get_robot_mode_s.c.o[0m
[9.991s] [ 91%] [32mBuilding C object CMakeFiles/ur_dashboard_msgs__python.dir/rosidl_generator_py/ur_dashboard_msgs/srv/_get_safety_mode_s.c.o[0m
[9.991s] [ 92%] [32mBuilding C object CMakeFiles/ur_dashboard_msgs__python.dir/rosidl_generator_py/ur_dashboard_msgs/srv/_is_program_running_s.c.o[0m
[9.991s] [ 92%] [32mBuilding C object CMakeFiles/ur_dashboard_msgs__python.dir/rosidl_generator_py/ur_dashboard_msgs/srv/_is_program_saved_s.c.o[0m
[9.991s] [ 93%] [32mBuilding C object CMakeFiles/ur_dashboard_msgs__python.dir/rosidl_generator_py/ur_dashboard_msgs/srv/_load_s.c.o[0m
[9.992s] [ 94%] [32mBuilding C object CMakeFiles/ur_dashboard_msgs__python.dir/rosidl_generator_py/ur_dashboard_msgs/srv/_raw_request_s.c.o[0m
[9.992s] [ 95%] [32mBuilding C object CMakeFiles/ur_dashboard_msgs__python.dir/rosidl_generator_py/ur_dashboard_msgs/srv/_popup_s.c.o[0m
[9.992s] [ 95%] [32mBuilding C object CMakeFiles/ur_dashboard_msgs__python.dir/rosidl_generator_py/ur_dashboard_msgs/action/_set_mode_s.c.o[0m
[10.109s] [ 96%] [32m[1mLinking C shared library rosidl_generator_py/ur_dashboard_msgs/libur_dashboard_msgs__python.so[0m
[10.144s] [ 96%] Built target ur_dashboard_msgs__python
[10.152s] [35m[1mScanning dependencies of target ur_dashboard_msgs__rosidl_typesupport_c__pyext[0m
[10.152s] [35m[1mScanning dependencies of target ur_dashboard_msgs__rosidl_typesupport_introspection_c__pyext[0m
[10.152s] [35m[1mScanning dependencies of target ur_dashboard_msgs__rosidl_typesupport_fastrtps_c__pyext[0m
[10.168s] [ 98%] [32mBuilding C object CMakeFiles/ur_dashboard_msgs__rosidl_typesupport_introspection_c__pyext.dir/rosidl_generator_py/ur_dashboard_msgs/_ur_dashboard_msgs_s.ep.rosidl_typesupport_introspection_c.c.o[0m
[10.168s] [ 98%] [32mBuilding C object CMakeFiles/ur_dashboard_msgs__rosidl_typesupport_c__pyext.dir/rosidl_generator_py/ur_dashboard_msgs/_ur_dashboard_msgs_s.ep.rosidl_typesupport_c.c.o[0m
[10.169s] [ 99%] [32mBuilding C object CMakeFiles/ur_dashboard_msgs__rosidl_typesupport_fastrtps_c__pyext.dir/rosidl_generator_py/ur_dashboard_msgs/_ur_dashboard_msgs_s.ep.rosidl_typesupport_fastrtps_c.c.o[0m
[10.307s] [ 99%] [32m[1mLinking C shared library rosidl_generator_py/ur_dashboard_msgs/ur_dashboard_msgs_s__rosidl_typesupport_c.cpython-38-x86_64-linux-gnu.so[0m
[10.307s] [100%] [32m[1mLinking C shared library rosidl_generator_py/ur_dashboard_msgs/ur_dashboard_msgs_s__rosidl_typesupport_introspection_c.cpython-38-x86_64-linux-gnu.so[0m
[10.307s] [100%] [32m[1mLinking CXX shared library rosidl_generator_py/ur_dashboard_msgs/ur_dashboard_msgs_s__rosidl_typesupport_fastrtps_c.cpython-38-x86_64-linux-gnu.so[0m
[10.338s] [100%] Built target ur_dashboard_msgs__rosidl_typesupport_c__pyext
[10.339s] [100%] Built target ur_dashboard_msgs__rosidl_typesupport_introspection_c__pyext
[10.362s] [100%] Built target ur_dashboard_msgs__rosidl_typesupport_fastrtps_c__pyext
[10.372s] Invoked command in '/root/ROS2Docker/ros2_ws/build/ur_dashboard_msgs' returned '0': CMAKE_PREFIX_PATH=${CMAKE_PREFIX_PATH}:/root/ROS2Docker/ros2_ws/install/ur_ignition:/root/ROS2Docker/ros2_ws/install/examples_rclpy_minimal_subscriber:/root/ROS2Docker/ros2_ws/install/examples_rclpy_minimal_service:/root/ROS2Docker/ros2_ws/install/examples_rclpy_minimal_publisher:/root/ROS2Docker/ros2_ws/install/examples_rclpy_minimal_client:/root/ROS2Docker/ros2_ws/install/examples_rclpy_minimal_action_server:/root/ROS2Docker/ros2_ws/install/examples_rclpy_minimal_action_client:/root/ROS2Docker/ros2_ws/install/examples_rclpy_executors:/opt/ros/foxy /usr/bin/cmake --build /root/ROS2Docker/ros2_ws/build/ur_dashboard_msgs -- -j16 -l16
[10.817s] Invoking command in '/root/ROS2Docker/ros2_ws/build/ur_dashboard_msgs': CMAKE_PREFIX_PATH=${CMAKE_PREFIX_PATH}:/root/ROS2Docker/ros2_ws/install/ur_ignition:/root/ROS2Docker/ros2_ws/install/examples_rclpy_minimal_subscriber:/root/ROS2Docker/ros2_ws/install/examples_rclpy_minimal_service:/root/ROS2Docker/ros2_ws/install/examples_rclpy_minimal_publisher:/root/ROS2Docker/ros2_ws/install/examples_rclpy_minimal_client:/root/ROS2Docker/ros2_ws/install/examples_rclpy_minimal_action_server:/root/ROS2Docker/ros2_ws/install/examples_rclpy_minimal_action_client:/root/ROS2Docker/ros2_ws/install/examples_rclpy_executors:/opt/ros/foxy /usr/bin/cmake --install /root/ROS2Docker/ros2_ws/build/ur_dashboard_msgs
[10.839s] -- Install configuration: ""
[10.840s] -- Installing: /root/ROS2Docker/ros2_ws/install/ur_dashboard_msgs/share/ament_index/resource_index/rosidl_interfaces/ur_dashboard_msgs
[10.840s] -- Installing: /root/ROS2Docker/ros2_ws/install/ur_dashboard_msgs/include/ur_dashboard_msgs
[10.841s] -- Installing: /root/ROS2Docker/ros2_ws/install/ur_dashboard_msgs/include/ur_dashboard_msgs/action
[10.841s] -- Installing: /root/ROS2Docker/ros2_ws/install/ur_dashboard_msgs/include/ur_dashboard_msgs/action/set_mode.h
[10.842s] -- Installing: /root/ROS2Docker/ros2_ws/install/ur_dashboard_msgs/include/ur_dashboard_msgs/action/detail
[10.842s] -- Installing: /root/ROS2Docker/ros2_ws/install/ur_dashboard_msgs/include/ur_dashboard_msgs/action/detail/set_mode__struct.h
[10.842s] -- Installing: /root/ROS2Docker/ros2_ws/install/ur_dashboard_msgs/include/ur_dashboard_msgs/action/detail/set_mode__type_support.h
[10.842s] -- Installing: /root/ROS2Docker/ros2_ws/install/ur_dashboard_msgs/include/ur_dashboard_msgs/action/detail/set_mode__functions.c
[10.843s] -- Installing: /root/ROS2Docker/ros2_ws/install/ur_dashboard_msgs/include/ur_dashboard_msgs/action/detail/set_mode__functions.h
[10.843s] -- Installing: /root/ROS2Docker/ros2_ws/install/ur_dashboard_msgs/include/ur_dashboard_msgs/msg
[10.843s] -- Installing: /root/ROS2Docker/ros2_ws/install/ur_dashboard_msgs/include/ur_dashboard_msgs/msg/program_state.h
[10.844s] -- Installing: /root/ROS2Docker/ros2_ws/install/ur_dashboard_msgs/include/ur_dashboard_msgs/msg/robot_mode.h
[10.844s] -- Installing: /root/ROS2Docker/ros2_ws/install/ur_dashboard_msgs/include/ur_dashboard_msgs/msg/safety_mode.h
[10.844s] -- Installing: /root/ROS2Docker/ros2_ws/install/ur_dashboard_msgs/include/ur_dashboard_msgs/msg/rosidl_generator_c__visibility_control.h
[10.844s] -- Installing: /root/ROS2Docker/ros2_ws/install/ur_dashboard_msgs/include/ur_dashboard_msgs/msg/detail
[10.844s] -- Installing: /root/ROS2Docker/ros2_ws/install/ur_dashboard_msgs/include/ur_dashboard_msgs/msg/detail/safety_mode__functions.c
[10.844s] -- Installing: /root/ROS2Docker/ros2_ws/install/ur_dashboard_msgs/include/ur_dashboard_msgs/msg/detail/robot_mode__functions.h
[10.845s] -- Installing: /root/ROS2Docker/ros2_ws/install/ur_dashboard_msgs/include/ur_dashboard_msgs/msg/detail/robot_mode__type_support.h
[10.845s] -- Installing: /root/ROS2Docker/ros2_ws/install/ur_dashboard_msgs/include/ur_dashboard_msgs/msg/detail/safety_mode__struct.h
[10.845s] -- Installing: /root/ROS2Docker/ros2_ws/install/ur_dashboard_msgs/include/ur_dashboard_msgs/msg/detail/program_state__struct.h
[10.845s] -- Installing: /root/ROS2Docker/ros2_ws/install/ur_dashboard_msgs/include/ur_dashboard_msgs/msg/detail/program_state__type_support.h
[10.845s] -- Installing: /root/ROS2Docker/ros2_ws/install/ur_dashboard_msgs/include/ur_dashboard_msgs/msg/detail/safety_mode__functions.h
[10.846s] -- Installing: /root/ROS2Docker/ros2_ws/install/ur_dashboard_msgs/include/ur_dashboard_msgs/msg/detail/program_state__functions.h
[10.846s] -- Installing: /root/ROS2Docker/ros2_ws/install/ur_dashboard_msgs/include/ur_dashboard_msgs/msg/detail/robot_mode__functions.c
[10.846s] -- Installing: /root/ROS2Docker/ros2_ws/install/ur_dashboard_msgs/include/ur_dashboard_msgs/msg/detail/robot_mode__struct.h
[10.846s] -- Installing: /root/ROS2Docker/ros2_ws/install/ur_dashboard_msgs/include/ur_dashboard_msgs/msg/detail/program_state__functions.c
[10.846s] -- Installing: /root/ROS2Docker/ros2_ws/install/ur_dashboard_msgs/include/ur_dashboard_msgs/msg/detail/safety_mode__type_support.h
[10.846s] -- Installing: /root/ROS2Docker/ros2_ws/install/ur_dashboard_msgs/include/ur_dashboard_msgs/srv
[10.847s] -- Installing: /root/ROS2Docker/ros2_ws/install/ur_dashboard_msgs/include/ur_dashboard_msgs/srv/get_loaded_program.h
[10.847s] -- Installing: /root/ROS2Docker/ros2_ws/install/ur_dashboard_msgs/include/ur_dashboard_msgs/srv/get_robot_mode.h
[10.847s] -- Installing: /root/ROS2Docker/ros2_ws/install/ur_dashboard_msgs/include/ur_dashboard_msgs/srv/is_program_saved.h
[10.847s] -- Installing: /root/ROS2Docker/ros2_ws/install/ur_dashboard_msgs/include/ur_dashboard_msgs/srv/get_safety_mode.h
[10.847s] -- Installing: /root/ROS2Docker/ros2_ws/install/ur_dashboard_msgs/include/ur_dashboard_msgs/srv/get_program_state.h
[10.847s] -- Installing: /root/ROS2Docker/ros2_ws/install/ur_dashboard_msgs/include/ur_dashboard_msgs/srv/load.h
[10.848s] -- Installing: /root/ROS2Docker/ros2_ws/install/ur_dashboard_msgs/include/ur_dashboard_msgs/srv/is_program_running.h
[10.848s] -- Installing: /root/ROS2Docker/ros2_ws/install/ur_dashboard_msgs/include/ur_dashboard_msgs/srv/detail
[10.848s] -- Installing: /root/ROS2Docker/ros2_ws/install/ur_dashboard_msgs/include/ur_dashboard_msgs/srv/detail/popup__struct.h
[10.848s] -- Installing: /root/ROS2Docker/ros2_ws/install/ur_dashboard_msgs/include/ur_dashboard_msgs/srv/detail/get_robot_mode__functions.c
[10.848s] -- Installing: /root/ROS2Docker/ros2_ws/install/ur_dashboard_msgs/include/ur_dashboard_msgs/srv/detail/add_to_log__struct.h
[10.848s] -- Installing: /root/ROS2Docker/ros2_ws/install/ur_dashboard_msgs/include/ur_dashboard_msgs/srv/detail/load__functions.c
[10.849s] -- Installing: /root/ROS2Docker/ros2_ws/install/ur_dashboard_msgs/include/ur_dashboard_msgs/srv/detail/load__functions.h
[10.849s] -- Installing: /root/ROS2Docker/ros2_ws/install/ur_dashboard_msgs/include/ur_dashboard_msgs/srv/detail/load__type_support.h
[10.849s] -- Installing: /root/ROS2Docker/ros2_ws/install/ur_dashboard_msgs/include/ur_dashboard_msgs/srv/detail/get_robot_mode__type_support.h
[10.849s] -- Installing: /root/ROS2Docker/ros2_ws/install/ur_dashboard_msgs/include/ur_dashboard_msgs/srv/detail/load__struct.h
[10.849s] -- Installing: /root/ROS2Docker/ros2_ws/install/ur_dashboard_msgs/include/ur_dashboard_msgs/srv/detail/get_robot_mode__functions.h
[10.849s] -- Installing: /root/ROS2Docker/ros2_ws/install/ur_dashboard_msgs/include/ur_dashboard_msgs/srv/detail/raw_request__functions.c
[10.849s] -- Installing: /root/ROS2Docker/ros2_ws/install/ur_dashboard_msgs/include/ur_dashboard_msgs/srv/detail/get_safety_mode__struct.h
[10.850s] -- Installing: /root/ROS2Docker/ros2_ws/install/ur_dashboard_msgs/include/ur_dashboard_msgs/srv/detail/add_to_log__functions.h
[10.850s] -- Installing: /root/ROS2Docker/ros2_ws/install/ur_dashboard_msgs/include/ur_dashboard_msgs/srv/detail/is_program_running__struct.h
[10.850s] -- Installing: /root/ROS2Docker/ros2_ws/install/ur_dashboard_msgs/include/ur_dashboard_msgs/srv/detail/get_program_state__functions.c
[10.850s] -- Installing: /root/ROS2Docker/ros2_ws/install/ur_dashboard_msgs/include/ur_dashboard_msgs/srv/detail/get_loaded_program__type_support.h
[10.850s] -- Installing: /root/ROS2Docker/ros2_ws/install/ur_dashboard_msgs/include/ur_dashboard_msgs/srv/detail/get_program_state__functions.h
[10.850s] -- Installing: /root/ROS2Docker/ros2_ws/install/ur_dashboard_msgs/include/ur_dashboard_msgs/srv/detail/popup__type_support.h
[10.851s] -- Installing: /root/ROS2Docker/ros2_ws/install/ur_dashboard_msgs/include/ur_dashboard_msgs/srv/detail/get_safety_mode__functions.c
[10.851s] -- Installing: /root/ROS2Docker/ros2_ws/install/ur_dashboard_msgs/include/ur_dashboard_msgs/srv/detail/raw_request__type_support.h
[10.851s] -- Installing: /root/ROS2Docker/ros2_ws/install/ur_dashboard_msgs/include/ur_dashboard_msgs/srv/detail/popup__functions.c
[10.851s] -- Installing: /root/ROS2Docker/ros2_ws/install/ur_dashboard_msgs/include/ur_dashboard_msgs/srv/detail/is_program_saved__functions.h
[10.851s] -- Installing: /root/ROS2Docker/ros2_ws/install/ur_dashboard_msgs/include/ur_dashboard_msgs/srv/detail/is_program_running__functions.h
[10.851s] -- Installing: /root/ROS2Docker/ros2_ws/install/ur_dashboard_msgs/include/ur_dashboard_msgs/srv/detail/get_loaded_program__functions.h
[10.851s] -- Installing: /root/ROS2Docker/ros2_ws/install/ur_dashboard_msgs/include/ur_dashboard_msgs/srv/detail/get_program_state__type_support.h
[10.851s] -- Installing: /root/ROS2Docker/ros2_ws/install/ur_dashboard_msgs/include/ur_dashboard_msgs/srv/detail/raw_request__struct.h
[10.852s] -- Installing: /root/ROS2Docker/ros2_ws/install/ur_dashboard_msgs/include/ur_dashboard_msgs/srv/detail/get_robot_mode__struct.h
[10.852s] -- Installing: /root/ROS2Docker/ros2_ws/install/ur_dashboard_msgs/include/ur_dashboard_msgs/srv/detail/is_program_saved__type_support.h
[10.852s] -- Installing: /root/ROS2Docker/ros2_ws/install/ur_dashboard_msgs/include/ur_dashboard_msgs/srv/detail/get_safety_mode__type_support.h
[10.852s] -- Installing: /root/ROS2Docker/ros2_ws/install/ur_dashboard_msgs/include/ur_dashboard_msgs/srv/detail/is_program_running__type_support.h
[10.852s] -- Installing: /root/ROS2Docker/ros2_ws/install/ur_dashboard_msgs/include/ur_dashboard_msgs/srv/detail/is_program_running__functions.c
[10.852s] -- Installing: /root/ROS2Docker/ros2_ws/install/ur_dashboard_msgs/include/ur_dashboard_msgs/srv/detail/get_loaded_program__functions.c
[10.852s] -- Installing: /root/ROS2Docker/ros2_ws/install/ur_dashboard_msgs/include/ur_dashboard_msgs/srv/detail/get_safety_mode__functions.h
[10.853s] -- Installing: /root/ROS2Docker/ros2_ws/install/ur_dashboard_msgs/include/ur_dashboard_msgs/srv/detail/get_program_state__struct.h
[10.853s] -- Installing: /root/ROS2Docker/ros2_ws/install/ur_dashboard_msgs/include/ur_dashboard_msgs/srv/detail/get_loaded_program__struct.h
[10.853s] -- Installing: /root/ROS2Docker/ros2_ws/install/ur_dashboard_msgs/include/ur_dashboard_msgs/srv/detail/add_to_log__type_support.h
[10.853s] -- Installing: /root/ROS2Docker/ros2_ws/install/ur_dashboard_msgs/include/ur_dashboard_msgs/srv/detail/popup__functions.h
[10.853s] -- Installing: /root/ROS2Docker/ros2_ws/install/ur_dashboard_msgs/include/ur_dashboard_msgs/srv/detail/add_to_log__functions.c
[10.853s] -- Installing: /root/ROS2Docker/ros2_ws/install/ur_dashboard_msgs/include/ur_dashboard_msgs/srv/detail/raw_request__functions.h
[10.853s] -- Installing: /root/ROS2Docker/ros2_ws/install/ur_dashboard_msgs/include/ur_dashboard_msgs/srv/detail/is_program_saved__struct.h
[10.853s] -- Installing: /root/ROS2Docker/ros2_ws/install/ur_dashboard_msgs/include/ur_dashboard_msgs/srv/detail/is_program_saved__functions.c
[10.853s] -- Installing: /root/ROS2Docker/ros2_ws/install/ur_dashboard_msgs/include/ur_dashboard_msgs/srv/add_to_log.h
[10.854s] -- Installing: /root/ROS2Docker/ros2_ws/install/ur_dashboard_msgs/include/ur_dashboard_msgs/srv/popup.h
[10.854s] -- Installing: /root/ROS2Docker/ros2_ws/install/ur_dashboard_msgs/include/ur_dashboard_msgs/srv/raw_request.h
[10.854s] -- Installing: /root/ROS2Docker/ros2_ws/install/ur_dashboard_msgs/share/ur_dashboard_msgs/environment/library_path.sh
[10.854s] -- Installing: /root/ROS2Docker/ros2_ws/install/ur_dashboard_msgs/share/ur_dashboard_msgs/environment/library_path.dsv
[10.854s] -- Installing: /root/ROS2Docker/ros2_ws/install/ur_dashboard_msgs/lib/libur_dashboard_msgs__rosidl_generator_c.so
[10.854s] -- Set runtime path of "/root/ROS2Docker/ros2_ws/install/ur_dashboard_msgs/lib/libur_dashboard_msgs__rosidl_generator_c.so" to ""
[10.854s] -- Up-to-date: /root/ROS2Docker/ros2_ws/install/ur_dashboard_msgs/include/ur_dashboard_msgs
[10.854s] -- Up-to-date: /root/ROS2Docker/ros2_ws/install/ur_dashboard_msgs/include/ur_dashboard_msgs/action
[10.854s] -- Up-to-date: /root/ROS2Docker/ros2_ws/install/ur_dashboard_msgs/include/ur_dashboard_msgs/action/detail
[10.855s] -- Installing: /root/ROS2Docker/ros2_ws/install/ur_dashboard_msgs/include/ur_dashboard_msgs/action/detail/set_mode__rosidl_typesupport_fastrtps_c.h
[10.855s] -- Up-to-date: /root/ROS2Docker/ros2_ws/install/ur_dashboard_msgs/include/ur_dashboard_msgs/msg
[10.855s] -- Installing: /root/ROS2Docker/ros2_ws/install/ur_dashboard_msgs/include/ur_dashboard_msgs/msg/rosidl_typesupport_fastrtps_c__visibility_control.h
[10.855s] -- Up-to-date: /root/ROS2Docker/ros2_ws/install/ur_dashboard_msgs/include/ur_dashboard_msgs/msg/detail
[10.855s] -- Installing: /root/ROS2Docker/ros2_ws/install/ur_dashboard_msgs/include/ur_dashboard_msgs/msg/detail/program_state__rosidl_typesupport_fastrtps_c.h
[10.855s] -- Installing: /root/ROS2Docker/ros2_ws/install/ur_dashboard_msgs/include/ur_dashboard_msgs/msg/detail/robot_mode__rosidl_typesupport_fastrtps_c.h
[10.855s] -- Installing: /root/ROS2Docker/ros2_ws/install/ur_dashboard_msgs/include/ur_dashboard_msgs/msg/detail/safety_mode__rosidl_typesupport_fastrtps_c.h
[10.855s] -- Up-to-date: /root/ROS2Docker/ros2_ws/install/ur_dashboard_msgs/include/ur_dashboard_msgs/srv
[10.855s] -- Up-to-date: /root/ROS2Docker/ros2_ws/install/ur_dashboard_msgs/include/ur_dashboard_msgs/srv/detail
[10.856s] -- Installing: /root/ROS2Docker/ros2_ws/install/ur_dashboard_msgs/include/ur_dashboard_msgs/srv/detail/popup__rosidl_typesupport_fastrtps_c.h
[10.856s] -- Installing: /root/ROS2Docker/ros2_ws/install/ur_dashboard_msgs/include/ur_dashboard_msgs/srv/detail/is_program_running__rosidl_typesupport_fastrtps_c.h
[10.856s] -- Installing: /root/ROS2Docker/ros2_ws/install/ur_dashboard_msgs/include/ur_dashboard_msgs/srv/detail/raw_request__rosidl_typesupport_fastrtps_c.h
[10.856s] -- Installing: /root/ROS2Docker/ros2_ws/install/ur_dashboard_msgs/include/ur_dashboard_msgs/srv/detail/get_loaded_program__rosidl_typesupport_fastrtps_c.h
[10.856s] -- Installing: /root/ROS2Docker/ros2_ws/install/ur_dashboard_msgs/include/ur_dashboard_msgs/srv/detail/is_program_saved__rosidl_typesupport_fastrtps_c.h
[10.856s] -- Installing: /root/ROS2Docker/ros2_ws/install/ur_dashboard_msgs/include/ur_dashboard_msgs/srv/detail/get_program_state__rosidl_typesupport_fastrtps_c.h
[10.856s] -- Installing: /root/ROS2Docker/ros2_ws/install/ur_dashboard_msgs/include/ur_dashboard_msgs/srv/detail/load__rosidl_typesupport_fastrtps_c.h
[10.856s] -- Installing: /root/ROS2Docker/ros2_ws/install/ur_dashboard_msgs/include/ur_dashboard_msgs/srv/detail/get_safety_mode__rosidl_typesupport_fastrtps_c.h
[10.856s] -- Installing: /root/ROS2Docker/ros2_ws/install/ur_dashboard_msgs/include/ur_dashboard_msgs/srv/detail/get_robot_mode__rosidl_typesupport_fastrtps_c.h
[10.856s] -- Installing: /root/ROS2Docker/ros2_ws/install/ur_dashboard_msgs/include/ur_dashboard_msgs/srv/detail/add_to_log__rosidl_typesupport_fastrtps_c.h
[10.856s] -- Installing: /root/ROS2Docker/ros2_ws/install/ur_dashboard_msgs/lib/libur_dashboard_msgs__rosidl_typesupport_fastrtps_c.so
[10.857s] -- Set runtime path of "/root/ROS2Docker/ros2_ws/install/ur_dashboard_msgs/lib/libur_dashboard_msgs__rosidl_typesupport_fastrtps_c.so" to ""
[10.857s] -- Up-to-date: /root/ROS2Docker/ros2_ws/install/ur_dashboard_msgs/include/ur_dashboard_msgs
[10.857s] -- Up-to-date: /root/ROS2Docker/ros2_ws/install/ur_dashboard_msgs/include/ur_dashboard_msgs/action
[10.857s] -- Up-to-date: /root/ROS2Docker/ros2_ws/install/ur_dashboard_msgs/include/ur_dashboard_msgs/action/detail
[10.857s] -- Installing: /root/ROS2Docker/ros2_ws/install/ur_dashboard_msgs/include/ur_dashboard_msgs/action/detail/dds_fastrtps
[10.857s] -- Installing: /root/ROS2Docker/ros2_ws/install/ur_dashboard_msgs/include/ur_dashboard_msgs/action/detail/set_mode__rosidl_typesupport_fastrtps_cpp.hpp
[10.857s] -- Up-to-date: /root/ROS2Docker/ros2_ws/install/ur_dashboard_msgs/include/ur_dashboard_msgs/msg
[10.857s] -- Installing: /root/ROS2Docker/ros2_ws/install/ur_dashboard_msgs/include/ur_dashboard_msgs/msg/rosidl_typesupport_fastrtps_cpp__visibility_control.h
[10.858s] -- Up-to-date: /root/ROS2Docker/ros2_ws/install/ur_dashboard_msgs/include/ur_dashboard_msgs/msg/detail
[10.858s] -- Installing: /root/ROS2Docker/ros2_ws/install/ur_dashboard_msgs/include/ur_dashboard_msgs/msg/detail/program_state__rosidl_typesupport_fastrtps_cpp.hpp
[10.858s] -- Installing: /root/ROS2Docker/ros2_ws/install/ur_dashboard_msgs/include/ur_dashboard_msgs/msg/detail/dds_fastrtps
[10.858s] -- Installing: /root/ROS2Docker/ros2_ws/install/ur_dashboard_msgs/include/ur_dashboard_msgs/msg/detail/safety_mode__rosidl_typesupport_fastrtps_cpp.hpp
[10.858s] -- Installing: /root/ROS2Docker/ros2_ws/install/ur_dashboard_msgs/include/ur_dashboard_msgs/msg/detail/robot_mode__rosidl_typesupport_fastrtps_cpp.hpp
[10.858s] -- Up-to-date: /root/ROS2Docker/ros2_ws/install/ur_dashboard_msgs/include/ur_dashboard_msgs/srv
[10.858s] -- Up-to-date: /root/ROS2Docker/ros2_ws/install/ur_dashboard_msgs/include/ur_dashboard_msgs/srv/detail
[10.858s] -- Installing: /root/ROS2Docker/ros2_ws/install/ur_dashboard_msgs/include/ur_dashboard_msgs/srv/detail/dds_fastrtps
[10.858s] -- Installing: /root/ROS2Docker/ros2_ws/install/ur_dashboard_msgs/include/ur_dashboard_msgs/srv/detail/popup__rosidl_typesupport_fastrtps_cpp.hpp
[10.858s] -- Installing: /root/ROS2Docker/ros2_ws/install/ur_dashboard_msgs/include/ur_dashboard_msgs/srv/detail/add_to_log__rosidl_typesupport_fastrtps_cpp.hpp
[10.859s] -- Installing: /root/ROS2Docker/ros2_ws/install/ur_dashboard_msgs/include/ur_dashboard_msgs/srv/detail/get_robot_mode__rosidl_typesupport_fastrtps_cpp.hpp
[10.859s] -- Installing: /root/ROS2Docker/ros2_ws/install/ur_dashboard_msgs/include/ur_dashboard_msgs/srv/detail/get_program_state__rosidl_typesupport_fastrtps_cpp.hpp
[10.859s] -- Installing: /root/ROS2Docker/ros2_ws/install/ur_dashboard_msgs/include/ur_dashboard_msgs/srv/detail/get_safety_mode__rosidl_typesupport_fastrtps_cpp.hpp
[10.859s] -- Installing: /root/ROS2Docker/ros2_ws/install/ur_dashboard_msgs/include/ur_dashboard_msgs/srv/detail/is_program_saved__rosidl_typesupport_fastrtps_cpp.hpp
[10.859s] -- Installing: /root/ROS2Docker/ros2_ws/install/ur_dashboard_msgs/include/ur_dashboard_msgs/srv/detail/get_loaded_program__rosidl_typesupport_fastrtps_cpp.hpp
[10.859s] -- Installing: /root/ROS2Docker/ros2_ws/install/ur_dashboard_msgs/include/ur_dashboard_msgs/srv/detail/load__rosidl_typesupport_fastrtps_cpp.hpp
[10.859s] -- Installing: /root/ROS2Docker/ros2_ws/install/ur_dashboard_msgs/include/ur_dashboard_msgs/srv/detail/raw_request__rosidl_typesupport_fastrtps_cpp.hpp
[10.859s] -- Installing: /root/ROS2Docker/ros2_ws/install/ur_dashboard_msgs/include/ur_dashboard_msgs/srv/detail/is_program_running__rosidl_typesupport_fastrtps_cpp.hpp
[10.859s] -- Installing: /root/ROS2Docker/ros2_ws/install/ur_dashboard_msgs/lib/libur_dashboard_msgs__rosidl_typesupport_fastrtps_cpp.so
[10.860s] -- Set runtime path of "/root/ROS2Docker/ros2_ws/install/ur_dashboard_msgs/lib/libur_dashboard_msgs__rosidl_typesupport_fastrtps_cpp.so" to ""
[10.860s] -- Up-to-date: /root/ROS2Docker/ros2_ws/install/ur_dashboard_msgs/include/ur_dashboard_msgs
[10.860s] -- Up-to-date: /root/ROS2Docker/ros2_ws/install/ur_dashboard_msgs/include/ur_dashboard_msgs/action
[10.860s] -- Up-to-date: /root/ROS2Docker/ros2_ws/install/ur_dashboard_msgs/include/ur_dashboard_msgs/action/detail
[10.860s] -- Installing: /root/ROS2Docker/ros2_ws/install/ur_dashboard_msgs/include/ur_dashboard_msgs/action/detail/set_mode__rosidl_typesupport_introspection_c.h
[10.860s] -- Installing: /root/ROS2Docker/ros2_ws/install/ur_dashboard_msgs/include/ur_dashboard_msgs/action/detail/set_mode__type_support.c
[10.860s] -- Up-to-date: /root/ROS2Docker/ros2_ws/install/ur_dashboard_msgs/include/ur_dashboard_msgs/msg
[10.860s] -- Up-to-date: /root/ROS2Docker/ros2_ws/install/ur_dashboard_msgs/include/ur_dashboard_msgs/msg/detail
[10.860s] -- Installing: /root/ROS2Docker/ros2_ws/install/ur_dashboard_msgs/include/ur_dashboard_msgs/msg/detail/program_state__rosidl_typesupport_introspection_c.h
[10.860s] -- Installing: /root/ROS2Docker/ros2_ws/install/ur_dashboard_msgs/include/ur_dashboard_msgs/msg/detail/robot_mode__rosidl_typesupport_introspection_c.h
[10.861s] -- Installing: /root/ROS2Docker/ros2_ws/install/ur_dashboard_msgs/include/ur_dashboard_msgs/msg/detail/safety_mode__type_support.c
[10.861s] -- Installing: /root/ROS2Docker/ros2_ws/install/ur_dashboard_msgs/include/ur_dashboard_msgs/msg/detail/program_state__type_support.c
[10.861s] -- Installing: /root/ROS2Docker/ros2_ws/install/ur_dashboard_msgs/include/ur_dashboard_msgs/msg/detail/robot_mode__type_support.c
[10.861s] -- Installing: /root/ROS2Docker/ros2_ws/install/ur_dashboard_msgs/include/ur_dashboard_msgs/msg/detail/safety_mode__rosidl_typesupport_introspection_c.h
[10.861s] -- Installing: /root/ROS2Docker/ros2_ws/install/ur_dashboard_msgs/include/ur_dashboard_msgs/msg/rosidl_typesupport_introspection_c__visibility_control.h
[10.861s] -- Up-to-date: /root/ROS2Docker/ros2_ws/install/ur_dashboard_msgs/include/ur_dashboard_msgs/srv
[10.861s] -- Up-to-date: /root/ROS2Docker/ros2_ws/install/ur_dashboard_msgs/include/ur_dashboard_msgs/srv/detail
[10.861s] -- Installing: /root/ROS2Docker/ros2_ws/install/ur_dashboard_msgs/include/ur_dashboard_msgs/srv/detail/is_program_running__rosidl_typesupport_introspection_c.h
[10.861s] -- Installing: /root/ROS2Docker/ros2_ws/install/ur_dashboard_msgs/include/ur_dashboard_msgs/srv/detail/add_to_log__rosidl_typesupport_introspection_c.h
[10.861s] -- Installing: /root/ROS2Docker/ros2_ws/install/ur_dashboard_msgs/include/ur_dashboard_msgs/srv/detail/is_program_saved__type_support.c
[10.862s] -- Installing: /root/ROS2Docker/ros2_ws/install/ur_dashboard_msgs/include/ur_dashboard_msgs/srv/detail/load__rosidl_typesupport_introspection_c.h
[10.862s] -- Installing: /root/ROS2Docker/ros2_ws/install/ur_dashboard_msgs/include/ur_dashboard_msgs/srv/detail/raw_request__type_support.c
[10.862s] -- Installing: /root/ROS2Docker/ros2_ws/install/ur_dashboard_msgs/include/ur_dashboard_msgs/srv/detail/get_program_state__rosidl_typesupport_introspection_c.h
[10.862s] -- Installing: /root/ROS2Docker/ros2_ws/install/ur_dashboard_msgs/include/ur_dashboard_msgs/srv/detail/load__type_support.c
[10.862s] -- Installing: /root/ROS2Docker/ros2_ws/install/ur_dashboard_msgs/include/ur_dashboard_msgs/srv/detail/get_loaded_program__rosidl_typesupport_introspection_c.h
[10.862s] -- Installing: /root/ROS2Docker/ros2_ws/install/ur_dashboard_msgs/include/ur_dashboard_msgs/srv/detail/get_loaded_program__type_support.c
[10.862s] -- Installing: /root/ROS2Docker/ros2_ws/install/ur_dashboard_msgs/include/ur_dashboard_msgs/srv/detail/is_program_running__type_support.c
[10.862s] -- Installing: /root/ROS2Docker/ros2_ws/install/ur_dashboard_msgs/include/ur_dashboard_msgs/srv/detail/get_safety_mode__type_support.c
[10.862s] -- Installing: /root/ROS2Docker/ros2_ws/install/ur_dashboard_msgs/include/ur_dashboard_msgs/srv/detail/get_program_state__type_support.c
[10.862s] -- Installing: /root/ROS2Docker/ros2_ws/install/ur_dashboard_msgs/include/ur_dashboard_msgs/srv/detail/popup__rosidl_typesupport_introspection_c.h
[10.862s] -- Installing: /root/ROS2Docker/ros2_ws/install/ur_dashboard_msgs/include/ur_dashboard_msgs/srv/detail/raw_request__rosidl_typesupport_introspection_c.h
[10.863s] -- Installing: /root/ROS2Docker/ros2_ws/install/ur_dashboard_msgs/include/ur_dashboard_msgs/srv/detail/add_to_log__type_support.c
[10.863s] -- Installing: /root/ROS2Docker/ros2_ws/install/ur_dashboard_msgs/include/ur_dashboard_msgs/srv/detail/is_program_saved__rosidl_typesupport_introspection_c.h
[10.863s] -- Installing: /root/ROS2Docker/ros2_ws/install/ur_dashboard_msgs/include/ur_dashboard_msgs/srv/detail/popup__type_support.c
[10.863s] -- Installing: /root/ROS2Docker/ros2_ws/install/ur_dashboard_msgs/include/ur_dashboard_msgs/srv/detail/get_safety_mode__rosidl_typesupport_introspection_c.h
[10.863s] -- Installing: /root/ROS2Docker/ros2_ws/install/ur_dashboard_msgs/include/ur_dashboard_msgs/srv/detail/get_robot_mode__rosidl_typesupport_introspection_c.h
[10.863s] -- Installing: /root/ROS2Docker/ros2_ws/install/ur_dashboard_msgs/include/ur_dashboard_msgs/srv/detail/get_robot_mode__type_support.c
[10.863s] -- Installing: /root/ROS2Docker/ros2_ws/install/ur_dashboard_msgs/lib/libur_dashboard_msgs__rosidl_typesupport_introspection_c.so
[10.863s] -- Set runtime path of "/root/ROS2Docker/ros2_ws/install/ur_dashboard_msgs/lib/libur_dashboard_msgs__rosidl_typesupport_introspection_c.so" to ""
[10.863s] -- Installing: /root/ROS2Docker/ros2_ws/install/ur_dashboard_msgs/lib/libur_dashboard_msgs__rosidl_typesupport_c.so
[10.864s] -- Set runtime path of "/root/ROS2Docker/ros2_ws/install/ur_dashboard_msgs/lib/libur_dashboard_msgs__rosidl_typesupport_c.so" to ""
[10.864s] -- Up-to-date: /root/ROS2Docker/ros2_ws/install/ur_dashboard_msgs/include/ur_dashboard_msgs
[10.864s] -- Up-to-date: /root/ROS2Docker/ros2_ws/install/ur_dashboard_msgs/include/ur_dashboard_msgs/action
[10.864s] -- Up-to-date: /root/ROS2Docker/ros2_ws/install/ur_dashboard_msgs/include/ur_dashboard_msgs/action/detail
[10.864s] -- Installing: /root/ROS2Docker/ros2_ws/install/ur_dashboard_msgs/include/ur_dashboard_msgs/action/detail/set_mode__struct.hpp
[10.864s] -- Installing: /root/ROS2Docker/ros2_ws/install/ur_dashboard_msgs/include/ur_dashboard_msgs/action/detail/set_mode__builder.hpp
[10.864s] -- Installing: /root/ROS2Docker/ros2_ws/install/ur_dashboard_msgs/include/ur_dashboard_msgs/action/detail/set_mode__traits.hpp
[10.864s] -- Installing: /root/ROS2Docker/ros2_ws/install/ur_dashboard_msgs/include/ur_dashboard_msgs/action/set_mode.hpp
[10.865s] -- Up-to-date: /root/ROS2Docker/ros2_ws/install/ur_dashboard_msgs/include/ur_dashboard_msgs/msg
[10.865s] -- Installing: /root/ROS2Docker/ros2_ws/install/ur_dashboard_msgs/include/ur_dashboard_msgs/msg/robot_mode.hpp
[10.865s] -- Installing: /root/ROS2Docker/ros2_ws/install/ur_dashboard_msgs/include/ur_dashboard_msgs/msg/program_state.hpp
[10.865s] -- Up-to-date: /root/ROS2Docker/ros2_ws/install/ur_dashboard_msgs/include/ur_dashboard_msgs/msg/detail
[10.865s] -- Installing: /root/ROS2Docker/ros2_ws/install/ur_dashboard_msgs/include/ur_dashboard_msgs/msg/detail/program_state__builder.hpp
[10.865s] -- Installing: /root/ROS2Docker/ros2_ws/install/ur_dashboard_msgs/include/ur_dashboard_msgs/msg/detail/robot_mode__struct.hpp
[10.865s] -- Installing: /root/ROS2Docker/ros2_ws/install/ur_dashboard_msgs/include/ur_dashboard_msgs/msg/detail/safety_mode__struct.hpp
[10.865s] -- Installing: /root/ROS2Docker/ros2_ws/install/ur_dashboard_msgs/include/ur_dashboard_msgs/msg/detail/robot_mode__builder.hpp
[10.865s] -- Installing: /root/ROS2Docker/ros2_ws/install/ur_dashboard_msgs/include/ur_dashboard_msgs/msg/detail/safety_mode__traits.hpp
[10.865s] -- Installing: /root/ROS2Docker/ros2_ws/install/ur_dashboard_msgs/include/ur_dashboard_msgs/msg/detail/program_state__traits.hpp
[10.865s] -- Installing: /root/ROS2Docker/ros2_ws/install/ur_dashboard_msgs/include/ur_dashboard_msgs/msg/detail/robot_mode__traits.hpp
[10.865s] -- Installing: /root/ROS2Docker/ros2_ws/install/ur_dashboard_msgs/include/ur_dashboard_msgs/msg/detail/program_state__struct.hpp
[10.865s] -- Installing: /root/ROS2Docker/ros2_ws/install/ur_dashboard_msgs/include/ur_dashboard_msgs/msg/detail/safety_mode__builder.hpp
[10.866s] -- Installing: /root/ROS2Docker/ros2_ws/install/ur_dashboard_msgs/include/ur_dashboard_msgs/msg/safety_mode.hpp
[10.866s] -- Up-to-date: /root/ROS2Docker/ros2_ws/install/ur_dashboard_msgs/include/ur_dashboard_msgs/srv
[10.866s] -- Installing: /root/ROS2Docker/ros2_ws/install/ur_dashboard_msgs/include/ur_dashboard_msgs/srv/load.hpp
[10.866s] -- Installing: /root/ROS2Docker/ros2_ws/install/ur_dashboard_msgs/include/ur_dashboard_msgs/srv/is_program_saved.hpp
[10.866s] -- Installing: /root/ROS2Docker/ros2_ws/install/ur_dashboard_msgs/include/ur_dashboard_msgs/srv/is_program_running.hpp
[10.866s] -- Installing: /root/ROS2Docker/ros2_ws/install/ur_dashboard_msgs/include/ur_dashboard_msgs/srv/popup.hpp
[10.866s] -- Installing: /root/ROS2Docker/ros2_ws/install/ur_dashboard_msgs/include/ur_dashboard_msgs/srv/add_to_log.hpp
[10.866s] -- Installing: /root/ROS2Docker/ros2_ws/install/ur_dashboard_msgs/include/ur_dashboard_msgs/srv/raw_request.hpp
[10.866s] -- Installing: /root/ROS2Docker/ros2_ws/install/ur_dashboard_msgs/include/ur_dashboard_msgs/srv/get_robot_mode.hpp
[10.866s] -- Installing: /root/ROS2Docker/ros2_ws/install/ur_dashboard_msgs/include/ur_dashboard_msgs/srv/get_loaded_program.hpp
[10.866s] -- Installing: /root/ROS2Docker/ros2_ws/install/ur_dashboard_msgs/include/ur_dashboard_msgs/srv/get_program_state.hpp
[10.866s] -- Up-to-date: /root/ROS2Docker/ros2_ws/install/ur_dashboard_msgs/include/ur_dashboard_msgs/srv/detail
[10.867s] -- Installing: /root/ROS2Docker/ros2_ws/install/ur_dashboard_msgs/include/ur_dashboard_msgs/srv/detail/load__builder.hpp
[10.867s] -- Installing: /root/ROS2Docker/ros2_ws/install/ur_dashboard_msgs/include/ur_dashboard_msgs/srv/detail/get_robot_mode__struct.hpp
[10.867s] -- Installing: /root/ROS2Docker/ros2_ws/install/ur_dashboard_msgs/include/ur_dashboard_msgs/srv/detail/popup__traits.hpp
[10.867s] -- Installing: /root/ROS2Docker/ros2_ws/install/ur_dashboard_msgs/include/ur_dashboard_msgs/srv/detail/load__struct.hpp
[10.867s] -- Installing: /root/ROS2Docker/ros2_ws/install/ur_dashboard_msgs/include/ur_dashboard_msgs/srv/detail/is_program_saved__struct.hpp
[10.867s] -- Installing: /root/ROS2Docker/ros2_ws/install/ur_dashboard_msgs/include/ur_dashboard_msgs/srv/detail/raw_request__builder.hpp
[10.867s] -- Installing: /root/ROS2Docker/ros2_ws/install/ur_dashboard_msgs/include/ur_dashboard_msgs/srv/detail/is_program_running__traits.hpp
[10.867s] -- Installing: /root/ROS2Docker/ros2_ws/install/ur_dashboard_msgs/include/ur_dashboard_msgs/srv/detail/get_robot_mode__builder.hpp
[10.867s] -- Installing: /root/ROS2Docker/ros2_ws/install/ur_dashboard_msgs/include/ur_dashboard_msgs/srv/detail/get_robot_mode__traits.hpp
[10.867s] -- Installing: /root/ROS2Docker/ros2_ws/install/ur_dashboard_msgs/include/ur_dashboard_msgs/srv/detail/get_safety_mode__builder.hpp
[10.867s] -- Installing: /root/ROS2Docker/ros2_ws/install/ur_dashboard_msgs/include/ur_dashboard_msgs/srv/detail/get_safety_mode__struct.hpp
[10.867s] -- Installing: /root/ROS2Docker/ros2_ws/install/ur_dashboard_msgs/include/ur_dashboard_msgs/srv/detail/raw_request__struct.hpp
[10.867s] -- Installing: /root/ROS2Docker/ros2_ws/install/ur_dashboard_msgs/include/ur_dashboard_msgs/srv/detail/get_program_state__builder.hpp
[10.868s] -- Installing: /root/ROS2Docker/ros2_ws/install/ur_dashboard_msgs/include/ur_dashboard_msgs/srv/detail/is_program_saved__builder.hpp
[10.868s] -- Installing: /root/ROS2Docker/ros2_ws/install/ur_dashboard_msgs/include/ur_dashboard_msgs/srv/detail/is_program_running__builder.hpp
[10.868s] -- Installing: /root/ROS2Docker/ros2_ws/install/ur_dashboard_msgs/include/ur_dashboard_msgs/srv/detail/is_program_saved__traits.hpp
[10.868s] -- Installing: /root/ROS2Docker/ros2_ws/install/ur_dashboard_msgs/include/ur_dashboard_msgs/srv/detail/get_program_state__traits.hpp
[10.868s] -- Installing: /root/ROS2Docker/ros2_ws/install/ur_dashboard_msgs/include/ur_dashboard_msgs/srv/detail/add_to_log__struct.hpp
[10.868s] -- Installing: /root/ROS2Docker/ros2_ws/install/ur_dashboard_msgs/include/ur_dashboard_msgs/srv/detail/add_to_log__builder.hpp
[10.868s] -- Installing: /root/ROS2Docker/ros2_ws/install/ur_dashboard_msgs/include/ur_dashboard_msgs/srv/detail/get_loaded_program__builder.hpp
[10.868s] -- Installing: /root/ROS2Docker/ros2_ws/install/ur_dashboard_msgs/include/ur_dashboard_msgs/srv/detail/is_program_running__struct.hpp
[10.868s] -- Installing: /root/ROS2Docker/ros2_ws/install/ur_dashboard_msgs/include/ur_dashboard_msgs/srv/detail/load__traits.hpp
[10.868s] -- Installing: /root/ROS2Docker/ros2_ws/install/ur_dashboard_msgs/include/ur_dashboard_msgs/srv/detail/popup__builder.hpp
[10.868s] -- Installing: /root/ROS2Docker/ros2_ws/install/ur_dashboard_msgs/include/ur_dashboard_msgs/srv/detail/get_safety_mode__traits.hpp
[10.868s] -- Installing: /root/ROS2Docker/ros2_ws/install/ur_dashboard_msgs/include/ur_dashboard_msgs/srv/detail/popup__struct.hpp
[10.868s] -- Installing: /root/ROS2Docker/ros2_ws/install/ur_dashboard_msgs/include/ur_dashboard_msgs/srv/detail/get_loaded_program__traits.hpp
[10.869s] -- Installing: /root/ROS2Docker/ros2_ws/install/ur_dashboard_msgs/include/ur_dashboard_msgs/srv/detail/add_to_log__traits.hpp
[10.869s] -- Installing: /root/ROS2Docker/ros2_ws/install/ur_dashboard_msgs/include/ur_dashboard_msgs/srv/detail/get_program_state__struct.hpp
[10.869s] -- Installing: /root/ROS2Docker/ros2_ws/install/ur_dashboard_msgs/include/ur_dashboard_msgs/srv/detail/get_loaded_program__struct.hpp
[10.869s] -- Installing: /root/ROS2Docker/ros2_ws/install/ur_dashboard_msgs/include/ur_dashboard_msgs/srv/detail/raw_request__traits.hpp
[10.869s] -- Installing: /root/ROS2Docker/ros2_ws/install/ur_dashboard_msgs/include/ur_dashboard_msgs/srv/get_safety_mode.hpp
[10.869s] -- Up-to-date: /root/ROS2Docker/ros2_ws/install/ur_dashboard_msgs/include/ur_dashboard_msgs
[10.869s] -- Up-to-date: /root/ROS2Docker/ros2_ws/install/ur_dashboard_msgs/include/ur_dashboard_msgs/action
[10.869s] -- Up-to-date: /root/ROS2Docker/ros2_ws/install/ur_dashboard_msgs/include/ur_dashboard_msgs/action/detail
[10.869s] -- Installing: /root/ROS2Docker/ros2_ws/install/ur_dashboard_msgs/include/ur_dashboard_msgs/action/detail/set_mode__type_support.cpp
[10.869s] -- Installing: /root/ROS2Docker/ros2_ws/install/ur_dashboard_msgs/include/ur_dashboard_msgs/action/detail/set_mode__rosidl_typesupport_introspection_cpp.hpp
[10.869s] -- Up-to-date: /root/ROS2Docker/ros2_ws/install/ur_dashboard_msgs/include/ur_dashboard_msgs/msg
[10.869s] -- Up-to-date: /root/ROS2Docker/ros2_ws/install/ur_dashboard_msgs/include/ur_dashboard_msgs/msg/detail
[10.869s] -- Installing: /root/ROS2Docker/ros2_ws/install/ur_dashboard_msgs/include/ur_dashboard_msgs/msg/detail/program_state__type_support.cpp
[10.869s] -- Installing: /root/ROS2Docker/ros2_ws/install/ur_dashboard_msgs/include/ur_dashboard_msgs/msg/detail/robot_mode__rosidl_typesupport_introspection_cpp.hpp
[10.870s] -- Installing: /root/ROS2Docker/ros2_ws/install/ur_dashboard_msgs/include/ur_dashboard_msgs/msg/detail/safety_mode__rosidl_typesupport_introspection_cpp.hpp
[10.870s] -- Installing: /root/ROS2Docker/ros2_ws/install/ur_dashboard_msgs/include/ur_dashboard_msgs/msg/detail/robot_mode__type_support.cpp
[10.870s] -- Installing: /root/ROS2Docker/ros2_ws/install/ur_dashboard_msgs/include/ur_dashboard_msgs/msg/detail/safety_mode__type_support.cpp
[10.870s] -- Installing: /root/ROS2Docker/ros2_ws/install/ur_dashboard_msgs/include/ur_dashboard_msgs/msg/detail/program_state__rosidl_typesupport_introspection_cpp.hpp
[10.870s] -- Up-to-date: /root/ROS2Docker/ros2_ws/install/ur_dashboard_msgs/include/ur_dashboard_msgs/srv
[10.870s] -- Up-to-date: /root/ROS2Docker/ros2_ws/install/ur_dashboard_msgs/include/ur_dashboard_msgs/srv/detail
[10.870s] -- Installing: /root/ROS2Docker/ros2_ws/install/ur_dashboard_msgs/include/ur_dashboard_msgs/srv/detail/raw_request__type_support.cpp
[10.870s] -- Installing: /root/ROS2Docker/ros2_ws/install/ur_dashboard_msgs/include/ur_dashboard_msgs/srv/detail/popup__type_support.cpp
[10.870s] -- Installing: /root/ROS2Docker/ros2_ws/install/ur_dashboard_msgs/include/ur_dashboard_msgs/srv/detail/get_loaded_program__rosidl_typesupport_introspection_cpp.hpp
[10.870s] -- Installing: /root/ROS2Docker/ros2_ws/install/ur_dashboard_msgs/include/ur_dashboard_msgs/srv/detail/popup__rosidl_typesupport_introspection_cpp.hpp
[10.870s] -- Installing: /root/ROS2Docker/ros2_ws/install/ur_dashboard_msgs/include/ur_dashboard_msgs/srv/detail/get_loaded_program__type_support.cpp
[10.870s] -- Installing: /root/ROS2Docker/ros2_ws/install/ur_dashboard_msgs/include/ur_dashboard_msgs/srv/detail/get_robot_mode__type_support.cpp
[10.870s] -- Installing: /root/ROS2Docker/ros2_ws/install/ur_dashboard_msgs/include/ur_dashboard_msgs/srv/detail/load__type_support.cpp
[10.870s] -- Installing: /root/ROS2Docker/ros2_ws/install/ur_dashboard_msgs/include/ur_dashboard_msgs/srv/detail/add_to_log__rosidl_typesupport_introspection_cpp.hpp
[10.871s] -- Installing: /root/ROS2Docker/ros2_ws/install/ur_dashboard_msgs/include/ur_dashboard_msgs/srv/detail/is_program_running__rosidl_typesupport_introspection_cpp.hpp
[10.871s] -- Installing: /root/ROS2Docker/ros2_ws/install/ur_dashboard_msgs/include/ur_dashboard_msgs/srv/detail/get_program_state__rosidl_typesupport_introspection_cpp.hpp
[10.871s] -- Installing: /root/ROS2Docker/ros2_ws/install/ur_dashboard_msgs/include/ur_dashboard_msgs/srv/detail/is_program_running__type_support.cpp
[10.871s] -- Installing: /root/ROS2Docker/ros2_ws/install/ur_dashboard_msgs/include/ur_dashboard_msgs/srv/detail/get_safety_mode__rosidl_typesupport_introspection_cpp.hpp
[10.871s] -- Installing: /root/ROS2Docker/ros2_ws/install/ur_dashboard_msgs/include/ur_dashboard_msgs/srv/detail/add_to_log__type_support.cpp
[10.871s] -- Installing: /root/ROS2Docker/ros2_ws/install/ur_dashboard_msgs/include/ur_dashboard_msgs/srv/detail/raw_request__rosidl_typesupport_introspection_cpp.hpp
[10.871s] -- Installing: /root/ROS2Docker/ros2_ws/install/ur_dashboard_msgs/include/ur_dashboard_msgs/srv/detail/is_program_saved__rosidl_typesupport_introspection_cpp.hpp
[10.871s] -- Installing: /root/ROS2Docker/ros2_ws/install/ur_dashboard_msgs/include/ur_dashboard_msgs/srv/detail/get_program_state__type_support.cpp
[10.871s] -- Installing: /root/ROS2Docker/ros2_ws/install/ur_dashboard_msgs/include/ur_dashboard_msgs/srv/detail/load__rosidl_typesupport_introspection_cpp.hpp
[10.871s] -- Installing: /root/ROS2Docker/ros2_ws/install/ur_dashboard_msgs/include/ur_dashboard_msgs/srv/detail/get_safety_mode__type_support.cpp
[10.871s] -- Installing: /root/ROS2Docker/ros2_ws/install/ur_dashboard_msgs/include/ur_dashboard_msgs/srv/detail/get_robot_mode__rosidl_typesupport_introspection_cpp.hpp
[10.871s] -- Installing: /root/ROS2Docker/ros2_ws/install/ur_dashboard_msgs/include/ur_dashboard_msgs/srv/detail/is_program_saved__type_support.cpp
[10.871s] -- Installing: /root/ROS2Docker/ros2_ws/install/ur_dashboard_msgs/lib/libur_dashboard_msgs__rosidl_typesupport_introspection_cpp.so
[10.871s] -- Set runtime path of "/root/ROS2Docker/ros2_ws/install/ur_dashboard_msgs/lib/libur_dashboard_msgs__rosidl_typesupport_introspection_cpp.so" to ""
[10.872s] -- Installing: /root/ROS2Docker/ros2_ws/install/ur_dashboard_msgs/lib/libur_dashboard_msgs__rosidl_typesupport_cpp.so
[10.872s] -- Set runtime path of "/root/ROS2Docker/ros2_ws/install/ur_dashboard_msgs/lib/libur_dashboard_msgs__rosidl_typesupport_cpp.so" to ""
[10.872s] -- Installing: /root/ROS2Docker/ros2_ws/install/ur_dashboard_msgs/share/ur_dashboard_msgs/environment/pythonpath.sh
[10.872s] -- Installing: /root/ROS2Docker/ros2_ws/install/ur_dashboard_msgs/share/ur_dashboard_msgs/environment/pythonpath.dsv
[10.872s] -- Installing: /root/ROS2Docker/ros2_ws/install/ur_dashboard_msgs/lib/python3.8/site-packages/ur_dashboard_msgs/__init__.py
[10.897s] Compiling '/root/ROS2Docker/ros2_ws/install/ur_dashboard_msgs/lib/python3.8/site-packages/ur_dashboard_msgs/__init__.py'...
[10.899s] -- Installing: /root/ROS2Docker/ros2_ws/install/ur_dashboard_msgs/lib/python3.8/site-packages/ur_dashboard_msgs/msg
[10.899s] -- Installing: /root/ROS2Docker/ros2_ws/install/ur_dashboard_msgs/lib/python3.8/site-packages/ur_dashboard_msgs/msg/_safety_mode.py
[10.900s] -- Installing: /root/ROS2Docker/ros2_ws/install/ur_dashboard_msgs/lib/python3.8/site-packages/ur_dashboard_msgs/msg/_program_state.py
[10.900s] -- Installing: /root/ROS2Docker/ros2_ws/install/ur_dashboard_msgs/lib/python3.8/site-packages/ur_dashboard_msgs/msg/_robot_mode.py
[10.900s] -- Installing: /root/ROS2Docker/ros2_ws/install/ur_dashboard_msgs/lib/python3.8/site-packages/ur_dashboard_msgs/msg/_safety_mode_s.c
[10.900s] -- Installing: /root/ROS2Docker/ros2_ws/install/ur_dashboard_msgs/lib/python3.8/site-packages/ur_dashboard_msgs/msg/__init__.py
[10.900s] -- Installing: /root/ROS2Docker/ros2_ws/install/ur_dashboard_msgs/lib/python3.8/site-packages/ur_dashboard_msgs/msg/_robot_mode_s.c
[10.900s] -- Installing: /root/ROS2Docker/ros2_ws/install/ur_dashboard_msgs/lib/python3.8/site-packages/ur_dashboard_msgs/msg/_program_state_s.c
[10.900s] -- Installing: /root/ROS2Docker/ros2_ws/install/ur_dashboard_msgs/lib/python3.8/site-packages/ur_dashboard_msgs/srv
[10.900s] -- Installing: /root/ROS2Docker/ros2_ws/install/ur_dashboard_msgs/lib/python3.8/site-packages/ur_dashboard_msgs/srv/_add_to_log_s.c
[10.900s] -- Installing: /root/ROS2Docker/ros2_ws/install/ur_dashboard_msgs/lib/python3.8/site-packages/ur_dashboard_msgs/srv/_popup.py
[10.900s] -- Installing: /root/ROS2Docker/ros2_ws/install/ur_dashboard_msgs/lib/python3.8/site-packages/ur_dashboard_msgs/srv/_get_loaded_program.py
[10.900s] -- Installing: /root/ROS2Docker/ros2_ws/install/ur_dashboard_msgs/lib/python3.8/site-packages/ur_dashboard_msgs/srv/_is_program_running.py
[10.900s] -- Installing: /root/ROS2Docker/ros2_ws/install/ur_dashboard_msgs/lib/python3.8/site-packages/ur_dashboard_msgs/srv/_get_program_state_s.c
[10.900s] -- Installing: /root/ROS2Docker/ros2_ws/install/ur_dashboard_msgs/lib/python3.8/site-packages/ur_dashboard_msgs/srv/_raw_request_s.c
[10.900s] -- Installing: /root/ROS2Docker/ros2_ws/install/ur_dashboard_msgs/lib/python3.8/site-packages/ur_dashboard_msgs/srv/_get_loaded_program_s.c
[10.900s] -- Installing: /root/ROS2Docker/ros2_ws/install/ur_dashboard_msgs/lib/python3.8/site-packages/ur_dashboard_msgs/srv/_get_program_state.py
[10.901s] -- Installing: /root/ROS2Docker/ros2_ws/install/ur_dashboard_msgs/lib/python3.8/site-packages/ur_dashboard_msgs/srv/_add_to_log.py
[10.901s] -- Installing: /root/ROS2Docker/ros2_ws/install/ur_dashboard_msgs/lib/python3.8/site-packages/ur_dashboard_msgs/srv/__init__.py
[10.901s] -- Installing: /root/ROS2Docker/ros2_ws/install/ur_dashboard_msgs/lib/python3.8/site-packages/ur_dashboard_msgs/srv/_is_program_running_s.c
[10.901s] -- Installing: /root/ROS2Docker/ros2_ws/install/ur_dashboard_msgs/lib/python3.8/site-packages/ur_dashboard_msgs/srv/_is_program_saved_s.c
[10.901s] -- Installing: /root/ROS2Docker/ros2_ws/install/ur_dashboard_msgs/lib/python3.8/site-packages/ur_dashboard_msgs/srv/_get_safety_mode.py
[10.901s] -- Installing: /root/ROS2Docker/ros2_ws/install/ur_dashboard_msgs/lib/python3.8/site-packages/ur_dashboard_msgs/srv/_load.py
[10.901s] -- Installing: /root/ROS2Docker/ros2_ws/install/ur_dashboard_msgs/lib/python3.8/site-packages/ur_dashboard_msgs/srv/_is_program_saved.py
[10.901s] -- Installing: /root/ROS2Docker/ros2_ws/install/ur_dashboard_msgs/lib/python3.8/site-packages/ur_dashboard_msgs/srv/_get_robot_mode_s.c
[10.901s] -- Installing: /root/ROS2Docker/ros2_ws/install/ur_dashboard_msgs/lib/python3.8/site-packages/ur_dashboard_msgs/srv/_get_robot_mode.py
[10.901s] -- Installing: /root/ROS2Docker/ros2_ws/install/ur_dashboard_msgs/lib/python3.8/site-packages/ur_dashboard_msgs/srv/_load_s.c
[10.901s] -- Installing: /root/ROS2Docker/ros2_ws/install/ur_dashboard_msgs/lib/python3.8/site-packages/ur_dashboard_msgs/srv/_popup_s.c
[10.901s] -- Installing: /root/ROS2Docker/ros2_ws/install/ur_dashboard_msgs/lib/python3.8/site-packages/ur_dashboard_msgs/srv/_raw_request.py
[10.901s] -- Installing: /root/ROS2Docker/ros2_ws/install/ur_dashboard_msgs/lib/python3.8/site-packages/ur_dashboard_msgs/srv/_get_safety_mode_s.c
[10.901s] -- Installing: /root/ROS2Docker/ros2_ws/install/ur_dashboard_msgs/lib/python3.8/site-packages/ur_dashboard_msgs/action
[10.901s] -- Installing: /root/ROS2Docker/ros2_ws/install/ur_dashboard_msgs/lib/python3.8/site-packages/ur_dashboard_msgs/action/__init__.py
[10.901s] -- Installing: /root/ROS2Docker/ros2_ws/install/ur_dashboard_msgs/lib/python3.8/site-packages/ur_dashboard_msgs/action/_set_mode.py
[10.901s] -- Installing: /root/ROS2Docker/ros2_ws/install/ur_dashboard_msgs/lib/python3.8/site-packages/ur_dashboard_msgs/action/_set_mode_s.c
[10.902s] -- Installing: /root/ROS2Docker/ros2_ws/install/ur_dashboard_msgs/lib/python3.8/site-packages/ur_dashboard_msgs/ur_dashboard_msgs_s__rosidl_typesupport_fastrtps_c.cpython-38-x86_64-linux-gnu.so
[10.902s] -- Set runtime path of "/root/ROS2Docker/ros2_ws/install/ur_dashboard_msgs/lib/python3.8/site-packages/ur_dashboard_msgs/ur_dashboard_msgs_s__rosidl_typesupport_fastrtps_c.cpython-38-x86_64-linux-gnu.so" to ""
[10.902s] -- Installing: /root/ROS2Docker/ros2_ws/install/ur_dashboard_msgs/lib/python3.8/site-packages/ur_dashboard_msgs/ur_dashboard_msgs_s__rosidl_typesupport_introspection_c.cpython-38-x86_64-linux-gnu.so
[10.903s] -- Set runtime path of "/root/ROS2Docker/ros2_ws/install/ur_dashboard_msgs/lib/python3.8/site-packages/ur_dashboard_msgs/ur_dashboard_msgs_s__rosidl_typesupport_introspection_c.cpython-38-x86_64-linux-gnu.so" to ""
[10.903s] -- Installing: /root/ROS2Docker/ros2_ws/install/ur_dashboard_msgs/lib/python3.8/site-packages/ur_dashboard_msgs/ur_dashboard_msgs_s__rosidl_typesupport_c.cpython-38-x86_64-linux-gnu.so
[10.903s] -- Set runtime path of "/root/ROS2Docker/ros2_ws/install/ur_dashboard_msgs/lib/python3.8/site-packages/ur_dashboard_msgs/ur_dashboard_msgs_s__rosidl_typesupport_c.cpython-38-x86_64-linux-gnu.so" to ""
[10.903s] -- Installing: /root/ROS2Docker/ros2_ws/install/ur_dashboard_msgs/lib/libur_dashboard_msgs__python.so
[10.904s] -- Set runtime path of "/root/ROS2Docker/ros2_ws/install/ur_dashboard_msgs/lib/libur_dashboard_msgs__python.so" to ""
[10.904s] -- Installing: /root/ROS2Docker/ros2_ws/install/ur_dashboard_msgs/share/ur_dashboard_msgs/msg/ProgramState.idl
[10.904s] -- Installing: /root/ROS2Docker/ros2_ws/install/ur_dashboard_msgs/share/ur_dashboard_msgs/msg/RobotMode.idl
[10.904s] -- Installing: /root/ROS2Docker/ros2_ws/install/ur_dashboard_msgs/share/ur_dashboard_msgs/msg/SafetyMode.idl
[10.904s] -- Installing: /root/ROS2Docker/ros2_ws/install/ur_dashboard_msgs/share/ur_dashboard_msgs/srv/AddToLog.idl
[10.904s] -- Installing: /root/ROS2Docker/ros2_ws/install/ur_dashboard_msgs/share/ur_dashboard_msgs/srv/GetLoadedProgram.idl
[10.904s] -- Installing: /root/ROS2Docker/ros2_ws/install/ur_dashboard_msgs/share/ur_dashboard_msgs/srv/GetProgramState.idl
[10.904s] -- Installing: /root/ROS2Docker/ros2_ws/install/ur_dashboard_msgs/share/ur_dashboard_msgs/srv/GetRobotMode.idl
[10.904s] -- Installing: /root/ROS2Docker/ros2_ws/install/ur_dashboard_msgs/share/ur_dashboard_msgs/srv/GetSafetyMode.idl
[10.904s] -- Installing: /root/ROS2Docker/ros2_ws/install/ur_dashboard_msgs/share/ur_dashboard_msgs/srv/IsProgramRunning.idl
[10.905s] -- Installing: /root/ROS2Docker/ros2_ws/install/ur_dashboard_msgs/share/ur_dashboard_msgs/srv/IsProgramSaved.idl
[10.905s] -- Installing: /root/ROS2Docker/ros2_ws/install/ur_dashboard_msgs/share/ur_dashboard_msgs/srv/Load.idl
[10.905s] -- Installing: /root/ROS2Docker/ros2_ws/install/ur_dashboard_msgs/share/ur_dashboard_msgs/srv/Popup.idl
[10.905s] -- Installing: /root/ROS2Docker/ros2_ws/install/ur_dashboard_msgs/share/ur_dashboard_msgs/srv/RawRequest.idl
[10.905s] -- Installing: /root/ROS2Docker/ros2_ws/install/ur_dashboard_msgs/share/ur_dashboard_msgs/action/SetMode.idl
[10.905s] -- Installing: /root/ROS2Docker/ros2_ws/install/ur_dashboard_msgs/share/ur_dashboard_msgs/msg/ProgramState.msg
[10.905s] -- Installing: /root/ROS2Docker/ros2_ws/install/ur_dashboard_msgs/share/ur_dashboard_msgs/msg/RobotMode.msg
[10.905s] -- Installing: /root/ROS2Docker/ros2_ws/install/ur_dashboard_msgs/share/ur_dashboard_msgs/msg/SafetyMode.msg
[10.905s] -- Installing: /root/ROS2Docker/ros2_ws/install/ur_dashboard_msgs/share/ur_dashboard_msgs/srv/AddToLog.srv
[10.905s] -- Installing: /root/ROS2Docker/ros2_ws/install/ur_dashboard_msgs/share/ur_dashboard_msgs/srv/AddToLog_Request.msg
[10.906s] -- Installing: /root/ROS2Docker/ros2_ws/install/ur_dashboard_msgs/share/ur_dashboard_msgs/srv/AddToLog_Response.msg
[10.906s] -- Installing: /root/ROS2Docker/ros2_ws/install/ur_dashboard_msgs/share/ur_dashboard_msgs/srv/GetLoadedProgram.srv
[10.906s] -- Installing: /root/ROS2Docker/ros2_ws/install/ur_dashboard_msgs/share/ur_dashboard_msgs/srv/GetLoadedProgram_Request.msg
[10.906s] -- Installing: /root/ROS2Docker/ros2_ws/install/ur_dashboard_msgs/share/ur_dashboard_msgs/srv/GetLoadedProgram_Response.msg
[10.906s] -- Installing: /root/ROS2Docker/ros2_ws/install/ur_dashboard_msgs/share/ur_dashboard_msgs/srv/GetProgramState.srv
[10.906s] -- Installing: /root/ROS2Docker/ros2_ws/install/ur_dashboard_msgs/share/ur_dashboard_msgs/srv/GetProgramState_Request.msg
[10.906s] -- Installing: /root/ROS2Docker/ros2_ws/install/ur_dashboard_msgs/share/ur_dashboard_msgs/srv/GetProgramState_Response.msg
[10.906s] -- Installing: /root/ROS2Docker/ros2_ws/install/ur_dashboard_msgs/share/ur_dashboard_msgs/srv/GetRobotMode.srv
[10.906s] -- Installing: /root/ROS2Docker/ros2_ws/install/ur_dashboard_msgs/share/ur_dashboard_msgs/srv/GetRobotMode_Request.msg
[10.906s] -- Installing: /root/ROS2Docker/ros2_ws/install/ur_dashboard_msgs/share/ur_dashboard_msgs/srv/GetRobotMode_Response.msg
[10.906s] -- Installing: /root/ROS2Docker/ros2_ws/install/ur_dashboard_msgs/share/ur_dashboard_msgs/srv/GetSafetyMode.srv
[10.907s] -- Installing: /root/ROS2Docker/ros2_ws/install/ur_dashboard_msgs/share/ur_dashboard_msgs/srv/GetSafetyMode_Request.msg
[10.907s] -- Installing: /root/ROS2Docker/ros2_ws/install/ur_dashboard_msgs/share/ur_dashboard_msgs/srv/GetSafetyMode_Response.msg
[10.907s] -- Installing: /root/ROS2Docker/ros2_ws/install/ur_dashboard_msgs/share/ur_dashboard_msgs/srv/IsProgramRunning.srv
[10.907s] -- Installing: /root/ROS2Docker/ros2_ws/install/ur_dashboard_msgs/share/ur_dashboard_msgs/srv/IsProgramRunning_Request.msg
[10.907s] -- Installing: /root/ROS2Docker/ros2_ws/install/ur_dashboard_msgs/share/ur_dashboard_msgs/srv/IsProgramRunning_Response.msg
[10.907s] -- Installing: /root/ROS2Docker/ros2_ws/install/ur_dashboard_msgs/share/ur_dashboard_msgs/srv/IsProgramSaved.srv
[10.907s] -- Installing: /root/ROS2Docker/ros2_ws/install/ur_dashboard_msgs/share/ur_dashboard_msgs/srv/IsProgramSaved_Request.msg
[10.907s] -- Installing: /root/ROS2Docker/ros2_ws/install/ur_dashboard_msgs/share/ur_dashboard_msgs/srv/IsProgramSaved_Response.msg
[10.907s] -- Installing: /root/ROS2Docker/ros2_ws/install/ur_dashboard_msgs/share/ur_dashboard_msgs/srv/Load.srv
[10.907s] -- Installing: /root/ROS2Docker/ros2_ws/install/ur_dashboard_msgs/share/ur_dashboard_msgs/srv/Load_Request.msg
[10.907s] -- Installing: /root/ROS2Docker/ros2_ws/install/ur_dashboard_msgs/share/ur_dashboard_msgs/srv/Load_Response.msg
[10.908s] -- Installing: /root/ROS2Docker/ros2_ws/install/ur_dashboard_msgs/share/ur_dashboard_msgs/srv/Popup.srv
[10.908s] -- Installing: /root/ROS2Docker/ros2_ws/install/ur_dashboard_msgs/share/ur_dashboard_msgs/srv/Popup_Request.msg
[10.908s] -- Installing: /root/ROS2Docker/ros2_ws/install/ur_dashboard_msgs/share/ur_dashboard_msgs/srv/Popup_Response.msg
[10.908s] -- Installing: /root/ROS2Docker/ros2_ws/install/ur_dashboard_msgs/share/ur_dashboard_msgs/srv/RawRequest.srv
[10.908s] -- Installing: /root/ROS2Docker/ros2_ws/install/ur_dashboard_msgs/share/ur_dashboard_msgs/srv/RawRequest_Request.msg
[10.908s] -- Installing: /root/ROS2Docker/ros2_ws/install/ur_dashboard_msgs/share/ur_dashboard_msgs/srv/RawRequest_Response.msg
[10.908s] -- Installing: /root/ROS2Docker/ros2_ws/install/ur_dashboard_msgs/share/ur_dashboard_msgs/action/SetMode.action
[10.908s] -- Installing: /root/ROS2Docker/ros2_ws/install/ur_dashboard_msgs/share/ament_index/resource_index/package_run_dependencies/ur_dashboard_msgs
[10.908s] -- Installing: /root/ROS2Docker/ros2_ws/install/ur_dashboard_msgs/share/ament_index/resource_index/parent_prefix_path/ur_dashboard_msgs
[10.908s] -- Installing: /root/ROS2Docker/ros2_ws/install/ur_dashboard_msgs/share/ur_dashboard_msgs/environment/ament_prefix_path.sh
[10.909s] -- Installing: /root/ROS2Docker/ros2_ws/install/ur_dashboard_msgs/share/ur_dashboard_msgs/environment/ament_prefix_path.dsv
[10.909s] -- Installing: /root/ROS2Docker/ros2_ws/install/ur_dashboard_msgs/share/ur_dashboard_msgs/environment/path.sh
[10.909s] -- Installing: /root/ROS2Docker/ros2_ws/install/ur_dashboard_msgs/share/ur_dashboard_msgs/environment/path.dsv
[10.909s] -- Installing: /root/ROS2Docker/ros2_ws/install/ur_dashboard_msgs/share/ur_dashboard_msgs/local_setup.bash
[10.909s] -- Installing: /root/ROS2Docker/ros2_ws/install/ur_dashboard_msgs/share/ur_dashboard_msgs/local_setup.sh
[10.909s] -- Installing: /root/ROS2Docker/ros2_ws/install/ur_dashboard_msgs/share/ur_dashboard_msgs/local_setup.zsh
[10.909s] -- Installing: /root/ROS2Docker/ros2_ws/install/ur_dashboard_msgs/share/ur_dashboard_msgs/local_setup.dsv
[10.909s] -- Installing: /root/ROS2Docker/ros2_ws/install/ur_dashboard_msgs/share/ur_dashboard_msgs/package.dsv
[10.909s] -- Installing: /root/ROS2Docker/ros2_ws/install/ur_dashboard_msgs/share/ament_index/resource_index/packages/ur_dashboard_msgs
[10.910s] -- Installing: /root/ROS2Docker/ros2_ws/install/ur_dashboard_msgs/share/ur_dashboard_msgs/cmake/ur_dashboard_msgs__rosidl_generator_cExport.cmake
[10.910s] -- Installing: /root/ROS2Docker/ros2_ws/install/ur_dashboard_msgs/share/ur_dashboard_msgs/cmake/ur_dashboard_msgs__rosidl_generator_cExport-noconfig.cmake
[10.910s] -- Installing: /root/ROS2Docker/ros2_ws/install/ur_dashboard_msgs/share/ur_dashboard_msgs/cmake/ur_dashboard_msgs__rosidl_typesupport_introspection_cExport.cmake
[10.910s] -- Installing: /root/ROS2Docker/ros2_ws/install/ur_dashboard_msgs/share/ur_dashboard_msgs/cmake/ur_dashboard_msgs__rosidl_typesupport_introspection_cExport-noconfig.cmake
[10.910s] -- Installing: /root/ROS2Docker/ros2_ws/install/ur_dashboard_msgs/share/ur_dashboard_msgs/cmake/ur_dashboard_msgs__rosidl_typesupport_cExport.cmake
[10.910s] -- Installing: /root/ROS2Docker/ros2_ws/install/ur_dashboard_msgs/share/ur_dashboard_msgs/cmake/ur_dashboard_msgs__rosidl_typesupport_cExport-noconfig.cmake
[10.910s] -- Installing: /root/ROS2Docker/ros2_ws/install/ur_dashboard_msgs/share/ur_dashboard_msgs/cmake/ur_dashboard_msgs__rosidl_generator_cppExport.cmake
[10.911s] -- Installing: /root/ROS2Docker/ros2_ws/install/ur_dashboard_msgs/share/ur_dashboard_msgs/cmake/ur_dashboard_msgs__rosidl_typesupport_introspection_cppExport.cmake
[10.911s] -- Installing: /root/ROS2Docker/ros2_ws/install/ur_dashboard_msgs/share/ur_dashboard_msgs/cmake/ur_dashboard_msgs__rosidl_typesupport_introspection_cppExport-noconfig.cmake
[10.911s] -- Installing: /root/ROS2Docker/ros2_ws/install/ur_dashboard_msgs/share/ur_dashboard_msgs/cmake/ur_dashboard_msgs__rosidl_typesupport_cppExport.cmake
[10.911s] -- Installing: /root/ROS2Docker/ros2_ws/install/ur_dashboard_msgs/share/ur_dashboard_msgs/cmake/ur_dashboard_msgs__rosidl_typesupport_cppExport-noconfig.cmake
[10.911s] -- Installing: /root/ROS2Docker/ros2_ws/install/ur_dashboard_msgs/share/ur_dashboard_msgs/cmake/rosidl_cmake-extras.cmake
[10.911s] -- Installing: /root/ROS2Docker/ros2_ws/install/ur_dashboard_msgs/share/ur_dashboard_msgs/cmake/ament_cmake_export_dependencies-extras.cmake
[10.911s] -- Installing: /root/ROS2Docker/ros2_ws/install/ur_dashboard_msgs/share/ur_dashboard_msgs/cmake/ament_cmake_export_libraries-extras.cmake
[10.911s] -- Installing: /root/ROS2Docker/ros2_ws/install/ur_dashboard_msgs/share/ur_dashboard_msgs/cmake/ament_cmake_export_targets-extras.cmake
[10.911s] -- Installing: /root/ROS2Docker/ros2_ws/install/ur_dashboard_msgs/share/ur_dashboard_msgs/cmake/ament_cmake_export_include_directories-extras.cmake
[10.912s] -- Installing: /root/ROS2Docker/ros2_ws/install/ur_dashboard_msgs/share/ur_dashboard_msgs/cmake/rosidl_cmake_export_typesupport_libraries-extras.cmake
[10.912s] -- Installing: /root/ROS2Docker/ros2_ws/install/ur_dashboard_msgs/share/ur_dashboard_msgs/cmake/rosidl_cmake_export_typesupport_targets-extras.cmake
[10.912s] -- Installing: /root/ROS2Docker/ros2_ws/install/ur_dashboard_msgs/share/ur_dashboard_msgs/cmake/ur_dashboard_msgsConfig.cmake
[10.912s] -- Installing: /root/ROS2Docker/ros2_ws/install/ur_dashboard_msgs/share/ur_dashboard_msgs/cmake/ur_dashboard_msgsConfig-version.cmake
[10.912s] -- Installing: /root/ROS2Docker/ros2_ws/install/ur_dashboard_msgs/share/ur_dashboard_msgs/package.xml
[10.915s] Invoked command in '/root/ROS2Docker/ros2_ws/build/ur_dashboard_msgs' returned '0': CMAKE_PREFIX_PATH=${CMAKE_PREFIX_PATH}:/root/ROS2Docker/ros2_ws/install/ur_ignition:/root/ROS2Docker/ros2_ws/install/examples_rclpy_minimal_subscriber:/root/ROS2Docker/ros2_ws/install/examples_rclpy_minimal_service:/root/ROS2Docker/ros2_ws/install/examples_rclpy_minimal_publisher:/root/ROS2Docker/ros2_ws/install/examples_rclpy_minimal_client:/root/ROS2Docker/ros2_ws/install/examples_rclpy_minimal_action_server:/root/ROS2Docker/ros2_ws/install/examples_rclpy_minimal_action_client:/root/ROS2Docker/ros2_ws/install/examples_rclpy_executors:/opt/ros/foxy /usr/bin/cmake --install /root/ROS2Docker/ros2_ws/build/ur_dashboard_msgs
