[0.072s] Invoking command in '/root/ROS2Docker/ros2_ws/build/examples_rclcpp_minimal_action_server': CMAKE_PREFIX_PATH=/opt/ros/foxy /usr/bin/cmake /root/ROS2Docker/ros2_ws/src/examples/rclcpp/actions/minimal_action_server -DCMAKE_INSTALL_PREFIX=/root/ROS2Docker/ros2_ws/install/examples_rclcpp_minimal_action_server
[1.454s] -- The C compiler identification is GNU 9.3.0
[1.454s] -- The CXX compiler identification is GNU 9.3.0
[1.456s] -- Check for working C compiler: /usr/bin/cc
[1.456s] -- Check for working C compiler: /usr/bin/cc -- works
[1.456s] -- Detecting C compiler ABI info
[1.457s] -- Detecting C compiler ABI info - done
[1.457s] -- Detecting C compile features
[1.457s] -- Detecting C compile features - done
[1.457s] -- Check for working CXX compiler: /usr/bin/c++
[1.457s] -- Check for working CXX compiler: /usr/bin/c++ -- works
[1.457s] -- Detecting CXX compiler ABI info
[1.458s] -- Detecting CXX compiler ABI info - done
[1.458s] -- Detecting CXX compile features
[1.458s] -- Detecting CXX compile features - done
[1.459s] -- Found ament_cmake: 0.9.9 (/opt/ros/foxy/share/ament_cmake/cmake)
[1.461s] -- Found PythonInterp: /usr/bin/python3 (found suitable version "3.8.10", minimum required is "3") 
[1.461s] -- Using PYTHON_EXECUTABLE: /usr/bin/python3
[1.461s] -- Found example_interfaces: 0.9.1 (/opt/ros/foxy/share/example_interfaces/cmake)
[1.462s] -- Using all available rosidl_typesupport_c: rosidl_typesupport_fastrtps_c;rosidl_typesupport_introspection_c
[1.462s] -- Found rosidl_adapter: 1.2.1 (/opt/ros/foxy/share/rosidl_adapter/cmake)
[1.462s] -- Found OpenSSL: /usr/lib/x86_64-linux-gnu/libcrypto.so (found version "1.1.1f")  
[1.463s] -- Found FastRTPS: /opt/ros/foxy/include  
[1.463s] -- Using all available rosidl_typesupport_cpp: rosidl_typesupport_fastrtps_cpp;rosidl_typesupport_introspection_cpp
[1.463s] -- Found rclcpp: 2.4.0 (/opt/ros/foxy/share/rclcpp/cmake)
[1.463s] -- Found rmw_implementation_cmake: 1.0.3 (/opt/ros/foxy/share/rmw_implementation_cmake/cmake)
[1.465s] -- Using RMW implementation 'rmw_fastrtps_cpp' as default
[1.466s] -- Looking for pthread.h
[1.466s] -- Looking for pthread.h - found
[1.466s] -- Performing Test CMAKE_HAVE_LIBC_PTHREAD
[1.466s] -- Performing Test CMAKE_HAVE_LIBC_PTHREAD - Failed
[1.466s] -- Looking for pthread_create in pthreads
[1.466s] -- Looking for pthread_create in pthreads - not found
[1.466s] -- Looking for pthread_create in pthread
[1.498s] -- Looking for pthread_create in pthread - found
[1.498s] -- Found Threads: TRUE  
[1.700s] -- Found rclcpp_action: 2.4.0 (/opt/ros/foxy/share/rclcpp_action/cmake)
[1.761s] -- Found ament_lint_auto: 0.9.6 (/opt/ros/foxy/share/ament_lint_auto/cmake)
[1.863s] -- Added test 'copyright' to check source files copyright and LICENSE
[1.864s] -- Added test 'cppcheck' to perform static code analysis on C / C++ code
[1.864s] -- Configured cppcheck include dirs: 
[1.864s] -- Configured cppcheck exclude dirs and/or files: 
[1.866s] -- Added test 'cpplint' to check C / C++ code against the Google style
[1.866s] -- Configured cpplint exclude dirs and/or files: 
[1.866s] -- Added test 'lint_cmake' to check CMake code style
[1.867s] -- Added test 'uncrustify' to check C / C++ code style
[1.867s] -- Configured uncrustify additional arguments: 
[1.867s] -- Added test 'xmllint' to check XML markup files
[1.874s] -- Configuring done
[1.889s] -- Generating done
[1.890s] -- Build files have been written to: /root/ROS2Docker/ros2_ws/build/examples_rclcpp_minimal_action_server
[1.955s] Invoked command in '/root/ROS2Docker/ros2_ws/build/examples_rclcpp_minimal_action_server' returned '0': CMAKE_PREFIX_PATH=/opt/ros/foxy /usr/bin/cmake /root/ROS2Docker/ros2_ws/src/examples/rclcpp/actions/minimal_action_server -DCMAKE_INSTALL_PREFIX=/root/ROS2Docker/ros2_ws/install/examples_rclcpp_minimal_action_server
[1.959s] Invoking command in '/root/ROS2Docker/ros2_ws/build/examples_rclcpp_minimal_action_server': CMAKE_PREFIX_PATH=/opt/ros/foxy /usr/bin/cmake --build /root/ROS2Docker/ros2_ws/build/examples_rclcpp_minimal_action_server -- -j16 -l16
[2.028s] [35m[1mScanning dependencies of target action_server_not_composable[0m
[2.051s] [35m[1mScanning dependencies of target action_server_member_functions[0m
[2.080s] [ 25%] [32mBuilding CXX object CMakeFiles/action_server_not_composable.dir/not_composable.cpp.o[0m
[2.141s] [ 50%] [32mBuilding CXX object CMakeFiles/action_server_member_functions.dir/member_functions.cpp.o[0m
[6.290s] [ 75%] [32m[1mLinking CXX executable action_server_not_composable[0m
[6.455s] [ 75%] Built target action_server_not_composable
[6.789s] [100%] [32m[1mLinking CXX executable action_server_member_functions[0m
[6.935s] [100%] Built target action_server_member_functions
[6.944s] Invoked command in '/root/ROS2Docker/ros2_ws/build/examples_rclcpp_minimal_action_server' returned '0': CMAKE_PREFIX_PATH=/opt/ros/foxy /usr/bin/cmake --build /root/ROS2Docker/ros2_ws/build/examples_rclcpp_minimal_action_server -- -j16 -l16
[6.966s] Invoking command in '/root/ROS2Docker/ros2_ws/build/examples_rclcpp_minimal_action_server': CMAKE_PREFIX_PATH=/opt/ros/foxy /usr/bin/cmake --install /root/ROS2Docker/ros2_ws/build/examples_rclcpp_minimal_action_server
[6.974s] -- Install configuration: ""
[6.974s] -- Installing: /root/ROS2Docker/ros2_ws/install/examples_rclcpp_minimal_action_server/lib/examples_rclcpp_minimal_action_server/action_server_not_composable
[6.974s] -- Set runtime path of "/root/ROS2Docker/ros2_ws/install/examples_rclcpp_minimal_action_server/lib/examples_rclcpp_minimal_action_server/action_server_not_composable" to ""
[6.974s] -- Installing: /root/ROS2Docker/ros2_ws/install/examples_rclcpp_minimal_action_server/lib/examples_rclcpp_minimal_action_server/action_server_member_functions
[6.975s] -- Set runtime path of "/root/ROS2Docker/ros2_ws/install/examples_rclcpp_minimal_action_server/lib/examples_rclcpp_minimal_action_server/action_server_member_functions" to ""
[6.975s] -- Installing: /root/ROS2Docker/ros2_ws/install/examples_rclcpp_minimal_action_server/share/ament_index/resource_index/package_run_dependencies/examples_rclcpp_minimal_action_server
[6.975s] -- Installing: /root/ROS2Docker/ros2_ws/install/examples_rclcpp_minimal_action_server/share/ament_index/resource_index/parent_prefix_path/examples_rclcpp_minimal_action_server
[6.975s] -- Installing: /root/ROS2Docker/ros2_ws/install/examples_rclcpp_minimal_action_server/share/examples_rclcpp_minimal_action_server/environment/ament_prefix_path.sh
[6.975s] -- Installing: /root/ROS2Docker/ros2_ws/install/examples_rclcpp_minimal_action_server/share/examples_rclcpp_minimal_action_server/environment/ament_prefix_path.dsv
[6.975s] -- Installing: /root/ROS2Docker/ros2_ws/install/examples_rclcpp_minimal_action_server/share/examples_rclcpp_minimal_action_server/environment/path.sh
[6.976s] -- Installing: /root/ROS2Docker/ros2_ws/install/examples_rclcpp_minimal_action_server/share/examples_rclcpp_minimal_action_server/environment/path.dsv
[6.976s] -- Installing: /root/ROS2Docker/ros2_ws/install/examples_rclcpp_minimal_action_server/share/examples_rclcpp_minimal_action_server/local_setup.bash
[6.976s] -- Installing: /root/ROS2Docker/ros2_ws/install/examples_rclcpp_minimal_action_server/share/examples_rclcpp_minimal_action_server/local_setup.sh
[6.976s] -- Installing: /root/ROS2Docker/ros2_ws/install/examples_rclcpp_minimal_action_server/share/examples_rclcpp_minimal_action_server/local_setup.zsh
[6.976s] -- Installing: /root/ROS2Docker/ros2_ws/install/examples_rclcpp_minimal_action_server/share/examples_rclcpp_minimal_action_server/local_setup.dsv
[6.976s] -- Installing: /root/ROS2Docker/ros2_ws/install/examples_rclcpp_minimal_action_server/share/examples_rclcpp_minimal_action_server/package.dsv
[6.976s] -- Installing: /root/ROS2Docker/ros2_ws/install/examples_rclcpp_minimal_action_server/share/ament_index/resource_index/packages/examples_rclcpp_minimal_action_server
[6.976s] -- Installing: /root/ROS2Docker/ros2_ws/install/examples_rclcpp_minimal_action_server/share/examples_rclcpp_minimal_action_server/cmake/examples_rclcpp_minimal_action_serverConfig.cmake
[6.976s] -- Installing: /root/ROS2Docker/ros2_ws/install/examples_rclcpp_minimal_action_server/share/examples_rclcpp_minimal_action_server/cmake/examples_rclcpp_minimal_action_serverConfig-version.cmake
[6.977s] -- Installing: /root/ROS2Docker/ros2_ws/install/examples_rclcpp_minimal_action_server/share/examples_rclcpp_minimal_action_server/package.xml
[6.980s] Invoked command in '/root/ROS2Docker/ros2_ws/build/examples_rclcpp_minimal_action_server' returned '0': CMAKE_PREFIX_PATH=/opt/ros/foxy /usr/bin/cmake --install /root/ROS2Docker/ros2_ws/build/examples_rclcpp_minimal_action_server
