[0.067s] Invoking command in '/root/ROS2Docker/ros2_ws/build/examples_rclcpp_minimal_service': CMAKE_PREFIX_PATH=/opt/ros/foxy /usr/bin/cmake /root/ROS2Docker/ros2_ws/src/examples/rclcpp/services/minimal_service -DCMAKE_INSTALL_PREFIX=/root/ROS2Docker/ros2_ws/install/examples_rclcpp_minimal_service
[1.469s] -- The C compiler identification is GNU 9.3.0
[1.469s] -- The CXX compiler identification is GNU 9.3.0
[1.469s] -- Check for working C compiler: /usr/bin/cc
[1.469s] -- Check for working C compiler: /usr/bin/cc -- works
[1.469s] -- Detecting C compiler ABI info
[1.469s] -- Detecting C compiler ABI info - done
[1.469s] -- Detecting C compile features
[1.469s] -- Detecting C compile features - done
[1.469s] -- Check for working CXX compiler: /usr/bin/c++
[1.469s] -- Check for working CXX compiler: /usr/bin/c++ -- works
[1.470s] -- Detecting CXX compiler ABI info
[1.470s] -- Detecting CXX compiler ABI info - done
[1.470s] -- Detecting CXX compile features
[1.470s] -- Detecting CXX compile features - done
[1.470s] -- Found ament_cmake: 0.9.9 (/opt/ros/foxy/share/ament_cmake/cmake)
[1.470s] -- Found PythonInterp: /usr/bin/python3 (found suitable version "3.8.10", minimum required is "3") 
[1.470s] -- Using PYTHON_EXECUTABLE: /usr/bin/python3
[1.470s] -- Found example_interfaces: 0.9.1 (/opt/ros/foxy/share/example_interfaces/cmake)
[1.470s] -- Using all available rosidl_typesupport_c: rosidl_typesupport_fastrtps_c;rosidl_typesupport_introspection_c
[1.470s] -- Found rosidl_adapter: 1.2.1 (/opt/ros/foxy/share/rosidl_adapter/cmake)
[1.470s] -- Found OpenSSL: /usr/lib/x86_64-linux-gnu/libcrypto.so (found version "1.1.1f")  
[1.471s] -- Found FastRTPS: /opt/ros/foxy/include  
[1.471s] -- Using all available rosidl_typesupport_cpp: rosidl_typesupport_fastrtps_cpp;rosidl_typesupport_introspection_cpp
[1.471s] -- Found rclcpp: 2.4.0 (/opt/ros/foxy/share/rclcpp/cmake)
[1.471s] -- Found rmw_implementation_cmake: 1.0.3 (/opt/ros/foxy/share/rmw_implementation_cmake/cmake)
[1.471s] -- Using RMW implementation 'rmw_fastrtps_cpp' as default
[1.471s] -- Looking for pthread.h
[1.471s] -- Looking for pthread.h - found
[1.471s] -- Performing Test CMAKE_HAVE_LIBC_PTHREAD
[1.471s] -- Performing Test CMAKE_HAVE_LIBC_PTHREAD - Failed
[1.471s] -- Looking for pthread_create in pthreads
[1.471s] -- Looking for pthread_create in pthreads - not found
[1.472s] -- Looking for pthread_create in pthread
[1.472s] -- Looking for pthread_create in pthread - found
[1.472s] -- Found Threads: TRUE  
[1.642s] -- Found ament_lint_auto: 0.9.6 (/opt/ros/foxy/share/ament_lint_auto/cmake)
[1.751s] -- Added test 'copyright' to check source files copyright and LICENSE
[1.752s] -- Added test 'cppcheck' to perform static code analysis on C / C++ code
[1.752s] -- Configured cppcheck include dirs: 
[1.753s] -- Configured cppcheck exclude dirs and/or files: 
[1.760s] -- Added test 'cpplint' to check C / C++ code against the Google style
[1.760s] -- Configured cpplint exclude dirs and/or files: 
[1.760s] -- Added test 'lint_cmake' to check CMake code style
[1.761s] -- Added test 'uncrustify' to check C / C++ code style
[1.761s] -- Configured uncrustify additional arguments: 
[1.761s] -- Added test 'xmllint' to check XML markup files
[1.767s] -- Configuring done
[1.771s] -- Generating done
[1.779s] -- Build files have been written to: /root/ROS2Docker/ros2_ws/build/examples_rclcpp_minimal_service
[1.790s] Invoked command in '/root/ROS2Docker/ros2_ws/build/examples_rclcpp_minimal_service' returned '0': CMAKE_PREFIX_PATH=/opt/ros/foxy /usr/bin/cmake /root/ROS2Docker/ros2_ws/src/examples/rclcpp/services/minimal_service -DCMAKE_INSTALL_PREFIX=/root/ROS2Docker/ros2_ws/install/examples_rclcpp_minimal_service
[1.791s] Invoking command in '/root/ROS2Docker/ros2_ws/build/examples_rclcpp_minimal_service': CMAKE_PREFIX_PATH=/opt/ros/foxy /usr/bin/cmake --build /root/ROS2Docker/ros2_ws/build/examples_rclcpp_minimal_service -- -j16 -l16
[1.880s] [35m[1mScanning dependencies of target service_main[0m
[1.916s] [ 50%] [32mBuilding CXX object CMakeFiles/service_main.dir/main.cpp.o[0m
[4.990s] [100%] [32m[1mLinking CXX executable service_main[0m
[5.275s] [100%] Built target service_main
[5.289s] Invoked command in '/root/ROS2Docker/ros2_ws/build/examples_rclcpp_minimal_service' returned '0': CMAKE_PREFIX_PATH=/opt/ros/foxy /usr/bin/cmake --build /root/ROS2Docker/ros2_ws/build/examples_rclcpp_minimal_service -- -j16 -l16
[5.540s] Invoking command in '/root/ROS2Docker/ros2_ws/build/examples_rclcpp_minimal_service': CMAKE_PREFIX_PATH=/opt/ros/foxy /usr/bin/cmake --install /root/ROS2Docker/ros2_ws/build/examples_rclcpp_minimal_service
[5.568s] -- Install configuration: ""
[5.579s] -- Installing: /root/ROS2Docker/ros2_ws/install/examples_rclcpp_minimal_service/lib/examples_rclcpp_minimal_service/service_main
[5.579s] -- Set runtime path of "/root/ROS2Docker/ros2_ws/install/examples_rclcpp_minimal_service/lib/examples_rclcpp_minimal_service/service_main" to ""
[5.580s] -- Installing: /root/ROS2Docker/ros2_ws/install/examples_rclcpp_minimal_service/share/ament_index/resource_index/package_run_dependencies/examples_rclcpp_minimal_service
[5.580s] -- Installing: /root/ROS2Docker/ros2_ws/install/examples_rclcpp_minimal_service/share/ament_index/resource_index/parent_prefix_path/examples_rclcpp_minimal_service
[5.580s] -- Installing: /root/ROS2Docker/ros2_ws/install/examples_rclcpp_minimal_service/share/examples_rclcpp_minimal_service/environment/ament_prefix_path.sh
[5.580s] -- Installing: /root/ROS2Docker/ros2_ws/install/examples_rclcpp_minimal_service/share/examples_rclcpp_minimal_service/environment/ament_prefix_path.dsv
[5.580s] -- Installing: /root/ROS2Docker/ros2_ws/install/examples_rclcpp_minimal_service/share/examples_rclcpp_minimal_service/environment/path.sh
[5.580s] -- Installing: /root/ROS2Docker/ros2_ws/install/examples_rclcpp_minimal_service/share/examples_rclcpp_minimal_service/environment/path.dsv
[5.580s] -- Installing: /root/ROS2Docker/ros2_ws/install/examples_rclcpp_minimal_service/share/examples_rclcpp_minimal_service/local_setup.bash
[5.580s] -- Installing: /root/ROS2Docker/ros2_ws/install/examples_rclcpp_minimal_service/share/examples_rclcpp_minimal_service/local_setup.sh
[5.580s] -- Installing: /root/ROS2Docker/ros2_ws/install/examples_rclcpp_minimal_service/share/examples_rclcpp_minimal_service/local_setup.zsh
[5.580s] -- Installing: /root/ROS2Docker/ros2_ws/install/examples_rclcpp_minimal_service/share/examples_rclcpp_minimal_service/local_setup.dsv
[5.580s] -- Installing: /root/ROS2Docker/ros2_ws/install/examples_rclcpp_minimal_service/share/examples_rclcpp_minimal_service/package.dsv
[5.581s] -- Installing: /root/ROS2Docker/ros2_ws/install/examples_rclcpp_minimal_service/share/ament_index/resource_index/packages/examples_rclcpp_minimal_service
[5.581s] -- Installing: /root/ROS2Docker/ros2_ws/install/examples_rclcpp_minimal_service/share/examples_rclcpp_minimal_service/cmake/examples_rclcpp_minimal_serviceConfig.cmake
[5.581s] -- Installing: /root/ROS2Docker/ros2_ws/install/examples_rclcpp_minimal_service/share/examples_rclcpp_minimal_service/cmake/examples_rclcpp_minimal_serviceConfig-version.cmake
[5.581s] -- Installing: /root/ROS2Docker/ros2_ws/install/examples_rclcpp_minimal_service/share/examples_rclcpp_minimal_service/package.xml
[5.581s] Invoked command in '/root/ROS2Docker/ros2_ws/build/examples_rclcpp_minimal_service' returned '0': CMAKE_PREFIX_PATH=/opt/ros/foxy /usr/bin/cmake --install /root/ROS2Docker/ros2_ws/build/examples_rclcpp_minimal_service
