running egg_info
creating ../../../build/smach/smach.egg-info
writing ../../../build/smach/smach.egg-info/PKG-INFO
writing dependency_links to ../../../build/smach/smach.egg-info/dependency_links.txt
writing requirements to ../../../build/smach/smach.egg-info/requires.txt
writing top-level names to ../../../build/smach/smach.egg-info/top_level.txt
writing manifest file '../../../build/smach/smach.egg-info/SOURCES.txt'
reading manifest file '../../../build/smach/smach.egg-info/SOURCES.txt'
writing manifest file '../../../build/smach/smach.egg-info/SOURCES.txt'
running build
running build_py
creating /root/ROS2Docker/ros2_ws/build/smach/build
creating /root/ROS2Docker/ros2_ws/build/smach/build/lib
creating /root/ROS2Docker/ros2_ws/build/smach/build/lib/smach
copying src/smach/log.py -> /root/ROS2Docker/ros2_ws/build/smach/build/lib/smach
copying src/smach/state_machine.py -> /root/ROS2Docker/ros2_ws/build/smach/build/lib/smach
copying src/smach/concurrence.py -> /root/ROS2Docker/ros2_ws/build/smach/build/lib/smach
copying src/smach/__init__.py -> /root/ROS2Docker/ros2_ws/build/smach/build/lib/smach
copying src/smach/sequence.py -> /root/ROS2Docker/ros2_ws/build/smach/build/lib/smach
copying src/smach/state.py -> /root/ROS2Docker/ros2_ws/build/smach/build/lib/smach
copying src/smach/iterator.py -> /root/ROS2Docker/ros2_ws/build/smach/build/lib/smach
copying src/smach/user_data.py -> /root/ROS2Docker/ros2_ws/build/smach/build/lib/smach
copying src/smach/exceptions.py -> /root/ROS2Docker/ros2_ws/build/smach/build/lib/smach
copying src/smach/container.py -> /root/ROS2Docker/ros2_ws/build/smach/build/lib/smach
copying src/smach/util.py -> /root/ROS2Docker/ros2_ws/build/smach/build/lib/smach
running install
running install_lib
creating /root/ROS2Docker/ros2_ws/install/smach/lib/python3.8/site-packages/smach
copying /root/ROS2Docker/ros2_ws/build/smach/build/lib/smach/log.py -> /root/ROS2Docker/ros2_ws/install/smach/lib/python3.8/site-packages/smach
copying /root/ROS2Docker/ros2_ws/build/smach/build/lib/smach/state_machine.py -> /root/ROS2Docker/ros2_ws/install/smach/lib/python3.8/site-packages/smach
copying /root/ROS2Docker/ros2_ws/build/smach/build/lib/smach/concurrence.py -> /root/ROS2Docker/ros2_ws/install/smach/lib/python3.8/site-packages/smach
copying /root/ROS2Docker/ros2_ws/build/smach/build/lib/smach/__init__.py -> /root/ROS2Docker/ros2_ws/install/smach/lib/python3.8/site-packages/smach
copying /root/ROS2Docker/ros2_ws/build/smach/build/lib/smach/sequence.py -> /root/ROS2Docker/ros2_ws/install/smach/lib/python3.8/site-packages/smach
copying /root/ROS2Docker/ros2_ws/build/smach/build/lib/smach/state.py -> /root/ROS2Docker/ros2_ws/install/smach/lib/python3.8/site-packages/smach
copying /root/ROS2Docker/ros2_ws/build/smach/build/lib/smach/iterator.py -> /root/ROS2Docker/ros2_ws/install/smach/lib/python3.8/site-packages/smach
copying /root/ROS2Docker/ros2_ws/build/smach/build/lib/smach/user_data.py -> /root/ROS2Docker/ros2_ws/install/smach/lib/python3.8/site-packages/smach
copying /root/ROS2Docker/ros2_ws/build/smach/build/lib/smach/exceptions.py -> /root/ROS2Docker/ros2_ws/install/smach/lib/python3.8/site-packages/smach
copying /root/ROS2Docker/ros2_ws/build/smach/build/lib/smach/container.py -> /root/ROS2Docker/ros2_ws/install/smach/lib/python3.8/site-packages/smach
copying /root/ROS2Docker/ros2_ws/build/smach/build/lib/smach/util.py -> /root/ROS2Docker/ros2_ws/install/smach/lib/python3.8/site-packages/smach
byte-compiling /root/ROS2Docker/ros2_ws/install/smach/lib/python3.8/site-packages/smach/log.py to log.cpython-38.pyc
byte-compiling /root/ROS2Docker/ros2_ws/install/smach/lib/python3.8/site-packages/smach/state_machine.py to state_machine.cpython-38.pyc
byte-compiling /root/ROS2Docker/ros2_ws/install/smach/lib/python3.8/site-packages/smach/concurrence.py to concurrence.cpython-38.pyc
byte-compiling /root/ROS2Docker/ros2_ws/install/smach/lib/python3.8/site-packages/smach/__init__.py to __init__.cpython-38.pyc
byte-compiling /root/ROS2Docker/ros2_ws/install/smach/lib/python3.8/site-packages/smach/sequence.py to sequence.cpython-38.pyc
byte-compiling /root/ROS2Docker/ros2_ws/install/smach/lib/python3.8/site-packages/smach/state.py to state.cpython-38.pyc
byte-compiling /root/ROS2Docker/ros2_ws/install/smach/lib/python3.8/site-packages/smach/iterator.py to iterator.cpython-38.pyc
byte-compiling /root/ROS2Docker/ros2_ws/install/smach/lib/python3.8/site-packages/smach/user_data.py to user_data.cpython-38.pyc
byte-compiling /root/ROS2Docker/ros2_ws/install/smach/lib/python3.8/site-packages/smach/exceptions.py to exceptions.cpython-38.pyc
byte-compiling /root/ROS2Docker/ros2_ws/install/smach/lib/python3.8/site-packages/smach/container.py to container.cpython-38.pyc
byte-compiling /root/ROS2Docker/ros2_ws/install/smach/lib/python3.8/site-packages/smach/util.py to util.cpython-38.pyc
running install_data
creating /root/ROS2Docker/ros2_ws/install/smach/share/ament_index
creating /root/ROS2Docker/ros2_ws/install/smach/share/ament_index/resource_index
creating /root/ROS2Docker/ros2_ws/install/smach/share/ament_index/resource_index/packages
copying resource/smach -> /root/ROS2Docker/ros2_ws/install/smach/share/ament_index/resource_index/packages
copying package.xml -> /root/ROS2Docker/ros2_ws/install/smach/share/smach
running install_egg_info
Copying ../../../build/smach/smach.egg-info to /root/ROS2Docker/ros2_ws/install/smach/lib/python3.8/site-packages/smach-2.0.1-py3.8.egg-info
running install_scripts
writing list of installed files to '/root/ROS2Docker/ros2_ws/build/smach/install.log'
