[0.220s] Invoking command in '/root/ROS2Docker/ros2_ws/src/executive_smach/smach': PYTHONPATH=/root/ROS2Docker/ros2_ws/install/smach/lib/python3.8/site-packages:${PYTHONPATH} /usr/bin/python3 setup.py egg_info --egg-base ../../../build/smach build --build-base /root/ROS2Docker/ros2_ws/build/smach/build install --prefix /root/ROS2Docker/ros2_ws/install/smach --record /root/ROS2Docker/ros2_ws/build/smach/install.log --single-version-externally-managed
[0.397s] running egg_info
[0.397s] creating ../../../build/smach/smach.egg-info
[0.397s] writing ../../../build/smach/smach.egg-info/PKG-INFO
[0.398s] writing dependency_links to ../../../build/smach/smach.egg-info/dependency_links.txt
[0.398s] writing requirements to ../../../build/smach/smach.egg-info/requires.txt
[0.398s] writing top-level names to ../../../build/smach/smach.egg-info/top_level.txt
[0.399s] writing manifest file '../../../build/smach/smach.egg-info/SOURCES.txt'
[0.427s] reading manifest file '../../../build/smach/smach.egg-info/SOURCES.txt'
[0.428s] writing manifest file '../../../build/smach/smach.egg-info/SOURCES.txt'
[0.428s] running build
[0.428s] running build_py
[0.428s] creating /root/ROS2Docker/ros2_ws/build/smach/build
[0.428s] creating /root/ROS2Docker/ros2_ws/build/smach/build/lib
[0.428s] creating /root/ROS2Docker/ros2_ws/build/smach/build/lib/smach
[0.428s] copying src/smach/log.py -> /root/ROS2Docker/ros2_ws/build/smach/build/lib/smach
[0.428s] copying src/smach/state_machine.py -> /root/ROS2Docker/ros2_ws/build/smach/build/lib/smach
[0.428s] copying src/smach/concurrence.py -> /root/ROS2Docker/ros2_ws/build/smach/build/lib/smach
[0.429s] copying src/smach/__init__.py -> /root/ROS2Docker/ros2_ws/build/smach/build/lib/smach
[0.429s] copying src/smach/sequence.py -> /root/ROS2Docker/ros2_ws/build/smach/build/lib/smach
[0.429s] copying src/smach/state.py -> /root/ROS2Docker/ros2_ws/build/smach/build/lib/smach
[0.429s] copying src/smach/iterator.py -> /root/ROS2Docker/ros2_ws/build/smach/build/lib/smach
[0.429s] copying src/smach/user_data.py -> /root/ROS2Docker/ros2_ws/build/smach/build/lib/smach
[0.429s] copying src/smach/exceptions.py -> /root/ROS2Docker/ros2_ws/build/smach/build/lib/smach
[0.429s] copying src/smach/container.py -> /root/ROS2Docker/ros2_ws/build/smach/build/lib/smach
[0.429s] copying src/smach/util.py -> /root/ROS2Docker/ros2_ws/build/smach/build/lib/smach
[0.429s] running install
[0.429s] running install_lib
[0.430s] creating /root/ROS2Docker/ros2_ws/install/smach/lib/python3.8/site-packages/smach
[0.430s] copying /root/ROS2Docker/ros2_ws/build/smach/build/lib/smach/log.py -> /root/ROS2Docker/ros2_ws/install/smach/lib/python3.8/site-packages/smach
[0.430s] copying /root/ROS2Docker/ros2_ws/build/smach/build/lib/smach/state_machine.py -> /root/ROS2Docker/ros2_ws/install/smach/lib/python3.8/site-packages/smach
[0.430s] copying /root/ROS2Docker/ros2_ws/build/smach/build/lib/smach/concurrence.py -> /root/ROS2Docker/ros2_ws/install/smach/lib/python3.8/site-packages/smach
[0.431s] copying /root/ROS2Docker/ros2_ws/build/smach/build/lib/smach/__init__.py -> /root/ROS2Docker/ros2_ws/install/smach/lib/python3.8/site-packages/smach
[0.431s] copying /root/ROS2Docker/ros2_ws/build/smach/build/lib/smach/sequence.py -> /root/ROS2Docker/ros2_ws/install/smach/lib/python3.8/site-packages/smach
[0.431s] copying /root/ROS2Docker/ros2_ws/build/smach/build/lib/smach/state.py -> /root/ROS2Docker/ros2_ws/install/smach/lib/python3.8/site-packages/smach
[0.431s] copying /root/ROS2Docker/ros2_ws/build/smach/build/lib/smach/iterator.py -> /root/ROS2Docker/ros2_ws/install/smach/lib/python3.8/site-packages/smach
[0.431s] copying /root/ROS2Docker/ros2_ws/build/smach/build/lib/smach/user_data.py -> /root/ROS2Docker/ros2_ws/install/smach/lib/python3.8/site-packages/smach
[0.431s] copying /root/ROS2Docker/ros2_ws/build/smach/build/lib/smach/exceptions.py -> /root/ROS2Docker/ros2_ws/install/smach/lib/python3.8/site-packages/smach
[0.431s] copying /root/ROS2Docker/ros2_ws/build/smach/build/lib/smach/container.py -> /root/ROS2Docker/ros2_ws/install/smach/lib/python3.8/site-packages/smach
[0.431s] copying /root/ROS2Docker/ros2_ws/build/smach/build/lib/smach/util.py -> /root/ROS2Docker/ros2_ws/install/smach/lib/python3.8/site-packages/smach
[0.431s] byte-compiling /root/ROS2Docker/ros2_ws/install/smach/lib/python3.8/site-packages/smach/log.py to log.cpython-38.pyc
[0.432s] byte-compiling /root/ROS2Docker/ros2_ws/install/smach/lib/python3.8/site-packages/smach/state_machine.py to state_machine.cpython-38.pyc
[0.434s] byte-compiling /root/ROS2Docker/ros2_ws/install/smach/lib/python3.8/site-packages/smach/concurrence.py to concurrence.cpython-38.pyc
[0.435s] byte-compiling /root/ROS2Docker/ros2_ws/install/smach/lib/python3.8/site-packages/smach/__init__.py to __init__.cpython-38.pyc
[0.435s] byte-compiling /root/ROS2Docker/ros2_ws/install/smach/lib/python3.8/site-packages/smach/sequence.py to sequence.cpython-38.pyc
[0.436s] byte-compiling /root/ROS2Docker/ros2_ws/install/smach/lib/python3.8/site-packages/smach/state.py to state.cpython-38.pyc
[0.436s] byte-compiling /root/ROS2Docker/ros2_ws/install/smach/lib/python3.8/site-packages/smach/iterator.py to iterator.cpython-38.pyc
[0.437s] byte-compiling /root/ROS2Docker/ros2_ws/install/smach/lib/python3.8/site-packages/smach/user_data.py to user_data.cpython-38.pyc
[0.438s] byte-compiling /root/ROS2Docker/ros2_ws/install/smach/lib/python3.8/site-packages/smach/exceptions.py to exceptions.cpython-38.pyc
[0.438s] byte-compiling /root/ROS2Docker/ros2_ws/install/smach/lib/python3.8/site-packages/smach/container.py to container.cpython-38.pyc
[0.439s] byte-compiling /root/ROS2Docker/ros2_ws/install/smach/lib/python3.8/site-packages/smach/util.py to util.cpython-38.pyc
[0.439s] running install_data
[0.439s] creating /root/ROS2Docker/ros2_ws/install/smach/share/ament_index
[0.440s] creating /root/ROS2Docker/ros2_ws/install/smach/share/ament_index/resource_index
[0.440s] creating /root/ROS2Docker/ros2_ws/install/smach/share/ament_index/resource_index/packages
[0.440s] copying resource/smach -> /root/ROS2Docker/ros2_ws/install/smach/share/ament_index/resource_index/packages
[0.440s] copying package.xml -> /root/ROS2Docker/ros2_ws/install/smach/share/smach
[0.440s] running install_egg_info
[0.441s] Copying ../../../build/smach/smach.egg-info to /root/ROS2Docker/ros2_ws/install/smach/lib/python3.8/site-packages/smach-2.0.1-py3.8.egg-info
[0.441s] running install_scripts
[0.455s] writing list of installed files to '/root/ROS2Docker/ros2_ws/build/smach/install.log'
[0.471s] Invoked command in '/root/ROS2Docker/ros2_ws/src/executive_smach/smach' returned '0': PYTHONPATH=/root/ROS2Docker/ros2_ws/install/smach/lib/python3.8/site-packages:${PYTHONPATH} /usr/bin/python3 setup.py egg_info --egg-base ../../../build/smach build --build-base /root/ROS2Docker/ros2_ws/build/smach/build install --prefix /root/ROS2Docker/ros2_ws/install/smach --record /root/ROS2Docker/ros2_ws/build/smach/install.log --single-version-externally-managed
