/root/ROS2Docker/ros2_ws/install/smach_ros/lib/python3.8/site-packages/smach_ros/condition_state.py
/root/ROS2Docker/ros2_ws/install/smach_ros/lib/python3.8/site-packages/smach_ros/introspection.py
/root/ROS2Docker/ros2_ws/install/smach_ros/lib/python3.8/site-packages/smach_ros/monitor_state.py
/root/ROS2Docker/ros2_ws/install/smach_ros/lib/python3.8/site-packages/smach_ros/action_server_wrapper.py
/root/ROS2Docker/ros2_ws/install/smach_ros/lib/python3.8/site-packages/smach_ros/service_state.py
/root/ROS2Docker/ros2_ws/install/smach_ros/lib/python3.8/site-packages/smach_ros/node.py
/root/ROS2Docker/ros2_ws/install/smach_ros/lib/python3.8/site-packages/smach_ros/__init__.py
/root/ROS2Docker/ros2_ws/install/smach_ros/lib/python3.8/site-packages/smach_ros/ros_state.py
/root/ROS2Docker/ros2_ws/install/smach_ros/lib/python3.8/site-packages/smach_ros/simple_action_state.py
/root/ROS2Docker/ros2_ws/install/smach_ros/lib/python3.8/site-packages/smach_ros/util.py
/root/ROS2Docker/ros2_ws/install/smach_ros/lib/python3.8/site-packages/smach_ros/__pycache__/condition_state.cpython-38.pyc
/root/ROS2Docker/ros2_ws/install/smach_ros/lib/python3.8/site-packages/smach_ros/__pycache__/introspection.cpython-38.pyc
/root/ROS2Docker/ros2_ws/install/smach_ros/lib/python3.8/site-packages/smach_ros/__pycache__/monitor_state.cpython-38.pyc
/root/ROS2Docker/ros2_ws/install/smach_ros/lib/python3.8/site-packages/smach_ros/__pycache__/action_server_wrapper.cpython-38.pyc
/root/ROS2Docker/ros2_ws/install/smach_ros/lib/python3.8/site-packages/smach_ros/__pycache__/service_state.cpython-38.pyc
/root/ROS2Docker/ros2_ws/install/smach_ros/lib/python3.8/site-packages/smach_ros/__pycache__/node.cpython-38.pyc
/root/ROS2Docker/ros2_ws/install/smach_ros/lib/python3.8/site-packages/smach_ros/__pycache__/__init__.cpython-38.pyc
/root/ROS2Docker/ros2_ws/install/smach_ros/lib/python3.8/site-packages/smach_ros/__pycache__/ros_state.cpython-38.pyc
/root/ROS2Docker/ros2_ws/install/smach_ros/lib/python3.8/site-packages/smach_ros/__pycache__/simple_action_state.cpython-38.pyc
/root/ROS2Docker/ros2_ws/install/smach_ros/lib/python3.8/site-packages/smach_ros/__pycache__/util.cpython-38.pyc
/root/ROS2Docker/ros2_ws/install/smach_ros/share/ament_index/resource_index/packages/smach_ros
/root/ROS2Docker/ros2_ws/install/smach_ros/share/smach_ros/package.xml
/root/ROS2Docker/ros2_ws/install/smach_ros/lib/python3.8/site-packages/smach_ros-2.0.1-py3.8.egg-info/requires.txt
/root/ROS2Docker/ros2_ws/install/smach_ros/lib/python3.8/site-packages/smach_ros-2.0.1-py3.8.egg-info/top_level.txt
/root/ROS2Docker/ros2_ws/install/smach_ros/lib/python3.8/site-packages/smach_ros-2.0.1-py3.8.egg-info/dependency_links.txt
/root/ROS2Docker/ros2_ws/install/smach_ros/lib/python3.8/site-packages/smach_ros-2.0.1-py3.8.egg-info/zip-safe
/root/ROS2Docker/ros2_ws/install/smach_ros/lib/python3.8/site-packages/smach_ros-2.0.1-py3.8.egg-info/SOURCES.txt
/root/ROS2Docker/ros2_ws/install/smach_ros/lib/python3.8/site-packages/smach_ros-2.0.1-py3.8.egg-info/PKG-INFO
