/root/ROS2Docker/ros2_ws/install/smach/lib/python3.8/site-packages/smach/log.py
/root/ROS2Docker/ros2_ws/install/smach/lib/python3.8/site-packages/smach/state_machine.py
/root/ROS2Docker/ros2_ws/install/smach/lib/python3.8/site-packages/smach/concurrence.py
/root/ROS2Docker/ros2_ws/install/smach/lib/python3.8/site-packages/smach/__init__.py
/root/ROS2Docker/ros2_ws/install/smach/lib/python3.8/site-packages/smach/sequence.py
/root/ROS2Docker/ros2_ws/install/smach/lib/python3.8/site-packages/smach/state.py
/root/ROS2Docker/ros2_ws/install/smach/lib/python3.8/site-packages/smach/iterator.py
/root/ROS2Docker/ros2_ws/install/smach/lib/python3.8/site-packages/smach/user_data.py
/root/ROS2Docker/ros2_ws/install/smach/lib/python3.8/site-packages/smach/exceptions.py
/root/ROS2Docker/ros2_ws/install/smach/lib/python3.8/site-packages/smach/container.py
/root/ROS2Docker/ros2_ws/install/smach/lib/python3.8/site-packages/smach/util.py
/root/ROS2Docker/ros2_ws/install/smach/lib/python3.8/site-packages/smach/__pycache__/log.cpython-38.pyc
/root/ROS2Docker/ros2_ws/install/smach/lib/python3.8/site-packages/smach/__pycache__/state_machine.cpython-38.pyc
/root/ROS2Docker/ros2_ws/install/smach/lib/python3.8/site-packages/smach/__pycache__/concurrence.cpython-38.pyc
/root/ROS2Docker/ros2_ws/install/smach/lib/python3.8/site-packages/smach/__pycache__/__init__.cpython-38.pyc
/root/ROS2Docker/ros2_ws/install/smach/lib/python3.8/site-packages/smach/__pycache__/sequence.cpython-38.pyc
/root/ROS2Docker/ros2_ws/install/smach/lib/python3.8/site-packages/smach/__pycache__/state.cpython-38.pyc
/root/ROS2Docker/ros2_ws/install/smach/lib/python3.8/site-packages/smach/__pycache__/iterator.cpython-38.pyc
/root/ROS2Docker/ros2_ws/install/smach/lib/python3.8/site-packages/smach/__pycache__/user_data.cpython-38.pyc
/root/ROS2Docker/ros2_ws/install/smach/lib/python3.8/site-packages/smach/__pycache__/exceptions.cpython-38.pyc
/root/ROS2Docker/ros2_ws/install/smach/lib/python3.8/site-packages/smach/__pycache__/container.cpython-38.pyc
/root/ROS2Docker/ros2_ws/install/smach/lib/python3.8/site-packages/smach/__pycache__/util.cpython-38.pyc
/root/ROS2Docker/ros2_ws/install/smach/share/ament_index/resource_index/packages/smach
/root/ROS2Docker/ros2_ws/install/smach/share/smach/package.xml
/root/ROS2Docker/ros2_ws/install/smach/lib/python3.8/site-packages/smach-2.0.1-py3.8.egg-info/requires.txt
/root/ROS2Docker/ros2_ws/install/smach/lib/python3.8/site-packages/smach-2.0.1-py3.8.egg-info/top_level.txt
/root/ROS2Docker/ros2_ws/install/smach/lib/python3.8/site-packages/smach-2.0.1-py3.8.egg-info/dependency_links.txt
/root/ROS2Docker/ros2_ws/install/smach/lib/python3.8/site-packages/smach-2.0.1-py3.8.egg-info/zip-safe
/root/ROS2Docker/ros2_ws/install/smach/lib/python3.8/site-packages/smach-2.0.1-py3.8.egg-info/SOURCES.txt
/root/ROS2Docker/ros2_ws/install/smach/lib/python3.8/site-packages/smach-2.0.1-py3.8.egg-info/PKG-INFO
