-- Install configuration: ""
-- Up-to-date: /root/ROS2Docker/ros2_ws/install/ur_moveit_config/share/ur_moveit_config/config
-- Up-to-date: /root/ROS2Docker/ros2_ws/install/ur_moveit_config/share/ur_moveit_config/config/ompl_planning.yaml
-- Up-to-date: /root/ROS2Docker/ros2_ws/install/ur_moveit_config/share/ur_moveit_config/config/controllers.yaml
-- Up-to-date: /root/ROS2Docker/ros2_ws/install/ur_moveit_config/share/ur_moveit_config/config/kinematics.yaml
-- Up-to-date: /root/ROS2Docker/ros2_ws/install/ur_moveit_config/share/ur_moveit_config/rviz
-- Up-to-date: /root/ROS2Docker/ros2_ws/install/ur_moveit_config/share/ur_moveit_config/rviz/view_robot.rviz
-- Up-to-date: /root/ROS2Docker/ros2_ws/install/ur_moveit_config/share/ur_moveit_config/srdf
-- Up-to-date: /root/ROS2Docker/ros2_ws/install/ur_moveit_config/share/ur_moveit_config/srdf/ur.srdf.xacro
-- Up-to-date: /root/ROS2Docker/ros2_ws/install/ur_moveit_config/share/ur_moveit_config/srdf/ur_macro.srdf.xacro
-- Up-to-date: /root/ROS2Docker/ros2_ws/install/ur_moveit_config/share/ament_index/resource_index/package_run_dependencies/ur_moveit_config
-- Up-to-date: /root/ROS2Docker/ros2_ws/install/ur_moveit_config/share/ament_index/resource_index/parent_prefix_path/ur_moveit_config
-- Up-to-date: /root/ROS2Docker/ros2_ws/install/ur_moveit_config/share/ur_moveit_config/environment/ament_prefix_path.sh
-- Up-to-date: /root/ROS2Docker/ros2_ws/install/ur_moveit_config/share/ur_moveit_config/environment/ament_prefix_path.dsv
-- Up-to-date: /root/ROS2Docker/ros2_ws/install/ur_moveit_config/share/ur_moveit_config/environment/path.sh
-- Up-to-date: /root/ROS2Docker/ros2_ws/install/ur_moveit_config/share/ur_moveit_config/environment/path.dsv
-- Up-to-date: /root/ROS2Docker/ros2_ws/install/ur_moveit_config/share/ur_moveit_config/local_setup.bash
-- Up-to-date: /root/ROS2Docker/ros2_ws/install/ur_moveit_config/share/ur_moveit_config/local_setup.sh
-- Up-to-date: /root/ROS2Docker/ros2_ws/install/ur_moveit_config/share/ur_moveit_config/local_setup.zsh
-- Up-to-date: /root/ROS2Docker/ros2_ws/install/ur_moveit_config/share/ur_moveit_config/local_setup.dsv
-- Up-to-date: /root/ROS2Docker/ros2_ws/install/ur_moveit_config/share/ur_moveit_config/package.dsv
-- Up-to-date: /root/ROS2Docker/ros2_ws/install/ur_moveit_config/share/ament_index/resource_index/packages/ur_moveit_config
-- Up-to-date: /root/ROS2Docker/ros2_ws/install/ur_moveit_config/share/ur_moveit_config/cmake/ur_moveit_configConfig.cmake
-- Up-to-date: /root/ROS2Docker/ros2_ws/install/ur_moveit_config/share/ur_moveit_config/cmake/ur_moveit_configConfig-version.cmake
-- Up-to-date: /root/ROS2Docker/ros2_ws/install/ur_moveit_config/share/ur_moveit_config/package.xml
