[0.182s] Invoking command in '/root/ROS2Docker/ros2_ws/build/ur_moveit_config': CMAKE_PREFIX_PATH=${CMAKE_PREFIX_PATH}:/root/ROS2Docker/ros2_ws/install/ur_ignition:/root/ROS2Docker/ros2_ws/install/examples_rclpy_minimal_subscriber:/root/ROS2Docker/ros2_ws/install/examples_rclpy_minimal_service:/root/ROS2Docker/ros2_ws/install/examples_rclpy_minimal_publisher:/root/ROS2Docker/ros2_ws/install/examples_rclpy_minimal_client:/root/ROS2Docker/ros2_ws/install/examples_rclpy_minimal_action_server:/root/ROS2Docker/ros2_ws/install/examples_rclpy_minimal_action_client:/root/ROS2Docker/ros2_ws/install/examples_rclpy_executors:/opt/ros/foxy /usr/bin/cmake --build /root/ROS2Docker/ros2_ws/build/ur_moveit_config -- -j16 -l16
[0.215s] Invoked command in '/root/ROS2Docker/ros2_ws/build/ur_moveit_config' returned '0': CMAKE_PREFIX_PATH=${CMAKE_PREFIX_PATH}:/root/ROS2Docker/ros2_ws/install/ur_ignition:/root/ROS2Docker/ros2_ws/install/examples_rclpy_minimal_subscriber:/root/ROS2Docker/ros2_ws/install/examples_rclpy_minimal_service:/root/ROS2Docker/ros2_ws/install/examples_rclpy_minimal_publisher:/root/ROS2Docker/ros2_ws/install/examples_rclpy_minimal_client:/root/ROS2Docker/ros2_ws/install/examples_rclpy_minimal_action_server:/root/ROS2Docker/ros2_ws/install/examples_rclpy_minimal_action_client:/root/ROS2Docker/ros2_ws/install/examples_rclpy_executors:/opt/ros/foxy /usr/bin/cmake --build /root/ROS2Docker/ros2_ws/build/ur_moveit_config -- -j16 -l16
[0.252s] Invoking command in '/root/ROS2Docker/ros2_ws/build/ur_moveit_config': CMAKE_PREFIX_PATH=${CMAKE_PREFIX_PATH}:/root/ROS2Docker/ros2_ws/install/ur_ignition:/root/ROS2Docker/ros2_ws/install/examples_rclpy_minimal_subscriber:/root/ROS2Docker/ros2_ws/install/examples_rclpy_minimal_service:/root/ROS2Docker/ros2_ws/install/examples_rclpy_minimal_publisher:/root/ROS2Docker/ros2_ws/install/examples_rclpy_minimal_client:/root/ROS2Docker/ros2_ws/install/examples_rclpy_minimal_action_server:/root/ROS2Docker/ros2_ws/install/examples_rclpy_minimal_action_client:/root/ROS2Docker/ros2_ws/install/examples_rclpy_executors:/opt/ros/foxy /usr/bin/cmake --install /root/ROS2Docker/ros2_ws/build/ur_moveit_config
[0.315s] -- Install configuration: ""
[0.316s] -- Up-to-date: /root/ROS2Docker/ros2_ws/install/ur_moveit_config/share/ur_moveit_config/config
[0.316s] -- Up-to-date: /root/ROS2Docker/ros2_ws/install/ur_moveit_config/share/ur_moveit_config/config/ompl_planning.yaml
[0.316s] -- Up-to-date: /root/ROS2Docker/ros2_ws/install/ur_moveit_config/share/ur_moveit_config/config/controllers.yaml
[0.316s] -- Up-to-date: /root/ROS2Docker/ros2_ws/install/ur_moveit_config/share/ur_moveit_config/config/kinematics.yaml
[0.317s] -- Up-to-date: /root/ROS2Docker/ros2_ws/install/ur_moveit_config/share/ur_moveit_config/rviz
[0.317s] -- Up-to-date: /root/ROS2Docker/ros2_ws/install/ur_moveit_config/share/ur_moveit_config/rviz/view_robot.rviz
[0.317s] -- Up-to-date: /root/ROS2Docker/ros2_ws/install/ur_moveit_config/share/ur_moveit_config/srdf
[0.317s] -- Up-to-date: /root/ROS2Docker/ros2_ws/install/ur_moveit_config/share/ur_moveit_config/srdf/ur.srdf.xacro
[0.317s] -- Up-to-date: /root/ROS2Docker/ros2_ws/install/ur_moveit_config/share/ur_moveit_config/srdf/ur_macro.srdf.xacro
[0.317s] -- Up-to-date: /root/ROS2Docker/ros2_ws/install/ur_moveit_config/share/ament_index/resource_index/package_run_dependencies/ur_moveit_config
[0.318s] -- Up-to-date: /root/ROS2Docker/ros2_ws/install/ur_moveit_config/share/ament_index/resource_index/parent_prefix_path/ur_moveit_config
[0.318s] -- Up-to-date: /root/ROS2Docker/ros2_ws/install/ur_moveit_config/share/ur_moveit_config/environment/ament_prefix_path.sh
[0.318s] -- Up-to-date: /root/ROS2Docker/ros2_ws/install/ur_moveit_config/share/ur_moveit_config/environment/ament_prefix_path.dsv
[0.318s] -- Up-to-date: /root/ROS2Docker/ros2_ws/install/ur_moveit_config/share/ur_moveit_config/environment/path.sh
[0.318s] -- Up-to-date: /root/ROS2Docker/ros2_ws/install/ur_moveit_config/share/ur_moveit_config/environment/path.dsv
[0.318s] -- Up-to-date: /root/ROS2Docker/ros2_ws/install/ur_moveit_config/share/ur_moveit_config/local_setup.bash
[0.319s] -- Up-to-date: /root/ROS2Docker/ros2_ws/install/ur_moveit_config/share/ur_moveit_config/local_setup.sh
[0.319s] -- Up-to-date: /root/ROS2Docker/ros2_ws/install/ur_moveit_config/share/ur_moveit_config/local_setup.zsh
[0.319s] -- Up-to-date: /root/ROS2Docker/ros2_ws/install/ur_moveit_config/share/ur_moveit_config/local_setup.dsv
[0.320s] -- Up-to-date: /root/ROS2Docker/ros2_ws/install/ur_moveit_config/share/ur_moveit_config/package.dsv
[0.320s] -- Up-to-date: /root/ROS2Docker/ros2_ws/install/ur_moveit_config/share/ament_index/resource_index/packages/ur_moveit_config
[0.321s] -- Up-to-date: /root/ROS2Docker/ros2_ws/install/ur_moveit_config/share/ur_moveit_config/cmake/ur_moveit_configConfig.cmake
[0.321s] -- Up-to-date: /root/ROS2Docker/ros2_ws/install/ur_moveit_config/share/ur_moveit_config/cmake/ur_moveit_configConfig-version.cmake
[0.321s] -- Up-to-date: /root/ROS2Docker/ros2_ws/install/ur_moveit_config/share/ur_moveit_config/package.xml
[0.322s] Invoked command in '/root/ROS2Docker/ros2_ws/build/ur_moveit_config' returned '0': CMAKE_PREFIX_PATH=${CMAKE_PREFIX_PATH}:/root/ROS2Docker/ros2_ws/install/ur_ignition:/root/ROS2Docker/ros2_ws/install/examples_rclpy_minimal_subscriber:/root/ROS2Docker/ros2_ws/install/examples_rclpy_minimal_service:/root/ROS2Docker/ros2_ws/install/examples_rclpy_minimal_publisher:/root/ROS2Docker/ros2_ws/install/examples_rclpy_minimal_client:/root/ROS2Docker/ros2_ws/install/examples_rclpy_minimal_action_server:/root/ROS2Docker/ros2_ws/install/examples_rclpy_minimal_action_client:/root/ROS2Docker/ros2_ws/install/examples_rclpy_executors:/opt/ros/foxy /usr/bin/cmake --install /root/ROS2Docker/ros2_ws/build/ur_moveit_config
