[100%] Built target dashboard_client
[100%] Built target ur_robot_driver_plugin
-- Install configuration: "RelWithDebInfo"
-- Up-to-date: /root/ROS2Docker/ros2_ws/install/ur_robot_driver/share/ur_robot_driver/hardware_interface_plugin.xml
-- Up-to-date: /root/ROS2Docker/ros2_ws/install/ur_robot_driver/lib/ur_robot_driver/dashboard_client
-- Up-to-date: /root/ROS2Docker/ros2_ws/install/ur_robot_driver/lib/libur_robot_driver_plugin.so
-- Up-to-date: /root/ROS2Docker/ros2_ws/install/ur_robot_driver/include
-- Up-to-date: /root/ROS2Docker/ros2_ws/install/ur_robot_driver/include/ur_robot_driver
-- Up-to-date: /root/ROS2Docker/ros2_ws/install/ur_robot_driver/include/ur_robot_driver/hardware_interface.hpp
-- Up-to-date: /root/ROS2Docker/ros2_ws/install/ur_robot_driver/include/ur_robot_driver/dashboard_client_ros.hpp
-- Up-to-date: /root/ROS2Docker/ros2_ws/install/ur_robot_driver/include/ur_robot_driver/urcl_log_handler.hpp
-- Up-to-date: /root/ROS2Docker/ros2_ws/install/ur_robot_driver/share/ur_robot_driver/environment/library_path.sh
-- Up-to-date: /root/ROS2Docker/ros2_ws/install/ur_robot_driver/share/ur_robot_driver/environment/library_path.dsv
-- Up-to-date: /root/ROS2Docker/ros2_ws/install/ur_robot_driver/bin/tool_communication
-- Up-to-date: /root/ROS2Docker/ros2_ws/install/ur_robot_driver/share/ur_robot_driver/resources
-- Up-to-date: /root/ROS2Docker/ros2_ws/install/ur_robot_driver/share/ur_robot_driver/resources/externalcontrol-1.0.5.urcap
-- Up-to-date: /root/ROS2Docker/ros2_ws/install/ur_robot_driver/share/ur_robot_driver/resources/ros_control.urscript
-- Up-to-date: /root/ROS2Docker/ros2_ws/install/ur_robot_driver/share/ur_robot_driver/resources/rtde_input_recipe.txt
-- Up-to-date: /root/ROS2Docker/ros2_ws/install/ur_robot_driver/share/ur_robot_driver/resources/rs485-1.0.urcap
-- Up-to-date: /root/ROS2Docker/ros2_ws/install/ur_robot_driver/share/ur_robot_driver/resources/Dockerfile
-- Up-to-date: /root/ROS2Docker/ros2_ws/install/ur_robot_driver/share/ur_robot_driver/resources/rtde_output_recipe.txt
-- Up-to-date: /root/ROS2Docker/ros2_ws/install/ur_robot_driver/include
-- Up-to-date: /root/ROS2Docker/ros2_ws/install/ur_robot_driver/include/ur_robot_driver
-- Up-to-date: /root/ROS2Docker/ros2_ws/install/ur_robot_driver/include/ur_robot_driver/hardware_interface.hpp
-- Up-to-date: /root/ROS2Docker/ros2_ws/install/ur_robot_driver/include/ur_robot_driver/dashboard_client_ros.hpp
-- Up-to-date: /root/ROS2Docker/ros2_ws/install/ur_robot_driver/include/ur_robot_driver/urcl_log_handler.hpp
-- Up-to-date: /root/ROS2Docker/ros2_ws/install/ur_robot_driver/share/ament_index/resource_index/package_run_dependencies/ur_robot_driver
-- Up-to-date: /root/ROS2Docker/ros2_ws/install/ur_robot_driver/share/ament_index/resource_index/parent_prefix_path/ur_robot_driver
-- Up-to-date: /root/ROS2Docker/ros2_ws/install/ur_robot_driver/share/ur_robot_driver/environment/ament_prefix_path.sh
-- Up-to-date: /root/ROS2Docker/ros2_ws/install/ur_robot_driver/share/ur_robot_driver/environment/ament_prefix_path.dsv
-- Up-to-date: /root/ROS2Docker/ros2_ws/install/ur_robot_driver/share/ur_robot_driver/environment/path.sh
-- Up-to-date: /root/ROS2Docker/ros2_ws/install/ur_robot_driver/share/ur_robot_driver/environment/path.dsv
-- Up-to-date: /root/ROS2Docker/ros2_ws/install/ur_robot_driver/share/ur_robot_driver/local_setup.bash
-- Up-to-date: /root/ROS2Docker/ros2_ws/install/ur_robot_driver/share/ur_robot_driver/local_setup.sh
-- Up-to-date: /root/ROS2Docker/ros2_ws/install/ur_robot_driver/share/ur_robot_driver/local_setup.zsh
-- Up-to-date: /root/ROS2Docker/ros2_ws/install/ur_robot_driver/share/ur_robot_driver/local_setup.dsv
-- Installing: /root/ROS2Docker/ros2_ws/install/ur_robot_driver/share/ur_robot_driver/package.dsv
-- Up-to-date: /root/ROS2Docker/ros2_ws/install/ur_robot_driver/share/ament_index/resource_index/packages/ur_robot_driver
-- Up-to-date: /root/ROS2Docker/ros2_ws/install/ur_robot_driver/share/ament_index/resource_index/hardware_interface__pluginlib__plugin/ur_robot_driver
-- Up-to-date: /root/ROS2Docker/ros2_ws/install/ur_robot_driver/share/ur_robot_driver/cmake/ament_cmake_export_include_directories-extras.cmake
-- Up-to-date: /root/ROS2Docker/ros2_ws/install/ur_robot_driver/share/ur_robot_driver/cmake/ament_cmake_export_libraries-extras.cmake
-- Up-to-date: /root/ROS2Docker/ros2_ws/install/ur_robot_driver/share/ur_robot_driver/cmake/ament_cmake_export_dependencies-extras.cmake
-- Up-to-date: /root/ROS2Docker/ros2_ws/install/ur_robot_driver/share/ur_robot_driver/cmake/ur_robot_driverConfig.cmake
-- Up-to-date: /root/ROS2Docker/ros2_ws/install/ur_robot_driver/share/ur_robot_driver/cmake/ur_robot_driverConfig-version.cmake
-- Up-to-date: /root/ROS2Docker/ros2_ws/install/ur_robot_driver/share/ur_robot_driver/package.xml
