[0.071s] Invoking command in '/root/ROS2Docker/ros2_ws/build/examples_rclcpp_minimal_client': CMAKE_PREFIX_PATH=/opt/ros/foxy /usr/bin/cmake /root/ROS2Docker/ros2_ws/src/examples/rclcpp/services/minimal_client -DCMAKE_INSTALL_PREFIX=/root/ROS2Docker/ros2_ws/install/examples_rclcpp_minimal_client
[1.463s] -- The C compiler identification is GNU 9.3.0
[1.464s] -- The CXX compiler identification is GNU 9.3.0
[1.464s] -- Check for working C compiler: /usr/bin/cc
[1.464s] -- Check for working C compiler: /usr/bin/cc -- works
[1.466s] -- Detecting C compiler ABI info
[1.467s] -- Detecting C compiler ABI info - done
[1.467s] -- Detecting C compile features
[1.467s] -- Detecting C compile features - done
[1.467s] -- Check for working CXX compiler: /usr/bin/c++
[1.467s] -- Check for working CXX compiler: /usr/bin/c++ -- works
[1.467s] -- Detecting CXX compiler ABI info
[1.467s] -- Detecting CXX compiler ABI info - done
[1.467s] -- Detecting CXX compile features
[1.467s] -- Detecting CXX compile features - done
[1.467s] -- Found ament_cmake: 0.9.9 (/opt/ros/foxy/share/ament_cmake/cmake)
[1.467s] -- Found PythonInterp: /usr/bin/python3 (found suitable version "3.8.10", minimum required is "3") 
[1.467s] -- Using PYTHON_EXECUTABLE: /usr/bin/python3
[1.467s] -- Found example_interfaces: 0.9.1 (/opt/ros/foxy/share/example_interfaces/cmake)
[1.468s] -- Using all available rosidl_typesupport_c: rosidl_typesupport_fastrtps_c;rosidl_typesupport_introspection_c
[1.468s] -- Found rosidl_adapter: 1.2.1 (/opt/ros/foxy/share/rosidl_adapter/cmake)
[1.468s] -- Found OpenSSL: /usr/lib/x86_64-linux-gnu/libcrypto.so (found version "1.1.1f")  
[1.468s] -- Found FastRTPS: /opt/ros/foxy/include  
[1.468s] -- Using all available rosidl_typesupport_cpp: rosidl_typesupport_fastrtps_cpp;rosidl_typesupport_introspection_cpp
[1.468s] -- Found rclcpp: 2.4.0 (/opt/ros/foxy/share/rclcpp/cmake)
[1.468s] -- Found rmw_implementation_cmake: 1.0.3 (/opt/ros/foxy/share/rmw_implementation_cmake/cmake)
[1.468s] -- Using RMW implementation 'rmw_fastrtps_cpp' as default
[1.468s] -- Looking for pthread.h
[1.468s] -- Looking for pthread.h - found
[1.468s] -- Performing Test CMAKE_HAVE_LIBC_PTHREAD
[1.469s] -- Performing Test CMAKE_HAVE_LIBC_PTHREAD - Failed
[1.469s] -- Looking for pthread_create in pthreads
[1.469s] -- Looking for pthread_create in pthreads - not found
[1.470s] -- Looking for pthread_create in pthread
[1.496s] -- Looking for pthread_create in pthread - found
[1.497s] -- Found Threads: TRUE  
[1.711s] -- Found ament_lint_auto: 0.9.6 (/opt/ros/foxy/share/ament_lint_auto/cmake)
[1.825s] -- Added test 'copyright' to check source files copyright and LICENSE
[1.826s] -- Added test 'cppcheck' to perform static code analysis on C / C++ code
[1.827s] -- Configured cppcheck include dirs: 
[1.827s] -- Configured cppcheck exclude dirs and/or files: 
[1.828s] -- Added test 'cpplint' to check C / C++ code against the Google style
[1.828s] -- Configured cpplint exclude dirs and/or files: 
[1.829s] -- Added test 'lint_cmake' to check CMake code style
[1.831s] -- Added test 'uncrustify' to check C / C++ code style
[1.831s] -- Configured uncrustify additional arguments: 
[1.832s] -- Added test 'xmllint' to check XML markup files
[1.837s] -- Configuring done
[1.852s] -- Generating done
[1.852s] -- Build files have been written to: /root/ROS2Docker/ros2_ws/build/examples_rclcpp_minimal_client
[1.908s] Invoked command in '/root/ROS2Docker/ros2_ws/build/examples_rclcpp_minimal_client' returned '0': CMAKE_PREFIX_PATH=/opt/ros/foxy /usr/bin/cmake /root/ROS2Docker/ros2_ws/src/examples/rclcpp/services/minimal_client -DCMAKE_INSTALL_PREFIX=/root/ROS2Docker/ros2_ws/install/examples_rclcpp_minimal_client
[1.910s] Invoking command in '/root/ROS2Docker/ros2_ws/build/examples_rclcpp_minimal_client': CMAKE_PREFIX_PATH=/opt/ros/foxy /usr/bin/cmake --build /root/ROS2Docker/ros2_ws/build/examples_rclcpp_minimal_client -- -j16 -l16
[1.982s] [35m[1mScanning dependencies of target client_main[0m
[2.053s] [ 50%] [32mBuilding CXX object CMakeFiles/client_main.dir/main.cpp.o[0m
[5.649s] [100%] [32m[1mLinking CXX executable client_main[0m
[5.886s] [100%] Built target client_main
[5.903s] Invoked command in '/root/ROS2Docker/ros2_ws/build/examples_rclcpp_minimal_client' returned '0': CMAKE_PREFIX_PATH=/opt/ros/foxy /usr/bin/cmake --build /root/ROS2Docker/ros2_ws/build/examples_rclcpp_minimal_client -- -j16 -l16
[5.954s] Invoking command in '/root/ROS2Docker/ros2_ws/build/examples_rclcpp_minimal_client': CMAKE_PREFIX_PATH=/opt/ros/foxy /usr/bin/cmake --install /root/ROS2Docker/ros2_ws/build/examples_rclcpp_minimal_client
[5.969s] -- Install configuration: ""
[5.969s] -- Installing: /root/ROS2Docker/ros2_ws/install/examples_rclcpp_minimal_client/lib/examples_rclcpp_minimal_client/client_main
[5.969s] -- Set runtime path of "/root/ROS2Docker/ros2_ws/install/examples_rclcpp_minimal_client/lib/examples_rclcpp_minimal_client/client_main" to ""
[5.969s] -- Installing: /root/ROS2Docker/ros2_ws/install/examples_rclcpp_minimal_client/share/ament_index/resource_index/package_run_dependencies/examples_rclcpp_minimal_client
[5.969s] -- Installing: /root/ROS2Docker/ros2_ws/install/examples_rclcpp_minimal_client/share/ament_index/resource_index/parent_prefix_path/examples_rclcpp_minimal_client
[5.970s] -- Installing: /root/ROS2Docker/ros2_ws/install/examples_rclcpp_minimal_client/share/examples_rclcpp_minimal_client/environment/ament_prefix_path.sh
[5.970s] -- Installing: /root/ROS2Docker/ros2_ws/install/examples_rclcpp_minimal_client/share/examples_rclcpp_minimal_client/environment/ament_prefix_path.dsv
[5.970s] -- Installing: /root/ROS2Docker/ros2_ws/install/examples_rclcpp_minimal_client/share/examples_rclcpp_minimal_client/environment/path.sh
[5.970s] -- Installing: /root/ROS2Docker/ros2_ws/install/examples_rclcpp_minimal_client/share/examples_rclcpp_minimal_client/environment/path.dsv
[5.971s] -- Installing: /root/ROS2Docker/ros2_ws/install/examples_rclcpp_minimal_client/share/examples_rclcpp_minimal_client/local_setup.bash
[5.971s] -- Installing: /root/ROS2Docker/ros2_ws/install/examples_rclcpp_minimal_client/share/examples_rclcpp_minimal_client/local_setup.sh
[5.971s] -- Installing: /root/ROS2Docker/ros2_ws/install/examples_rclcpp_minimal_client/share/examples_rclcpp_minimal_client/local_setup.zsh
[5.972s] -- Installing: /root/ROS2Docker/ros2_ws/install/examples_rclcpp_minimal_client/share/examples_rclcpp_minimal_client/local_setup.dsv
[5.972s] -- Installing: /root/ROS2Docker/ros2_ws/install/examples_rclcpp_minimal_client/share/examples_rclcpp_minimal_client/package.dsv
[5.972s] -- Installing: /root/ROS2Docker/ros2_ws/install/examples_rclcpp_minimal_client/share/ament_index/resource_index/packages/examples_rclcpp_minimal_client
[5.973s] -- Installing: /root/ROS2Docker/ros2_ws/install/examples_rclcpp_minimal_client/share/examples_rclcpp_minimal_client/cmake/examples_rclcpp_minimal_clientConfig.cmake
[5.973s] -- Installing: /root/ROS2Docker/ros2_ws/install/examples_rclcpp_minimal_client/share/examples_rclcpp_minimal_client/cmake/examples_rclcpp_minimal_clientConfig-version.cmake
[5.973s] -- Installing: /root/ROS2Docker/ros2_ws/install/examples_rclcpp_minimal_client/share/examples_rclcpp_minimal_client/package.xml
[5.982s] Invoked command in '/root/ROS2Docker/ros2_ws/build/examples_rclcpp_minimal_client' returned '0': CMAKE_PREFIX_PATH=/opt/ros/foxy /usr/bin/cmake --install /root/ROS2Docker/ros2_ws/build/examples_rclcpp_minimal_client
