[0.187s] Invoking command in '/root/ROS2Docker/ros2_ws/build/ur_dashboard_msgs': CMAKE_PREFIX_PATH=${CMAKE_PREFIX_PATH}:/root/ROS2Docker/ros2_ws/install/ur_ignition:/root/ROS2Docker/ros2_ws/install/examples_rclpy_minimal_subscriber:/root/ROS2Docker/ros2_ws/install/examples_rclpy_minimal_service:/root/ROS2Docker/ros2_ws/install/examples_rclpy_minimal_publisher:/root/ROS2Docker/ros2_ws/install/examples_rclpy_minimal_client:/root/ROS2Docker/ros2_ws/install/examples_rclpy_minimal_action_server:/root/ROS2Docker/ros2_ws/install/examples_rclpy_minimal_action_client:/root/ROS2Docker/ros2_ws/install/examples_rclpy_executors:/opt/ros/foxy /usr/bin/cmake --build /root/ROS2Docker/ros2_ws/build/ur_dashboard_msgs -- -j16 -l16
[0.234s] [  0%] Built target ur_dashboard_msgs__cpp
[0.234s] [ 12%] Built target ur_dashboard_msgs__rosidl_generator_c
[0.265s] [ 24%] Built target ur_dashboard_msgs__rosidl_typesupport_cpp
[0.267s] [ 36%] Built target ur_dashboard_msgs__rosidl_typesupport_introspection_cpp
[0.268s] [ 48%] Built target ur_dashboard_msgs__rosidl_typesupport_c
[0.269s] [ 60%] Built target ur_dashboard_msgs__rosidl_typesupport_introspection_c
[0.275s] [ 72%] Built target ur_dashboard_msgs__rosidl_typesupport_fastrtps_cpp
[0.338s] [ 84%] Built target ur_dashboard_msgs__rosidl_typesupport_fastrtps_c
[0.339s] [ 84%] Built target ur_dashboard_msgs
[0.340s] [ 85%] Built target ur_dashboard_msgs__py
[0.357s] [ 96%] Built target ur_dashboard_msgs__python
[0.380s] [100%] Built target ur_dashboard_msgs__rosidl_typesupport_fastrtps_c__pyext
[0.381s] [100%] Built target ur_dashboard_msgs__rosidl_typesupport_introspection_c__pyext
[0.381s] [100%] Built target ur_dashboard_msgs__rosidl_typesupport_c__pyext
[0.394s] Invoked command in '/root/ROS2Docker/ros2_ws/build/ur_dashboard_msgs' returned '0': CMAKE_PREFIX_PATH=${CMAKE_PREFIX_PATH}:/root/ROS2Docker/ros2_ws/install/ur_ignition:/root/ROS2Docker/ros2_ws/install/examples_rclpy_minimal_subscriber:/root/ROS2Docker/ros2_ws/install/examples_rclpy_minimal_service:/root/ROS2Docker/ros2_ws/install/examples_rclpy_minimal_publisher:/root/ROS2Docker/ros2_ws/install/examples_rclpy_minimal_client:/root/ROS2Docker/ros2_ws/install/examples_rclpy_minimal_action_server:/root/ROS2Docker/ros2_ws/install/examples_rclpy_minimal_action_client:/root/ROS2Docker/ros2_ws/install/examples_rclpy_executors:/opt/ros/foxy /usr/bin/cmake --build /root/ROS2Docker/ros2_ws/build/ur_dashboard_msgs -- -j16 -l16
[0.570s] Invoking command in '/root/ROS2Docker/ros2_ws/build/ur_dashboard_msgs': CMAKE_PREFIX_PATH=${CMAKE_PREFIX_PATH}:/root/ROS2Docker/ros2_ws/install/ur_ignition:/root/ROS2Docker/ros2_ws/install/examples_rclpy_minimal_subscriber:/root/ROS2Docker/ros2_ws/install/examples_rclpy_minimal_service:/root/ROS2Docker/ros2_ws/install/examples_rclpy_minimal_publisher:/root/ROS2Docker/ros2_ws/install/examples_rclpy_minimal_client:/root/ROS2Docker/ros2_ws/install/examples_rclpy_minimal_action_server:/root/ROS2Docker/ros2_ws/install/examples_rclpy_minimal_action_client:/root/ROS2Docker/ros2_ws/install/examples_rclpy_executors:/opt/ros/foxy /usr/bin/cmake --install /root/ROS2Docker/ros2_ws/build/ur_dashboard_msgs
[0.578s] -- Install configuration: ""
[0.578s] -- Up-to-date: /root/ROS2Docker/ros2_ws/install/ur_dashboard_msgs/share/ament_index/resource_index/rosidl_interfaces/ur_dashboard_msgs
[0.578s] -- Up-to-date: /root/ROS2Docker/ros2_ws/install/ur_dashboard_msgs/include/ur_dashboard_msgs
[0.579s] -- Up-to-date: /root/ROS2Docker/ros2_ws/install/ur_dashboard_msgs/include/ur_dashboard_msgs/action
[0.579s] -- Up-to-date: /root/ROS2Docker/ros2_ws/install/ur_dashboard_msgs/include/ur_dashboard_msgs/action/set_mode.h
[0.580s] -- Up-to-date: /root/ROS2Docker/ros2_ws/install/ur_dashboard_msgs/include/ur_dashboard_msgs/action/detail
[0.580s] -- Up-to-date: /root/ROS2Docker/ros2_ws/install/ur_dashboard_msgs/include/ur_dashboard_msgs/action/detail/set_mode__struct.h
[0.580s] -- Up-to-date: /root/ROS2Docker/ros2_ws/install/ur_dashboard_msgs/include/ur_dashboard_msgs/action/detail/set_mode__type_support.h
[0.580s] -- Up-to-date: /root/ROS2Docker/ros2_ws/install/ur_dashboard_msgs/include/ur_dashboard_msgs/action/detail/set_mode__functions.c
[0.580s] -- Up-to-date: /root/ROS2Docker/ros2_ws/install/ur_dashboard_msgs/include/ur_dashboard_msgs/action/detail/set_mode__functions.h
[0.580s] -- Up-to-date: /root/ROS2Docker/ros2_ws/install/ur_dashboard_msgs/include/ur_dashboard_msgs/msg
[0.581s] -- Up-to-date: /root/ROS2Docker/ros2_ws/install/ur_dashboard_msgs/include/ur_dashboard_msgs/msg/program_state.h
[0.581s] -- Up-to-date: /root/ROS2Docker/ros2_ws/install/ur_dashboard_msgs/include/ur_dashboard_msgs/msg/robot_mode.h
[0.581s] -- Up-to-date: /root/ROS2Docker/ros2_ws/install/ur_dashboard_msgs/include/ur_dashboard_msgs/msg/safety_mode.h
[0.581s] -- Up-to-date: /root/ROS2Docker/ros2_ws/install/ur_dashboard_msgs/include/ur_dashboard_msgs/msg/rosidl_generator_c__visibility_control.h
[0.582s] -- Up-to-date: /root/ROS2Docker/ros2_ws/install/ur_dashboard_msgs/include/ur_dashboard_msgs/msg/detail
[0.582s] -- Up-to-date: /root/ROS2Docker/ros2_ws/install/ur_dashboard_msgs/include/ur_dashboard_msgs/msg/detail/safety_mode__functions.c
[0.582s] -- Up-to-date: /root/ROS2Docker/ros2_ws/install/ur_dashboard_msgs/include/ur_dashboard_msgs/msg/detail/robot_mode__functions.h
[0.582s] -- Up-to-date: /root/ROS2Docker/ros2_ws/install/ur_dashboard_msgs/include/ur_dashboard_msgs/msg/detail/robot_mode__type_support.h
[0.582s] -- Up-to-date: /root/ROS2Docker/ros2_ws/install/ur_dashboard_msgs/include/ur_dashboard_msgs/msg/detail/safety_mode__struct.h
[0.582s] -- Up-to-date: /root/ROS2Docker/ros2_ws/install/ur_dashboard_msgs/include/ur_dashboard_msgs/msg/detail/program_state__struct.h
[0.583s] -- Up-to-date: /root/ROS2Docker/ros2_ws/install/ur_dashboard_msgs/include/ur_dashboard_msgs/msg/detail/program_state__type_support.h
[0.583s] -- Up-to-date: /root/ROS2Docker/ros2_ws/install/ur_dashboard_msgs/include/ur_dashboard_msgs/msg/detail/safety_mode__functions.h
[0.583s] -- Up-to-date: /root/ROS2Docker/ros2_ws/install/ur_dashboard_msgs/include/ur_dashboard_msgs/msg/detail/program_state__functions.h
[0.583s] -- Up-to-date: /root/ROS2Docker/ros2_ws/install/ur_dashboard_msgs/include/ur_dashboard_msgs/msg/detail/robot_mode__functions.c
[0.584s] -- Up-to-date: /root/ROS2Docker/ros2_ws/install/ur_dashboard_msgs/include/ur_dashboard_msgs/msg/detail/robot_mode__struct.h
[0.584s] -- Up-to-date: /root/ROS2Docker/ros2_ws/install/ur_dashboard_msgs/include/ur_dashboard_msgs/msg/detail/program_state__functions.c
[0.585s] -- Up-to-date: /root/ROS2Docker/ros2_ws/install/ur_dashboard_msgs/include/ur_dashboard_msgs/msg/detail/safety_mode__type_support.h
[0.585s] -- Up-to-date: /root/ROS2Docker/ros2_ws/install/ur_dashboard_msgs/include/ur_dashboard_msgs/srv
[0.585s] -- Up-to-date: /root/ROS2Docker/ros2_ws/install/ur_dashboard_msgs/include/ur_dashboard_msgs/srv/get_loaded_program.h
[0.585s] -- Up-to-date: /root/ROS2Docker/ros2_ws/install/ur_dashboard_msgs/include/ur_dashboard_msgs/srv/get_robot_mode.h
[0.585s] -- Up-to-date: /root/ROS2Docker/ros2_ws/install/ur_dashboard_msgs/include/ur_dashboard_msgs/srv/is_program_saved.h
[0.585s] -- Up-to-date: /root/ROS2Docker/ros2_ws/install/ur_dashboard_msgs/include/ur_dashboard_msgs/srv/get_safety_mode.h
[0.586s] -- Up-to-date: /root/ROS2Docker/ros2_ws/install/ur_dashboard_msgs/include/ur_dashboard_msgs/srv/get_program_state.h
[0.586s] -- Up-to-date: /root/ROS2Docker/ros2_ws/install/ur_dashboard_msgs/include/ur_dashboard_msgs/srv/load.h
[0.586s] -- Up-to-date: /root/ROS2Docker/ros2_ws/install/ur_dashboard_msgs/include/ur_dashboard_msgs/srv/is_program_running.h
[0.586s] -- Up-to-date: /root/ROS2Docker/ros2_ws/install/ur_dashboard_msgs/include/ur_dashboard_msgs/srv/detail
[0.586s] -- Up-to-date: /root/ROS2Docker/ros2_ws/install/ur_dashboard_msgs/include/ur_dashboard_msgs/srv/detail/popup__struct.h
[0.586s] -- Up-to-date: /root/ROS2Docker/ros2_ws/install/ur_dashboard_msgs/include/ur_dashboard_msgs/srv/detail/get_robot_mode__functions.c
[0.586s] -- Up-to-date: /root/ROS2Docker/ros2_ws/install/ur_dashboard_msgs/include/ur_dashboard_msgs/srv/detail/add_to_log__struct.h
[0.586s] -- Up-to-date: /root/ROS2Docker/ros2_ws/install/ur_dashboard_msgs/include/ur_dashboard_msgs/srv/detail/load__functions.c
[0.587s] -- Up-to-date: /root/ROS2Docker/ros2_ws/install/ur_dashboard_msgs/include/ur_dashboard_msgs/srv/detail/load__functions.h
[0.588s] -- Up-to-date: /root/ROS2Docker/ros2_ws/install/ur_dashboard_msgs/include/ur_dashboard_msgs/srv/detail/load__type_support.h
[0.588s] -- Up-to-date: /root/ROS2Docker/ros2_ws/install/ur_dashboard_msgs/include/ur_dashboard_msgs/srv/detail/get_robot_mode__type_support.h
[0.588s] -- Up-to-date: /root/ROS2Docker/ros2_ws/install/ur_dashboard_msgs/include/ur_dashboard_msgs/srv/detail/load__struct.h
[0.588s] -- Up-to-date: /root/ROS2Docker/ros2_ws/install/ur_dashboard_msgs/include/ur_dashboard_msgs/srv/detail/get_robot_mode__functions.h
[0.588s] -- Up-to-date: /root/ROS2Docker/ros2_ws/install/ur_dashboard_msgs/include/ur_dashboard_msgs/srv/detail/raw_request__functions.c
[0.589s] -- Up-to-date: /root/ROS2Docker/ros2_ws/install/ur_dashboard_msgs/include/ur_dashboard_msgs/srv/detail/get_safety_mode__struct.h
[0.589s] -- Up-to-date: /root/ROS2Docker/ros2_ws/install/ur_dashboard_msgs/include/ur_dashboard_msgs/srv/detail/add_to_log__functions.h
[0.589s] -- Up-to-date: /root/ROS2Docker/ros2_ws/install/ur_dashboard_msgs/include/ur_dashboard_msgs/srv/detail/is_program_running__struct.h
[0.589s] -- Up-to-date: /root/ROS2Docker/ros2_ws/install/ur_dashboard_msgs/include/ur_dashboard_msgs/srv/detail/get_program_state__functions.c
[0.589s] -- Up-to-date: /root/ROS2Docker/ros2_ws/install/ur_dashboard_msgs/include/ur_dashboard_msgs/srv/detail/get_loaded_program__type_support.h
[0.589s] -- Up-to-date: /root/ROS2Docker/ros2_ws/install/ur_dashboard_msgs/include/ur_dashboard_msgs/srv/detail/get_program_state__functions.h
[0.589s] -- Up-to-date: /root/ROS2Docker/ros2_ws/install/ur_dashboard_msgs/include/ur_dashboard_msgs/srv/detail/popup__type_support.h
[0.589s] -- Up-to-date: /root/ROS2Docker/ros2_ws/install/ur_dashboard_msgs/include/ur_dashboard_msgs/srv/detail/get_safety_mode__functions.c
[0.589s] -- Up-to-date: /root/ROS2Docker/ros2_ws/install/ur_dashboard_msgs/include/ur_dashboard_msgs/srv/detail/raw_request__type_support.h
[0.589s] -- Up-to-date: /root/ROS2Docker/ros2_ws/install/ur_dashboard_msgs/include/ur_dashboard_msgs/srv/detail/popup__functions.c
[0.589s] -- Up-to-date: /root/ROS2Docker/ros2_ws/install/ur_dashboard_msgs/include/ur_dashboard_msgs/srv/detail/is_program_saved__functions.h
[0.589s] -- Up-to-date: /root/ROS2Docker/ros2_ws/install/ur_dashboard_msgs/include/ur_dashboard_msgs/srv/detail/is_program_running__functions.h
[0.589s] -- Up-to-date: /root/ROS2Docker/ros2_ws/install/ur_dashboard_msgs/include/ur_dashboard_msgs/srv/detail/get_loaded_program__functions.h
[0.589s] -- Up-to-date: /root/ROS2Docker/ros2_ws/install/ur_dashboard_msgs/include/ur_dashboard_msgs/srv/detail/get_program_state__type_support.h
[0.589s] -- Up-to-date: /root/ROS2Docker/ros2_ws/install/ur_dashboard_msgs/include/ur_dashboard_msgs/srv/detail/raw_request__struct.h
[0.589s] -- Up-to-date: /root/ROS2Docker/ros2_ws/install/ur_dashboard_msgs/include/ur_dashboard_msgs/srv/detail/get_robot_mode__struct.h
[0.589s] -- Up-to-date: /root/ROS2Docker/ros2_ws/install/ur_dashboard_msgs/include/ur_dashboard_msgs/srv/detail/is_program_saved__type_support.h
[0.589s] -- Up-to-date: /root/ROS2Docker/ros2_ws/install/ur_dashboard_msgs/include/ur_dashboard_msgs/srv/detail/get_safety_mode__type_support.h
[0.590s] -- Up-to-date: /root/ROS2Docker/ros2_ws/install/ur_dashboard_msgs/include/ur_dashboard_msgs/srv/detail/is_program_running__type_support.h
[0.590s] -- Up-to-date: /root/ROS2Docker/ros2_ws/install/ur_dashboard_msgs/include/ur_dashboard_msgs/srv/detail/is_program_running__functions.c
[0.590s] -- Up-to-date: /root/ROS2Docker/ros2_ws/install/ur_dashboard_msgs/include/ur_dashboard_msgs/srv/detail/get_loaded_program__functions.c
[0.590s] -- Up-to-date: /root/ROS2Docker/ros2_ws/install/ur_dashboard_msgs/include/ur_dashboard_msgs/srv/detail/get_safety_mode__functions.h
[0.590s] -- Up-to-date: /root/ROS2Docker/ros2_ws/install/ur_dashboard_msgs/include/ur_dashboard_msgs/srv/detail/get_program_state__struct.h
[0.590s] -- Up-to-date: /root/ROS2Docker/ros2_ws/install/ur_dashboard_msgs/include/ur_dashboard_msgs/srv/detail/get_loaded_program__struct.h
[0.590s] -- Up-to-date: /root/ROS2Docker/ros2_ws/install/ur_dashboard_msgs/include/ur_dashboard_msgs/srv/detail/add_to_log__type_support.h
[0.590s] -- Up-to-date: /root/ROS2Docker/ros2_ws/install/ur_dashboard_msgs/include/ur_dashboard_msgs/srv/detail/popup__functions.h
[0.590s] -- Up-to-date: /root/ROS2Docker/ros2_ws/install/ur_dashboard_msgs/include/ur_dashboard_msgs/srv/detail/add_to_log__functions.c
[0.590s] -- Up-to-date: /root/ROS2Docker/ros2_ws/install/ur_dashboard_msgs/include/ur_dashboard_msgs/srv/detail/raw_request__functions.h
[0.590s] -- Up-to-date: /root/ROS2Docker/ros2_ws/install/ur_dashboard_msgs/include/ur_dashboard_msgs/srv/detail/is_program_saved__struct.h
[0.590s] -- Up-to-date: /root/ROS2Docker/ros2_ws/install/ur_dashboard_msgs/include/ur_dashboard_msgs/srv/detail/is_program_saved__functions.c
[0.590s] -- Up-to-date: /root/ROS2Docker/ros2_ws/install/ur_dashboard_msgs/include/ur_dashboard_msgs/srv/add_to_log.h
[0.590s] -- Up-to-date: /root/ROS2Docker/ros2_ws/install/ur_dashboard_msgs/include/ur_dashboard_msgs/srv/popup.h
[0.590s] -- Up-to-date: /root/ROS2Docker/ros2_ws/install/ur_dashboard_msgs/include/ur_dashboard_msgs/srv/raw_request.h
[0.590s] -- Up-to-date: /root/ROS2Docker/ros2_ws/install/ur_dashboard_msgs/share/ur_dashboard_msgs/environment/library_path.sh
[0.590s] -- Up-to-date: /root/ROS2Docker/ros2_ws/install/ur_dashboard_msgs/share/ur_dashboard_msgs/environment/library_path.dsv
[0.590s] -- Up-to-date: /root/ROS2Docker/ros2_ws/install/ur_dashboard_msgs/lib/libur_dashboard_msgs__rosidl_generator_c.so
[0.590s] -- Up-to-date: /root/ROS2Docker/ros2_ws/install/ur_dashboard_msgs/include/ur_dashboard_msgs
[0.590s] -- Up-to-date: /root/ROS2Docker/ros2_ws/install/ur_dashboard_msgs/include/ur_dashboard_msgs/action
[0.590s] -- Up-to-date: /root/ROS2Docker/ros2_ws/install/ur_dashboard_msgs/include/ur_dashboard_msgs/action/detail
[0.591s] -- Up-to-date: /root/ROS2Docker/ros2_ws/install/ur_dashboard_msgs/include/ur_dashboard_msgs/action/detail/set_mode__rosidl_typesupport_fastrtps_c.h
[0.591s] -- Up-to-date: /root/ROS2Docker/ros2_ws/install/ur_dashboard_msgs/include/ur_dashboard_msgs/msg
[0.591s] -- Up-to-date: /root/ROS2Docker/ros2_ws/install/ur_dashboard_msgs/include/ur_dashboard_msgs/msg/rosidl_typesupport_fastrtps_c__visibility_control.h
[0.591s] -- Up-to-date: /root/ROS2Docker/ros2_ws/install/ur_dashboard_msgs/include/ur_dashboard_msgs/msg/detail
[0.591s] -- Up-to-date: /root/ROS2Docker/ros2_ws/install/ur_dashboard_msgs/include/ur_dashboard_msgs/msg/detail/program_state__rosidl_typesupport_fastrtps_c.h
[0.591s] -- Up-to-date: /root/ROS2Docker/ros2_ws/install/ur_dashboard_msgs/include/ur_dashboard_msgs/msg/detail/robot_mode__rosidl_typesupport_fastrtps_c.h
[0.591s] -- Up-to-date: /root/ROS2Docker/ros2_ws/install/ur_dashboard_msgs/include/ur_dashboard_msgs/msg/detail/safety_mode__rosidl_typesupport_fastrtps_c.h
[0.591s] -- Up-to-date: /root/ROS2Docker/ros2_ws/install/ur_dashboard_msgs/include/ur_dashboard_msgs/srv
[0.591s] -- Up-to-date: /root/ROS2Docker/ros2_ws/install/ur_dashboard_msgs/include/ur_dashboard_msgs/srv/detail
[0.591s] -- Up-to-date: /root/ROS2Docker/ros2_ws/install/ur_dashboard_msgs/include/ur_dashboard_msgs/srv/detail/popup__rosidl_typesupport_fastrtps_c.h
[0.591s] -- Up-to-date: /root/ROS2Docker/ros2_ws/install/ur_dashboard_msgs/include/ur_dashboard_msgs/srv/detail/is_program_running__rosidl_typesupport_fastrtps_c.h
[0.591s] -- Up-to-date: /root/ROS2Docker/ros2_ws/install/ur_dashboard_msgs/include/ur_dashboard_msgs/srv/detail/raw_request__rosidl_typesupport_fastrtps_c.h
[0.591s] -- Up-to-date: /root/ROS2Docker/ros2_ws/install/ur_dashboard_msgs/include/ur_dashboard_msgs/srv/detail/get_loaded_program__rosidl_typesupport_fastrtps_c.h
[0.591s] -- Up-to-date: /root/ROS2Docker/ros2_ws/install/ur_dashboard_msgs/include/ur_dashboard_msgs/srv/detail/is_program_saved__rosidl_typesupport_fastrtps_c.h
[0.591s] -- Up-to-date: /root/ROS2Docker/ros2_ws/install/ur_dashboard_msgs/include/ur_dashboard_msgs/srv/detail/get_program_state__rosidl_typesupport_fastrtps_c.h
[0.591s] -- Up-to-date: /root/ROS2Docker/ros2_ws/install/ur_dashboard_msgs/include/ur_dashboard_msgs/srv/detail/load__rosidl_typesupport_fastrtps_c.h
[0.591s] -- Up-to-date: /root/ROS2Docker/ros2_ws/install/ur_dashboard_msgs/include/ur_dashboard_msgs/srv/detail/get_safety_mode__rosidl_typesupport_fastrtps_c.h
[0.591s] -- Up-to-date: /root/ROS2Docker/ros2_ws/install/ur_dashboard_msgs/include/ur_dashboard_msgs/srv/detail/get_robot_mode__rosidl_typesupport_fastrtps_c.h
[0.591s] -- Up-to-date: /root/ROS2Docker/ros2_ws/install/ur_dashboard_msgs/include/ur_dashboard_msgs/srv/detail/add_to_log__rosidl_typesupport_fastrtps_c.h
[0.591s] -- Up-to-date: /root/ROS2Docker/ros2_ws/install/ur_dashboard_msgs/lib/libur_dashboard_msgs__rosidl_typesupport_fastrtps_c.so
[0.592s] -- Up-to-date: /root/ROS2Docker/ros2_ws/install/ur_dashboard_msgs/include/ur_dashboard_msgs
[0.592s] -- Up-to-date: /root/ROS2Docker/ros2_ws/install/ur_dashboard_msgs/include/ur_dashboard_msgs/action
[0.592s] -- Up-to-date: /root/ROS2Docker/ros2_ws/install/ur_dashboard_msgs/include/ur_dashboard_msgs/action/detail
[0.592s] -- Up-to-date: /root/ROS2Docker/ros2_ws/install/ur_dashboard_msgs/include/ur_dashboard_msgs/action/detail/dds_fastrtps
[0.592s] -- Up-to-date: /root/ROS2Docker/ros2_ws/install/ur_dashboard_msgs/include/ur_dashboard_msgs/action/detail/set_mode__rosidl_typesupport_fastrtps_cpp.hpp
[0.592s] -- Up-to-date: /root/ROS2Docker/ros2_ws/install/ur_dashboard_msgs/include/ur_dashboard_msgs/msg
[0.592s] -- Up-to-date: /root/ROS2Docker/ros2_ws/install/ur_dashboard_msgs/include/ur_dashboard_msgs/msg/rosidl_typesupport_fastrtps_cpp__visibility_control.h
[0.592s] -- Up-to-date: /root/ROS2Docker/ros2_ws/install/ur_dashboard_msgs/include/ur_dashboard_msgs/msg/detail
[0.592s] -- Up-to-date: /root/ROS2Docker/ros2_ws/install/ur_dashboard_msgs/include/ur_dashboard_msgs/msg/detail/program_state__rosidl_typesupport_fastrtps_cpp.hpp
[0.592s] -- Up-to-date: /root/ROS2Docker/ros2_ws/install/ur_dashboard_msgs/include/ur_dashboard_msgs/msg/detail/dds_fastrtps
[0.592s] -- Up-to-date: /root/ROS2Docker/ros2_ws/install/ur_dashboard_msgs/include/ur_dashboard_msgs/msg/detail/safety_mode__rosidl_typesupport_fastrtps_cpp.hpp
[0.592s] -- Up-to-date: /root/ROS2Docker/ros2_ws/install/ur_dashboard_msgs/include/ur_dashboard_msgs/msg/detail/robot_mode__rosidl_typesupport_fastrtps_cpp.hpp
[0.592s] -- Up-to-date: /root/ROS2Docker/ros2_ws/install/ur_dashboard_msgs/include/ur_dashboard_msgs/srv
[0.592s] -- Up-to-date: /root/ROS2Docker/ros2_ws/install/ur_dashboard_msgs/include/ur_dashboard_msgs/srv/detail
[0.592s] -- Up-to-date: /root/ROS2Docker/ros2_ws/install/ur_dashboard_msgs/include/ur_dashboard_msgs/srv/detail/dds_fastrtps
[0.592s] -- Up-to-date: /root/ROS2Docker/ros2_ws/install/ur_dashboard_msgs/include/ur_dashboard_msgs/srv/detail/popup__rosidl_typesupport_fastrtps_cpp.hpp
[0.592s] -- Up-to-date: /root/ROS2Docker/ros2_ws/install/ur_dashboard_msgs/include/ur_dashboard_msgs/srv/detail/add_to_log__rosidl_typesupport_fastrtps_cpp.hpp
[0.592s] -- Up-to-date: /root/ROS2Docker/ros2_ws/install/ur_dashboard_msgs/include/ur_dashboard_msgs/srv/detail/get_robot_mode__rosidl_typesupport_fastrtps_cpp.hpp
[0.592s] -- Up-to-date: /root/ROS2Docker/ros2_ws/install/ur_dashboard_msgs/include/ur_dashboard_msgs/srv/detail/get_program_state__rosidl_typesupport_fastrtps_cpp.hpp
[0.592s] -- Up-to-date: /root/ROS2Docker/ros2_ws/install/ur_dashboard_msgs/include/ur_dashboard_msgs/srv/detail/get_safety_mode__rosidl_typesupport_fastrtps_cpp.hpp
[0.592s] -- Up-to-date: /root/ROS2Docker/ros2_ws/install/ur_dashboard_msgs/include/ur_dashboard_msgs/srv/detail/is_program_saved__rosidl_typesupport_fastrtps_cpp.hpp
[0.593s] -- Up-to-date: /root/ROS2Docker/ros2_ws/install/ur_dashboard_msgs/include/ur_dashboard_msgs/srv/detail/get_loaded_program__rosidl_typesupport_fastrtps_cpp.hpp
[0.593s] -- Up-to-date: /root/ROS2Docker/ros2_ws/install/ur_dashboard_msgs/include/ur_dashboard_msgs/srv/detail/load__rosidl_typesupport_fastrtps_cpp.hpp
[0.593s] -- Up-to-date: /root/ROS2Docker/ros2_ws/install/ur_dashboard_msgs/include/ur_dashboard_msgs/srv/detail/raw_request__rosidl_typesupport_fastrtps_cpp.hpp
[0.593s] -- Up-to-date: /root/ROS2Docker/ros2_ws/install/ur_dashboard_msgs/include/ur_dashboard_msgs/srv/detail/is_program_running__rosidl_typesupport_fastrtps_cpp.hpp
[0.593s] -- Up-to-date: /root/ROS2Docker/ros2_ws/install/ur_dashboard_msgs/lib/libur_dashboard_msgs__rosidl_typesupport_fastrtps_cpp.so
[0.593s] -- Up-to-date: /root/ROS2Docker/ros2_ws/install/ur_dashboard_msgs/include/ur_dashboard_msgs
[0.593s] -- Up-to-date: /root/ROS2Docker/ros2_ws/install/ur_dashboard_msgs/include/ur_dashboard_msgs/action
[0.593s] -- Up-to-date: /root/ROS2Docker/ros2_ws/install/ur_dashboard_msgs/include/ur_dashboard_msgs/action/detail
[0.593s] -- Up-to-date: /root/ROS2Docker/ros2_ws/install/ur_dashboard_msgs/include/ur_dashboard_msgs/action/detail/set_mode__rosidl_typesupport_introspection_c.h
[0.593s] -- Up-to-date: /root/ROS2Docker/ros2_ws/install/ur_dashboard_msgs/include/ur_dashboard_msgs/action/detail/set_mode__type_support.c
[0.593s] -- Up-to-date: /root/ROS2Docker/ros2_ws/install/ur_dashboard_msgs/include/ur_dashboard_msgs/msg
[0.593s] -- Up-to-date: /root/ROS2Docker/ros2_ws/install/ur_dashboard_msgs/include/ur_dashboard_msgs/msg/detail
[0.593s] -- Up-to-date: /root/ROS2Docker/ros2_ws/install/ur_dashboard_msgs/include/ur_dashboard_msgs/msg/detail/program_state__rosidl_typesupport_introspection_c.h
[0.593s] -- Up-to-date: /root/ROS2Docker/ros2_ws/install/ur_dashboard_msgs/include/ur_dashboard_msgs/msg/detail/robot_mode__rosidl_typesupport_introspection_c.h
[0.593s] -- Up-to-date: /root/ROS2Docker/ros2_ws/install/ur_dashboard_msgs/include/ur_dashboard_msgs/msg/detail/safety_mode__type_support.c
[0.593s] -- Up-to-date: /root/ROS2Docker/ros2_ws/install/ur_dashboard_msgs/include/ur_dashboard_msgs/msg/detail/program_state__type_support.c
[0.593s] -- Up-to-date: /root/ROS2Docker/ros2_ws/install/ur_dashboard_msgs/include/ur_dashboard_msgs/msg/detail/robot_mode__type_support.c
[0.593s] -- Up-to-date: /root/ROS2Docker/ros2_ws/install/ur_dashboard_msgs/include/ur_dashboard_msgs/msg/detail/safety_mode__rosidl_typesupport_introspection_c.h
[0.593s] -- Up-to-date: /root/ROS2Docker/ros2_ws/install/ur_dashboard_msgs/include/ur_dashboard_msgs/msg/rosidl_typesupport_introspection_c__visibility_control.h
[0.593s] -- Up-to-date: /root/ROS2Docker/ros2_ws/install/ur_dashboard_msgs/include/ur_dashboard_msgs/srv
[0.593s] -- Up-to-date: /root/ROS2Docker/ros2_ws/install/ur_dashboard_msgs/include/ur_dashboard_msgs/srv/detail
[0.594s] -- Up-to-date: /root/ROS2Docker/ros2_ws/install/ur_dashboard_msgs/include/ur_dashboard_msgs/srv/detail/is_program_running__rosidl_typesupport_introspection_c.h
[0.594s] -- Up-to-date: /root/ROS2Docker/ros2_ws/install/ur_dashboard_msgs/include/ur_dashboard_msgs/srv/detail/add_to_log__rosidl_typesupport_introspection_c.h
[0.594s] -- Up-to-date: /root/ROS2Docker/ros2_ws/install/ur_dashboard_msgs/include/ur_dashboard_msgs/srv/detail/is_program_saved__type_support.c
[0.594s] -- Up-to-date: /root/ROS2Docker/ros2_ws/install/ur_dashboard_msgs/include/ur_dashboard_msgs/srv/detail/load__rosidl_typesupport_introspection_c.h
[0.594s] -- Up-to-date: /root/ROS2Docker/ros2_ws/install/ur_dashboard_msgs/include/ur_dashboard_msgs/srv/detail/raw_request__type_support.c
[0.594s] -- Up-to-date: /root/ROS2Docker/ros2_ws/install/ur_dashboard_msgs/include/ur_dashboard_msgs/srv/detail/get_program_state__rosidl_typesupport_introspection_c.h
[0.594s] -- Up-to-date: /root/ROS2Docker/ros2_ws/install/ur_dashboard_msgs/include/ur_dashboard_msgs/srv/detail/load__type_support.c
[0.594s] -- Up-to-date: /root/ROS2Docker/ros2_ws/install/ur_dashboard_msgs/include/ur_dashboard_msgs/srv/detail/get_loaded_program__rosidl_typesupport_introspection_c.h
[0.594s] -- Up-to-date: /root/ROS2Docker/ros2_ws/install/ur_dashboard_msgs/include/ur_dashboard_msgs/srv/detail/get_loaded_program__type_support.c
[0.594s] -- Up-to-date: /root/ROS2Docker/ros2_ws/install/ur_dashboard_msgs/include/ur_dashboard_msgs/srv/detail/is_program_running__type_support.c
[0.594s] -- Up-to-date: /root/ROS2Docker/ros2_ws/install/ur_dashboard_msgs/include/ur_dashboard_msgs/srv/detail/get_safety_mode__type_support.c
[0.594s] -- Up-to-date: /root/ROS2Docker/ros2_ws/install/ur_dashboard_msgs/include/ur_dashboard_msgs/srv/detail/get_program_state__type_support.c
[0.594s] -- Up-to-date: /root/ROS2Docker/ros2_ws/install/ur_dashboard_msgs/include/ur_dashboard_msgs/srv/detail/popup__rosidl_typesupport_introspection_c.h
[0.594s] -- Up-to-date: /root/ROS2Docker/ros2_ws/install/ur_dashboard_msgs/include/ur_dashboard_msgs/srv/detail/raw_request__rosidl_typesupport_introspection_c.h
[0.594s] -- Up-to-date: /root/ROS2Docker/ros2_ws/install/ur_dashboard_msgs/include/ur_dashboard_msgs/srv/detail/add_to_log__type_support.c
[0.594s] -- Up-to-date: /root/ROS2Docker/ros2_ws/install/ur_dashboard_msgs/include/ur_dashboard_msgs/srv/detail/is_program_saved__rosidl_typesupport_introspection_c.h
[0.594s] -- Up-to-date: /root/ROS2Docker/ros2_ws/install/ur_dashboard_msgs/include/ur_dashboard_msgs/srv/detail/popup__type_support.c
[0.594s] -- Up-to-date: /root/ROS2Docker/ros2_ws/install/ur_dashboard_msgs/include/ur_dashboard_msgs/srv/detail/get_safety_mode__rosidl_typesupport_introspection_c.h
[0.594s] -- Up-to-date: /root/ROS2Docker/ros2_ws/install/ur_dashboard_msgs/include/ur_dashboard_msgs/srv/detail/get_robot_mode__rosidl_typesupport_introspection_c.h
[0.594s] -- Up-to-date: /root/ROS2Docker/ros2_ws/install/ur_dashboard_msgs/include/ur_dashboard_msgs/srv/detail/get_robot_mode__type_support.c
[0.595s] -- Up-to-date: /root/ROS2Docker/ros2_ws/install/ur_dashboard_msgs/lib/libur_dashboard_msgs__rosidl_typesupport_introspection_c.so
[0.595s] -- Up-to-date: /root/ROS2Docker/ros2_ws/install/ur_dashboard_msgs/lib/libur_dashboard_msgs__rosidl_typesupport_c.so
[0.595s] -- Up-to-date: /root/ROS2Docker/ros2_ws/install/ur_dashboard_msgs/include/ur_dashboard_msgs
[0.595s] -- Up-to-date: /root/ROS2Docker/ros2_ws/install/ur_dashboard_msgs/include/ur_dashboard_msgs/action
[0.595s] -- Up-to-date: /root/ROS2Docker/ros2_ws/install/ur_dashboard_msgs/include/ur_dashboard_msgs/action/detail
[0.595s] -- Up-to-date: /root/ROS2Docker/ros2_ws/install/ur_dashboard_msgs/include/ur_dashboard_msgs/action/detail/set_mode__struct.hpp
[0.595s] -- Up-to-date: /root/ROS2Docker/ros2_ws/install/ur_dashboard_msgs/include/ur_dashboard_msgs/action/detail/set_mode__builder.hpp
[0.595s] -- Up-to-date: /root/ROS2Docker/ros2_ws/install/ur_dashboard_msgs/include/ur_dashboard_msgs/action/detail/set_mode__traits.hpp
[0.595s] -- Up-to-date: /root/ROS2Docker/ros2_ws/install/ur_dashboard_msgs/include/ur_dashboard_msgs/action/set_mode.hpp
[0.595s] -- Up-to-date: /root/ROS2Docker/ros2_ws/install/ur_dashboard_msgs/include/ur_dashboard_msgs/msg
[0.595s] -- Up-to-date: /root/ROS2Docker/ros2_ws/install/ur_dashboard_msgs/include/ur_dashboard_msgs/msg/robot_mode.hpp
[0.595s] -- Up-to-date: /root/ROS2Docker/ros2_ws/install/ur_dashboard_msgs/include/ur_dashboard_msgs/msg/program_state.hpp
[0.595s] -- Up-to-date: /root/ROS2Docker/ros2_ws/install/ur_dashboard_msgs/include/ur_dashboard_msgs/msg/detail
[0.595s] -- Up-to-date: /root/ROS2Docker/ros2_ws/install/ur_dashboard_msgs/include/ur_dashboard_msgs/msg/detail/program_state__builder.hpp
[0.595s] -- Up-to-date: /root/ROS2Docker/ros2_ws/install/ur_dashboard_msgs/include/ur_dashboard_msgs/msg/detail/robot_mode__struct.hpp
[0.596s] -- Up-to-date: /root/ROS2Docker/ros2_ws/install/ur_dashboard_msgs/include/ur_dashboard_msgs/msg/detail/safety_mode__struct.hpp
[0.596s] -- Up-to-date: /root/ROS2Docker/ros2_ws/install/ur_dashboard_msgs/include/ur_dashboard_msgs/msg/detail/robot_mode__builder.hpp
[0.596s] -- Up-to-date: /root/ROS2Docker/ros2_ws/install/ur_dashboard_msgs/include/ur_dashboard_msgs/msg/detail/safety_mode__traits.hpp
[0.596s] -- Up-to-date: /root/ROS2Docker/ros2_ws/install/ur_dashboard_msgs/include/ur_dashboard_msgs/msg/detail/program_state__traits.hpp
[0.596s] -- Up-to-date: /root/ROS2Docker/ros2_ws/install/ur_dashboard_msgs/include/ur_dashboard_msgs/msg/detail/robot_mode__traits.hpp
[0.596s] -- Up-to-date: /root/ROS2Docker/ros2_ws/install/ur_dashboard_msgs/include/ur_dashboard_msgs/msg/detail/program_state__struct.hpp
[0.596s] -- Up-to-date: /root/ROS2Docker/ros2_ws/install/ur_dashboard_msgs/include/ur_dashboard_msgs/msg/detail/safety_mode__builder.hpp
[0.596s] -- Up-to-date: /root/ROS2Docker/ros2_ws/install/ur_dashboard_msgs/include/ur_dashboard_msgs/msg/safety_mode.hpp
[0.596s] -- Up-to-date: /root/ROS2Docker/ros2_ws/install/ur_dashboard_msgs/include/ur_dashboard_msgs/srv
[0.596s] -- Up-to-date: /root/ROS2Docker/ros2_ws/install/ur_dashboard_msgs/include/ur_dashboard_msgs/srv/load.hpp
[0.596s] -- Up-to-date: /root/ROS2Docker/ros2_ws/install/ur_dashboard_msgs/include/ur_dashboard_msgs/srv/is_program_saved.hpp
[0.596s] -- Up-to-date: /root/ROS2Docker/ros2_ws/install/ur_dashboard_msgs/include/ur_dashboard_msgs/srv/is_program_running.hpp
[0.596s] -- Up-to-date: /root/ROS2Docker/ros2_ws/install/ur_dashboard_msgs/include/ur_dashboard_msgs/srv/popup.hpp
[0.596s] -- Up-to-date: /root/ROS2Docker/ros2_ws/install/ur_dashboard_msgs/include/ur_dashboard_msgs/srv/add_to_log.hpp
[0.596s] -- Up-to-date: /root/ROS2Docker/ros2_ws/install/ur_dashboard_msgs/include/ur_dashboard_msgs/srv/raw_request.hpp
[0.596s] -- Up-to-date: /root/ROS2Docker/ros2_ws/install/ur_dashboard_msgs/include/ur_dashboard_msgs/srv/get_robot_mode.hpp
[0.597s] -- Up-to-date: /root/ROS2Docker/ros2_ws/install/ur_dashboard_msgs/include/ur_dashboard_msgs/srv/get_loaded_program.hpp
[0.597s] -- Up-to-date: /root/ROS2Docker/ros2_ws/install/ur_dashboard_msgs/include/ur_dashboard_msgs/srv/get_program_state.hpp
[0.597s] -- Up-to-date: /root/ROS2Docker/ros2_ws/install/ur_dashboard_msgs/include/ur_dashboard_msgs/srv/detail
[0.597s] -- Up-to-date: /root/ROS2Docker/ros2_ws/install/ur_dashboard_msgs/include/ur_dashboard_msgs/srv/detail/load__builder.hpp
[0.597s] -- Up-to-date: /root/ROS2Docker/ros2_ws/install/ur_dashboard_msgs/include/ur_dashboard_msgs/srv/detail/get_robot_mode__struct.hpp
[0.597s] -- Up-to-date: /root/ROS2Docker/ros2_ws/install/ur_dashboard_msgs/include/ur_dashboard_msgs/srv/detail/popup__traits.hpp
[0.597s] -- Up-to-date: /root/ROS2Docker/ros2_ws/install/ur_dashboard_msgs/include/ur_dashboard_msgs/srv/detail/load__struct.hpp
[0.597s] -- Up-to-date: /root/ROS2Docker/ros2_ws/install/ur_dashboard_msgs/include/ur_dashboard_msgs/srv/detail/is_program_saved__struct.hpp
[0.597s] -- Up-to-date: /root/ROS2Docker/ros2_ws/install/ur_dashboard_msgs/include/ur_dashboard_msgs/srv/detail/raw_request__builder.hpp
[0.597s] -- Up-to-date: /root/ROS2Docker/ros2_ws/install/ur_dashboard_msgs/include/ur_dashboard_msgs/srv/detail/is_program_running__traits.hpp
[0.597s] -- Up-to-date: /root/ROS2Docker/ros2_ws/install/ur_dashboard_msgs/include/ur_dashboard_msgs/srv/detail/get_robot_mode__builder.hpp
[0.597s] -- Up-to-date: /root/ROS2Docker/ros2_ws/install/ur_dashboard_msgs/include/ur_dashboard_msgs/srv/detail/get_robot_mode__traits.hpp
[0.597s] -- Up-to-date: /root/ROS2Docker/ros2_ws/install/ur_dashboard_msgs/include/ur_dashboard_msgs/srv/detail/get_safety_mode__builder.hpp
[0.597s] -- Up-to-date: /root/ROS2Docker/ros2_ws/install/ur_dashboard_msgs/include/ur_dashboard_msgs/srv/detail/get_safety_mode__struct.hpp
[0.597s] -- Up-to-date: /root/ROS2Docker/ros2_ws/install/ur_dashboard_msgs/include/ur_dashboard_msgs/srv/detail/raw_request__struct.hpp
[0.597s] -- Up-to-date: /root/ROS2Docker/ros2_ws/install/ur_dashboard_msgs/include/ur_dashboard_msgs/srv/detail/get_program_state__builder.hpp
[0.597s] -- Up-to-date: /root/ROS2Docker/ros2_ws/install/ur_dashboard_msgs/include/ur_dashboard_msgs/srv/detail/is_program_saved__builder.hpp
[0.597s] -- Up-to-date: /root/ROS2Docker/ros2_ws/install/ur_dashboard_msgs/include/ur_dashboard_msgs/srv/detail/is_program_running__builder.hpp
[0.597s] -- Up-to-date: /root/ROS2Docker/ros2_ws/install/ur_dashboard_msgs/include/ur_dashboard_msgs/srv/detail/is_program_saved__traits.hpp
[0.597s] -- Up-to-date: /root/ROS2Docker/ros2_ws/install/ur_dashboard_msgs/include/ur_dashboard_msgs/srv/detail/get_program_state__traits.hpp
[0.598s] -- Up-to-date: /root/ROS2Docker/ros2_ws/install/ur_dashboard_msgs/include/ur_dashboard_msgs/srv/detail/add_to_log__struct.hpp
[0.598s] -- Up-to-date: /root/ROS2Docker/ros2_ws/install/ur_dashboard_msgs/include/ur_dashboard_msgs/srv/detail/add_to_log__builder.hpp
[0.598s] -- Up-to-date: /root/ROS2Docker/ros2_ws/install/ur_dashboard_msgs/include/ur_dashboard_msgs/srv/detail/get_loaded_program__builder.hpp
[0.598s] -- Up-to-date: /root/ROS2Docker/ros2_ws/install/ur_dashboard_msgs/include/ur_dashboard_msgs/srv/detail/is_program_running__struct.hpp
[0.598s] -- Up-to-date: /root/ROS2Docker/ros2_ws/install/ur_dashboard_msgs/include/ur_dashboard_msgs/srv/detail/load__traits.hpp
[0.598s] -- Up-to-date: /root/ROS2Docker/ros2_ws/install/ur_dashboard_msgs/include/ur_dashboard_msgs/srv/detail/popup__builder.hpp
[0.598s] -- Up-to-date: /root/ROS2Docker/ros2_ws/install/ur_dashboard_msgs/include/ur_dashboard_msgs/srv/detail/get_safety_mode__traits.hpp
[0.598s] -- Up-to-date: /root/ROS2Docker/ros2_ws/install/ur_dashboard_msgs/include/ur_dashboard_msgs/srv/detail/popup__struct.hpp
[0.598s] -- Up-to-date: /root/ROS2Docker/ros2_ws/install/ur_dashboard_msgs/include/ur_dashboard_msgs/srv/detail/get_loaded_program__traits.hpp
[0.598s] -- Up-to-date: /root/ROS2Docker/ros2_ws/install/ur_dashboard_msgs/include/ur_dashboard_msgs/srv/detail/add_to_log__traits.hpp
[0.598s] -- Up-to-date: /root/ROS2Docker/ros2_ws/install/ur_dashboard_msgs/include/ur_dashboard_msgs/srv/detail/get_program_state__struct.hpp
[0.598s] -- Up-to-date: /root/ROS2Docker/ros2_ws/install/ur_dashboard_msgs/include/ur_dashboard_msgs/srv/detail/get_loaded_program__struct.hpp
[0.598s] -- Up-to-date: /root/ROS2Docker/ros2_ws/install/ur_dashboard_msgs/include/ur_dashboard_msgs/srv/detail/raw_request__traits.hpp
[0.598s] -- Up-to-date: /root/ROS2Docker/ros2_ws/install/ur_dashboard_msgs/include/ur_dashboard_msgs/srv/get_safety_mode.hpp
[0.598s] -- Up-to-date: /root/ROS2Docker/ros2_ws/install/ur_dashboard_msgs/include/ur_dashboard_msgs
[0.598s] -- Up-to-date: /root/ROS2Docker/ros2_ws/install/ur_dashboard_msgs/include/ur_dashboard_msgs/action
[0.598s] -- Up-to-date: /root/ROS2Docker/ros2_ws/install/ur_dashboard_msgs/include/ur_dashboard_msgs/action/detail
[0.598s] -- Up-to-date: /root/ROS2Docker/ros2_ws/install/ur_dashboard_msgs/include/ur_dashboard_msgs/action/detail/set_mode__type_support.cpp
[0.598s] -- Up-to-date: /root/ROS2Docker/ros2_ws/install/ur_dashboard_msgs/include/ur_dashboard_msgs/action/detail/set_mode__rosidl_typesupport_introspection_cpp.hpp
[0.598s] -- Up-to-date: /root/ROS2Docker/ros2_ws/install/ur_dashboard_msgs/include/ur_dashboard_msgs/msg
[0.598s] -- Up-to-date: /root/ROS2Docker/ros2_ws/install/ur_dashboard_msgs/include/ur_dashboard_msgs/msg/detail
[0.599s] -- Up-to-date: /root/ROS2Docker/ros2_ws/install/ur_dashboard_msgs/include/ur_dashboard_msgs/msg/detail/program_state__type_support.cpp
[0.599s] -- Up-to-date: /root/ROS2Docker/ros2_ws/install/ur_dashboard_msgs/include/ur_dashboard_msgs/msg/detail/robot_mode__rosidl_typesupport_introspection_cpp.hpp
[0.599s] -- Up-to-date: /root/ROS2Docker/ros2_ws/install/ur_dashboard_msgs/include/ur_dashboard_msgs/msg/detail/safety_mode__rosidl_typesupport_introspection_cpp.hpp
[0.599s] -- Up-to-date: /root/ROS2Docker/ros2_ws/install/ur_dashboard_msgs/include/ur_dashboard_msgs/msg/detail/robot_mode__type_support.cpp
[0.599s] -- Up-to-date: /root/ROS2Docker/ros2_ws/install/ur_dashboard_msgs/include/ur_dashboard_msgs/msg/detail/safety_mode__type_support.cpp
[0.599s] -- Up-to-date: /root/ROS2Docker/ros2_ws/install/ur_dashboard_msgs/include/ur_dashboard_msgs/msg/detail/program_state__rosidl_typesupport_introspection_cpp.hpp
[0.599s] -- Up-to-date: /root/ROS2Docker/ros2_ws/install/ur_dashboard_msgs/include/ur_dashboard_msgs/srv
[0.599s] -- Up-to-date: /root/ROS2Docker/ros2_ws/install/ur_dashboard_msgs/include/ur_dashboard_msgs/srv/detail
[0.599s] -- Up-to-date: /root/ROS2Docker/ros2_ws/install/ur_dashboard_msgs/include/ur_dashboard_msgs/srv/detail/raw_request__type_support.cpp
[0.599s] -- Up-to-date: /root/ROS2Docker/ros2_ws/install/ur_dashboard_msgs/include/ur_dashboard_msgs/srv/detail/popup__type_support.cpp
[0.599s] -- Up-to-date: /root/ROS2Docker/ros2_ws/install/ur_dashboard_msgs/include/ur_dashboard_msgs/srv/detail/get_loaded_program__rosidl_typesupport_introspection_cpp.hpp
[0.599s] -- Up-to-date: /root/ROS2Docker/ros2_ws/install/ur_dashboard_msgs/include/ur_dashboard_msgs/srv/detail/popup__rosidl_typesupport_introspection_cpp.hpp
[0.599s] -- Up-to-date: /root/ROS2Docker/ros2_ws/install/ur_dashboard_msgs/include/ur_dashboard_msgs/srv/detail/get_loaded_program__type_support.cpp
[0.599s] -- Up-to-date: /root/ROS2Docker/ros2_ws/install/ur_dashboard_msgs/include/ur_dashboard_msgs/srv/detail/get_robot_mode__type_support.cpp
[0.599s] -- Up-to-date: /root/ROS2Docker/ros2_ws/install/ur_dashboard_msgs/include/ur_dashboard_msgs/srv/detail/load__type_support.cpp
[0.599s] -- Up-to-date: /root/ROS2Docker/ros2_ws/install/ur_dashboard_msgs/include/ur_dashboard_msgs/srv/detail/add_to_log__rosidl_typesupport_introspection_cpp.hpp
[0.600s] -- Up-to-date: /root/ROS2Docker/ros2_ws/install/ur_dashboard_msgs/include/ur_dashboard_msgs/srv/detail/is_program_running__rosidl_typesupport_introspection_cpp.hpp
[0.600s] -- Up-to-date: /root/ROS2Docker/ros2_ws/install/ur_dashboard_msgs/include/ur_dashboard_msgs/srv/detail/get_program_state__rosidl_typesupport_introspection_cpp.hpp
[0.600s] -- Up-to-date: /root/ROS2Docker/ros2_ws/install/ur_dashboard_msgs/include/ur_dashboard_msgs/srv/detail/is_program_running__type_support.cpp
[0.600s] -- Up-to-date: /root/ROS2Docker/ros2_ws/install/ur_dashboard_msgs/include/ur_dashboard_msgs/srv/detail/get_safety_mode__rosidl_typesupport_introspection_cpp.hpp
[0.600s] -- Up-to-date: /root/ROS2Docker/ros2_ws/install/ur_dashboard_msgs/include/ur_dashboard_msgs/srv/detail/add_to_log__type_support.cpp
[0.600s] -- Up-to-date: /root/ROS2Docker/ros2_ws/install/ur_dashboard_msgs/include/ur_dashboard_msgs/srv/detail/raw_request__rosidl_typesupport_introspection_cpp.hpp
[0.600s] -- Up-to-date: /root/ROS2Docker/ros2_ws/install/ur_dashboard_msgs/include/ur_dashboard_msgs/srv/detail/is_program_saved__rosidl_typesupport_introspection_cpp.hpp
[0.600s] -- Up-to-date: /root/ROS2Docker/ros2_ws/install/ur_dashboard_msgs/include/ur_dashboard_msgs/srv/detail/get_program_state__type_support.cpp
[0.600s] -- Up-to-date: /root/ROS2Docker/ros2_ws/install/ur_dashboard_msgs/include/ur_dashboard_msgs/srv/detail/load__rosidl_typesupport_introspection_cpp.hpp
[0.600s] -- Up-to-date: /root/ROS2Docker/ros2_ws/install/ur_dashboard_msgs/include/ur_dashboard_msgs/srv/detail/get_safety_mode__type_support.cpp
[0.600s] -- Up-to-date: /root/ROS2Docker/ros2_ws/install/ur_dashboard_msgs/include/ur_dashboard_msgs/srv/detail/get_robot_mode__rosidl_typesupport_introspection_cpp.hpp
[0.600s] -- Up-to-date: /root/ROS2Docker/ros2_ws/install/ur_dashboard_msgs/include/ur_dashboard_msgs/srv/detail/is_program_saved__type_support.cpp
[0.600s] -- Up-to-date: /root/ROS2Docker/ros2_ws/install/ur_dashboard_msgs/lib/libur_dashboard_msgs__rosidl_typesupport_introspection_cpp.so
[0.600s] -- Up-to-date: /root/ROS2Docker/ros2_ws/install/ur_dashboard_msgs/lib/libur_dashboard_msgs__rosidl_typesupport_cpp.so
[0.600s] -- Up-to-date: /root/ROS2Docker/ros2_ws/install/ur_dashboard_msgs/share/ur_dashboard_msgs/environment/pythonpath.sh
[0.600s] -- Up-to-date: /root/ROS2Docker/ros2_ws/install/ur_dashboard_msgs/share/ur_dashboard_msgs/environment/pythonpath.dsv
[0.600s] -- Up-to-date: /root/ROS2Docker/ros2_ws/install/ur_dashboard_msgs/lib/python3.8/site-packages/ur_dashboard_msgs/__init__.py
[0.607s] -- Up-to-date: /root/ROS2Docker/ros2_ws/install/ur_dashboard_msgs/lib/python3.8/site-packages/ur_dashboard_msgs/msg
[0.607s] -- Up-to-date: /root/ROS2Docker/ros2_ws/install/ur_dashboard_msgs/lib/python3.8/site-packages/ur_dashboard_msgs/msg/_safety_mode.py
[0.607s] -- Up-to-date: /root/ROS2Docker/ros2_ws/install/ur_dashboard_msgs/lib/python3.8/site-packages/ur_dashboard_msgs/msg/_program_state.py
[0.607s] -- Up-to-date: /root/ROS2Docker/ros2_ws/install/ur_dashboard_msgs/lib/python3.8/site-packages/ur_dashboard_msgs/msg/_robot_mode.py
[0.607s] -- Up-to-date: /root/ROS2Docker/ros2_ws/install/ur_dashboard_msgs/lib/python3.8/site-packages/ur_dashboard_msgs/msg/_safety_mode_s.c
[0.607s] -- Up-to-date: /root/ROS2Docker/ros2_ws/install/ur_dashboard_msgs/lib/python3.8/site-packages/ur_dashboard_msgs/msg/__init__.py
[0.607s] -- Up-to-date: /root/ROS2Docker/ros2_ws/install/ur_dashboard_msgs/lib/python3.8/site-packages/ur_dashboard_msgs/msg/_robot_mode_s.c
[0.607s] -- Up-to-date: /root/ROS2Docker/ros2_ws/install/ur_dashboard_msgs/lib/python3.8/site-packages/ur_dashboard_msgs/msg/_program_state_s.c
[0.608s] -- Up-to-date: /root/ROS2Docker/ros2_ws/install/ur_dashboard_msgs/lib/python3.8/site-packages/ur_dashboard_msgs/srv
[0.608s] -- Up-to-date: /root/ROS2Docker/ros2_ws/install/ur_dashboard_msgs/lib/python3.8/site-packages/ur_dashboard_msgs/srv/_add_to_log_s.c
[0.608s] -- Up-to-date: /root/ROS2Docker/ros2_ws/install/ur_dashboard_msgs/lib/python3.8/site-packages/ur_dashboard_msgs/srv/_popup.py
[0.608s] -- Up-to-date: /root/ROS2Docker/ros2_ws/install/ur_dashboard_msgs/lib/python3.8/site-packages/ur_dashboard_msgs/srv/_get_loaded_program.py
[0.608s] -- Up-to-date: /root/ROS2Docker/ros2_ws/install/ur_dashboard_msgs/lib/python3.8/site-packages/ur_dashboard_msgs/srv/_is_program_running.py
[0.608s] -- Up-to-date: /root/ROS2Docker/ros2_ws/install/ur_dashboard_msgs/lib/python3.8/site-packages/ur_dashboard_msgs/srv/_get_program_state_s.c
[0.608s] -- Up-to-date: /root/ROS2Docker/ros2_ws/install/ur_dashboard_msgs/lib/python3.8/site-packages/ur_dashboard_msgs/srv/_raw_request_s.c
[0.608s] -- Up-to-date: /root/ROS2Docker/ros2_ws/install/ur_dashboard_msgs/lib/python3.8/site-packages/ur_dashboard_msgs/srv/_get_loaded_program_s.c
[0.608s] -- Up-to-date: /root/ROS2Docker/ros2_ws/install/ur_dashboard_msgs/lib/python3.8/site-packages/ur_dashboard_msgs/srv/_get_program_state.py
[0.608s] -- Up-to-date: /root/ROS2Docker/ros2_ws/install/ur_dashboard_msgs/lib/python3.8/site-packages/ur_dashboard_msgs/srv/_add_to_log.py
[0.608s] -- Up-to-date: /root/ROS2Docker/ros2_ws/install/ur_dashboard_msgs/lib/python3.8/site-packages/ur_dashboard_msgs/srv/__init__.py
[0.608s] -- Up-to-date: /root/ROS2Docker/ros2_ws/install/ur_dashboard_msgs/lib/python3.8/site-packages/ur_dashboard_msgs/srv/_is_program_running_s.c
[0.608s] -- Up-to-date: /root/ROS2Docker/ros2_ws/install/ur_dashboard_msgs/lib/python3.8/site-packages/ur_dashboard_msgs/srv/_is_program_saved_s.c
[0.608s] -- Up-to-date: /root/ROS2Docker/ros2_ws/install/ur_dashboard_msgs/lib/python3.8/site-packages/ur_dashboard_msgs/srv/_get_safety_mode.py
[0.608s] -- Up-to-date: /root/ROS2Docker/ros2_ws/install/ur_dashboard_msgs/lib/python3.8/site-packages/ur_dashboard_msgs/srv/_load.py
[0.608s] -- Up-to-date: /root/ROS2Docker/ros2_ws/install/ur_dashboard_msgs/lib/python3.8/site-packages/ur_dashboard_msgs/srv/_is_program_saved.py
[0.608s] -- Up-to-date: /root/ROS2Docker/ros2_ws/install/ur_dashboard_msgs/lib/python3.8/site-packages/ur_dashboard_msgs/srv/_get_robot_mode_s.c
[0.609s] -- Up-to-date: /root/ROS2Docker/ros2_ws/install/ur_dashboard_msgs/lib/python3.8/site-packages/ur_dashboard_msgs/srv/_get_robot_mode.py
[0.609s] -- Up-to-date: /root/ROS2Docker/ros2_ws/install/ur_dashboard_msgs/lib/python3.8/site-packages/ur_dashboard_msgs/srv/_load_s.c
[0.609s] -- Up-to-date: /root/ROS2Docker/ros2_ws/install/ur_dashboard_msgs/lib/python3.8/site-packages/ur_dashboard_msgs/srv/_popup_s.c
[0.609s] -- Up-to-date: /root/ROS2Docker/ros2_ws/install/ur_dashboard_msgs/lib/python3.8/site-packages/ur_dashboard_msgs/srv/_raw_request.py
[0.609s] -- Up-to-date: /root/ROS2Docker/ros2_ws/install/ur_dashboard_msgs/lib/python3.8/site-packages/ur_dashboard_msgs/srv/_get_safety_mode_s.c
[0.609s] -- Up-to-date: /root/ROS2Docker/ros2_ws/install/ur_dashboard_msgs/lib/python3.8/site-packages/ur_dashboard_msgs/action
[0.609s] -- Up-to-date: /root/ROS2Docker/ros2_ws/install/ur_dashboard_msgs/lib/python3.8/site-packages/ur_dashboard_msgs/action/__init__.py
[0.609s] -- Up-to-date: /root/ROS2Docker/ros2_ws/install/ur_dashboard_msgs/lib/python3.8/site-packages/ur_dashboard_msgs/action/_set_mode.py
[0.609s] -- Up-to-date: /root/ROS2Docker/ros2_ws/install/ur_dashboard_msgs/lib/python3.8/site-packages/ur_dashboard_msgs/action/_set_mode_s.c
[0.609s] -- Up-to-date: /root/ROS2Docker/ros2_ws/install/ur_dashboard_msgs/lib/python3.8/site-packages/ur_dashboard_msgs/ur_dashboard_msgs_s__rosidl_typesupport_fastrtps_c.cpython-38-x86_64-linux-gnu.so
[0.609s] -- Up-to-date: /root/ROS2Docker/ros2_ws/install/ur_dashboard_msgs/lib/python3.8/site-packages/ur_dashboard_msgs/ur_dashboard_msgs_s__rosidl_typesupport_introspection_c.cpython-38-x86_64-linux-gnu.so
[0.609s] -- Up-to-date: /root/ROS2Docker/ros2_ws/install/ur_dashboard_msgs/lib/python3.8/site-packages/ur_dashboard_msgs/ur_dashboard_msgs_s__rosidl_typesupport_c.cpython-38-x86_64-linux-gnu.so
[0.610s] -- Up-to-date: /root/ROS2Docker/ros2_ws/install/ur_dashboard_msgs/lib/libur_dashboard_msgs__python.so
[0.610s] -- Up-to-date: /root/ROS2Docker/ros2_ws/install/ur_dashboard_msgs/share/ur_dashboard_msgs/msg/ProgramState.idl
[0.610s] -- Up-to-date: /root/ROS2Docker/ros2_ws/install/ur_dashboard_msgs/share/ur_dashboard_msgs/msg/RobotMode.idl
[0.610s] -- Up-to-date: /root/ROS2Docker/ros2_ws/install/ur_dashboard_msgs/share/ur_dashboard_msgs/msg/SafetyMode.idl
[0.610s] -- Up-to-date: /root/ROS2Docker/ros2_ws/install/ur_dashboard_msgs/share/ur_dashboard_msgs/srv/AddToLog.idl
[0.610s] -- Up-to-date: /root/ROS2Docker/ros2_ws/install/ur_dashboard_msgs/share/ur_dashboard_msgs/srv/GetLoadedProgram.idl
[0.610s] -- Up-to-date: /root/ROS2Docker/ros2_ws/install/ur_dashboard_msgs/share/ur_dashboard_msgs/srv/GetProgramState.idl
[0.610s] -- Up-to-date: /root/ROS2Docker/ros2_ws/install/ur_dashboard_msgs/share/ur_dashboard_msgs/srv/GetRobotMode.idl
[0.610s] -- Up-to-date: /root/ROS2Docker/ros2_ws/install/ur_dashboard_msgs/share/ur_dashboard_msgs/srv/GetSafetyMode.idl
[0.610s] -- Up-to-date: /root/ROS2Docker/ros2_ws/install/ur_dashboard_msgs/share/ur_dashboard_msgs/srv/IsProgramRunning.idl
[0.610s] -- Up-to-date: /root/ROS2Docker/ros2_ws/install/ur_dashboard_msgs/share/ur_dashboard_msgs/srv/IsProgramSaved.idl
[0.611s] -- Up-to-date: /root/ROS2Docker/ros2_ws/install/ur_dashboard_msgs/share/ur_dashboard_msgs/srv/Load.idl
[0.611s] -- Up-to-date: /root/ROS2Docker/ros2_ws/install/ur_dashboard_msgs/share/ur_dashboard_msgs/srv/Popup.idl
[0.611s] -- Up-to-date: /root/ROS2Docker/ros2_ws/install/ur_dashboard_msgs/share/ur_dashboard_msgs/srv/RawRequest.idl
[0.611s] -- Up-to-date: /root/ROS2Docker/ros2_ws/install/ur_dashboard_msgs/share/ur_dashboard_msgs/action/SetMode.idl
[0.611s] -- Up-to-date: /root/ROS2Docker/ros2_ws/install/ur_dashboard_msgs/share/ur_dashboard_msgs/msg/ProgramState.msg
[0.611s] -- Up-to-date: /root/ROS2Docker/ros2_ws/install/ur_dashboard_msgs/share/ur_dashboard_msgs/msg/RobotMode.msg
[0.611s] -- Up-to-date: /root/ROS2Docker/ros2_ws/install/ur_dashboard_msgs/share/ur_dashboard_msgs/msg/SafetyMode.msg
[0.611s] -- Up-to-date: /root/ROS2Docker/ros2_ws/install/ur_dashboard_msgs/share/ur_dashboard_msgs/srv/AddToLog.srv
[0.611s] -- Up-to-date: /root/ROS2Docker/ros2_ws/install/ur_dashboard_msgs/share/ur_dashboard_msgs/srv/AddToLog_Request.msg
[0.611s] -- Up-to-date: /root/ROS2Docker/ros2_ws/install/ur_dashboard_msgs/share/ur_dashboard_msgs/srv/AddToLog_Response.msg
[0.611s] -- Up-to-date: /root/ROS2Docker/ros2_ws/install/ur_dashboard_msgs/share/ur_dashboard_msgs/srv/GetLoadedProgram.srv
[0.611s] -- Up-to-date: /root/ROS2Docker/ros2_ws/install/ur_dashboard_msgs/share/ur_dashboard_msgs/srv/GetLoadedProgram_Request.msg
[0.612s] -- Up-to-date: /root/ROS2Docker/ros2_ws/install/ur_dashboard_msgs/share/ur_dashboard_msgs/srv/GetLoadedProgram_Response.msg
[0.612s] -- Up-to-date: /root/ROS2Docker/ros2_ws/install/ur_dashboard_msgs/share/ur_dashboard_msgs/srv/GetProgramState.srv
[0.612s] -- Up-to-date: /root/ROS2Docker/ros2_ws/install/ur_dashboard_msgs/share/ur_dashboard_msgs/srv/GetProgramState_Request.msg
[0.612s] -- Up-to-date: /root/ROS2Docker/ros2_ws/install/ur_dashboard_msgs/share/ur_dashboard_msgs/srv/GetProgramState_Response.msg
[0.612s] -- Up-to-date: /root/ROS2Docker/ros2_ws/install/ur_dashboard_msgs/share/ur_dashboard_msgs/srv/GetRobotMode.srv
[0.612s] -- Up-to-date: /root/ROS2Docker/ros2_ws/install/ur_dashboard_msgs/share/ur_dashboard_msgs/srv/GetRobotMode_Request.msg
[0.612s] -- Up-to-date: /root/ROS2Docker/ros2_ws/install/ur_dashboard_msgs/share/ur_dashboard_msgs/srv/GetRobotMode_Response.msg
[0.612s] -- Up-to-date: /root/ROS2Docker/ros2_ws/install/ur_dashboard_msgs/share/ur_dashboard_msgs/srv/GetSafetyMode.srv
[0.612s] -- Up-to-date: /root/ROS2Docker/ros2_ws/install/ur_dashboard_msgs/share/ur_dashboard_msgs/srv/GetSafetyMode_Request.msg
[0.612s] -- Up-to-date: /root/ROS2Docker/ros2_ws/install/ur_dashboard_msgs/share/ur_dashboard_msgs/srv/GetSafetyMode_Response.msg
[0.612s] -- Up-to-date: /root/ROS2Docker/ros2_ws/install/ur_dashboard_msgs/share/ur_dashboard_msgs/srv/IsProgramRunning.srv
[0.613s] -- Up-to-date: /root/ROS2Docker/ros2_ws/install/ur_dashboard_msgs/share/ur_dashboard_msgs/srv/IsProgramRunning_Request.msg
[0.613s] -- Up-to-date: /root/ROS2Docker/ros2_ws/install/ur_dashboard_msgs/share/ur_dashboard_msgs/srv/IsProgramRunning_Response.msg
[0.613s] -- Up-to-date: /root/ROS2Docker/ros2_ws/install/ur_dashboard_msgs/share/ur_dashboard_msgs/srv/IsProgramSaved.srv
[0.613s] -- Up-to-date: /root/ROS2Docker/ros2_ws/install/ur_dashboard_msgs/share/ur_dashboard_msgs/srv/IsProgramSaved_Request.msg
[0.613s] -- Up-to-date: /root/ROS2Docker/ros2_ws/install/ur_dashboard_msgs/share/ur_dashboard_msgs/srv/IsProgramSaved_Response.msg
[0.613s] -- Up-to-date: /root/ROS2Docker/ros2_ws/install/ur_dashboard_msgs/share/ur_dashboard_msgs/srv/Load.srv
[0.613s] -- Up-to-date: /root/ROS2Docker/ros2_ws/install/ur_dashboard_msgs/share/ur_dashboard_msgs/srv/Load_Request.msg
[0.613s] -- Up-to-date: /root/ROS2Docker/ros2_ws/install/ur_dashboard_msgs/share/ur_dashboard_msgs/srv/Load_Response.msg
[0.613s] -- Up-to-date: /root/ROS2Docker/ros2_ws/install/ur_dashboard_msgs/share/ur_dashboard_msgs/srv/Popup.srv
[0.613s] -- Up-to-date: /root/ROS2Docker/ros2_ws/install/ur_dashboard_msgs/share/ur_dashboard_msgs/srv/Popup_Request.msg
[0.613s] -- Up-to-date: /root/ROS2Docker/ros2_ws/install/ur_dashboard_msgs/share/ur_dashboard_msgs/srv/Popup_Response.msg
[0.613s] -- Up-to-date: /root/ROS2Docker/ros2_ws/install/ur_dashboard_msgs/share/ur_dashboard_msgs/srv/RawRequest.srv
[0.613s] -- Up-to-date: /root/ROS2Docker/ros2_ws/install/ur_dashboard_msgs/share/ur_dashboard_msgs/srv/RawRequest_Request.msg
[0.614s] -- Up-to-date: /root/ROS2Docker/ros2_ws/install/ur_dashboard_msgs/share/ur_dashboard_msgs/srv/RawRequest_Response.msg
[0.614s] -- Up-to-date: /root/ROS2Docker/ros2_ws/install/ur_dashboard_msgs/share/ur_dashboard_msgs/action/SetMode.action
[0.614s] -- Up-to-date: /root/ROS2Docker/ros2_ws/install/ur_dashboard_msgs/share/ament_index/resource_index/package_run_dependencies/ur_dashboard_msgs
[0.614s] -- Up-to-date: /root/ROS2Docker/ros2_ws/install/ur_dashboard_msgs/share/ament_index/resource_index/parent_prefix_path/ur_dashboard_msgs
[0.614s] -- Up-to-date: /root/ROS2Docker/ros2_ws/install/ur_dashboard_msgs/share/ur_dashboard_msgs/environment/ament_prefix_path.sh
[0.614s] -- Up-to-date: /root/ROS2Docker/ros2_ws/install/ur_dashboard_msgs/share/ur_dashboard_msgs/environment/ament_prefix_path.dsv
[0.614s] -- Up-to-date: /root/ROS2Docker/ros2_ws/install/ur_dashboard_msgs/share/ur_dashboard_msgs/environment/path.sh
[0.614s] -- Up-to-date: /root/ROS2Docker/ros2_ws/install/ur_dashboard_msgs/share/ur_dashboard_msgs/environment/path.dsv
[0.614s] -- Up-to-date: /root/ROS2Docker/ros2_ws/install/ur_dashboard_msgs/share/ur_dashboard_msgs/local_setup.bash
[0.614s] -- Up-to-date: /root/ROS2Docker/ros2_ws/install/ur_dashboard_msgs/share/ur_dashboard_msgs/local_setup.sh
[0.614s] -- Up-to-date: /root/ROS2Docker/ros2_ws/install/ur_dashboard_msgs/share/ur_dashboard_msgs/local_setup.zsh
[0.614s] -- Up-to-date: /root/ROS2Docker/ros2_ws/install/ur_dashboard_msgs/share/ur_dashboard_msgs/local_setup.dsv
[0.614s] -- Installing: /root/ROS2Docker/ros2_ws/install/ur_dashboard_msgs/share/ur_dashboard_msgs/package.dsv
[0.614s] -- Up-to-date: /root/ROS2Docker/ros2_ws/install/ur_dashboard_msgs/share/ament_index/resource_index/packages/ur_dashboard_msgs
[0.614s] -- Up-to-date: /root/ROS2Docker/ros2_ws/install/ur_dashboard_msgs/share/ur_dashboard_msgs/cmake/ur_dashboard_msgs__rosidl_generator_cExport.cmake
[0.614s] -- Up-to-date: /root/ROS2Docker/ros2_ws/install/ur_dashboard_msgs/share/ur_dashboard_msgs/cmake/ur_dashboard_msgs__rosidl_generator_cExport-noconfig.cmake
[0.614s] -- Up-to-date: /root/ROS2Docker/ros2_ws/install/ur_dashboard_msgs/share/ur_dashboard_msgs/cmake/ur_dashboard_msgs__rosidl_typesupport_introspection_cExport.cmake
[0.615s] -- Up-to-date: /root/ROS2Docker/ros2_ws/install/ur_dashboard_msgs/share/ur_dashboard_msgs/cmake/ur_dashboard_msgs__rosidl_typesupport_introspection_cExport-noconfig.cmake
[0.615s] -- Up-to-date: /root/ROS2Docker/ros2_ws/install/ur_dashboard_msgs/share/ur_dashboard_msgs/cmake/ur_dashboard_msgs__rosidl_typesupport_cExport.cmake
[0.615s] -- Up-to-date: /root/ROS2Docker/ros2_ws/install/ur_dashboard_msgs/share/ur_dashboard_msgs/cmake/ur_dashboard_msgs__rosidl_typesupport_cExport-noconfig.cmake
[0.615s] -- Up-to-date: /root/ROS2Docker/ros2_ws/install/ur_dashboard_msgs/share/ur_dashboard_msgs/cmake/ur_dashboard_msgs__rosidl_generator_cppExport.cmake
[0.615s] -- Up-to-date: /root/ROS2Docker/ros2_ws/install/ur_dashboard_msgs/share/ur_dashboard_msgs/cmake/ur_dashboard_msgs__rosidl_typesupport_introspection_cppExport.cmake
[0.615s] -- Up-to-date: /root/ROS2Docker/ros2_ws/install/ur_dashboard_msgs/share/ur_dashboard_msgs/cmake/ur_dashboard_msgs__rosidl_typesupport_introspection_cppExport-noconfig.cmake
[0.615s] -- Up-to-date: /root/ROS2Docker/ros2_ws/install/ur_dashboard_msgs/share/ur_dashboard_msgs/cmake/ur_dashboard_msgs__rosidl_typesupport_cppExport.cmake
[0.615s] -- Up-to-date: /root/ROS2Docker/ros2_ws/install/ur_dashboard_msgs/share/ur_dashboard_msgs/cmake/ur_dashboard_msgs__rosidl_typesupport_cppExport-noconfig.cmake
[0.616s] -- Up-to-date: /root/ROS2Docker/ros2_ws/install/ur_dashboard_msgs/share/ur_dashboard_msgs/cmake/rosidl_cmake-extras.cmake
[0.617s] -- Up-to-date: /root/ROS2Docker/ros2_ws/install/ur_dashboard_msgs/share/ur_dashboard_msgs/cmake/ament_cmake_export_dependencies-extras.cmake
[0.617s] -- Up-to-date: /root/ROS2Docker/ros2_ws/install/ur_dashboard_msgs/share/ur_dashboard_msgs/cmake/ament_cmake_export_libraries-extras.cmake
[0.617s] -- Up-to-date: /root/ROS2Docker/ros2_ws/install/ur_dashboard_msgs/share/ur_dashboard_msgs/cmake/ament_cmake_export_targets-extras.cmake
[0.617s] -- Up-to-date: /root/ROS2Docker/ros2_ws/install/ur_dashboard_msgs/share/ur_dashboard_msgs/cmake/ament_cmake_export_include_directories-extras.cmake
[0.617s] -- Up-to-date: /root/ROS2Docker/ros2_ws/install/ur_dashboard_msgs/share/ur_dashboard_msgs/cmake/rosidl_cmake_export_typesupport_libraries-extras.cmake
[0.617s] -- Up-to-date: /root/ROS2Docker/ros2_ws/install/ur_dashboard_msgs/share/ur_dashboard_msgs/cmake/rosidl_cmake_export_typesupport_targets-extras.cmake
[0.617s] -- Up-to-date: /root/ROS2Docker/ros2_ws/install/ur_dashboard_msgs/share/ur_dashboard_msgs/cmake/ur_dashboard_msgsConfig.cmake
[0.617s] -- Up-to-date: /root/ROS2Docker/ros2_ws/install/ur_dashboard_msgs/share/ur_dashboard_msgs/cmake/ur_dashboard_msgsConfig-version.cmake
[0.617s] -- Up-to-date: /root/ROS2Docker/ros2_ws/install/ur_dashboard_msgs/share/ur_dashboard_msgs/package.xml
[0.618s] Invoked command in '/root/ROS2Docker/ros2_ws/build/ur_dashboard_msgs' returned '0': CMAKE_PREFIX_PATH=${CMAKE_PREFIX_PATH}:/root/ROS2Docker/ros2_ws/install/ur_ignition:/root/ROS2Docker/ros2_ws/install/examples_rclpy_minimal_subscriber:/root/ROS2Docker/ros2_ws/install/examples_rclpy_minimal_service:/root/ROS2Docker/ros2_ws/install/examples_rclpy_minimal_publisher:/root/ROS2Docker/ros2_ws/install/examples_rclpy_minimal_client:/root/ROS2Docker/ros2_ws/install/examples_rclpy_minimal_action_server:/root/ROS2Docker/ros2_ws/install/examples_rclpy_minimal_action_client:/root/ROS2Docker/ros2_ws/install/examples_rclpy_executors:/opt/ros/foxy /usr/bin/cmake --install /root/ROS2Docker/ros2_ws/build/ur_dashboard_msgs
