[0.067s] Invoking command in '/root/ROS2Docker/ros2_ws/build/examples_rclcpp_multithreaded_executor': CMAKE_PREFIX_PATH=/opt/ros/foxy /usr/bin/cmake /root/ROS2Docker/ros2_ws/src/examples/rclcpp/executors/multithreaded_executor -DCMAKE_INSTALL_PREFIX=/root/ROS2Docker/ros2_ws/install/examples_rclcpp_multithreaded_executor
[1.468s] -- The C compiler identification is GNU 9.3.0
[1.468s] -- The CXX compiler identification is GNU 9.3.0
[1.468s] -- Check for working C compiler: /usr/bin/cc
[1.468s] -- Check for working C compiler: /usr/bin/cc -- works
[1.468s] -- Detecting C compiler ABI info
[1.468s] -- Detecting C compiler ABI info - done
[1.468s] -- Detecting C compile features
[1.468s] -- Detecting C compile features - done
[1.468s] -- Check for working CXX compiler: /usr/bin/c++
[1.469s] -- Check for working CXX compiler: /usr/bin/c++ -- works
[1.469s] -- Detecting CXX compiler ABI info
[1.469s] -- Detecting CXX compiler ABI info - done
[1.469s] -- Detecting CXX compile features
[1.469s] -- Detecting CXX compile features - done
[1.469s] -- Found ament_cmake: 0.9.9 (/opt/ros/foxy/share/ament_cmake/cmake)
[1.469s] -- Found PythonInterp: /usr/bin/python3 (found suitable version "3.8.10", minimum required is "3") 
[1.469s] -- Using PYTHON_EXECUTABLE: /usr/bin/python3
[1.469s] -- Found rclcpp: 2.4.0 (/opt/ros/foxy/share/rclcpp/cmake)
[1.469s] -- Using all available rosidl_typesupport_c: rosidl_typesupport_fastrtps_c;rosidl_typesupport_introspection_c
[1.469s] -- Found rosidl_adapter: 1.2.1 (/opt/ros/foxy/share/rosidl_adapter/cmake)
[1.470s] -- Found OpenSSL: /usr/lib/x86_64-linux-gnu/libcrypto.so (found version "1.1.1f")  
[1.470s] -- Found FastRTPS: /opt/ros/foxy/include  
[1.470s] -- Using all available rosidl_typesupport_cpp: rosidl_typesupport_fastrtps_cpp;rosidl_typesupport_introspection_cpp
[1.470s] -- Found rmw_implementation_cmake: 1.0.3 (/opt/ros/foxy/share/rmw_implementation_cmake/cmake)
[1.470s] -- Using RMW implementation 'rmw_fastrtps_cpp' as default
[1.470s] -- Looking for pthread.h
[1.470s] -- Looking for pthread.h - found
[1.470s] -- Performing Test CMAKE_HAVE_LIBC_PTHREAD
[1.470s] -- Performing Test CMAKE_HAVE_LIBC_PTHREAD - Failed
[1.470s] -- Looking for pthread_create in pthreads
[1.470s] -- Looking for pthread_create in pthreads - not found
[1.471s] -- Looking for pthread_create in pthread
[1.471s] -- Looking for pthread_create in pthread - found
[1.471s] -- Found Threads: TRUE  
[1.615s] -- Found ament_lint_auto: 0.9.6 (/opt/ros/foxy/share/ament_lint_auto/cmake)
[1.705s] -- Added test 'copyright' to check source files copyright and LICENSE
[1.706s] -- Added test 'cppcheck' to perform static code analysis on C / C++ code
[1.707s] -- Configured cppcheck include dirs: 
[1.707s] -- Configured cppcheck exclude dirs and/or files: 
[1.708s] -- Added test 'cpplint' to check C / C++ code against the Google style
[1.708s] -- Configured cpplint exclude dirs and/or files: 
[1.709s] -- Added test 'lint_cmake' to check CMake code style
[1.710s] -- Added test 'uncrustify' to check C / C++ code style
[1.710s] -- Configured uncrustify additional arguments: 
[1.711s] -- Added test 'xmllint' to check XML markup files
[1.715s] -- Configuring done
[1.724s] -- Generating done
[1.726s] -- Build files have been written to: /root/ROS2Docker/ros2_ws/build/examples_rclcpp_multithreaded_executor
[1.753s] Invoked command in '/root/ROS2Docker/ros2_ws/build/examples_rclcpp_multithreaded_executor' returned '0': CMAKE_PREFIX_PATH=/opt/ros/foxy /usr/bin/cmake /root/ROS2Docker/ros2_ws/src/examples/rclcpp/executors/multithreaded_executor -DCMAKE_INSTALL_PREFIX=/root/ROS2Docker/ros2_ws/install/examples_rclcpp_multithreaded_executor
[1.755s] Invoking command in '/root/ROS2Docker/ros2_ws/build/examples_rclcpp_multithreaded_executor': CMAKE_PREFIX_PATH=/opt/ros/foxy /usr/bin/cmake --build /root/ROS2Docker/ros2_ws/build/examples_rclcpp_multithreaded_executor -- -j16 -l16
[1.869s] [35m[1mScanning dependencies of target multithreaded_executor[0m
[1.897s] [ 50%] [32mBuilding CXX object CMakeFiles/multithreaded_executor.dir/multithreaded_executor.cpp.o[0m
[8.523s] [100%] [32m[1mLinking CXX executable multithreaded_executor[0m
[8.700s] [100%] Built target multithreaded_executor
[8.708s] Invoked command in '/root/ROS2Docker/ros2_ws/build/examples_rclcpp_multithreaded_executor' returned '0': CMAKE_PREFIX_PATH=/opt/ros/foxy /usr/bin/cmake --build /root/ROS2Docker/ros2_ws/build/examples_rclcpp_multithreaded_executor -- -j16 -l16
[8.728s] Invoking command in '/root/ROS2Docker/ros2_ws/build/examples_rclcpp_multithreaded_executor': CMAKE_PREFIX_PATH=/opt/ros/foxy /usr/bin/cmake --install /root/ROS2Docker/ros2_ws/build/examples_rclcpp_multithreaded_executor
[8.734s] -- Install configuration: ""
[8.734s] -- Installing: /root/ROS2Docker/ros2_ws/install/examples_rclcpp_multithreaded_executor/lib/examples_rclcpp_multithreaded_executor/multithreaded_executor
[8.736s] -- Set runtime path of "/root/ROS2Docker/ros2_ws/install/examples_rclcpp_multithreaded_executor/lib/examples_rclcpp_multithreaded_executor/multithreaded_executor" to ""
[8.736s] -- Installing: /root/ROS2Docker/ros2_ws/install/examples_rclcpp_multithreaded_executor/share/ament_index/resource_index/package_run_dependencies/examples_rclcpp_multithreaded_executor
[8.736s] -- Installing: /root/ROS2Docker/ros2_ws/install/examples_rclcpp_multithreaded_executor/share/ament_index/resource_index/parent_prefix_path/examples_rclcpp_multithreaded_executor
[8.736s] -- Installing: /root/ROS2Docker/ros2_ws/install/examples_rclcpp_multithreaded_executor/share/examples_rclcpp_multithreaded_executor/environment/ament_prefix_path.sh
[8.736s] -- Installing: /root/ROS2Docker/ros2_ws/install/examples_rclcpp_multithreaded_executor/share/examples_rclcpp_multithreaded_executor/environment/ament_prefix_path.dsv
[8.736s] -- Installing: /root/ROS2Docker/ros2_ws/install/examples_rclcpp_multithreaded_executor/share/examples_rclcpp_multithreaded_executor/environment/path.sh
[8.737s] -- Installing: /root/ROS2Docker/ros2_ws/install/examples_rclcpp_multithreaded_executor/share/examples_rclcpp_multithreaded_executor/environment/path.dsv
[8.737s] -- Installing: /root/ROS2Docker/ros2_ws/install/examples_rclcpp_multithreaded_executor/share/examples_rclcpp_multithreaded_executor/local_setup.bash
[8.737s] -- Installing: /root/ROS2Docker/ros2_ws/install/examples_rclcpp_multithreaded_executor/share/examples_rclcpp_multithreaded_executor/local_setup.sh
[8.737s] -- Installing: /root/ROS2Docker/ros2_ws/install/examples_rclcpp_multithreaded_executor/share/examples_rclcpp_multithreaded_executor/local_setup.zsh
[8.737s] -- Installing: /root/ROS2Docker/ros2_ws/install/examples_rclcpp_multithreaded_executor/share/examples_rclcpp_multithreaded_executor/local_setup.dsv
[8.737s] -- Installing: /root/ROS2Docker/ros2_ws/install/examples_rclcpp_multithreaded_executor/share/examples_rclcpp_multithreaded_executor/package.dsv
[8.737s] -- Installing: /root/ROS2Docker/ros2_ws/install/examples_rclcpp_multithreaded_executor/share/ament_index/resource_index/packages/examples_rclcpp_multithreaded_executor
[8.737s] -- Installing: /root/ROS2Docker/ros2_ws/install/examples_rclcpp_multithreaded_executor/share/examples_rclcpp_multithreaded_executor/cmake/examples_rclcpp_multithreaded_executorConfig.cmake
[8.737s] -- Installing: /root/ROS2Docker/ros2_ws/install/examples_rclcpp_multithreaded_executor/share/examples_rclcpp_multithreaded_executor/cmake/examples_rclcpp_multithreaded_executorConfig-version.cmake
[8.737s] -- Installing: /root/ROS2Docker/ros2_ws/install/examples_rclcpp_multithreaded_executor/share/examples_rclcpp_multithreaded_executor/package.xml
[8.740s] Invoked command in '/root/ROS2Docker/ros2_ws/build/examples_rclcpp_multithreaded_executor' returned '0': CMAKE_PREFIX_PATH=/opt/ros/foxy /usr/bin/cmake --install /root/ROS2Docker/ros2_ws/build/examples_rclcpp_multithreaded_executor
