-- The C compiler identification is GNU 9.3.0
-- The CXX compiler identification is GNU 9.3.0
-- Check for working C compiler: /usr/bin/cc
-- Check for working C compiler: /usr/bin/cc -- works
-- Detecting C compiler ABI info
-- Detecting C compiler ABI info - done
-- Detecting C compile features
-- Detecting C compile features - done
-- Check for working CXX compiler: /usr/bin/c++
-- Check for working CXX compiler: /usr/bin/c++ -- works
-- Detecting CXX compiler ABI info
-- Detecting CXX compiler ABI info - done
-- Detecting CXX compile features
-- Detecting CXX compile features - done
-- Found ament_cmake: 0.9.9 (/opt/ros/foxy/share/ament_cmake/cmake)
-- Found PythonInterp: /usr/bin/python3 (found suitable version "3.8.10", minimum required is "3") 
-- Using PYTHON_EXECUTABLE: /usr/bin/python3
-- Found builtin_interfaces: 1.0.0 (/opt/ros/foxy/share/builtin_interfaces/cmake)
-- Using all available rosidl_typesupport_c: rosidl_typesupport_fastrtps_c;rosidl_typesupport_introspection_c
-- Found rosidl_adapter: 1.2.1 (/opt/ros/foxy/share/rosidl_adapter/cmake)
-- Found OpenSSL: /usr/lib/x86_64-linux-gnu/libcrypto.so (found version "1.1.1f")  
-- Found FastRTPS: /opt/ros/foxy/include  
-- Using all available rosidl_typesupport_cpp: rosidl_typesupport_fastrtps_cpp;rosidl_typesupport_introspection_cpp
-- Found rosidl_default_generators: 1.0.1 (/opt/ros/foxy/share/rosidl_default_generators/cmake)
-- Found std_msgs: 2.0.4 (/opt/ros/foxy/share/std_msgs/cmake)
-- Found PythonInterp: /usr/bin/python3 (found version "3.8.10") 
-- Found ament_cmake_cppcheck: 0.9.6 (/opt/ros/foxy/share/ament_cmake_cppcheck/cmake)
-- Found ament_cmake_cpplint: 0.9.6 (/opt/ros/foxy/share/ament_cmake_cpplint/cmake)
-- Found ament_cmake_uncrustify: 0.9.6 (/opt/ros/foxy/share/ament_cmake_uncrustify/cmake)
-- Found ament_cmake_ros: 0.9.2 (/opt/ros/foxy/share/ament_cmake_ros/cmake)
-- Using all available rosidl_typesupport_c: rosidl_typesupport_fastrtps_c;rosidl_typesupport_introspection_c
-- Using all available rosidl_typesupport_cpp: rosidl_typesupport_fastrtps_cpp;rosidl_typesupport_introspection_cpp
-- Found PythonInterp: /usr/bin/python3 (found suitable version "3.8.10", minimum required is "3.5") 
-- Found python_cmake_module: 0.8.1 (/opt/ros/foxy/share/python_cmake_module/cmake)
-- Found PythonLibs: /usr/lib/x86_64-linux-gnu/libpython3.8.so (found suitable version "3.8.10", minimum required is "3.5") 
-- Using PYTHON_EXECUTABLE: /usr/bin/python3
-- Using PYTHON_INCLUDE_DIRS: /usr/include/python3.8
-- Using PYTHON_LIBRARIES: /usr/lib/x86_64-linux-gnu/libpython3.8.so
-- Found PythonExtra: .so  
-- Found ament_cmake_flake8: 0.9.6 (/opt/ros/foxy/share/ament_cmake_flake8/cmake)
-- Found ament_cmake_pep257: 0.9.6 (/opt/ros/foxy/share/ament_cmake_pep257/cmake)
-- Configuring done
-- Generating done
-- Build files have been written to: /root/ROS2Docker/ros2_ws/build/smach_msgs
[35m[1mScanning dependencies of target smach_msgs__cpp[0m
[  2%] [34m[1mGenerating C code for ROS interfaces[0m
[  4%] [34m[1mGenerating C++ code for ROS interfaces[0m
[  4%] Built target smach_msgs__cpp
[35m[1mScanning dependencies of target smach_msgs__rosidl_generator_c[0m
[ 10%] [34m[1mGenerating C++ type support dispatch for ROS interfaces[0m
[ 10%] [34m[1mGenerating C++ type support for eProsima Fast-RTPS[0m
[ 10%] [34m[1mGenerating C++ introspection for ROS interfaces[0m
[ 12%] [32mBuilding C object CMakeFiles/smach_msgs__rosidl_generator_c.dir/rosidl_generator_c/smach_msgs/msg/detail/smach_container_initial_status_cmd__functions.c.o[0m
[ 17%] [32mBuilding C object CMakeFiles/smach_msgs__rosidl_generator_c.dir/rosidl_generator_c/smach_msgs/msg/detail/smach_container_structure__functions.c.o[0m
[ 17%] [32mBuilding C object CMakeFiles/smach_msgs__rosidl_generator_c.dir/rosidl_generator_c/smach_msgs/msg/detail/smach_container_status__functions.c.o[0m
[ 19%] [32m[1mLinking C shared library libsmach_msgs__rosidl_generator_c.so[0m
[ 19%] Built target smach_msgs__rosidl_generator_c
[ 23%] [34m[1mGenerating C type support dispatch for ROS interfaces[0m
[ 23%] [34m[1mGenerating C introspection for ROS interfaces[0m
[35m[1mScanning dependencies of target smach_msgs__rosidl_typesupport_cpp[0m
[ 25%] [32mBuilding CXX object CMakeFiles/smach_msgs__rosidl_typesupport_cpp.dir/rosidl_typesupport_cpp/smach_msgs/msg/smach_container_initial_status_cmd__type_support.cpp.o[0m
[ 27%] [32mBuilding CXX object CMakeFiles/smach_msgs__rosidl_typesupport_cpp.dir/rosidl_typesupport_cpp/smach_msgs/msg/smach_container_structure__type_support.cpp.o[0m
[ 29%] [32mBuilding CXX object CMakeFiles/smach_msgs__rosidl_typesupport_cpp.dir/rosidl_typesupport_cpp/smach_msgs/msg/smach_container_status__type_support.cpp.o[0m
[35m[1mScanning dependencies of target smach_msgs__rosidl_typesupport_introspection_cpp[0m
[ 31%] [32mBuilding CXX object CMakeFiles/smach_msgs__rosidl_typesupport_introspection_cpp.dir/rosidl_typesupport_introspection_cpp/smach_msgs/msg/detail/smach_container_status__type_support.cpp.o[0m
[ 34%] [32mBuilding CXX object CMakeFiles/smach_msgs__rosidl_typesupport_introspection_cpp.dir/rosidl_typesupport_introspection_cpp/smach_msgs/msg/detail/smach_container_initial_status_cmd__type_support.cpp.o[0m
[ 36%] [32mBuilding CXX object CMakeFiles/smach_msgs__rosidl_typesupport_introspection_cpp.dir/rosidl_typesupport_introspection_cpp/smach_msgs/msg/detail/smach_container_structure__type_support.cpp.o[0m
[35m[1mScanning dependencies of target smach_msgs__rosidl_typesupport_fastrtps_cpp[0m
[ 38%] [32mBuilding CXX object CMakeFiles/smach_msgs__rosidl_typesupport_fastrtps_cpp.dir/rosidl_typesupport_fastrtps_cpp/smach_msgs/msg/detail/dds_fastrtps/smach_container_initial_status_cmd__type_support.cpp.o[0m
[ 42%] [32mBuilding CXX object CMakeFiles/smach_msgs__rosidl_typesupport_fastrtps_cpp.dir/rosidl_typesupport_fastrtps_cpp/smach_msgs/msg/detail/dds_fastrtps/smach_container_status__type_support.cpp.o[0m
[ 42%] [32mBuilding CXX object CMakeFiles/smach_msgs__rosidl_typesupport_fastrtps_cpp.dir/rosidl_typesupport_fastrtps_cpp/smach_msgs/msg/detail/dds_fastrtps/smach_container_structure__type_support.cpp.o[0m
[35m[1mScanning dependencies of target smach_msgs__rosidl_typesupport_c[0m
[ 44%] [32mBuilding CXX object CMakeFiles/smach_msgs__rosidl_typesupport_c.dir/rosidl_typesupport_c/smach_msgs/msg/smach_container_initial_status_cmd__type_support.cpp.o[0m
[ 48%] [32mBuilding CXX object CMakeFiles/smach_msgs__rosidl_typesupport_c.dir/rosidl_typesupport_c/smach_msgs/msg/smach_container_status__type_support.cpp.o[0m
[ 48%] [32mBuilding CXX object CMakeFiles/smach_msgs__rosidl_typesupport_c.dir/rosidl_typesupport_c/smach_msgs/msg/smach_container_structure__type_support.cpp.o[0m
[ 51%] [32m[1mLinking CXX shared library libsmach_msgs__rosidl_typesupport_c.so[0m
[35m[1mScanning dependencies of target smach_msgs__rosidl_typesupport_introspection_c[0m
[ 53%] [32mBuilding C object CMakeFiles/smach_msgs__rosidl_typesupport_introspection_c.dir/rosidl_typesupport_introspection_c/smach_msgs/msg/detail/smach_container_status__type_support.c.o[0m
[ 57%] [32mBuilding C object CMakeFiles/smach_msgs__rosidl_typesupport_introspection_c.dir/rosidl_typesupport_introspection_c/smach_msgs/msg/detail/smach_container_structure__type_support.c.o[0m
[ 57%] [32mBuilding C object CMakeFiles/smach_msgs__rosidl_typesupport_introspection_c.dir/rosidl_typesupport_introspection_c/smach_msgs/msg/detail/smach_container_initial_status_cmd__type_support.c.o[0m
[ 57%] Built target smach_msgs__rosidl_typesupport_c
[ 59%] [32m[1mLinking C shared library libsmach_msgs__rosidl_typesupport_introspection_c.so[0m
[ 59%] Built target smach_msgs__rosidl_typesupport_introspection_c
[ 61%] [32m[1mLinking CXX shared library libsmach_msgs__rosidl_typesupport_cpp.so[0m
[ 61%] Built target smach_msgs__rosidl_typesupport_cpp
[ 63%] [32m[1mLinking CXX shared library libsmach_msgs__rosidl_typesupport_introspection_cpp.so[0m
[ 63%] Built target smach_msgs__rosidl_typesupport_introspection_cpp
[ 65%] [32m[1mLinking CXX shared library libsmach_msgs__rosidl_typesupport_fastrtps_cpp.so[0m
[ 65%] Built target smach_msgs__rosidl_typesupport_fastrtps_cpp
[ 68%] [34m[1mGenerating C type support for eProsima Fast-RTPS[0m
[35m[1mScanning dependencies of target smach_msgs__rosidl_typesupport_fastrtps_c[0m
[ 70%] [32mBuilding CXX object CMakeFiles/smach_msgs__rosidl_typesupport_fastrtps_c.dir/rosidl_typesupport_fastrtps_c/smach_msgs/msg/detail/smach_container_initial_status_cmd__type_support_c.cpp.o[0m
[ 72%] [32mBuilding CXX object CMakeFiles/smach_msgs__rosidl_typesupport_fastrtps_c.dir/rosidl_typesupport_fastrtps_c/smach_msgs/msg/detail/smach_container_structure__type_support_c.cpp.o[0m
[ 74%] [32mBuilding CXX object CMakeFiles/smach_msgs__rosidl_typesupport_fastrtps_c.dir/rosidl_typesupport_fastrtps_c/smach_msgs/msg/detail/smach_container_status__type_support_c.cpp.o[0m
[ 76%] [32m[1mLinking CXX shared library libsmach_msgs__rosidl_typesupport_fastrtps_c.so[0m
[ 76%] Built target smach_msgs__rosidl_typesupport_fastrtps_c
[35m[1mScanning dependencies of target smach_msgs[0m
[ 76%] Built target smach_msgs
[35m[1mScanning dependencies of target smach_msgs__py[0m
[ 78%] [34m[1mGenerating Python code for ROS interfaces[0m
[ 78%] Built target smach_msgs__py
[35m[1mScanning dependencies of target smach_msgs__python[0m
[ 80%] [32mBuilding C object CMakeFiles/smach_msgs__python.dir/rosidl_generator_py/smach_msgs/msg/_smach_container_initial_status_cmd_s.c.o[0m
[ 82%] [32mBuilding C object CMakeFiles/smach_msgs__python.dir/rosidl_generator_py/smach_msgs/msg/_smach_container_structure_s.c.o[0m
[ 85%] [32mBuilding C object CMakeFiles/smach_msgs__python.dir/rosidl_generator_py/smach_msgs/msg/_smach_container_status_s.c.o[0m
[ 87%] [32m[1mLinking C shared library rosidl_generator_py/smach_msgs/libsmach_msgs__python.so[0m
[ 87%] Built target smach_msgs__python
[35m[1mScanning dependencies of target smach_msgs__rosidl_typesupport_c__pyext[0m
[35m[1mScanning dependencies of target smach_msgs__rosidl_typesupport_introspection_c__pyext[0m
[35m[1mScanning dependencies of target smach_msgs__rosidl_typesupport_fastrtps_c__pyext[0m
[ 91%] [32mBuilding C object CMakeFiles/smach_msgs__rosidl_typesupport_c__pyext.dir/rosidl_generator_py/smach_msgs/_smach_msgs_s.ep.rosidl_typesupport_c.c.o[0m
[ 91%] [32mBuilding C object CMakeFiles/smach_msgs__rosidl_typesupport_introspection_c__pyext.dir/rosidl_generator_py/smach_msgs/_smach_msgs_s.ep.rosidl_typesupport_introspection_c.c.o[0m
[ 93%] [32mBuilding C object CMakeFiles/smach_msgs__rosidl_typesupport_fastrtps_c__pyext.dir/rosidl_generator_py/smach_msgs/_smach_msgs_s.ep.rosidl_typesupport_fastrtps_c.c.o[0m
[100%] [32m[1mLinking C shared library rosidl_generator_py/smach_msgs/smach_msgs_s__rosidl_typesupport_introspection_c.cpython-38-x86_64-linux-gnu.so[0m
[100%] [32m[1mLinking C shared library rosidl_generator_py/smach_msgs/smach_msgs_s__rosidl_typesupport_c.cpython-38-x86_64-linux-gnu.so[0m
[100%] [32m[1mLinking CXX shared library rosidl_generator_py/smach_msgs/smach_msgs_s__rosidl_typesupport_fastrtps_c.cpython-38-x86_64-linux-gnu.so[0m
[100%] Built target smach_msgs__rosidl_typesupport_c__pyext
[100%] Built target smach_msgs__rosidl_typesupport_introspection_c__pyext
[100%] Built target smach_msgs__rosidl_typesupport_fastrtps_c__pyext
-- Install configuration: ""
-- Installing: /root/ROS2Docker/ros2_ws/install/smach_msgs/share/ament_index/resource_index/rosidl_interfaces/smach_msgs
-- Installing: /root/ROS2Docker/ros2_ws/install/smach_msgs/include/smach_msgs
-- Installing: /root/ROS2Docker/ros2_ws/install/smach_msgs/include/smach_msgs/msg
-- Installing: /root/ROS2Docker/ros2_ws/install/smach_msgs/include/smach_msgs/msg/smach_container_initial_status_cmd.h
-- Installing: /root/ROS2Docker/ros2_ws/install/smach_msgs/include/smach_msgs/msg/rosidl_generator_c__visibility_control.h
-- Installing: /root/ROS2Docker/ros2_ws/install/smach_msgs/include/smach_msgs/msg/smach_container_status.h
-- Installing: /root/ROS2Docker/ros2_ws/install/smach_msgs/include/smach_msgs/msg/detail
-- Installing: /root/ROS2Docker/ros2_ws/install/smach_msgs/include/smach_msgs/msg/detail/smach_container_status__functions.h
-- Installing: /root/ROS2Docker/ros2_ws/install/smach_msgs/include/smach_msgs/msg/detail/smach_container_status__struct.h
-- Installing: /root/ROS2Docker/ros2_ws/install/smach_msgs/include/smach_msgs/msg/detail/smach_container_status__type_support.h
-- Installing: /root/ROS2Docker/ros2_ws/install/smach_msgs/include/smach_msgs/msg/detail/smach_container_initial_status_cmd__functions.c
-- Installing: /root/ROS2Docker/ros2_ws/install/smach_msgs/include/smach_msgs/msg/detail/smach_container_initial_status_cmd__type_support.h
-- Installing: /root/ROS2Docker/ros2_ws/install/smach_msgs/include/smach_msgs/msg/detail/smach_container_structure__functions.h
-- Installing: /root/ROS2Docker/ros2_ws/install/smach_msgs/include/smach_msgs/msg/detail/smach_container_initial_status_cmd__struct.h
-- Installing: /root/ROS2Docker/ros2_ws/install/smach_msgs/include/smach_msgs/msg/detail/smach_container_structure__type_support.h
-- Installing: /root/ROS2Docker/ros2_ws/install/smach_msgs/include/smach_msgs/msg/detail/smach_container_initial_status_cmd__functions.h
-- Installing: /root/ROS2Docker/ros2_ws/install/smach_msgs/include/smach_msgs/msg/detail/smach_container_structure__functions.c
-- Installing: /root/ROS2Docker/ros2_ws/install/smach_msgs/include/smach_msgs/msg/detail/smach_container_structure__struct.h
-- Installing: /root/ROS2Docker/ros2_ws/install/smach_msgs/include/smach_msgs/msg/detail/smach_container_status__functions.c
-- Installing: /root/ROS2Docker/ros2_ws/install/smach_msgs/include/smach_msgs/msg/smach_container_structure.h
-- Installing: /root/ROS2Docker/ros2_ws/install/smach_msgs/share/smach_msgs/environment/library_path.sh
-- Installing: /root/ROS2Docker/ros2_ws/install/smach_msgs/share/smach_msgs/environment/library_path.dsv
-- Installing: /root/ROS2Docker/ros2_ws/install/smach_msgs/lib/libsmach_msgs__rosidl_generator_c.so
-- Set runtime path of "/root/ROS2Docker/ros2_ws/install/smach_msgs/lib/libsmach_msgs__rosidl_generator_c.so" to ""
-- Up-to-date: /root/ROS2Docker/ros2_ws/install/smach_msgs/include/smach_msgs
-- Up-to-date: /root/ROS2Docker/ros2_ws/install/smach_msgs/include/smach_msgs/msg
-- Installing: /root/ROS2Docker/ros2_ws/install/smach_msgs/include/smach_msgs/msg/rosidl_typesupport_fastrtps_c__visibility_control.h
-- Up-to-date: /root/ROS2Docker/ros2_ws/install/smach_msgs/include/smach_msgs/msg/detail
-- Installing: /root/ROS2Docker/ros2_ws/install/smach_msgs/include/smach_msgs/msg/detail/smach_container_structure__rosidl_typesupport_fastrtps_c.h
-- Installing: /root/ROS2Docker/ros2_ws/install/smach_msgs/include/smach_msgs/msg/detail/smach_container_initial_status_cmd__rosidl_typesupport_fastrtps_c.h
-- Installing: /root/ROS2Docker/ros2_ws/install/smach_msgs/include/smach_msgs/msg/detail/smach_container_status__rosidl_typesupport_fastrtps_c.h
-- Installing: /root/ROS2Docker/ros2_ws/install/smach_msgs/lib/libsmach_msgs__rosidl_typesupport_fastrtps_c.so
-- Set runtime path of "/root/ROS2Docker/ros2_ws/install/smach_msgs/lib/libsmach_msgs__rosidl_typesupport_fastrtps_c.so" to ""
-- Up-to-date: /root/ROS2Docker/ros2_ws/install/smach_msgs/include/smach_msgs
-- Up-to-date: /root/ROS2Docker/ros2_ws/install/smach_msgs/include/smach_msgs/msg
-- Installing: /root/ROS2Docker/ros2_ws/install/smach_msgs/include/smach_msgs/msg/rosidl_typesupport_fastrtps_cpp__visibility_control.h
-- Up-to-date: /root/ROS2Docker/ros2_ws/install/smach_msgs/include/smach_msgs/msg/detail
-- Installing: /root/ROS2Docker/ros2_ws/install/smach_msgs/include/smach_msgs/msg/detail/dds_fastrtps
-- Installing: /root/ROS2Docker/ros2_ws/install/smach_msgs/include/smach_msgs/msg/detail/smach_container_initial_status_cmd__rosidl_typesupport_fastrtps_cpp.hpp
-- Installing: /root/ROS2Docker/ros2_ws/install/smach_msgs/include/smach_msgs/msg/detail/smach_container_status__rosidl_typesupport_fastrtps_cpp.hpp
-- Installing: /root/ROS2Docker/ros2_ws/install/smach_msgs/include/smach_msgs/msg/detail/smach_container_structure__rosidl_typesupport_fastrtps_cpp.hpp
-- Installing: /root/ROS2Docker/ros2_ws/install/smach_msgs/lib/libsmach_msgs__rosidl_typesupport_fastrtps_cpp.so
-- Set runtime path of "/root/ROS2Docker/ros2_ws/install/smach_msgs/lib/libsmach_msgs__rosidl_typesupport_fastrtps_cpp.so" to ""
-- Up-to-date: /root/ROS2Docker/ros2_ws/install/smach_msgs/include/smach_msgs
-- Up-to-date: /root/ROS2Docker/ros2_ws/install/smach_msgs/include/smach_msgs/msg
-- Up-to-date: /root/ROS2Docker/ros2_ws/install/smach_msgs/include/smach_msgs/msg/detail
-- Installing: /root/ROS2Docker/ros2_ws/install/smach_msgs/include/smach_msgs/msg/detail/smach_container_status__rosidl_typesupport_introspection_c.h
-- Installing: /root/ROS2Docker/ros2_ws/install/smach_msgs/include/smach_msgs/msg/detail/smach_container_initial_status_cmd__type_support.c
-- Installing: /root/ROS2Docker/ros2_ws/install/smach_msgs/include/smach_msgs/msg/detail/smach_container_structure__rosidl_typesupport_introspection_c.h
-- Installing: /root/ROS2Docker/ros2_ws/install/smach_msgs/include/smach_msgs/msg/detail/smach_container_status__type_support.c
-- Installing: /root/ROS2Docker/ros2_ws/install/smach_msgs/include/smach_msgs/msg/detail/smach_container_initial_status_cmd__rosidl_typesupport_introspection_c.h
-- Installing: /root/ROS2Docker/ros2_ws/install/smach_msgs/include/smach_msgs/msg/detail/smach_container_structure__type_support.c
-- Installing: /root/ROS2Docker/ros2_ws/install/smach_msgs/include/smach_msgs/msg/rosidl_typesupport_introspection_c__visibility_control.h
-- Installing: /root/ROS2Docker/ros2_ws/install/smach_msgs/lib/libsmach_msgs__rosidl_typesupport_introspection_c.so
-- Set runtime path of "/root/ROS2Docker/ros2_ws/install/smach_msgs/lib/libsmach_msgs__rosidl_typesupport_introspection_c.so" to ""
-- Installing: /root/ROS2Docker/ros2_ws/install/smach_msgs/lib/libsmach_msgs__rosidl_typesupport_c.so
-- Set runtime path of "/root/ROS2Docker/ros2_ws/install/smach_msgs/lib/libsmach_msgs__rosidl_typesupport_c.so" to ""
-- Up-to-date: /root/ROS2Docker/ros2_ws/install/smach_msgs/include/smach_msgs
-- Up-to-date: /root/ROS2Docker/ros2_ws/install/smach_msgs/include/smach_msgs/msg
-- Installing: /root/ROS2Docker/ros2_ws/install/smach_msgs/include/smach_msgs/msg/smach_container_status.hpp
-- Installing: /root/ROS2Docker/ros2_ws/install/smach_msgs/include/smach_msgs/msg/smach_container_initial_status_cmd.hpp
-- Installing: /root/ROS2Docker/ros2_ws/install/smach_msgs/include/smach_msgs/msg/smach_container_structure.hpp
-- Up-to-date: /root/ROS2Docker/ros2_ws/install/smach_msgs/include/smach_msgs/msg/detail
-- Installing: /root/ROS2Docker/ros2_ws/install/smach_msgs/include/smach_msgs/msg/detail/smach_container_structure__builder.hpp
-- Installing: /root/ROS2Docker/ros2_ws/install/smach_msgs/include/smach_msgs/msg/detail/smach_container_initial_status_cmd__builder.hpp
-- Installing: /root/ROS2Docker/ros2_ws/install/smach_msgs/include/smach_msgs/msg/detail/smach_container_status__traits.hpp
-- Installing: /root/ROS2Docker/ros2_ws/install/smach_msgs/include/smach_msgs/msg/detail/smach_container_status__struct.hpp
-- Installing: /root/ROS2Docker/ros2_ws/install/smach_msgs/include/smach_msgs/msg/detail/smach_container_structure__traits.hpp
-- Installing: /root/ROS2Docker/ros2_ws/install/smach_msgs/include/smach_msgs/msg/detail/smach_container_initial_status_cmd__struct.hpp
-- Installing: /root/ROS2Docker/ros2_ws/install/smach_msgs/include/smach_msgs/msg/detail/smach_container_status__builder.hpp
-- Installing: /root/ROS2Docker/ros2_ws/install/smach_msgs/include/smach_msgs/msg/detail/smach_container_initial_status_cmd__traits.hpp
-- Installing: /root/ROS2Docker/ros2_ws/install/smach_msgs/include/smach_msgs/msg/detail/smach_container_structure__struct.hpp
-- Up-to-date: /root/ROS2Docker/ros2_ws/install/smach_msgs/include/smach_msgs
-- Up-to-date: /root/ROS2Docker/ros2_ws/install/smach_msgs/include/smach_msgs/msg
-- Up-to-date: /root/ROS2Docker/ros2_ws/install/smach_msgs/include/smach_msgs/msg/detail
-- Installing: /root/ROS2Docker/ros2_ws/install/smach_msgs/include/smach_msgs/msg/detail/smach_container_structure__rosidl_typesupport_introspection_cpp.hpp
-- Installing: /root/ROS2Docker/ros2_ws/install/smach_msgs/include/smach_msgs/msg/detail/smach_container_initial_status_cmd__type_support.cpp
-- Installing: /root/ROS2Docker/ros2_ws/install/smach_msgs/include/smach_msgs/msg/detail/smach_container_status__rosidl_typesupport_introspection_cpp.hpp
-- Installing: /root/ROS2Docker/ros2_ws/install/smach_msgs/include/smach_msgs/msg/detail/smach_container_initial_status_cmd__rosidl_typesupport_introspection_cpp.hpp
-- Installing: /root/ROS2Docker/ros2_ws/install/smach_msgs/include/smach_msgs/msg/detail/smach_container_structure__type_support.cpp
-- Installing: /root/ROS2Docker/ros2_ws/install/smach_msgs/include/smach_msgs/msg/detail/smach_container_status__type_support.cpp
-- Installing: /root/ROS2Docker/ros2_ws/install/smach_msgs/lib/libsmach_msgs__rosidl_typesupport_introspection_cpp.so
-- Set runtime path of "/root/ROS2Docker/ros2_ws/install/smach_msgs/lib/libsmach_msgs__rosidl_typesupport_introspection_cpp.so" to ""
-- Installing: /root/ROS2Docker/ros2_ws/install/smach_msgs/lib/libsmach_msgs__rosidl_typesupport_cpp.so
-- Set runtime path of "/root/ROS2Docker/ros2_ws/install/smach_msgs/lib/libsmach_msgs__rosidl_typesupport_cpp.so" to ""
-- Installing: /root/ROS2Docker/ros2_ws/install/smach_msgs/share/smach_msgs/environment/pythonpath.sh
-- Installing: /root/ROS2Docker/ros2_ws/install/smach_msgs/share/smach_msgs/environment/pythonpath.dsv
-- Installing: /root/ROS2Docker/ros2_ws/install/smach_msgs/lib/python3.8/site-packages/smach_msgs/__init__.py
Compiling '/root/ROS2Docker/ros2_ws/install/smach_msgs/lib/python3.8/site-packages/smach_msgs/__init__.py'...
-- Installing: /root/ROS2Docker/ros2_ws/install/smach_msgs/lib/python3.8/site-packages/smach_msgs/msg
-- Installing: /root/ROS2Docker/ros2_ws/install/smach_msgs/lib/python3.8/site-packages/smach_msgs/msg/_smach_container_structure.py
-- Installing: /root/ROS2Docker/ros2_ws/install/smach_msgs/lib/python3.8/site-packages/smach_msgs/msg/_smach_container_status_s.c
-- Installing: /root/ROS2Docker/ros2_ws/install/smach_msgs/lib/python3.8/site-packages/smach_msgs/msg/_smach_container_initial_status_cmd_s.c
-- Installing: /root/ROS2Docker/ros2_ws/install/smach_msgs/lib/python3.8/site-packages/smach_msgs/msg/__init__.py
-- Installing: /root/ROS2Docker/ros2_ws/install/smach_msgs/lib/python3.8/site-packages/smach_msgs/msg/_smach_container_initial_status_cmd.py
-- Installing: /root/ROS2Docker/ros2_ws/install/smach_msgs/lib/python3.8/site-packages/smach_msgs/msg/_smach_container_status.py
-- Installing: /root/ROS2Docker/ros2_ws/install/smach_msgs/lib/python3.8/site-packages/smach_msgs/msg/_smach_container_structure_s.c
-- Installing: /root/ROS2Docker/ros2_ws/install/smach_msgs/lib/python3.8/site-packages/smach_msgs/smach_msgs_s__rosidl_typesupport_fastrtps_c.cpython-38-x86_64-linux-gnu.so
-- Set runtime path of "/root/ROS2Docker/ros2_ws/install/smach_msgs/lib/python3.8/site-packages/smach_msgs/smach_msgs_s__rosidl_typesupport_fastrtps_c.cpython-38-x86_64-linux-gnu.so" to ""
-- Installing: /root/ROS2Docker/ros2_ws/install/smach_msgs/lib/python3.8/site-packages/smach_msgs/smach_msgs_s__rosidl_typesupport_introspection_c.cpython-38-x86_64-linux-gnu.so
-- Set runtime path of "/root/ROS2Docker/ros2_ws/install/smach_msgs/lib/python3.8/site-packages/smach_msgs/smach_msgs_s__rosidl_typesupport_introspection_c.cpython-38-x86_64-linux-gnu.so" to ""
-- Installing: /root/ROS2Docker/ros2_ws/install/smach_msgs/lib/python3.8/site-packages/smach_msgs/smach_msgs_s__rosidl_typesupport_c.cpython-38-x86_64-linux-gnu.so
-- Set runtime path of "/root/ROS2Docker/ros2_ws/install/smach_msgs/lib/python3.8/site-packages/smach_msgs/smach_msgs_s__rosidl_typesupport_c.cpython-38-x86_64-linux-gnu.so" to ""
-- Installing: /root/ROS2Docker/ros2_ws/install/smach_msgs/lib/libsmach_msgs__python.so
-- Set runtime path of "/root/ROS2Docker/ros2_ws/install/smach_msgs/lib/libsmach_msgs__python.so" to ""
-- Installing: /root/ROS2Docker/ros2_ws/install/smach_msgs/share/smach_msgs/msg/SmachContainerInitialStatusCmd.idl
-- Installing: /root/ROS2Docker/ros2_ws/install/smach_msgs/share/smach_msgs/msg/SmachContainerStructure.idl
-- Installing: /root/ROS2Docker/ros2_ws/install/smach_msgs/share/smach_msgs/msg/SmachContainerStatus.idl
-- Installing: /root/ROS2Docker/ros2_ws/install/smach_msgs/share/smach_msgs/msg/SmachContainerInitialStatusCmd.msg
-- Installing: /root/ROS2Docker/ros2_ws/install/smach_msgs/share/smach_msgs/msg/SmachContainerStructure.msg
-- Installing: /root/ROS2Docker/ros2_ws/install/smach_msgs/share/smach_msgs/msg/SmachContainerStatus.msg
-- Installing: /root/ROS2Docker/ros2_ws/install/smach_msgs/share/ament_index/resource_index/package_run_dependencies/smach_msgs
-- Installing: /root/ROS2Docker/ros2_ws/install/smach_msgs/share/ament_index/resource_index/parent_prefix_path/smach_msgs
-- Installing: /root/ROS2Docker/ros2_ws/install/smach_msgs/share/smach_msgs/environment/ament_prefix_path.sh
-- Installing: /root/ROS2Docker/ros2_ws/install/smach_msgs/share/smach_msgs/environment/ament_prefix_path.dsv
-- Installing: /root/ROS2Docker/ros2_ws/install/smach_msgs/share/smach_msgs/environment/path.sh
-- Installing: /root/ROS2Docker/ros2_ws/install/smach_msgs/share/smach_msgs/environment/path.dsv
-- Installing: /root/ROS2Docker/ros2_ws/install/smach_msgs/share/smach_msgs/local_setup.bash
-- Installing: /root/ROS2Docker/ros2_ws/install/smach_msgs/share/smach_msgs/local_setup.sh
-- Installing: /root/ROS2Docker/ros2_ws/install/smach_msgs/share/smach_msgs/local_setup.zsh
-- Installing: /root/ROS2Docker/ros2_ws/install/smach_msgs/share/smach_msgs/local_setup.dsv
-- Installing: /root/ROS2Docker/ros2_ws/install/smach_msgs/share/smach_msgs/package.dsv
-- Installing: /root/ROS2Docker/ros2_ws/install/smach_msgs/share/ament_index/resource_index/packages/smach_msgs
-- Installing: /root/ROS2Docker/ros2_ws/install/smach_msgs/share/smach_msgs/cmake/smach_msgs__rosidl_generator_cExport.cmake
-- Installing: /root/ROS2Docker/ros2_ws/install/smach_msgs/share/smach_msgs/cmake/smach_msgs__rosidl_generator_cExport-noconfig.cmake
-- Installing: /root/ROS2Docker/ros2_ws/install/smach_msgs/share/smach_msgs/cmake/smach_msgs__rosidl_typesupport_introspection_cExport.cmake
-- Installing: /root/ROS2Docker/ros2_ws/install/smach_msgs/share/smach_msgs/cmake/smach_msgs__rosidl_typesupport_introspection_cExport-noconfig.cmake
-- Installing: /root/ROS2Docker/ros2_ws/install/smach_msgs/share/smach_msgs/cmake/smach_msgs__rosidl_typesupport_cExport.cmake
-- Installing: /root/ROS2Docker/ros2_ws/install/smach_msgs/share/smach_msgs/cmake/smach_msgs__rosidl_typesupport_cExport-noconfig.cmake
-- Installing: /root/ROS2Docker/ros2_ws/install/smach_msgs/share/smach_msgs/cmake/smach_msgs__rosidl_generator_cppExport.cmake
-- Installing: /root/ROS2Docker/ros2_ws/install/smach_msgs/share/smach_msgs/cmake/smach_msgs__rosidl_typesupport_introspection_cppExport.cmake
-- Installing: /root/ROS2Docker/ros2_ws/install/smach_msgs/share/smach_msgs/cmake/smach_msgs__rosidl_typesupport_introspection_cppExport-noconfig.cmake
-- Installing: /root/ROS2Docker/ros2_ws/install/smach_msgs/share/smach_msgs/cmake/smach_msgs__rosidl_typesupport_cppExport.cmake
-- Installing: /root/ROS2Docker/ros2_ws/install/smach_msgs/share/smach_msgs/cmake/smach_msgs__rosidl_typesupport_cppExport-noconfig.cmake
-- Installing: /root/ROS2Docker/ros2_ws/install/smach_msgs/share/smach_msgs/cmake/rosidl_cmake-extras.cmake
-- Installing: /root/ROS2Docker/ros2_ws/install/smach_msgs/share/smach_msgs/cmake/ament_cmake_export_dependencies-extras.cmake
-- Installing: /root/ROS2Docker/ros2_ws/install/smach_msgs/share/smach_msgs/cmake/ament_cmake_export_libraries-extras.cmake
-- Installing: /root/ROS2Docker/ros2_ws/install/smach_msgs/share/smach_msgs/cmake/ament_cmake_export_targets-extras.cmake
-- Installing: /root/ROS2Docker/ros2_ws/install/smach_msgs/share/smach_msgs/cmake/ament_cmake_export_include_directories-extras.cmake
-- Installing: /root/ROS2Docker/ros2_ws/install/smach_msgs/share/smach_msgs/cmake/rosidl_cmake_export_typesupport_libraries-extras.cmake
-- Installing: /root/ROS2Docker/ros2_ws/install/smach_msgs/share/smach_msgs/cmake/rosidl_cmake_export_typesupport_targets-extras.cmake
-- Installing: /root/ROS2Docker/ros2_ws/install/smach_msgs/share/smach_msgs/cmake/smach_msgsConfig.cmake
-- Installing: /root/ROS2Docker/ros2_ws/install/smach_msgs/share/smach_msgs/cmake/smach_msgsConfig-version.cmake
-- Installing: /root/ROS2Docker/ros2_ws/install/smach_msgs/share/smach_msgs/package.xml
