[0.187s] Invoking command in '/root/ROS2Docker/ros2_ws/build/smach_msgs': CMAKE_PREFIX_PATH=${CMAKE_PREFIX_PATH}:/root/ROS2Docker/ros2_ws/install/ur_ignition:/root/ROS2Docker/ros2_ws/install/examples_rclpy_minimal_subscriber:/root/ROS2Docker/ros2_ws/install/examples_rclpy_minimal_service:/root/ROS2Docker/ros2_ws/install/examples_rclpy_minimal_publisher:/root/ROS2Docker/ros2_ws/install/examples_rclpy_minimal_client:/root/ROS2Docker/ros2_ws/install/examples_rclpy_minimal_action_server:/root/ROS2Docker/ros2_ws/install/examples_rclpy_minimal_action_client:/root/ROS2Docker/ros2_ws/install/examples_rclpy_executors:/opt/ros/foxy /usr/bin/cmake /root/ROS2Docker/ros2_ws/src/executive_smach/smach_msgs -DCMAKE_INSTALL_PREFIX=/root/ROS2Docker/ros2_ws/install/smach_msgs
[0.236s] -- The C compiler identification is GNU 9.3.0
[0.343s] -- The CXX compiler identification is GNU 9.3.0
[0.344s] -- Check for working C compiler: /usr/bin/cc
[0.349s] -- Check for working C compiler: /usr/bin/cc -- works
[0.350s] -- Detecting C compiler ABI info
[0.404s] -- Detecting C compiler ABI info - done
[0.414s] -- Detecting C compile features
[0.415s] -- Detecting C compile features - done
[0.417s] -- Check for working CXX compiler: /usr/bin/c++
[0.478s] -- Check for working CXX compiler: /usr/bin/c++ -- works
[0.479s] -- Detecting CXX compiler ABI info
[0.544s] -- Detecting CXX compiler ABI info - done
[0.554s] -- Detecting CXX compile features
[0.554s] -- Detecting CXX compile features - done
[0.554s] -- Found ament_cmake: 0.9.9 (/opt/ros/foxy/share/ament_cmake/cmake)
[0.583s] -- Found PythonInterp: /usr/bin/python3 (found suitable version "3.8.10", minimum required is "3") 
[0.583s] -- Using PYTHON_EXECUTABLE: /usr/bin/python3
[0.720s] -- Found builtin_interfaces: 1.0.0 (/opt/ros/foxy/share/builtin_interfaces/cmake)
[0.746s] -- Using all available rosidl_typesupport_c: rosidl_typesupport_fastrtps_c;rosidl_typesupport_introspection_c
[0.753s] -- Found rosidl_adapter: 1.2.1 (/opt/ros/foxy/share/rosidl_adapter/cmake)
[0.817s] -- Found OpenSSL: /usr/lib/x86_64-linux-gnu/libcrypto.so (found version "1.1.1f")  
[0.844s] -- Found FastRTPS: /opt/ros/foxy/include  
[0.911s] -- Using all available rosidl_typesupport_cpp: rosidl_typesupport_fastrtps_cpp;rosidl_typesupport_introspection_cpp
[0.935s] -- Found rosidl_default_generators: 1.0.1 (/opt/ros/foxy/share/rosidl_default_generators/cmake)
[0.948s] -- Found std_msgs: 2.0.4 (/opt/ros/foxy/share/std_msgs/cmake)
[0.980s] -- Found PythonInterp: /usr/bin/python3 (found version "3.8.10") 
[1.110s] -- Found ament_cmake_cppcheck: 0.9.6 (/opt/ros/foxy/share/ament_cmake_cppcheck/cmake)
[1.111s] -- Found ament_cmake_cpplint: 0.9.6 (/opt/ros/foxy/share/ament_cmake_cpplint/cmake)
[1.113s] -- Found ament_cmake_uncrustify: 0.9.6 (/opt/ros/foxy/share/ament_cmake_uncrustify/cmake)
[1.116s] -- Found ament_cmake_ros: 0.9.2 (/opt/ros/foxy/share/ament_cmake_ros/cmake)
[1.283s] -- Using all available rosidl_typesupport_c: rosidl_typesupport_fastrtps_c;rosidl_typesupport_introspection_c
[1.342s] -- Using all available rosidl_typesupport_cpp: rosidl_typesupport_fastrtps_cpp;rosidl_typesupport_introspection_cpp
[1.364s] -- Found PythonInterp: /usr/bin/python3 (found suitable version "3.8.10", minimum required is "3.5") 
[1.365s] -- Found python_cmake_module: 0.8.1 (/opt/ros/foxy/share/python_cmake_module/cmake)
[1.386s] -- Found PythonLibs: /usr/lib/x86_64-linux-gnu/libpython3.8.so (found suitable version "3.8.10", minimum required is "3.5") 
[1.386s] -- Using PYTHON_EXECUTABLE: /usr/bin/python3
[1.386s] -- Using PYTHON_INCLUDE_DIRS: /usr/include/python3.8
[1.386s] -- Using PYTHON_LIBRARIES: /usr/lib/x86_64-linux-gnu/libpython3.8.so
[1.402s] -- Found PythonExtra: .so  
[1.462s] -- Found ament_cmake_flake8: 0.9.6 (/opt/ros/foxy/share/ament_cmake_flake8/cmake)
[1.464s] -- Found ament_cmake_pep257: 0.9.6 (/opt/ros/foxy/share/ament_cmake_pep257/cmake)
[1.472s] -- Configuring done
[1.508s] -- Generating done
[1.510s] -- Build files have been written to: /root/ROS2Docker/ros2_ws/build/smach_msgs
[1.516s] Invoked command in '/root/ROS2Docker/ros2_ws/build/smach_msgs' returned '0': CMAKE_PREFIX_PATH=${CMAKE_PREFIX_PATH}:/root/ROS2Docker/ros2_ws/install/ur_ignition:/root/ROS2Docker/ros2_ws/install/examples_rclpy_minimal_subscriber:/root/ROS2Docker/ros2_ws/install/examples_rclpy_minimal_service:/root/ROS2Docker/ros2_ws/install/examples_rclpy_minimal_publisher:/root/ROS2Docker/ros2_ws/install/examples_rclpy_minimal_client:/root/ROS2Docker/ros2_ws/install/examples_rclpy_minimal_action_server:/root/ROS2Docker/ros2_ws/install/examples_rclpy_minimal_action_client:/root/ROS2Docker/ros2_ws/install/examples_rclpy_executors:/opt/ros/foxy /usr/bin/cmake /root/ROS2Docker/ros2_ws/src/executive_smach/smach_msgs -DCMAKE_INSTALL_PREFIX=/root/ROS2Docker/ros2_ws/install/smach_msgs
[1.518s] Invoking command in '/root/ROS2Docker/ros2_ws/build/smach_msgs': CMAKE_PREFIX_PATH=${CMAKE_PREFIX_PATH}:/root/ROS2Docker/ros2_ws/install/ur_ignition:/root/ROS2Docker/ros2_ws/install/examples_rclpy_minimal_subscriber:/root/ROS2Docker/ros2_ws/install/examples_rclpy_minimal_service:/root/ROS2Docker/ros2_ws/install/examples_rclpy_minimal_publisher:/root/ROS2Docker/ros2_ws/install/examples_rclpy_minimal_client:/root/ROS2Docker/ros2_ws/install/examples_rclpy_minimal_action_server:/root/ROS2Docker/ros2_ws/install/examples_rclpy_minimal_action_client:/root/ROS2Docker/ros2_ws/install/examples_rclpy_executors:/opt/ros/foxy /usr/bin/cmake --build /root/ROS2Docker/ros2_ws/build/smach_msgs -- -j16 -l16
[1.550s] [35m[1mScanning dependencies of target smach_msgs__cpp[0m
[1.550s] [  2%] [34m[1mGenerating C code for ROS interfaces[0m
[1.558s] [  4%] [34m[1mGenerating C++ code for ROS interfaces[0m
[1.884s] [  4%] Built target smach_msgs__cpp
[1.891s] [35m[1mScanning dependencies of target smach_msgs__rosidl_generator_c[0m
[1.892s] [ 10%] [34m[1mGenerating C++ type support dispatch for ROS interfaces[0m
[1.892s] [ 10%] [34m[1mGenerating C++ type support for eProsima Fast-RTPS[0m
[1.892s] [ 10%] [34m[1mGenerating C++ introspection for ROS interfaces[0m
[1.902s] [ 12%] [32mBuilding C object CMakeFiles/smach_msgs__rosidl_generator_c.dir/rosidl_generator_c/smach_msgs/msg/detail/smach_container_initial_status_cmd__functions.c.o[0m
[1.902s] [ 17%] [32mBuilding C object CMakeFiles/smach_msgs__rosidl_generator_c.dir/rosidl_generator_c/smach_msgs/msg/detail/smach_container_structure__functions.c.o[0m
[1.902s] [ 17%] [32mBuilding C object CMakeFiles/smach_msgs__rosidl_generator_c.dir/rosidl_generator_c/smach_msgs/msg/detail/smach_container_status__functions.c.o[0m
[1.933s] [ 19%] [32m[1mLinking C shared library libsmach_msgs__rosidl_generator_c.so[0m
[1.962s] [ 19%] Built target smach_msgs__rosidl_generator_c
[1.970s] [ 23%] [34m[1mGenerating C type support dispatch for ROS interfaces[0m
[1.970s] [ 23%] [34m[1mGenerating C introspection for ROS interfaces[0m
[2.176s] [35m[1mScanning dependencies of target smach_msgs__rosidl_typesupport_cpp[0m
[2.189s] [ 25%] [32mBuilding CXX object CMakeFiles/smach_msgs__rosidl_typesupport_cpp.dir/rosidl_typesupport_cpp/smach_msgs/msg/smach_container_initial_status_cmd__type_support.cpp.o[0m
[2.189s] [ 27%] [32mBuilding CXX object CMakeFiles/smach_msgs__rosidl_typesupport_cpp.dir/rosidl_typesupport_cpp/smach_msgs/msg/smach_container_structure__type_support.cpp.o[0m
[2.189s] [ 29%] [32mBuilding CXX object CMakeFiles/smach_msgs__rosidl_typesupport_cpp.dir/rosidl_typesupport_cpp/smach_msgs/msg/smach_container_status__type_support.cpp.o[0m
[2.196s] [35m[1mScanning dependencies of target smach_msgs__rosidl_typesupport_introspection_cpp[0m
[2.208s] [ 31%] [32mBuilding CXX object CMakeFiles/smach_msgs__rosidl_typesupport_introspection_cpp.dir/rosidl_typesupport_introspection_cpp/smach_msgs/msg/detail/smach_container_status__type_support.cpp.o[0m
[2.209s] [ 34%] [32mBuilding CXX object CMakeFiles/smach_msgs__rosidl_typesupport_introspection_cpp.dir/rosidl_typesupport_introspection_cpp/smach_msgs/msg/detail/smach_container_initial_status_cmd__type_support.cpp.o[0m
[2.210s] [ 36%] [32mBuilding CXX object CMakeFiles/smach_msgs__rosidl_typesupport_introspection_cpp.dir/rosidl_typesupport_introspection_cpp/smach_msgs/msg/detail/smach_container_structure__type_support.cpp.o[0m
[2.219s] [35m[1mScanning dependencies of target smach_msgs__rosidl_typesupport_fastrtps_cpp[0m
[2.232s] [ 38%] [32mBuilding CXX object CMakeFiles/smach_msgs__rosidl_typesupport_fastrtps_cpp.dir/rosidl_typesupport_fastrtps_cpp/smach_msgs/msg/detail/dds_fastrtps/smach_container_initial_status_cmd__type_support.cpp.o[0m
[2.235s] [ 42%] [32mBuilding CXX object CMakeFiles/smach_msgs__rosidl_typesupport_fastrtps_cpp.dir/rosidl_typesupport_fastrtps_cpp/smach_msgs/msg/detail/dds_fastrtps/smach_container_status__type_support.cpp.o[0m
[2.235s] [ 42%] [32mBuilding CXX object CMakeFiles/smach_msgs__rosidl_typesupport_fastrtps_cpp.dir/rosidl_typesupport_fastrtps_cpp/smach_msgs/msg/detail/dds_fastrtps/smach_container_structure__type_support.cpp.o[0m
[2.262s] [35m[1mScanning dependencies of target smach_msgs__rosidl_typesupport_c[0m
[2.276s] [ 44%] [32mBuilding CXX object CMakeFiles/smach_msgs__rosidl_typesupport_c.dir/rosidl_typesupport_c/smach_msgs/msg/smach_container_initial_status_cmd__type_support.cpp.o[0m
[2.276s] [ 48%] [32mBuilding CXX object CMakeFiles/smach_msgs__rosidl_typesupport_c.dir/rosidl_typesupport_c/smach_msgs/msg/smach_container_status__type_support.cpp.o[0m
[2.276s] [ 48%] [32mBuilding CXX object CMakeFiles/smach_msgs__rosidl_typesupport_c.dir/rosidl_typesupport_c/smach_msgs/msg/smach_container_structure__type_support.cpp.o[0m
[2.309s] [ 51%] [32m[1mLinking CXX shared library libsmach_msgs__rosidl_typesupport_c.so[0m
[2.310s] [35m[1mScanning dependencies of target smach_msgs__rosidl_typesupport_introspection_c[0m
[2.325s] [ 53%] [32mBuilding C object CMakeFiles/smach_msgs__rosidl_typesupport_introspection_c.dir/rosidl_typesupport_introspection_c/smach_msgs/msg/detail/smach_container_status__type_support.c.o[0m
[2.327s] [ 57%] [32mBuilding C object CMakeFiles/smach_msgs__rosidl_typesupport_introspection_c.dir/rosidl_typesupport_introspection_c/smach_msgs/msg/detail/smach_container_structure__type_support.c.o[0m
[2.327s] [ 57%] [32mBuilding C object CMakeFiles/smach_msgs__rosidl_typesupport_introspection_c.dir/rosidl_typesupport_introspection_c/smach_msgs/msg/detail/smach_container_initial_status_cmd__type_support.c.o[0m
[2.347s] [ 57%] Built target smach_msgs__rosidl_typesupport_c
[2.363s] [ 59%] [32m[1mLinking C shared library libsmach_msgs__rosidl_typesupport_introspection_c.so[0m
[2.390s] [ 59%] Built target smach_msgs__rosidl_typesupport_introspection_c
[2.523s] [ 61%] [32m[1mLinking CXX shared library libsmach_msgs__rosidl_typesupport_cpp.so[0m
[2.557s] [ 61%] Built target smach_msgs__rosidl_typesupport_cpp
[2.635s] [ 63%] [32m[1mLinking CXX shared library libsmach_msgs__rosidl_typesupport_introspection_cpp.so[0m
[2.693s] [ 63%] Built target smach_msgs__rosidl_typesupport_introspection_cpp
[2.791s] [ 65%] [32m[1mLinking CXX shared library libsmach_msgs__rosidl_typesupport_fastrtps_cpp.so[0m
[2.856s] [ 65%] Built target smach_msgs__rosidl_typesupport_fastrtps_cpp
[2.864s] [ 68%] [34m[1mGenerating C type support for eProsima Fast-RTPS[0m
[3.179s] [35m[1mScanning dependencies of target smach_msgs__rosidl_typesupport_fastrtps_c[0m
[3.192s] [ 70%] [32mBuilding CXX object CMakeFiles/smach_msgs__rosidl_typesupport_fastrtps_c.dir/rosidl_typesupport_fastrtps_c/smach_msgs/msg/detail/smach_container_initial_status_cmd__type_support_c.cpp.o[0m
[3.192s] [ 72%] [32mBuilding CXX object CMakeFiles/smach_msgs__rosidl_typesupport_fastrtps_c.dir/rosidl_typesupport_fastrtps_c/smach_msgs/msg/detail/smach_container_structure__type_support_c.cpp.o[0m
[3.192s] [ 74%] [32mBuilding CXX object CMakeFiles/smach_msgs__rosidl_typesupport_fastrtps_c.dir/rosidl_typesupport_fastrtps_c/smach_msgs/msg/detail/smach_container_status__type_support_c.cpp.o[0m
[3.485s] [ 76%] [32m[1mLinking CXX shared library libsmach_msgs__rosidl_typesupport_fastrtps_c.so[0m
[3.546s] [ 76%] Built target smach_msgs__rosidl_typesupport_fastrtps_c
[3.554s] [35m[1mScanning dependencies of target smach_msgs[0m
[3.562s] [ 76%] Built target smach_msgs
[3.569s] [35m[1mScanning dependencies of target smach_msgs__py[0m
[3.577s] [ 78%] [34m[1mGenerating Python code for ROS interfaces[0m
[4.208s] [ 78%] Built target smach_msgs__py
[4.215s] [35m[1mScanning dependencies of target smach_msgs__python[0m
[4.232s] [ 80%] [32mBuilding C object CMakeFiles/smach_msgs__python.dir/rosidl_generator_py/smach_msgs/msg/_smach_container_initial_status_cmd_s.c.o[0m
[4.232s] [ 82%] [32mBuilding C object CMakeFiles/smach_msgs__python.dir/rosidl_generator_py/smach_msgs/msg/_smach_container_structure_s.c.o[0m
[4.233s] [ 85%] [32mBuilding C object CMakeFiles/smach_msgs__python.dir/rosidl_generator_py/smach_msgs/msg/_smach_container_status_s.c.o[0m
[4.313s] [ 87%] [32m[1mLinking C shared library rosidl_generator_py/smach_msgs/libsmach_msgs__python.so[0m
[4.346s] [ 87%] Built target smach_msgs__python
[4.354s] [35m[1mScanning dependencies of target smach_msgs__rosidl_typesupport_c__pyext[0m
[4.354s] [35m[1mScanning dependencies of target smach_msgs__rosidl_typesupport_introspection_c__pyext[0m
[4.354s] [35m[1mScanning dependencies of target smach_msgs__rosidl_typesupport_fastrtps_c__pyext[0m
[4.368s] [ 91%] [32mBuilding C object CMakeFiles/smach_msgs__rosidl_typesupport_c__pyext.dir/rosidl_generator_py/smach_msgs/_smach_msgs_s.ep.rosidl_typesupport_c.c.o[0m
[4.368s] [ 91%] [32mBuilding C object CMakeFiles/smach_msgs__rosidl_typesupport_introspection_c__pyext.dir/rosidl_generator_py/smach_msgs/_smach_msgs_s.ep.rosidl_typesupport_introspection_c.c.o[0m
[4.368s] [ 93%] [32mBuilding C object CMakeFiles/smach_msgs__rosidl_typesupport_fastrtps_c__pyext.dir/rosidl_generator_py/smach_msgs/_smach_msgs_s.ep.rosidl_typesupport_fastrtps_c.c.o[0m
[4.432s] [100%] [32m[1mLinking C shared library rosidl_generator_py/smach_msgs/smach_msgs_s__rosidl_typesupport_introspection_c.cpython-38-x86_64-linux-gnu.so[0m
[4.433s] [100%] [32m[1mLinking C shared library rosidl_generator_py/smach_msgs/smach_msgs_s__rosidl_typesupport_c.cpython-38-x86_64-linux-gnu.so[0m
[4.433s] [100%] [32m[1mLinking CXX shared library rosidl_generator_py/smach_msgs/smach_msgs_s__rosidl_typesupport_fastrtps_c.cpython-38-x86_64-linux-gnu.so[0m
[4.462s] [100%] Built target smach_msgs__rosidl_typesupport_c__pyext
[4.462s] [100%] Built target smach_msgs__rosidl_typesupport_introspection_c__pyext
[4.485s] [100%] Built target smach_msgs__rosidl_typesupport_fastrtps_c__pyext
[4.494s] Invoked command in '/root/ROS2Docker/ros2_ws/build/smach_msgs' returned '0': CMAKE_PREFIX_PATH=${CMAKE_PREFIX_PATH}:/root/ROS2Docker/ros2_ws/install/ur_ignition:/root/ROS2Docker/ros2_ws/install/examples_rclpy_minimal_subscriber:/root/ROS2Docker/ros2_ws/install/examples_rclpy_minimal_service:/root/ROS2Docker/ros2_ws/install/examples_rclpy_minimal_publisher:/root/ROS2Docker/ros2_ws/install/examples_rclpy_minimal_client:/root/ROS2Docker/ros2_ws/install/examples_rclpy_minimal_action_server:/root/ROS2Docker/ros2_ws/install/examples_rclpy_minimal_action_client:/root/ROS2Docker/ros2_ws/install/examples_rclpy_executors:/opt/ros/foxy /usr/bin/cmake --build /root/ROS2Docker/ros2_ws/build/smach_msgs -- -j16 -l16
[4.561s] Invoking command in '/root/ROS2Docker/ros2_ws/build/smach_msgs': CMAKE_PREFIX_PATH=${CMAKE_PREFIX_PATH}:/root/ROS2Docker/ros2_ws/install/ur_ignition:/root/ROS2Docker/ros2_ws/install/examples_rclpy_minimal_subscriber:/root/ROS2Docker/ros2_ws/install/examples_rclpy_minimal_service:/root/ROS2Docker/ros2_ws/install/examples_rclpy_minimal_publisher:/root/ROS2Docker/ros2_ws/install/examples_rclpy_minimal_client:/root/ROS2Docker/ros2_ws/install/examples_rclpy_minimal_action_server:/root/ROS2Docker/ros2_ws/install/examples_rclpy_minimal_action_client:/root/ROS2Docker/ros2_ws/install/examples_rclpy_executors:/opt/ros/foxy /usr/bin/cmake --install /root/ROS2Docker/ros2_ws/build/smach_msgs
[4.574s] -- Install configuration: ""
[4.575s] -- Installing: /root/ROS2Docker/ros2_ws/install/smach_msgs/share/ament_index/resource_index/rosidl_interfaces/smach_msgs
[4.575s] -- Installing: /root/ROS2Docker/ros2_ws/install/smach_msgs/include/smach_msgs
[4.575s] -- Installing: /root/ROS2Docker/ros2_ws/install/smach_msgs/include/smach_msgs/msg
[4.575s] -- Installing: /root/ROS2Docker/ros2_ws/install/smach_msgs/include/smach_msgs/msg/smach_container_initial_status_cmd.h
[4.575s] -- Installing: /root/ROS2Docker/ros2_ws/install/smach_msgs/include/smach_msgs/msg/rosidl_generator_c__visibility_control.h
[4.576s] -- Installing: /root/ROS2Docker/ros2_ws/install/smach_msgs/include/smach_msgs/msg/smach_container_status.h
[4.576s] -- Installing: /root/ROS2Docker/ros2_ws/install/smach_msgs/include/smach_msgs/msg/detail
[4.576s] -- Installing: /root/ROS2Docker/ros2_ws/install/smach_msgs/include/smach_msgs/msg/detail/smach_container_status__functions.h
[4.576s] -- Installing: /root/ROS2Docker/ros2_ws/install/smach_msgs/include/smach_msgs/msg/detail/smach_container_status__struct.h
[4.576s] -- Installing: /root/ROS2Docker/ros2_ws/install/smach_msgs/include/smach_msgs/msg/detail/smach_container_status__type_support.h
[4.576s] -- Installing: /root/ROS2Docker/ros2_ws/install/smach_msgs/include/smach_msgs/msg/detail/smach_container_initial_status_cmd__functions.c
[4.576s] -- Installing: /root/ROS2Docker/ros2_ws/install/smach_msgs/include/smach_msgs/msg/detail/smach_container_initial_status_cmd__type_support.h
[4.577s] -- Installing: /root/ROS2Docker/ros2_ws/install/smach_msgs/include/smach_msgs/msg/detail/smach_container_structure__functions.h
[4.577s] -- Installing: /root/ROS2Docker/ros2_ws/install/smach_msgs/include/smach_msgs/msg/detail/smach_container_initial_status_cmd__struct.h
[4.577s] -- Installing: /root/ROS2Docker/ros2_ws/install/smach_msgs/include/smach_msgs/msg/detail/smach_container_structure__type_support.h
[4.577s] -- Installing: /root/ROS2Docker/ros2_ws/install/smach_msgs/include/smach_msgs/msg/detail/smach_container_initial_status_cmd__functions.h
[4.577s] -- Installing: /root/ROS2Docker/ros2_ws/install/smach_msgs/include/smach_msgs/msg/detail/smach_container_structure__functions.c
[4.577s] -- Installing: /root/ROS2Docker/ros2_ws/install/smach_msgs/include/smach_msgs/msg/detail/smach_container_structure__struct.h
[4.577s] -- Installing: /root/ROS2Docker/ros2_ws/install/smach_msgs/include/smach_msgs/msg/detail/smach_container_status__functions.c
[4.577s] -- Installing: /root/ROS2Docker/ros2_ws/install/smach_msgs/include/smach_msgs/msg/smach_container_structure.h
[4.577s] -- Installing: /root/ROS2Docker/ros2_ws/install/smach_msgs/share/smach_msgs/environment/library_path.sh
[4.578s] -- Installing: /root/ROS2Docker/ros2_ws/install/smach_msgs/share/smach_msgs/environment/library_path.dsv
[4.578s] -- Installing: /root/ROS2Docker/ros2_ws/install/smach_msgs/lib/libsmach_msgs__rosidl_generator_c.so
[4.578s] -- Set runtime path of "/root/ROS2Docker/ros2_ws/install/smach_msgs/lib/libsmach_msgs__rosidl_generator_c.so" to ""
[4.578s] -- Up-to-date: /root/ROS2Docker/ros2_ws/install/smach_msgs/include/smach_msgs
[4.578s] -- Up-to-date: /root/ROS2Docker/ros2_ws/install/smach_msgs/include/smach_msgs/msg
[4.579s] -- Installing: /root/ROS2Docker/ros2_ws/install/smach_msgs/include/smach_msgs/msg/rosidl_typesupport_fastrtps_c__visibility_control.h
[4.579s] -- Up-to-date: /root/ROS2Docker/ros2_ws/install/smach_msgs/include/smach_msgs/msg/detail
[4.579s] -- Installing: /root/ROS2Docker/ros2_ws/install/smach_msgs/include/smach_msgs/msg/detail/smach_container_structure__rosidl_typesupport_fastrtps_c.h
[4.579s] -- Installing: /root/ROS2Docker/ros2_ws/install/smach_msgs/include/smach_msgs/msg/detail/smach_container_initial_status_cmd__rosidl_typesupport_fastrtps_c.h
[4.579s] -- Installing: /root/ROS2Docker/ros2_ws/install/smach_msgs/include/smach_msgs/msg/detail/smach_container_status__rosidl_typesupport_fastrtps_c.h
[4.579s] -- Installing: /root/ROS2Docker/ros2_ws/install/smach_msgs/lib/libsmach_msgs__rosidl_typesupport_fastrtps_c.so
[4.579s] -- Set runtime path of "/root/ROS2Docker/ros2_ws/install/smach_msgs/lib/libsmach_msgs__rosidl_typesupport_fastrtps_c.so" to ""
[4.580s] -- Up-to-date: /root/ROS2Docker/ros2_ws/install/smach_msgs/include/smach_msgs
[4.580s] -- Up-to-date: /root/ROS2Docker/ros2_ws/install/smach_msgs/include/smach_msgs/msg
[4.580s] -- Installing: /root/ROS2Docker/ros2_ws/install/smach_msgs/include/smach_msgs/msg/rosidl_typesupport_fastrtps_cpp__visibility_control.h
[4.580s] -- Up-to-date: /root/ROS2Docker/ros2_ws/install/smach_msgs/include/smach_msgs/msg/detail
[4.580s] -- Installing: /root/ROS2Docker/ros2_ws/install/smach_msgs/include/smach_msgs/msg/detail/dds_fastrtps
[4.580s] -- Installing: /root/ROS2Docker/ros2_ws/install/smach_msgs/include/smach_msgs/msg/detail/smach_container_initial_status_cmd__rosidl_typesupport_fastrtps_cpp.hpp
[4.580s] -- Installing: /root/ROS2Docker/ros2_ws/install/smach_msgs/include/smach_msgs/msg/detail/smach_container_status__rosidl_typesupport_fastrtps_cpp.hpp
[4.580s] -- Installing: /root/ROS2Docker/ros2_ws/install/smach_msgs/include/smach_msgs/msg/detail/smach_container_structure__rosidl_typesupport_fastrtps_cpp.hpp
[4.581s] -- Installing: /root/ROS2Docker/ros2_ws/install/smach_msgs/lib/libsmach_msgs__rosidl_typesupport_fastrtps_cpp.so
[4.581s] -- Set runtime path of "/root/ROS2Docker/ros2_ws/install/smach_msgs/lib/libsmach_msgs__rosidl_typesupport_fastrtps_cpp.so" to ""
[4.581s] -- Up-to-date: /root/ROS2Docker/ros2_ws/install/smach_msgs/include/smach_msgs
[4.581s] -- Up-to-date: /root/ROS2Docker/ros2_ws/install/smach_msgs/include/smach_msgs/msg
[4.581s] -- Up-to-date: /root/ROS2Docker/ros2_ws/install/smach_msgs/include/smach_msgs/msg/detail
[4.582s] -- Installing: /root/ROS2Docker/ros2_ws/install/smach_msgs/include/smach_msgs/msg/detail/smach_container_status__rosidl_typesupport_introspection_c.h
[4.582s] -- Installing: /root/ROS2Docker/ros2_ws/install/smach_msgs/include/smach_msgs/msg/detail/smach_container_initial_status_cmd__type_support.c
[4.582s] -- Installing: /root/ROS2Docker/ros2_ws/install/smach_msgs/include/smach_msgs/msg/detail/smach_container_structure__rosidl_typesupport_introspection_c.h
[4.582s] -- Installing: /root/ROS2Docker/ros2_ws/install/smach_msgs/include/smach_msgs/msg/detail/smach_container_status__type_support.c
[4.582s] -- Installing: /root/ROS2Docker/ros2_ws/install/smach_msgs/include/smach_msgs/msg/detail/smach_container_initial_status_cmd__rosidl_typesupport_introspection_c.h
[4.582s] -- Installing: /root/ROS2Docker/ros2_ws/install/smach_msgs/include/smach_msgs/msg/detail/smach_container_structure__type_support.c
[4.582s] -- Installing: /root/ROS2Docker/ros2_ws/install/smach_msgs/include/smach_msgs/msg/rosidl_typesupport_introspection_c__visibility_control.h
[4.582s] -- Installing: /root/ROS2Docker/ros2_ws/install/smach_msgs/lib/libsmach_msgs__rosidl_typesupport_introspection_c.so
[4.583s] -- Set runtime path of "/root/ROS2Docker/ros2_ws/install/smach_msgs/lib/libsmach_msgs__rosidl_typesupport_introspection_c.so" to ""
[4.583s] -- Installing: /root/ROS2Docker/ros2_ws/install/smach_msgs/lib/libsmach_msgs__rosidl_typesupport_c.so
[4.583s] -- Set runtime path of "/root/ROS2Docker/ros2_ws/install/smach_msgs/lib/libsmach_msgs__rosidl_typesupport_c.so" to ""
[4.583s] -- Up-to-date: /root/ROS2Docker/ros2_ws/install/smach_msgs/include/smach_msgs
[4.583s] -- Up-to-date: /root/ROS2Docker/ros2_ws/install/smach_msgs/include/smach_msgs/msg
[4.584s] -- Installing: /root/ROS2Docker/ros2_ws/install/smach_msgs/include/smach_msgs/msg/smach_container_status.hpp
[4.584s] -- Installing: /root/ROS2Docker/ros2_ws/install/smach_msgs/include/smach_msgs/msg/smach_container_initial_status_cmd.hpp
[4.584s] -- Installing: /root/ROS2Docker/ros2_ws/install/smach_msgs/include/smach_msgs/msg/smach_container_structure.hpp
[4.584s] -- Up-to-date: /root/ROS2Docker/ros2_ws/install/smach_msgs/include/smach_msgs/msg/detail
[4.584s] -- Installing: /root/ROS2Docker/ros2_ws/install/smach_msgs/include/smach_msgs/msg/detail/smach_container_structure__builder.hpp
[4.584s] -- Installing: /root/ROS2Docker/ros2_ws/install/smach_msgs/include/smach_msgs/msg/detail/smach_container_initial_status_cmd__builder.hpp
[4.584s] -- Installing: /root/ROS2Docker/ros2_ws/install/smach_msgs/include/smach_msgs/msg/detail/smach_container_status__traits.hpp
[4.584s] -- Installing: /root/ROS2Docker/ros2_ws/install/smach_msgs/include/smach_msgs/msg/detail/smach_container_status__struct.hpp
[4.585s] -- Installing: /root/ROS2Docker/ros2_ws/install/smach_msgs/include/smach_msgs/msg/detail/smach_container_structure__traits.hpp
[4.585s] -- Installing: /root/ROS2Docker/ros2_ws/install/smach_msgs/include/smach_msgs/msg/detail/smach_container_initial_status_cmd__struct.hpp
[4.585s] -- Installing: /root/ROS2Docker/ros2_ws/install/smach_msgs/include/smach_msgs/msg/detail/smach_container_status__builder.hpp
[4.585s] -- Installing: /root/ROS2Docker/ros2_ws/install/smach_msgs/include/smach_msgs/msg/detail/smach_container_initial_status_cmd__traits.hpp
[4.585s] -- Installing: /root/ROS2Docker/ros2_ws/install/smach_msgs/include/smach_msgs/msg/detail/smach_container_structure__struct.hpp
[4.585s] -- Up-to-date: /root/ROS2Docker/ros2_ws/install/smach_msgs/include/smach_msgs
[4.585s] -- Up-to-date: /root/ROS2Docker/ros2_ws/install/smach_msgs/include/smach_msgs/msg
[4.586s] -- Up-to-date: /root/ROS2Docker/ros2_ws/install/smach_msgs/include/smach_msgs/msg/detail
[4.586s] -- Installing: /root/ROS2Docker/ros2_ws/install/smach_msgs/include/smach_msgs/msg/detail/smach_container_structure__rosidl_typesupport_introspection_cpp.hpp
[4.586s] -- Installing: /root/ROS2Docker/ros2_ws/install/smach_msgs/include/smach_msgs/msg/detail/smach_container_initial_status_cmd__type_support.cpp
[4.586s] -- Installing: /root/ROS2Docker/ros2_ws/install/smach_msgs/include/smach_msgs/msg/detail/smach_container_status__rosidl_typesupport_introspection_cpp.hpp
[4.586s] -- Installing: /root/ROS2Docker/ros2_ws/install/smach_msgs/include/smach_msgs/msg/detail/smach_container_initial_status_cmd__rosidl_typesupport_introspection_cpp.hpp
[4.586s] -- Installing: /root/ROS2Docker/ros2_ws/install/smach_msgs/include/smach_msgs/msg/detail/smach_container_structure__type_support.cpp
[4.586s] -- Installing: /root/ROS2Docker/ros2_ws/install/smach_msgs/include/smach_msgs/msg/detail/smach_container_status__type_support.cpp
[4.586s] -- Installing: /root/ROS2Docker/ros2_ws/install/smach_msgs/lib/libsmach_msgs__rosidl_typesupport_introspection_cpp.so
[4.587s] -- Set runtime path of "/root/ROS2Docker/ros2_ws/install/smach_msgs/lib/libsmach_msgs__rosidl_typesupport_introspection_cpp.so" to ""
[4.587s] -- Installing: /root/ROS2Docker/ros2_ws/install/smach_msgs/lib/libsmach_msgs__rosidl_typesupport_cpp.so
[4.587s] -- Set runtime path of "/root/ROS2Docker/ros2_ws/install/smach_msgs/lib/libsmach_msgs__rosidl_typesupport_cpp.so" to ""
[4.587s] -- Installing: /root/ROS2Docker/ros2_ws/install/smach_msgs/share/smach_msgs/environment/pythonpath.sh
[4.587s] -- Installing: /root/ROS2Docker/ros2_ws/install/smach_msgs/share/smach_msgs/environment/pythonpath.dsv
[4.588s] -- Installing: /root/ROS2Docker/ros2_ws/install/smach_msgs/lib/python3.8/site-packages/smach_msgs/__init__.py
[4.626s] Compiling '/root/ROS2Docker/ros2_ws/install/smach_msgs/lib/python3.8/site-packages/smach_msgs/__init__.py'...
[4.630s] -- Installing: /root/ROS2Docker/ros2_ws/install/smach_msgs/lib/python3.8/site-packages/smach_msgs/msg
[4.630s] -- Installing: /root/ROS2Docker/ros2_ws/install/smach_msgs/lib/python3.8/site-packages/smach_msgs/msg/_smach_container_structure.py
[4.630s] -- Installing: /root/ROS2Docker/ros2_ws/install/smach_msgs/lib/python3.8/site-packages/smach_msgs/msg/_smach_container_status_s.c
[4.630s] -- Installing: /root/ROS2Docker/ros2_ws/install/smach_msgs/lib/python3.8/site-packages/smach_msgs/msg/_smach_container_initial_status_cmd_s.c
[4.630s] -- Installing: /root/ROS2Docker/ros2_ws/install/smach_msgs/lib/python3.8/site-packages/smach_msgs/msg/__init__.py
[4.630s] -- Installing: /root/ROS2Docker/ros2_ws/install/smach_msgs/lib/python3.8/site-packages/smach_msgs/msg/_smach_container_initial_status_cmd.py
[4.630s] -- Installing: /root/ROS2Docker/ros2_ws/install/smach_msgs/lib/python3.8/site-packages/smach_msgs/msg/_smach_container_status.py
[4.631s] -- Installing: /root/ROS2Docker/ros2_ws/install/smach_msgs/lib/python3.8/site-packages/smach_msgs/msg/_smach_container_structure_s.c
[4.631s] -- Installing: /root/ROS2Docker/ros2_ws/install/smach_msgs/lib/python3.8/site-packages/smach_msgs/smach_msgs_s__rosidl_typesupport_fastrtps_c.cpython-38-x86_64-linux-gnu.so
[4.631s] -- Set runtime path of "/root/ROS2Docker/ros2_ws/install/smach_msgs/lib/python3.8/site-packages/smach_msgs/smach_msgs_s__rosidl_typesupport_fastrtps_c.cpython-38-x86_64-linux-gnu.so" to ""
[4.631s] -- Installing: /root/ROS2Docker/ros2_ws/install/smach_msgs/lib/python3.8/site-packages/smach_msgs/smach_msgs_s__rosidl_typesupport_introspection_c.cpython-38-x86_64-linux-gnu.so
[4.631s] -- Set runtime path of "/root/ROS2Docker/ros2_ws/install/smach_msgs/lib/python3.8/site-packages/smach_msgs/smach_msgs_s__rosidl_typesupport_introspection_c.cpython-38-x86_64-linux-gnu.so" to ""
[4.632s] -- Installing: /root/ROS2Docker/ros2_ws/install/smach_msgs/lib/python3.8/site-packages/smach_msgs/smach_msgs_s__rosidl_typesupport_c.cpython-38-x86_64-linux-gnu.so
[4.632s] -- Set runtime path of "/root/ROS2Docker/ros2_ws/install/smach_msgs/lib/python3.8/site-packages/smach_msgs/smach_msgs_s__rosidl_typesupport_c.cpython-38-x86_64-linux-gnu.so" to ""
[4.632s] -- Installing: /root/ROS2Docker/ros2_ws/install/smach_msgs/lib/libsmach_msgs__python.so
[4.632s] -- Set runtime path of "/root/ROS2Docker/ros2_ws/install/smach_msgs/lib/libsmach_msgs__python.so" to ""
[4.632s] -- Installing: /root/ROS2Docker/ros2_ws/install/smach_msgs/share/smach_msgs/msg/SmachContainerInitialStatusCmd.idl
[4.633s] -- Installing: /root/ROS2Docker/ros2_ws/install/smach_msgs/share/smach_msgs/msg/SmachContainerStructure.idl
[4.633s] -- Installing: /root/ROS2Docker/ros2_ws/install/smach_msgs/share/smach_msgs/msg/SmachContainerStatus.idl
[4.633s] -- Installing: /root/ROS2Docker/ros2_ws/install/smach_msgs/share/smach_msgs/msg/SmachContainerInitialStatusCmd.msg
[4.633s] -- Installing: /root/ROS2Docker/ros2_ws/install/smach_msgs/share/smach_msgs/msg/SmachContainerStructure.msg
[4.633s] -- Installing: /root/ROS2Docker/ros2_ws/install/smach_msgs/share/smach_msgs/msg/SmachContainerStatus.msg
[4.633s] -- Installing: /root/ROS2Docker/ros2_ws/install/smach_msgs/share/ament_index/resource_index/package_run_dependencies/smach_msgs
[4.633s] -- Installing: /root/ROS2Docker/ros2_ws/install/smach_msgs/share/ament_index/resource_index/parent_prefix_path/smach_msgs
[4.633s] -- Installing: /root/ROS2Docker/ros2_ws/install/smach_msgs/share/smach_msgs/environment/ament_prefix_path.sh
[4.633s] -- Installing: /root/ROS2Docker/ros2_ws/install/smach_msgs/share/smach_msgs/environment/ament_prefix_path.dsv
[4.633s] -- Installing: /root/ROS2Docker/ros2_ws/install/smach_msgs/share/smach_msgs/environment/path.sh
[4.633s] -- Installing: /root/ROS2Docker/ros2_ws/install/smach_msgs/share/smach_msgs/environment/path.dsv
[4.633s] -- Installing: /root/ROS2Docker/ros2_ws/install/smach_msgs/share/smach_msgs/local_setup.bash
[4.634s] -- Installing: /root/ROS2Docker/ros2_ws/install/smach_msgs/share/smach_msgs/local_setup.sh
[4.634s] -- Installing: /root/ROS2Docker/ros2_ws/install/smach_msgs/share/smach_msgs/local_setup.zsh
[4.634s] -- Installing: /root/ROS2Docker/ros2_ws/install/smach_msgs/share/smach_msgs/local_setup.dsv
[4.634s] -- Installing: /root/ROS2Docker/ros2_ws/install/smach_msgs/share/smach_msgs/package.dsv
[4.634s] -- Installing: /root/ROS2Docker/ros2_ws/install/smach_msgs/share/ament_index/resource_index/packages/smach_msgs
[4.634s] -- Installing: /root/ROS2Docker/ros2_ws/install/smach_msgs/share/smach_msgs/cmake/smach_msgs__rosidl_generator_cExport.cmake
[4.634s] -- Installing: /root/ROS2Docker/ros2_ws/install/smach_msgs/share/smach_msgs/cmake/smach_msgs__rosidl_generator_cExport-noconfig.cmake
[4.634s] -- Installing: /root/ROS2Docker/ros2_ws/install/smach_msgs/share/smach_msgs/cmake/smach_msgs__rosidl_typesupport_introspection_cExport.cmake
[4.634s] -- Installing: /root/ROS2Docker/ros2_ws/install/smach_msgs/share/smach_msgs/cmake/smach_msgs__rosidl_typesupport_introspection_cExport-noconfig.cmake
[4.634s] -- Installing: /root/ROS2Docker/ros2_ws/install/smach_msgs/share/smach_msgs/cmake/smach_msgs__rosidl_typesupport_cExport.cmake
[4.635s] -- Installing: /root/ROS2Docker/ros2_ws/install/smach_msgs/share/smach_msgs/cmake/smach_msgs__rosidl_typesupport_cExport-noconfig.cmake
[4.635s] -- Installing: /root/ROS2Docker/ros2_ws/install/smach_msgs/share/smach_msgs/cmake/smach_msgs__rosidl_generator_cppExport.cmake
[4.635s] -- Installing: /root/ROS2Docker/ros2_ws/install/smach_msgs/share/smach_msgs/cmake/smach_msgs__rosidl_typesupport_introspection_cppExport.cmake
[4.635s] -- Installing: /root/ROS2Docker/ros2_ws/install/smach_msgs/share/smach_msgs/cmake/smach_msgs__rosidl_typesupport_introspection_cppExport-noconfig.cmake
[4.635s] -- Installing: /root/ROS2Docker/ros2_ws/install/smach_msgs/share/smach_msgs/cmake/smach_msgs__rosidl_typesupport_cppExport.cmake
[4.635s] -- Installing: /root/ROS2Docker/ros2_ws/install/smach_msgs/share/smach_msgs/cmake/smach_msgs__rosidl_typesupport_cppExport-noconfig.cmake
[4.635s] -- Installing: /root/ROS2Docker/ros2_ws/install/smach_msgs/share/smach_msgs/cmake/rosidl_cmake-extras.cmake
[4.635s] -- Installing: /root/ROS2Docker/ros2_ws/install/smach_msgs/share/smach_msgs/cmake/ament_cmake_export_dependencies-extras.cmake
[4.635s] -- Installing: /root/ROS2Docker/ros2_ws/install/smach_msgs/share/smach_msgs/cmake/ament_cmake_export_libraries-extras.cmake
[4.636s] -- Installing: /root/ROS2Docker/ros2_ws/install/smach_msgs/share/smach_msgs/cmake/ament_cmake_export_targets-extras.cmake
[4.636s] -- Installing: /root/ROS2Docker/ros2_ws/install/smach_msgs/share/smach_msgs/cmake/ament_cmake_export_include_directories-extras.cmake
[4.636s] -- Installing: /root/ROS2Docker/ros2_ws/install/smach_msgs/share/smach_msgs/cmake/rosidl_cmake_export_typesupport_libraries-extras.cmake
[4.636s] -- Installing: /root/ROS2Docker/ros2_ws/install/smach_msgs/share/smach_msgs/cmake/rosidl_cmake_export_typesupport_targets-extras.cmake
[4.636s] -- Installing: /root/ROS2Docker/ros2_ws/install/smach_msgs/share/smach_msgs/cmake/smach_msgsConfig.cmake
[4.636s] -- Installing: /root/ROS2Docker/ros2_ws/install/smach_msgs/share/smach_msgs/cmake/smach_msgsConfig-version.cmake
[4.636s] -- Installing: /root/ROS2Docker/ros2_ws/install/smach_msgs/share/smach_msgs/package.xml
[4.639s] Invoked command in '/root/ROS2Docker/ros2_ws/build/smach_msgs' returned '0': CMAKE_PREFIX_PATH=${CMAKE_PREFIX_PATH}:/root/ROS2Docker/ros2_ws/install/ur_ignition:/root/ROS2Docker/ros2_ws/install/examples_rclpy_minimal_subscriber:/root/ROS2Docker/ros2_ws/install/examples_rclpy_minimal_service:/root/ROS2Docker/ros2_ws/install/examples_rclpy_minimal_publisher:/root/ROS2Docker/ros2_ws/install/examples_rclpy_minimal_client:/root/ROS2Docker/ros2_ws/install/examples_rclpy_minimal_action_server:/root/ROS2Docker/ros2_ws/install/examples_rclpy_minimal_action_client:/root/ROS2Docker/ros2_ws/install/examples_rclpy_executors:/opt/ros/foxy /usr/bin/cmake --install /root/ROS2Docker/ros2_ws/build/smach_msgs
