running egg_info
creating ../../../build/smach_napp/smach_napp.egg-info
writing ../../../build/smach_napp/smach_napp.egg-info/PKG-INFO
writing dependency_links to ../../../build/smach_napp/smach_napp.egg-info/dependency_links.txt
writing entry points to ../../../build/smach_napp/smach_napp.egg-info/entry_points.txt
writing requirements to ../../../build/smach_napp/smach_napp.egg-info/requires.txt
writing top-level names to ../../../build/smach_napp/smach_napp.egg-info/top_level.txt
writing manifest file '../../../build/smach_napp/smach_napp.egg-info/SOURCES.txt'
reading manifest file '../../../build/smach_napp/smach_napp.egg-info/SOURCES.txt'
writing manifest file '../../../build/smach_napp/smach_napp.egg-info/SOURCES.txt'
running build
running build_py
creating /root/ROS2Docker/ros2_ws/build/smach_napp/build
creating /root/ROS2Docker/ros2_ws/build/smach_napp/build/lib
creating /root/ROS2Docker/ros2_ws/build/smach_napp/build/lib/smach_napp
copying smach_napp/smach_nav2_client.py -> /root/ROS2Docker/ros2_ws/build/smach_napp/build/lib/smach_napp
copying smach_napp/__init__.py -> /root/ROS2Docker/ros2_ws/build/smach_napp/build/lib/smach_napp
running install
running install_lib
creating /root/ROS2Docker/ros2_ws/install/smach_napp/lib/python3.8/site-packages/smach_napp
copying /root/ROS2Docker/ros2_ws/build/smach_napp/build/lib/smach_napp/smach_nav2_client.py -> /root/ROS2Docker/ros2_ws/install/smach_napp/lib/python3.8/site-packages/smach_napp
copying /root/ROS2Docker/ros2_ws/build/smach_napp/build/lib/smach_napp/__init__.py -> /root/ROS2Docker/ros2_ws/install/smach_napp/lib/python3.8/site-packages/smach_napp
byte-compiling /root/ROS2Docker/ros2_ws/install/smach_napp/lib/python3.8/site-packages/smach_napp/smach_nav2_client.py to smach_nav2_client.cpython-38.pyc
byte-compiling /root/ROS2Docker/ros2_ws/install/smach_napp/lib/python3.8/site-packages/smach_napp/__init__.py to __init__.cpython-38.pyc
running install_data
creating /root/ROS2Docker/ros2_ws/install/smach_napp/share/ament_index
creating /root/ROS2Docker/ros2_ws/install/smach_napp/share/ament_index/resource_index
creating /root/ROS2Docker/ros2_ws/install/smach_napp/share/ament_index/resource_index/packages
copying resource/smach_napp -> /root/ROS2Docker/ros2_ws/install/smach_napp/share/ament_index/resource_index/packages
copying package.xml -> /root/ROS2Docker/ros2_ws/install/smach_napp/share/smach_napp
running install_egg_info
Copying ../../../build/smach_napp/smach_napp.egg-info to /root/ROS2Docker/ros2_ws/install/smach_napp/lib/python3.8/site-packages/smach_napp-0.8.0-py3.8.egg-info
running install_scripts
Installing smach_nav2_client script to /root/ROS2Docker/ros2_ws/install/smach_napp/lib/smach_napp
writing list of installed files to '/root/ROS2Docker/ros2_ws/build/smach_napp/install.log'
