/root/ROS2Docker/ros2_ws/install/examples_rclpy_minimal_action_server/lib/python3.8/site-packages/examples_rclpy_minimal_action_server/server_single_goal.py
/root/ROS2Docker/ros2_ws/install/examples_rclpy_minimal_action_server/lib/python3.8/site-packages/examples_rclpy_minimal_action_server/server.py
/root/ROS2Docker/ros2_ws/install/examples_rclpy_minimal_action_server/lib/python3.8/site-packages/examples_rclpy_minimal_action_server/server_not_composable.py
/root/ROS2Docker/ros2_ws/install/examples_rclpy_minimal_action_server/lib/python3.8/site-packages/examples_rclpy_minimal_action_server/server_defer.py
/root/ROS2Docker/ros2_ws/install/examples_rclpy_minimal_action_server/lib/python3.8/site-packages/examples_rclpy_minimal_action_server/__init__.py
/root/ROS2Docker/ros2_ws/install/examples_rclpy_minimal_action_server/lib/python3.8/site-packages/examples_rclpy_minimal_action_server/server_queue_goals.py
/root/ROS2Docker/ros2_ws/install/examples_rclpy_minimal_action_server/lib/python3.8/site-packages/examples_rclpy_minimal_action_server/__pycache__/server_single_goal.cpython-38.pyc
/root/ROS2Docker/ros2_ws/install/examples_rclpy_minimal_action_server/lib/python3.8/site-packages/examples_rclpy_minimal_action_server/__pycache__/server.cpython-38.pyc
/root/ROS2Docker/ros2_ws/install/examples_rclpy_minimal_action_server/lib/python3.8/site-packages/examples_rclpy_minimal_action_server/__pycache__/server_not_composable.cpython-38.pyc
/root/ROS2Docker/ros2_ws/install/examples_rclpy_minimal_action_server/lib/python3.8/site-packages/examples_rclpy_minimal_action_server/__pycache__/server_defer.cpython-38.pyc
/root/ROS2Docker/ros2_ws/install/examples_rclpy_minimal_action_server/lib/python3.8/site-packages/examples_rclpy_minimal_action_server/__pycache__/__init__.cpython-38.pyc
/root/ROS2Docker/ros2_ws/install/examples_rclpy_minimal_action_server/lib/python3.8/site-packages/examples_rclpy_minimal_action_server/__pycache__/server_queue_goals.cpython-38.pyc
/root/ROS2Docker/ros2_ws/install/examples_rclpy_minimal_action_server/share/ament_index/resource_index/packages/examples_rclpy_minimal_action_server
/root/ROS2Docker/ros2_ws/install/examples_rclpy_minimal_action_server/share/examples_rclpy_minimal_action_server/package.xml
/root/ROS2Docker/ros2_ws/install/examples_rclpy_minimal_action_server/lib/python3.8/site-packages/examples_rclpy_minimal_action_server-0.9.4-py3.8.egg-info/requires.txt
/root/ROS2Docker/ros2_ws/install/examples_rclpy_minimal_action_server/lib/python3.8/site-packages/examples_rclpy_minimal_action_server-0.9.4-py3.8.egg-info/top_level.txt
/root/ROS2Docker/ros2_ws/install/examples_rclpy_minimal_action_server/lib/python3.8/site-packages/examples_rclpy_minimal_action_server-0.9.4-py3.8.egg-info/entry_points.txt
/root/ROS2Docker/ros2_ws/install/examples_rclpy_minimal_action_server/lib/python3.8/site-packages/examples_rclpy_minimal_action_server-0.9.4-py3.8.egg-info/dependency_links.txt
/root/ROS2Docker/ros2_ws/install/examples_rclpy_minimal_action_server/lib/python3.8/site-packages/examples_rclpy_minimal_action_server-0.9.4-py3.8.egg-info/zip-safe
/root/ROS2Docker/ros2_ws/install/examples_rclpy_minimal_action_server/lib/python3.8/site-packages/examples_rclpy_minimal_action_server-0.9.4-py3.8.egg-info/SOURCES.txt
/root/ROS2Docker/ros2_ws/install/examples_rclpy_minimal_action_server/lib/python3.8/site-packages/examples_rclpy_minimal_action_server-0.9.4-py3.8.egg-info/PKG-INFO
/root/ROS2Docker/ros2_ws/install/examples_rclpy_minimal_action_server/lib/examples_rclpy_minimal_action_server/server
/root/ROS2Docker/ros2_ws/install/examples_rclpy_minimal_action_server/lib/examples_rclpy_minimal_action_server/server_defer
/root/ROS2Docker/ros2_ws/install/examples_rclpy_minimal_action_server/lib/examples_rclpy_minimal_action_server/server_not_composable
/root/ROS2Docker/ros2_ws/install/examples_rclpy_minimal_action_server/lib/examples_rclpy_minimal_action_server/server_queue_goals
/root/ROS2Docker/ros2_ws/install/examples_rclpy_minimal_action_server/lib/examples_rclpy_minimal_action_server/server_single_goal
