/root/ROS2Docker/ros2_ws/install/examples_rclpy_minimal_client/lib/python3.8/site-packages/examples_rclpy_minimal_client/client.py
/root/ROS2Docker/ros2_ws/install/examples_rclpy_minimal_client/lib/python3.8/site-packages/examples_rclpy_minimal_client/client_async_member_function.py
/root/ROS2Docker/ros2_ws/install/examples_rclpy_minimal_client/lib/python3.8/site-packages/examples_rclpy_minimal_client/client_async_callback.py
/root/ROS2Docker/ros2_ws/install/examples_rclpy_minimal_client/lib/python3.8/site-packages/examples_rclpy_minimal_client/__init__.py
/root/ROS2Docker/ros2_ws/install/examples_rclpy_minimal_client/lib/python3.8/site-packages/examples_rclpy_minimal_client/client_async.py
/root/ROS2Docker/ros2_ws/install/examples_rclpy_minimal_client/lib/python3.8/site-packages/examples_rclpy_minimal_client/__pycache__/client.cpython-38.pyc
/root/ROS2Docker/ros2_ws/install/examples_rclpy_minimal_client/lib/python3.8/site-packages/examples_rclpy_minimal_client/__pycache__/client_async_member_function.cpython-38.pyc
/root/ROS2Docker/ros2_ws/install/examples_rclpy_minimal_client/lib/python3.8/site-packages/examples_rclpy_minimal_client/__pycache__/client_async_callback.cpython-38.pyc
/root/ROS2Docker/ros2_ws/install/examples_rclpy_minimal_client/lib/python3.8/site-packages/examples_rclpy_minimal_client/__pycache__/__init__.cpython-38.pyc
/root/ROS2Docker/ros2_ws/install/examples_rclpy_minimal_client/lib/python3.8/site-packages/examples_rclpy_minimal_client/__pycache__/client_async.cpython-38.pyc
/root/ROS2Docker/ros2_ws/install/examples_rclpy_minimal_client/share/ament_index/resource_index/packages/examples_rclpy_minimal_client
/root/ROS2Docker/ros2_ws/install/examples_rclpy_minimal_client/share/examples_rclpy_minimal_client/package.xml
/root/ROS2Docker/ros2_ws/install/examples_rclpy_minimal_client/lib/python3.8/site-packages/examples_rclpy_minimal_client-0.9.4-py3.8.egg-info/requires.txt
/root/ROS2Docker/ros2_ws/install/examples_rclpy_minimal_client/lib/python3.8/site-packages/examples_rclpy_minimal_client-0.9.4-py3.8.egg-info/top_level.txt
/root/ROS2Docker/ros2_ws/install/examples_rclpy_minimal_client/lib/python3.8/site-packages/examples_rclpy_minimal_client-0.9.4-py3.8.egg-info/entry_points.txt
/root/ROS2Docker/ros2_ws/install/examples_rclpy_minimal_client/lib/python3.8/site-packages/examples_rclpy_minimal_client-0.9.4-py3.8.egg-info/dependency_links.txt
/root/ROS2Docker/ros2_ws/install/examples_rclpy_minimal_client/lib/python3.8/site-packages/examples_rclpy_minimal_client-0.9.4-py3.8.egg-info/zip-safe
/root/ROS2Docker/ros2_ws/install/examples_rclpy_minimal_client/lib/python3.8/site-packages/examples_rclpy_minimal_client-0.9.4-py3.8.egg-info/SOURCES.txt
/root/ROS2Docker/ros2_ws/install/examples_rclpy_minimal_client/lib/python3.8/site-packages/examples_rclpy_minimal_client-0.9.4-py3.8.egg-info/PKG-INFO
/root/ROS2Docker/ros2_ws/install/examples_rclpy_minimal_client/lib/examples_rclpy_minimal_client/client
/root/ROS2Docker/ros2_ws/install/examples_rclpy_minimal_client/lib/examples_rclpy_minimal_client/client_async
/root/ROS2Docker/ros2_ws/install/examples_rclpy_minimal_client/lib/examples_rclpy_minimal_client/client_async_callback
/root/ROS2Docker/ros2_ws/install/examples_rclpy_minimal_client/lib/examples_rclpy_minimal_client/client_async_member_function
