[  0%] Built target ur_msgs__cpp
[ 12%] Built target ur_msgs__rosidl_generator_c
[ 24%] Built target ur_msgs__rosidl_typesupport_introspection_cpp
[ 36%] Built target ur_msgs__rosidl_typesupport_cpp
[ 47%] Built target ur_msgs__rosidl_typesupport_c
[ 58%] Built target ur_msgs__rosidl_typesupport_fastrtps_cpp
[ 70%] Built target ur_msgs__rosidl_typesupport_introspection_c
[ 82%] Built target ur_msgs__rosidl_typesupport_fastrtps_c
[ 82%] Built target ur_msgs
[ 83%] Built target ur_msgs__py
[ 94%] Built target ur_msgs__python
[ 96%] Built target ur_msgs__rosidl_typesupport_c__pyext
[ 98%] Built target ur_msgs__rosidl_typesupport_introspection_c__pyext
[100%] Built target ur_msgs__rosidl_typesupport_fastrtps_c__pyext
-- Install configuration: ""
-- Up-to-date: /root/ROS2Docker/ros2_ws/install/ur_msgs/share/ament_index/resource_index/rosidl_interfaces/ur_msgs
-- Up-to-date: /root/ROS2Docker/ros2_ws/install/ur_msgs/include/ur_msgs
-- Up-to-date: /root/ROS2Docker/ros2_ws/install/ur_msgs/include/ur_msgs/msg
-- Up-to-date: /root/ROS2Docker/ros2_ws/install/ur_msgs/include/ur_msgs/msg/robot_state_rt_msg.h
-- Up-to-date: /root/ROS2Docker/ros2_ws/install/ur_msgs/include/ur_msgs/msg/tool_data_msg.h
-- Up-to-date: /root/ROS2Docker/ros2_ws/install/ur_msgs/include/ur_msgs/msg/masterboard_data_msg.h
-- Up-to-date: /root/ROS2Docker/ros2_ws/install/ur_msgs/include/ur_msgs/msg/analog.h
-- Up-to-date: /root/ROS2Docker/ros2_ws/install/ur_msgs/include/ur_msgs/msg/io_states.h
-- Up-to-date: /root/ROS2Docker/ros2_ws/install/ur_msgs/include/ur_msgs/msg/robot_mode_data_msg.h
-- Up-to-date: /root/ROS2Docker/ros2_ws/install/ur_msgs/include/ur_msgs/msg/rosidl_generator_c__visibility_control.h
-- Up-to-date: /root/ROS2Docker/ros2_ws/install/ur_msgs/include/ur_msgs/msg/digital.h
-- Up-to-date: /root/ROS2Docker/ros2_ws/install/ur_msgs/include/ur_msgs/msg/detail
-- Up-to-date: /root/ROS2Docker/ros2_ws/install/ur_msgs/include/ur_msgs/msg/detail/analog__type_support.h
-- Up-to-date: /root/ROS2Docker/ros2_ws/install/ur_msgs/include/ur_msgs/msg/detail/tool_data_msg__type_support.h
-- Up-to-date: /root/ROS2Docker/ros2_ws/install/ur_msgs/include/ur_msgs/msg/detail/analog__struct.h
-- Up-to-date: /root/ROS2Docker/ros2_ws/install/ur_msgs/include/ur_msgs/msg/detail/masterboard_data_msg__type_support.h
-- Up-to-date: /root/ROS2Docker/ros2_ws/install/ur_msgs/include/ur_msgs/msg/detail/robot_state_rt_msg__functions.h
-- Up-to-date: /root/ROS2Docker/ros2_ws/install/ur_msgs/include/ur_msgs/msg/detail/tool_data_msg__functions.c
-- Up-to-date: /root/ROS2Docker/ros2_ws/install/ur_msgs/include/ur_msgs/msg/detail/digital__type_support.h
-- Up-to-date: /root/ROS2Docker/ros2_ws/install/ur_msgs/include/ur_msgs/msg/detail/digital__functions.c
-- Up-to-date: /root/ROS2Docker/ros2_ws/install/ur_msgs/include/ur_msgs/msg/detail/masterboard_data_msg__functions.c
-- Up-to-date: /root/ROS2Docker/ros2_ws/install/ur_msgs/include/ur_msgs/msg/detail/masterboard_data_msg__struct.h
-- Up-to-date: /root/ROS2Docker/ros2_ws/install/ur_msgs/include/ur_msgs/msg/detail/analog__functions.h
-- Up-to-date: /root/ROS2Docker/ros2_ws/install/ur_msgs/include/ur_msgs/msg/detail/io_states__functions.c
-- Up-to-date: /root/ROS2Docker/ros2_ws/install/ur_msgs/include/ur_msgs/msg/detail/robot_mode_data_msg__functions.h
-- Up-to-date: /root/ROS2Docker/ros2_ws/install/ur_msgs/include/ur_msgs/msg/detail/robot_state_rt_msg__functions.c
-- Up-to-date: /root/ROS2Docker/ros2_ws/install/ur_msgs/include/ur_msgs/msg/detail/analog__functions.c
-- Up-to-date: /root/ROS2Docker/ros2_ws/install/ur_msgs/include/ur_msgs/msg/detail/io_states__struct.h
-- Up-to-date: /root/ROS2Docker/ros2_ws/install/ur_msgs/include/ur_msgs/msg/detail/masterboard_data_msg__functions.h
-- Up-to-date: /root/ROS2Docker/ros2_ws/install/ur_msgs/include/ur_msgs/msg/detail/tool_data_msg__functions.h
-- Up-to-date: /root/ROS2Docker/ros2_ws/install/ur_msgs/include/ur_msgs/msg/detail/robot_state_rt_msg__type_support.h
-- Up-to-date: /root/ROS2Docker/ros2_ws/install/ur_msgs/include/ur_msgs/msg/detail/digital__struct.h
-- Up-to-date: /root/ROS2Docker/ros2_ws/install/ur_msgs/include/ur_msgs/msg/detail/io_states__functions.h
-- Up-to-date: /root/ROS2Docker/ros2_ws/install/ur_msgs/include/ur_msgs/msg/detail/tool_data_msg__struct.h
-- Up-to-date: /root/ROS2Docker/ros2_ws/install/ur_msgs/include/ur_msgs/msg/detail/robot_state_rt_msg__struct.h
-- Up-to-date: /root/ROS2Docker/ros2_ws/install/ur_msgs/include/ur_msgs/msg/detail/io_states__type_support.h
-- Up-to-date: /root/ROS2Docker/ros2_ws/install/ur_msgs/include/ur_msgs/msg/detail/digital__functions.h
-- Up-to-date: /root/ROS2Docker/ros2_ws/install/ur_msgs/include/ur_msgs/msg/detail/robot_mode_data_msg__type_support.h
-- Up-to-date: /root/ROS2Docker/ros2_ws/install/ur_msgs/include/ur_msgs/msg/detail/robot_mode_data_msg__functions.c
-- Up-to-date: /root/ROS2Docker/ros2_ws/install/ur_msgs/include/ur_msgs/msg/detail/robot_mode_data_msg__struct.h
-- Up-to-date: /root/ROS2Docker/ros2_ws/install/ur_msgs/include/ur_msgs/srv
-- Up-to-date: /root/ROS2Docker/ros2_ws/install/ur_msgs/include/ur_msgs/srv/set_payload.h
-- Up-to-date: /root/ROS2Docker/ros2_ws/install/ur_msgs/include/ur_msgs/srv/set_io.h
-- Up-to-date: /root/ROS2Docker/ros2_ws/install/ur_msgs/include/ur_msgs/srv/set_speed_slider_fraction.h
-- Up-to-date: /root/ROS2Docker/ros2_ws/install/ur_msgs/include/ur_msgs/srv/detail
-- Up-to-date: /root/ROS2Docker/ros2_ws/install/ur_msgs/include/ur_msgs/srv/detail/set_payload__struct.h
-- Up-to-date: /root/ROS2Docker/ros2_ws/install/ur_msgs/include/ur_msgs/srv/detail/set_io__type_support.h
-- Up-to-date: /root/ROS2Docker/ros2_ws/install/ur_msgs/include/ur_msgs/srv/detail/set_speed_slider_fraction__type_support.h
-- Up-to-date: /root/ROS2Docker/ros2_ws/install/ur_msgs/include/ur_msgs/srv/detail/set_io__functions.c
-- Up-to-date: /root/ROS2Docker/ros2_ws/install/ur_msgs/include/ur_msgs/srv/detail/set_io__struct.h
-- Up-to-date: /root/ROS2Docker/ros2_ws/install/ur_msgs/include/ur_msgs/srv/detail/set_io__functions.h
-- Up-to-date: /root/ROS2Docker/ros2_ws/install/ur_msgs/include/ur_msgs/srv/detail/set_speed_slider_fraction__functions.h
-- Up-to-date: /root/ROS2Docker/ros2_ws/install/ur_msgs/include/ur_msgs/srv/detail/set_payload__functions.h
-- Up-to-date: /root/ROS2Docker/ros2_ws/install/ur_msgs/include/ur_msgs/srv/detail/set_payload__functions.c
-- Up-to-date: /root/ROS2Docker/ros2_ws/install/ur_msgs/include/ur_msgs/srv/detail/set_speed_slider_fraction__struct.h
-- Up-to-date: /root/ROS2Docker/ros2_ws/install/ur_msgs/include/ur_msgs/srv/detail/set_payload__type_support.h
-- Up-to-date: /root/ROS2Docker/ros2_ws/install/ur_msgs/include/ur_msgs/srv/detail/set_speed_slider_fraction__functions.c
-- Up-to-date: /root/ROS2Docker/ros2_ws/install/ur_msgs/share/ur_msgs/environment/library_path.sh
-- Up-to-date: /root/ROS2Docker/ros2_ws/install/ur_msgs/share/ur_msgs/environment/library_path.dsv
-- Up-to-date: /root/ROS2Docker/ros2_ws/install/ur_msgs/lib/libur_msgs__rosidl_generator_c.so
-- Up-to-date: /root/ROS2Docker/ros2_ws/install/ur_msgs/include/ur_msgs
-- Up-to-date: /root/ROS2Docker/ros2_ws/install/ur_msgs/include/ur_msgs/msg
-- Up-to-date: /root/ROS2Docker/ros2_ws/install/ur_msgs/include/ur_msgs/msg/rosidl_typesupport_fastrtps_c__visibility_control.h
-- Up-to-date: /root/ROS2Docker/ros2_ws/install/ur_msgs/include/ur_msgs/msg/detail
-- Up-to-date: /root/ROS2Docker/ros2_ws/install/ur_msgs/include/ur_msgs/msg/detail/robot_mode_data_msg__rosidl_typesupport_fastrtps_c.h
-- Up-to-date: /root/ROS2Docker/ros2_ws/install/ur_msgs/include/ur_msgs/msg/detail/masterboard_data_msg__rosidl_typesupport_fastrtps_c.h
-- Up-to-date: /root/ROS2Docker/ros2_ws/install/ur_msgs/include/ur_msgs/msg/detail/robot_state_rt_msg__rosidl_typesupport_fastrtps_c.h
-- Up-to-date: /root/ROS2Docker/ros2_ws/install/ur_msgs/include/ur_msgs/msg/detail/tool_data_msg__rosidl_typesupport_fastrtps_c.h
-- Up-to-date: /root/ROS2Docker/ros2_ws/install/ur_msgs/include/ur_msgs/msg/detail/digital__rosidl_typesupport_fastrtps_c.h
-- Up-to-date: /root/ROS2Docker/ros2_ws/install/ur_msgs/include/ur_msgs/msg/detail/io_states__rosidl_typesupport_fastrtps_c.h
-- Up-to-date: /root/ROS2Docker/ros2_ws/install/ur_msgs/include/ur_msgs/msg/detail/analog__rosidl_typesupport_fastrtps_c.h
-- Up-to-date: /root/ROS2Docker/ros2_ws/install/ur_msgs/include/ur_msgs/srv
-- Up-to-date: /root/ROS2Docker/ros2_ws/install/ur_msgs/include/ur_msgs/srv/detail
-- Up-to-date: /root/ROS2Docker/ros2_ws/install/ur_msgs/include/ur_msgs/srv/detail/set_io__rosidl_typesupport_fastrtps_c.h
-- Up-to-date: /root/ROS2Docker/ros2_ws/install/ur_msgs/include/ur_msgs/srv/detail/set_payload__rosidl_typesupport_fastrtps_c.h
-- Up-to-date: /root/ROS2Docker/ros2_ws/install/ur_msgs/include/ur_msgs/srv/detail/set_speed_slider_fraction__rosidl_typesupport_fastrtps_c.h
-- Up-to-date: /root/ROS2Docker/ros2_ws/install/ur_msgs/lib/libur_msgs__rosidl_typesupport_fastrtps_c.so
-- Up-to-date: /root/ROS2Docker/ros2_ws/install/ur_msgs/include/ur_msgs
-- Up-to-date: /root/ROS2Docker/ros2_ws/install/ur_msgs/include/ur_msgs/msg
-- Up-to-date: /root/ROS2Docker/ros2_ws/install/ur_msgs/include/ur_msgs/msg/rosidl_typesupport_fastrtps_cpp__visibility_control.h
-- Up-to-date: /root/ROS2Docker/ros2_ws/install/ur_msgs/include/ur_msgs/msg/detail
-- Up-to-date: /root/ROS2Docker/ros2_ws/install/ur_msgs/include/ur_msgs/msg/detail/dds_fastrtps
-- Up-to-date: /root/ROS2Docker/ros2_ws/install/ur_msgs/include/ur_msgs/msg/detail/robot_mode_data_msg__rosidl_typesupport_fastrtps_cpp.hpp
-- Up-to-date: /root/ROS2Docker/ros2_ws/install/ur_msgs/include/ur_msgs/msg/detail/digital__rosidl_typesupport_fastrtps_cpp.hpp
-- Up-to-date: /root/ROS2Docker/ros2_ws/install/ur_msgs/include/ur_msgs/msg/detail/io_states__rosidl_typesupport_fastrtps_cpp.hpp
-- Up-to-date: /root/ROS2Docker/ros2_ws/install/ur_msgs/include/ur_msgs/msg/detail/analog__rosidl_typesupport_fastrtps_cpp.hpp
-- Up-to-date: /root/ROS2Docker/ros2_ws/install/ur_msgs/include/ur_msgs/msg/detail/tool_data_msg__rosidl_typesupport_fastrtps_cpp.hpp
-- Up-to-date: /root/ROS2Docker/ros2_ws/install/ur_msgs/include/ur_msgs/msg/detail/masterboard_data_msg__rosidl_typesupport_fastrtps_cpp.hpp
-- Up-to-date: /root/ROS2Docker/ros2_ws/install/ur_msgs/include/ur_msgs/msg/detail/robot_state_rt_msg__rosidl_typesupport_fastrtps_cpp.hpp
-- Up-to-date: /root/ROS2Docker/ros2_ws/install/ur_msgs/include/ur_msgs/srv
-- Up-to-date: /root/ROS2Docker/ros2_ws/install/ur_msgs/include/ur_msgs/srv/detail
-- Up-to-date: /root/ROS2Docker/ros2_ws/install/ur_msgs/include/ur_msgs/srv/detail/dds_fastrtps
-- Up-to-date: /root/ROS2Docker/ros2_ws/install/ur_msgs/include/ur_msgs/srv/detail/set_io__rosidl_typesupport_fastrtps_cpp.hpp
-- Up-to-date: /root/ROS2Docker/ros2_ws/install/ur_msgs/include/ur_msgs/srv/detail/set_payload__rosidl_typesupport_fastrtps_cpp.hpp
-- Up-to-date: /root/ROS2Docker/ros2_ws/install/ur_msgs/include/ur_msgs/srv/detail/set_speed_slider_fraction__rosidl_typesupport_fastrtps_cpp.hpp
-- Up-to-date: /root/ROS2Docker/ros2_ws/install/ur_msgs/lib/libur_msgs__rosidl_typesupport_fastrtps_cpp.so
-- Up-to-date: /root/ROS2Docker/ros2_ws/install/ur_msgs/include/ur_msgs
-- Up-to-date: /root/ROS2Docker/ros2_ws/install/ur_msgs/include/ur_msgs/msg
-- Up-to-date: /root/ROS2Docker/ros2_ws/install/ur_msgs/include/ur_msgs/msg/detail
-- Up-to-date: /root/ROS2Docker/ros2_ws/install/ur_msgs/include/ur_msgs/msg/detail/analog__type_support.c
-- Up-to-date: /root/ROS2Docker/ros2_ws/install/ur_msgs/include/ur_msgs/msg/detail/digital__type_support.c
-- Up-to-date: /root/ROS2Docker/ros2_ws/install/ur_msgs/include/ur_msgs/msg/detail/digital__rosidl_typesupport_introspection_c.h
-- Up-to-date: /root/ROS2Docker/ros2_ws/install/ur_msgs/include/ur_msgs/msg/detail/masterboard_data_msg__type_support.c
-- Up-to-date: /root/ROS2Docker/ros2_ws/install/ur_msgs/include/ur_msgs/msg/detail/analog__rosidl_typesupport_introspection_c.h
-- Up-to-date: /root/ROS2Docker/ros2_ws/install/ur_msgs/include/ur_msgs/msg/detail/masterboard_data_msg__rosidl_typesupport_introspection_c.h
-- Up-to-date: /root/ROS2Docker/ros2_ws/install/ur_msgs/include/ur_msgs/msg/detail/robot_mode_data_msg__rosidl_typesupport_introspection_c.h
-- Up-to-date: /root/ROS2Docker/ros2_ws/install/ur_msgs/include/ur_msgs/msg/detail/tool_data_msg__type_support.c
-- Up-to-date: /root/ROS2Docker/ros2_ws/install/ur_msgs/include/ur_msgs/msg/detail/robot_mode_data_msg__type_support.c
-- Up-to-date: /root/ROS2Docker/ros2_ws/install/ur_msgs/include/ur_msgs/msg/detail/robot_state_rt_msg__type_support.c
-- Up-to-date: /root/ROS2Docker/ros2_ws/install/ur_msgs/include/ur_msgs/msg/detail/io_states__rosidl_typesupport_introspection_c.h
-- Up-to-date: /root/ROS2Docker/ros2_ws/install/ur_msgs/include/ur_msgs/msg/detail/io_states__type_support.c
-- Up-to-date: /root/ROS2Docker/ros2_ws/install/ur_msgs/include/ur_msgs/msg/detail/tool_data_msg__rosidl_typesupport_introspection_c.h
-- Up-to-date: /root/ROS2Docker/ros2_ws/install/ur_msgs/include/ur_msgs/msg/detail/robot_state_rt_msg__rosidl_typesupport_introspection_c.h
-- Up-to-date: /root/ROS2Docker/ros2_ws/install/ur_msgs/include/ur_msgs/msg/rosidl_typesupport_introspection_c__visibility_control.h
-- Up-to-date: /root/ROS2Docker/ros2_ws/install/ur_msgs/include/ur_msgs/srv
-- Up-to-date: /root/ROS2Docker/ros2_ws/install/ur_msgs/include/ur_msgs/srv/detail
-- Up-to-date: /root/ROS2Docker/ros2_ws/install/ur_msgs/include/ur_msgs/srv/detail/set_io__rosidl_typesupport_introspection_c.h
-- Up-to-date: /root/ROS2Docker/ros2_ws/install/ur_msgs/include/ur_msgs/srv/detail/set_speed_slider_fraction__type_support.c
-- Up-to-date: /root/ROS2Docker/ros2_ws/install/ur_msgs/include/ur_msgs/srv/detail/set_payload__type_support.c
-- Up-to-date: /root/ROS2Docker/ros2_ws/install/ur_msgs/include/ur_msgs/srv/detail/set_speed_slider_fraction__rosidl_typesupport_introspection_c.h
-- Up-to-date: /root/ROS2Docker/ros2_ws/install/ur_msgs/include/ur_msgs/srv/detail/set_io__type_support.c
-- Up-to-date: /root/ROS2Docker/ros2_ws/install/ur_msgs/include/ur_msgs/srv/detail/set_payload__rosidl_typesupport_introspection_c.h
-- Up-to-date: /root/ROS2Docker/ros2_ws/install/ur_msgs/lib/libur_msgs__rosidl_typesupport_introspection_c.so
-- Up-to-date: /root/ROS2Docker/ros2_ws/install/ur_msgs/lib/libur_msgs__rosidl_typesupport_c.so
-- Up-to-date: /root/ROS2Docker/ros2_ws/install/ur_msgs/include/ur_msgs
-- Up-to-date: /root/ROS2Docker/ros2_ws/install/ur_msgs/include/ur_msgs/msg
-- Up-to-date: /root/ROS2Docker/ros2_ws/install/ur_msgs/include/ur_msgs/msg/digital.hpp
-- Up-to-date: /root/ROS2Docker/ros2_ws/install/ur_msgs/include/ur_msgs/msg/robot_state_rt_msg.hpp
-- Up-to-date: /root/ROS2Docker/ros2_ws/install/ur_msgs/include/ur_msgs/msg/analog.hpp
-- Up-to-date: /root/ROS2Docker/ros2_ws/install/ur_msgs/include/ur_msgs/msg/masterboard_data_msg.hpp
-- Up-to-date: /root/ROS2Docker/ros2_ws/install/ur_msgs/include/ur_msgs/msg/tool_data_msg.hpp
-- Up-to-date: /root/ROS2Docker/ros2_ws/install/ur_msgs/include/ur_msgs/msg/io_states.hpp
-- Up-to-date: /root/ROS2Docker/ros2_ws/install/ur_msgs/include/ur_msgs/msg/robot_mode_data_msg.hpp
-- Up-to-date: /root/ROS2Docker/ros2_ws/install/ur_msgs/include/ur_msgs/msg/detail
-- Up-to-date: /root/ROS2Docker/ros2_ws/install/ur_msgs/include/ur_msgs/msg/detail/tool_data_msg__builder.hpp
-- Up-to-date: /root/ROS2Docker/ros2_ws/install/ur_msgs/include/ur_msgs/msg/detail/analog__traits.hpp
-- Up-to-date: /root/ROS2Docker/ros2_ws/install/ur_msgs/include/ur_msgs/msg/detail/masterboard_data_msg__traits.hpp
-- Up-to-date: /root/ROS2Docker/ros2_ws/install/ur_msgs/include/ur_msgs/msg/detail/tool_data_msg__traits.hpp
-- Up-to-date: /root/ROS2Docker/ros2_ws/install/ur_msgs/include/ur_msgs/msg/detail/digital__traits.hpp
-- Up-to-date: /root/ROS2Docker/ros2_ws/install/ur_msgs/include/ur_msgs/msg/detail/tool_data_msg__struct.hpp
-- Up-to-date: /root/ROS2Docker/ros2_ws/install/ur_msgs/include/ur_msgs/msg/detail/robot_state_rt_msg__traits.hpp
-- Up-to-date: /root/ROS2Docker/ros2_ws/install/ur_msgs/include/ur_msgs/msg/detail/masterboard_data_msg__struct.hpp
-- Up-to-date: /root/ROS2Docker/ros2_ws/install/ur_msgs/include/ur_msgs/msg/detail/io_states__struct.hpp
-- Up-to-date: /root/ROS2Docker/ros2_ws/install/ur_msgs/include/ur_msgs/msg/detail/io_states__traits.hpp
-- Up-to-date: /root/ROS2Docker/ros2_ws/install/ur_msgs/include/ur_msgs/msg/detail/io_states__builder.hpp
-- Up-to-date: /root/ROS2Docker/ros2_ws/install/ur_msgs/include/ur_msgs/msg/detail/robot_state_rt_msg__builder.hpp
-- Up-to-date: /root/ROS2Docker/ros2_ws/install/ur_msgs/include/ur_msgs/msg/detail/masterboard_data_msg__builder.hpp
-- Up-to-date: /root/ROS2Docker/ros2_ws/install/ur_msgs/include/ur_msgs/msg/detail/robot_mode_data_msg__builder.hpp
-- Up-to-date: /root/ROS2Docker/ros2_ws/install/ur_msgs/include/ur_msgs/msg/detail/analog__builder.hpp
-- Up-to-date: /root/ROS2Docker/ros2_ws/install/ur_msgs/include/ur_msgs/msg/detail/digital__builder.hpp
-- Up-to-date: /root/ROS2Docker/ros2_ws/install/ur_msgs/include/ur_msgs/msg/detail/robot_mode_data_msg__struct.hpp
-- Up-to-date: /root/ROS2Docker/ros2_ws/install/ur_msgs/include/ur_msgs/msg/detail/robot_mode_data_msg__traits.hpp
-- Up-to-date: /root/ROS2Docker/ros2_ws/install/ur_msgs/include/ur_msgs/msg/detail/analog__struct.hpp
-- Up-to-date: /root/ROS2Docker/ros2_ws/install/ur_msgs/include/ur_msgs/msg/detail/robot_state_rt_msg__struct.hpp
-- Up-to-date: /root/ROS2Docker/ros2_ws/install/ur_msgs/include/ur_msgs/msg/detail/digital__struct.hpp
-- Up-to-date: /root/ROS2Docker/ros2_ws/install/ur_msgs/include/ur_msgs/srv
-- Up-to-date: /root/ROS2Docker/ros2_ws/install/ur_msgs/include/ur_msgs/srv/set_io.hpp
-- Up-to-date: /root/ROS2Docker/ros2_ws/install/ur_msgs/include/ur_msgs/srv/set_payload.hpp
-- Up-to-date: /root/ROS2Docker/ros2_ws/install/ur_msgs/include/ur_msgs/srv/set_speed_slider_fraction.hpp
-- Up-to-date: /root/ROS2Docker/ros2_ws/install/ur_msgs/include/ur_msgs/srv/detail
-- Up-to-date: /root/ROS2Docker/ros2_ws/install/ur_msgs/include/ur_msgs/srv/detail/set_speed_slider_fraction__struct.hpp
-- Up-to-date: /root/ROS2Docker/ros2_ws/install/ur_msgs/include/ur_msgs/srv/detail/set_speed_slider_fraction__traits.hpp
-- Up-to-date: /root/ROS2Docker/ros2_ws/install/ur_msgs/include/ur_msgs/srv/detail/set_payload__builder.hpp
-- Up-to-date: /root/ROS2Docker/ros2_ws/install/ur_msgs/include/ur_msgs/srv/detail/set_payload__struct.hpp
-- Up-to-date: /root/ROS2Docker/ros2_ws/install/ur_msgs/include/ur_msgs/srv/detail/set_payload__traits.hpp
-- Up-to-date: /root/ROS2Docker/ros2_ws/install/ur_msgs/include/ur_msgs/srv/detail/set_io__builder.hpp
-- Up-to-date: /root/ROS2Docker/ros2_ws/install/ur_msgs/include/ur_msgs/srv/detail/set_io__traits.hpp
-- Up-to-date: /root/ROS2Docker/ros2_ws/install/ur_msgs/include/ur_msgs/srv/detail/set_speed_slider_fraction__builder.hpp
-- Up-to-date: /root/ROS2Docker/ros2_ws/install/ur_msgs/include/ur_msgs/srv/detail/set_io__struct.hpp
-- Up-to-date: /root/ROS2Docker/ros2_ws/install/ur_msgs/include/ur_msgs
-- Up-to-date: /root/ROS2Docker/ros2_ws/install/ur_msgs/include/ur_msgs/msg
-- Up-to-date: /root/ROS2Docker/ros2_ws/install/ur_msgs/include/ur_msgs/msg/detail
-- Up-to-date: /root/ROS2Docker/ros2_ws/install/ur_msgs/include/ur_msgs/msg/detail/robot_state_rt_msg__rosidl_typesupport_introspection_cpp.hpp
-- Up-to-date: /root/ROS2Docker/ros2_ws/install/ur_msgs/include/ur_msgs/msg/detail/digital__rosidl_typesupport_introspection_cpp.hpp
-- Up-to-date: /root/ROS2Docker/ros2_ws/install/ur_msgs/include/ur_msgs/msg/detail/tool_data_msg__type_support.cpp
-- Up-to-date: /root/ROS2Docker/ros2_ws/install/ur_msgs/include/ur_msgs/msg/detail/robot_mode_data_msg__rosidl_typesupport_introspection_cpp.hpp
-- Up-to-date: /root/ROS2Docker/ros2_ws/install/ur_msgs/include/ur_msgs/msg/detail/robot_mode_data_msg__type_support.cpp
-- Up-to-date: /root/ROS2Docker/ros2_ws/install/ur_msgs/include/ur_msgs/msg/detail/tool_data_msg__rosidl_typesupport_introspection_cpp.hpp
-- Up-to-date: /root/ROS2Docker/ros2_ws/install/ur_msgs/include/ur_msgs/msg/detail/analog__rosidl_typesupport_introspection_cpp.hpp
-- Up-to-date: /root/ROS2Docker/ros2_ws/install/ur_msgs/include/ur_msgs/msg/detail/robot_state_rt_msg__type_support.cpp
-- Up-to-date: /root/ROS2Docker/ros2_ws/install/ur_msgs/include/ur_msgs/msg/detail/digital__type_support.cpp
-- Up-to-date: /root/ROS2Docker/ros2_ws/install/ur_msgs/include/ur_msgs/msg/detail/masterboard_data_msg__type_support.cpp
-- Up-to-date: /root/ROS2Docker/ros2_ws/install/ur_msgs/include/ur_msgs/msg/detail/masterboard_data_msg__rosidl_typesupport_introspection_cpp.hpp
-- Up-to-date: /root/ROS2Docker/ros2_ws/install/ur_msgs/include/ur_msgs/msg/detail/analog__type_support.cpp
-- Up-to-date: /root/ROS2Docker/ros2_ws/install/ur_msgs/include/ur_msgs/msg/detail/io_states__type_support.cpp
-- Up-to-date: /root/ROS2Docker/ros2_ws/install/ur_msgs/include/ur_msgs/msg/detail/io_states__rosidl_typesupport_introspection_cpp.hpp
-- Up-to-date: /root/ROS2Docker/ros2_ws/install/ur_msgs/include/ur_msgs/srv
-- Up-to-date: /root/ROS2Docker/ros2_ws/install/ur_msgs/include/ur_msgs/srv/detail
-- Up-to-date: /root/ROS2Docker/ros2_ws/install/ur_msgs/include/ur_msgs/srv/detail/set_speed_slider_fraction__rosidl_typesupport_introspection_cpp.hpp
-- Up-to-date: /root/ROS2Docker/ros2_ws/install/ur_msgs/include/ur_msgs/srv/detail/set_speed_slider_fraction__type_support.cpp
-- Up-to-date: /root/ROS2Docker/ros2_ws/install/ur_msgs/include/ur_msgs/srv/detail/set_io__rosidl_typesupport_introspection_cpp.hpp
-- Up-to-date: /root/ROS2Docker/ros2_ws/install/ur_msgs/include/ur_msgs/srv/detail/set_io__type_support.cpp
-- Up-to-date: /root/ROS2Docker/ros2_ws/install/ur_msgs/include/ur_msgs/srv/detail/set_payload__rosidl_typesupport_introspection_cpp.hpp
-- Up-to-date: /root/ROS2Docker/ros2_ws/install/ur_msgs/include/ur_msgs/srv/detail/set_payload__type_support.cpp
-- Up-to-date: /root/ROS2Docker/ros2_ws/install/ur_msgs/lib/libur_msgs__rosidl_typesupport_introspection_cpp.so
-- Up-to-date: /root/ROS2Docker/ros2_ws/install/ur_msgs/lib/libur_msgs__rosidl_typesupport_cpp.so
-- Up-to-date: /root/ROS2Docker/ros2_ws/install/ur_msgs/share/ur_msgs/environment/pythonpath.sh
-- Up-to-date: /root/ROS2Docker/ros2_ws/install/ur_msgs/share/ur_msgs/environment/pythonpath.dsv
-- Up-to-date: /root/ROS2Docker/ros2_ws/install/ur_msgs/lib/python3.8/site-packages/ur_msgs/__init__.py
-- Up-to-date: /root/ROS2Docker/ros2_ws/install/ur_msgs/lib/python3.8/site-packages/ur_msgs/msg
-- Up-to-date: /root/ROS2Docker/ros2_ws/install/ur_msgs/lib/python3.8/site-packages/ur_msgs/msg/_io_states.py
-- Up-to-date: /root/ROS2Docker/ros2_ws/install/ur_msgs/lib/python3.8/site-packages/ur_msgs/msg/_robot_state_rt_msg.py
-- Up-to-date: /root/ROS2Docker/ros2_ws/install/ur_msgs/lib/python3.8/site-packages/ur_msgs/msg/_robot_mode_data_msg_s.c
-- Up-to-date: /root/ROS2Docker/ros2_ws/install/ur_msgs/lib/python3.8/site-packages/ur_msgs/msg/_io_states_s.c
-- Up-to-date: /root/ROS2Docker/ros2_ws/install/ur_msgs/lib/python3.8/site-packages/ur_msgs/msg/_tool_data_msg_s.c
-- Up-to-date: /root/ROS2Docker/ros2_ws/install/ur_msgs/lib/python3.8/site-packages/ur_msgs/msg/_masterboard_data_msg.py
-- Up-to-date: /root/ROS2Docker/ros2_ws/install/ur_msgs/lib/python3.8/site-packages/ur_msgs/msg/_digital.py
-- Up-to-date: /root/ROS2Docker/ros2_ws/install/ur_msgs/lib/python3.8/site-packages/ur_msgs/msg/__init__.py
-- Up-to-date: /root/ROS2Docker/ros2_ws/install/ur_msgs/lib/python3.8/site-packages/ur_msgs/msg/_robot_state_rt_msg_s.c
-- Up-to-date: /root/ROS2Docker/ros2_ws/install/ur_msgs/lib/python3.8/site-packages/ur_msgs/msg/_tool_data_msg.py
-- Up-to-date: /root/ROS2Docker/ros2_ws/install/ur_msgs/lib/python3.8/site-packages/ur_msgs/msg/_analog.py
-- Up-to-date: /root/ROS2Docker/ros2_ws/install/ur_msgs/lib/python3.8/site-packages/ur_msgs/msg/_digital_s.c
-- Up-to-date: /root/ROS2Docker/ros2_ws/install/ur_msgs/lib/python3.8/site-packages/ur_msgs/msg/_analog_s.c
-- Up-to-date: /root/ROS2Docker/ros2_ws/install/ur_msgs/lib/python3.8/site-packages/ur_msgs/msg/_robot_mode_data_msg.py
-- Up-to-date: /root/ROS2Docker/ros2_ws/install/ur_msgs/lib/python3.8/site-packages/ur_msgs/msg/_masterboard_data_msg_s.c
-- Up-to-date: /root/ROS2Docker/ros2_ws/install/ur_msgs/lib/python3.8/site-packages/ur_msgs/srv
-- Up-to-date: /root/ROS2Docker/ros2_ws/install/ur_msgs/lib/python3.8/site-packages/ur_msgs/srv/_set_speed_slider_fraction_s.c
-- Up-to-date: /root/ROS2Docker/ros2_ws/install/ur_msgs/lib/python3.8/site-packages/ur_msgs/srv/_set_payload.py
-- Up-to-date: /root/ROS2Docker/ros2_ws/install/ur_msgs/lib/python3.8/site-packages/ur_msgs/srv/_set_io_s.c
-- Up-to-date: /root/ROS2Docker/ros2_ws/install/ur_msgs/lib/python3.8/site-packages/ur_msgs/srv/_set_speed_slider_fraction.py
-- Up-to-date: /root/ROS2Docker/ros2_ws/install/ur_msgs/lib/python3.8/site-packages/ur_msgs/srv/__init__.py
-- Up-to-date: /root/ROS2Docker/ros2_ws/install/ur_msgs/lib/python3.8/site-packages/ur_msgs/srv/_set_payload_s.c
-- Up-to-date: /root/ROS2Docker/ros2_ws/install/ur_msgs/lib/python3.8/site-packages/ur_msgs/srv/_set_io.py
-- Up-to-date: /root/ROS2Docker/ros2_ws/install/ur_msgs/lib/python3.8/site-packages/ur_msgs/ur_msgs_s__rosidl_typesupport_fastrtps_c.cpython-38-x86_64-linux-gnu.so
-- Up-to-date: /root/ROS2Docker/ros2_ws/install/ur_msgs/lib/python3.8/site-packages/ur_msgs/ur_msgs_s__rosidl_typesupport_introspection_c.cpython-38-x86_64-linux-gnu.so
-- Up-to-date: /root/ROS2Docker/ros2_ws/install/ur_msgs/lib/python3.8/site-packages/ur_msgs/ur_msgs_s__rosidl_typesupport_c.cpython-38-x86_64-linux-gnu.so
-- Up-to-date: /root/ROS2Docker/ros2_ws/install/ur_msgs/lib/libur_msgs__python.so
-- Up-to-date: /root/ROS2Docker/ros2_ws/install/ur_msgs/share/ur_msgs/msg/Analog.idl
-- Up-to-date: /root/ROS2Docker/ros2_ws/install/ur_msgs/share/ur_msgs/msg/Digital.idl
-- Up-to-date: /root/ROS2Docker/ros2_ws/install/ur_msgs/share/ur_msgs/msg/IOStates.idl
-- Up-to-date: /root/ROS2Docker/ros2_ws/install/ur_msgs/share/ur_msgs/msg/RobotStateRTMsg.idl
-- Up-to-date: /root/ROS2Docker/ros2_ws/install/ur_msgs/share/ur_msgs/msg/MasterboardDataMsg.idl
-- Up-to-date: /root/ROS2Docker/ros2_ws/install/ur_msgs/share/ur_msgs/msg/RobotModeDataMsg.idl
-- Up-to-date: /root/ROS2Docker/ros2_ws/install/ur_msgs/share/ur_msgs/msg/ToolDataMsg.idl
-- Up-to-date: /root/ROS2Docker/ros2_ws/install/ur_msgs/share/ur_msgs/srv/SetPayload.idl
-- Up-to-date: /root/ROS2Docker/ros2_ws/install/ur_msgs/share/ur_msgs/srv/SetSpeedSliderFraction.idl
-- Up-to-date: /root/ROS2Docker/ros2_ws/install/ur_msgs/share/ur_msgs/srv/SetIO.idl
-- Up-to-date: /root/ROS2Docker/ros2_ws/install/ur_msgs/share/ur_msgs/msg/Analog.msg
-- Up-to-date: /root/ROS2Docker/ros2_ws/install/ur_msgs/share/ur_msgs/msg/Digital.msg
-- Up-to-date: /root/ROS2Docker/ros2_ws/install/ur_msgs/share/ur_msgs/msg/IOStates.msg
-- Up-to-date: /root/ROS2Docker/ros2_ws/install/ur_msgs/share/ur_msgs/msg/RobotStateRTMsg.msg
-- Up-to-date: /root/ROS2Docker/ros2_ws/install/ur_msgs/share/ur_msgs/msg/MasterboardDataMsg.msg
-- Up-to-date: /root/ROS2Docker/ros2_ws/install/ur_msgs/share/ur_msgs/msg/RobotModeDataMsg.msg
-- Up-to-date: /root/ROS2Docker/ros2_ws/install/ur_msgs/share/ur_msgs/msg/ToolDataMsg.msg
-- Up-to-date: /root/ROS2Docker/ros2_ws/install/ur_msgs/share/ur_msgs/srv/SetPayload.srv
-- Up-to-date: /root/ROS2Docker/ros2_ws/install/ur_msgs/share/ur_msgs/srv/SetPayload_Request.msg
-- Up-to-date: /root/ROS2Docker/ros2_ws/install/ur_msgs/share/ur_msgs/srv/SetPayload_Response.msg
-- Up-to-date: /root/ROS2Docker/ros2_ws/install/ur_msgs/share/ur_msgs/srv/SetSpeedSliderFraction.srv
-- Up-to-date: /root/ROS2Docker/ros2_ws/install/ur_msgs/share/ur_msgs/srv/SetSpeedSliderFraction_Request.msg
-- Up-to-date: /root/ROS2Docker/ros2_ws/install/ur_msgs/share/ur_msgs/srv/SetSpeedSliderFraction_Response.msg
-- Up-to-date: /root/ROS2Docker/ros2_ws/install/ur_msgs/share/ur_msgs/srv/SetIO.srv
-- Up-to-date: /root/ROS2Docker/ros2_ws/install/ur_msgs/share/ur_msgs/srv/SetIO_Request.msg
-- Up-to-date: /root/ROS2Docker/ros2_ws/install/ur_msgs/share/ur_msgs/srv/SetIO_Response.msg
-- Up-to-date: /root/ROS2Docker/ros2_ws/install/ur_msgs/share/ament_index/resource_index/package_run_dependencies/ur_msgs
-- Up-to-date: /root/ROS2Docker/ros2_ws/install/ur_msgs/share/ament_index/resource_index/parent_prefix_path/ur_msgs
-- Up-to-date: /root/ROS2Docker/ros2_ws/install/ur_msgs/share/ur_msgs/environment/ament_prefix_path.sh
-- Up-to-date: /root/ROS2Docker/ros2_ws/install/ur_msgs/share/ur_msgs/environment/ament_prefix_path.dsv
-- Up-to-date: /root/ROS2Docker/ros2_ws/install/ur_msgs/share/ur_msgs/environment/path.sh
-- Up-to-date: /root/ROS2Docker/ros2_ws/install/ur_msgs/share/ur_msgs/environment/path.dsv
-- Up-to-date: /root/ROS2Docker/ros2_ws/install/ur_msgs/share/ur_msgs/local_setup.bash
-- Up-to-date: /root/ROS2Docker/ros2_ws/install/ur_msgs/share/ur_msgs/local_setup.sh
-- Up-to-date: /root/ROS2Docker/ros2_ws/install/ur_msgs/share/ur_msgs/local_setup.zsh
-- Up-to-date: /root/ROS2Docker/ros2_ws/install/ur_msgs/share/ur_msgs/local_setup.dsv
-- Installing: /root/ROS2Docker/ros2_ws/install/ur_msgs/share/ur_msgs/package.dsv
-- Up-to-date: /root/ROS2Docker/ros2_ws/install/ur_msgs/share/ament_index/resource_index/packages/ur_msgs
-- Up-to-date: /root/ROS2Docker/ros2_ws/install/ur_msgs/share/ur_msgs/cmake/ur_msgs__rosidl_generator_cExport.cmake
-- Up-to-date: /root/ROS2Docker/ros2_ws/install/ur_msgs/share/ur_msgs/cmake/ur_msgs__rosidl_generator_cExport-noconfig.cmake
-- Up-to-date: /root/ROS2Docker/ros2_ws/install/ur_msgs/share/ur_msgs/cmake/ur_msgs__rosidl_typesupport_introspection_cExport.cmake
-- Up-to-date: /root/ROS2Docker/ros2_ws/install/ur_msgs/share/ur_msgs/cmake/ur_msgs__rosidl_typesupport_introspection_cExport-noconfig.cmake
-- Up-to-date: /root/ROS2Docker/ros2_ws/install/ur_msgs/share/ur_msgs/cmake/ur_msgs__rosidl_typesupport_cExport.cmake
-- Up-to-date: /root/ROS2Docker/ros2_ws/install/ur_msgs/share/ur_msgs/cmake/ur_msgs__rosidl_typesupport_cExport-noconfig.cmake
-- Up-to-date: /root/ROS2Docker/ros2_ws/install/ur_msgs/share/ur_msgs/cmake/ur_msgs__rosidl_generator_cppExport.cmake
-- Up-to-date: /root/ROS2Docker/ros2_ws/install/ur_msgs/share/ur_msgs/cmake/ur_msgs__rosidl_typesupport_introspection_cppExport.cmake
-- Up-to-date: /root/ROS2Docker/ros2_ws/install/ur_msgs/share/ur_msgs/cmake/ur_msgs__rosidl_typesupport_introspection_cppExport-noconfig.cmake
-- Up-to-date: /root/ROS2Docker/ros2_ws/install/ur_msgs/share/ur_msgs/cmake/ur_msgs__rosidl_typesupport_cppExport.cmake
-- Up-to-date: /root/ROS2Docker/ros2_ws/install/ur_msgs/share/ur_msgs/cmake/ur_msgs__rosidl_typesupport_cppExport-noconfig.cmake
-- Up-to-date: /root/ROS2Docker/ros2_ws/install/ur_msgs/share/ur_msgs/cmake/rosidl_cmake-extras.cmake
-- Up-to-date: /root/ROS2Docker/ros2_ws/install/ur_msgs/share/ur_msgs/cmake/ament_cmake_export_dependencies-extras.cmake
-- Up-to-date: /root/ROS2Docker/ros2_ws/install/ur_msgs/share/ur_msgs/cmake/ament_cmake_export_libraries-extras.cmake
-- Up-to-date: /root/ROS2Docker/ros2_ws/install/ur_msgs/share/ur_msgs/cmake/ament_cmake_export_targets-extras.cmake
-- Up-to-date: /root/ROS2Docker/ros2_ws/install/ur_msgs/share/ur_msgs/cmake/ament_cmake_export_include_directories-extras.cmake
-- Up-to-date: /root/ROS2Docker/ros2_ws/install/ur_msgs/share/ur_msgs/cmake/rosidl_cmake_export_typesupport_libraries-extras.cmake
-- Up-to-date: /root/ROS2Docker/ros2_ws/install/ur_msgs/share/ur_msgs/cmake/rosidl_cmake_export_typesupport_targets-extras.cmake
-- Up-to-date: /root/ROS2Docker/ros2_ws/install/ur_msgs/share/ur_msgs/cmake/ur_msgsConfig.cmake
-- Up-to-date: /root/ROS2Docker/ros2_ws/install/ur_msgs/share/ur_msgs/cmake/ur_msgsConfig-version.cmake
-- Up-to-date: /root/ROS2Docker/ros2_ws/install/ur_msgs/share/ur_msgs/package.xml
