-- The C compiler identification is GNU 9.3.0
-- The CXX compiler identification is GNU 9.3.0
-- Check for working C compiler: /usr/bin/cc
-- Check for working C compiler: /usr/bin/cc -- works
-- Detecting C compiler ABI info
-- Detecting C compiler ABI info - done
-- Detecting C compile features
-- Detecting C compile features - done
-- Check for working CXX compiler: /usr/bin/c++
-- Check for working CXX compiler: /usr/bin/c++ -- works
-- Detecting CXX compiler ABI info
-- Detecting CXX compiler ABI info - done
-- Detecting CXX compile features
-- Detecting CXX compile features - done
-- Found ament_cmake: 0.9.9 (/opt/ros/foxy/share/ament_cmake/cmake)
-- Found PythonInterp: /usr/bin/python3 (found suitable version "3.8.10", minimum required is "3") 
-- Using PYTHON_EXECUTABLE: /usr/bin/python3
-- Configuring done
-- Generating done
-- Build files have been written to: /root/ROS2Docker/ros2_ws/build/executive_smach
-- Install configuration: ""
-- Installing: /root/ROS2Docker/ros2_ws/install/executive_smach/share/ament_index/resource_index/package_run_dependencies/executive_smach
-- Installing: /root/ROS2Docker/ros2_ws/install/executive_smach/share/ament_index/resource_index/parent_prefix_path/executive_smach
-- Installing: /root/ROS2Docker/ros2_ws/install/executive_smach/share/executive_smach/environment/ament_prefix_path.sh
-- Installing: /root/ROS2Docker/ros2_ws/install/executive_smach/share/executive_smach/environment/ament_prefix_path.dsv
-- Installing: /root/ROS2Docker/ros2_ws/install/executive_smach/share/executive_smach/environment/path.sh
-- Installing: /root/ROS2Docker/ros2_ws/install/executive_smach/share/executive_smach/environment/path.dsv
-- Installing: /root/ROS2Docker/ros2_ws/install/executive_smach/share/executive_smach/local_setup.bash
-- Installing: /root/ROS2Docker/ros2_ws/install/executive_smach/share/executive_smach/local_setup.sh
-- Installing: /root/ROS2Docker/ros2_ws/install/executive_smach/share/executive_smach/local_setup.zsh
-- Installing: /root/ROS2Docker/ros2_ws/install/executive_smach/share/executive_smach/local_setup.dsv
-- Installing: /root/ROS2Docker/ros2_ws/install/executive_smach/share/executive_smach/package.dsv
-- Installing: /root/ROS2Docker/ros2_ws/install/executive_smach/share/ament_index/resource_index/packages/executive_smach
-- Installing: /root/ROS2Docker/ros2_ws/install/executive_smach/share/executive_smach/cmake/executive_smachConfig.cmake
-- Installing: /root/ROS2Docker/ros2_ws/install/executive_smach/share/executive_smach/cmake/executive_smachConfig-version.cmake
-- Installing: /root/ROS2Docker/ros2_ws/install/executive_smach/share/executive_smach/package.xml
