[0.021s] Invoking command in '/root/ROS2Docker/ros2_ws/build/ur_moveit_config': CMAKE_PREFIX_PATH=${CMAKE_PREFIX_PATH}:/root/ROS2Docker/ros2_ws/install/ur_ignition:/root/ROS2Docker/ros2_ws/install/examples_rclpy_minimal_subscriber:/root/ROS2Docker/ros2_ws/install/examples_rclpy_minimal_service:/root/ROS2Docker/ros2_ws/install/examples_rclpy_minimal_publisher:/root/ROS2Docker/ros2_ws/install/examples_rclpy_minimal_client:/root/ROS2Docker/ros2_ws/install/examples_rclpy_minimal_action_server:/root/ROS2Docker/ros2_ws/install/examples_rclpy_minimal_action_client:/root/ROS2Docker/ros2_ws/install/examples_rclpy_executors:/opt/ros/foxy /usr/bin/cmake /root/ROS2Docker/ros2_ws/src/Universal_Robots_ROS2_Driver/ur_moveit_config -DCMAKE_INSTALL_PREFIX=/root/ROS2Docker/ros2_ws/install/ur_moveit_config
[0.064s] -- The C compiler identification is GNU 9.3.0
[0.109s] -- The CXX compiler identification is GNU 9.3.0
[0.113s] -- Check for working C compiler: /usr/bin/cc
[0.165s] -- Check for working C compiler: /usr/bin/cc -- works
[0.166s] -- Detecting C compiler ABI info
[0.220s] -- Detecting C compiler ABI info - done
[0.230s] -- Detecting C compile features
[0.230s] -- Detecting C compile features - done
[0.232s] -- Check for working CXX compiler: /usr/bin/c++
[0.293s] -- Check for working CXX compiler: /usr/bin/c++ -- works
[0.295s] -- Detecting CXX compiler ABI info
[0.362s] -- Detecting CXX compiler ABI info - done
[0.372s] -- Detecting CXX compile features
[0.373s] -- Detecting CXX compile features - done
[0.375s] -- Found ament_cmake: 0.9.9 (/opt/ros/foxy/share/ament_cmake/cmake)
[0.393s] -- Found PythonInterp: /usr/bin/python3 (found suitable version "3.8.10", minimum required is "3") 
[0.393s] -- Using PYTHON_EXECUTABLE: /usr/bin/python3
[0.587s] -- Configuring done
[0.588s] -- Generating done
[0.589s] -- Build files have been written to: /root/ROS2Docker/ros2_ws/build/ur_moveit_config
[0.593s] Invoked command in '/root/ROS2Docker/ros2_ws/build/ur_moveit_config' returned '0': CMAKE_PREFIX_PATH=${CMAKE_PREFIX_PATH}:/root/ROS2Docker/ros2_ws/install/ur_ignition:/root/ROS2Docker/ros2_ws/install/examples_rclpy_minimal_subscriber:/root/ROS2Docker/ros2_ws/install/examples_rclpy_minimal_service:/root/ROS2Docker/ros2_ws/install/examples_rclpy_minimal_publisher:/root/ROS2Docker/ros2_ws/install/examples_rclpy_minimal_client:/root/ROS2Docker/ros2_ws/install/examples_rclpy_minimal_action_server:/root/ROS2Docker/ros2_ws/install/examples_rclpy_minimal_action_client:/root/ROS2Docker/ros2_ws/install/examples_rclpy_executors:/opt/ros/foxy /usr/bin/cmake /root/ROS2Docker/ros2_ws/src/Universal_Robots_ROS2_Driver/ur_moveit_config -DCMAKE_INSTALL_PREFIX=/root/ROS2Docker/ros2_ws/install/ur_moveit_config
[0.594s] Invoking command in '/root/ROS2Docker/ros2_ws/build/ur_moveit_config': CMAKE_PREFIX_PATH=${CMAKE_PREFIX_PATH}:/root/ROS2Docker/ros2_ws/install/ur_ignition:/root/ROS2Docker/ros2_ws/install/examples_rclpy_minimal_subscriber:/root/ROS2Docker/ros2_ws/install/examples_rclpy_minimal_service:/root/ROS2Docker/ros2_ws/install/examples_rclpy_minimal_publisher:/root/ROS2Docker/ros2_ws/install/examples_rclpy_minimal_client:/root/ROS2Docker/ros2_ws/install/examples_rclpy_minimal_action_server:/root/ROS2Docker/ros2_ws/install/examples_rclpy_minimal_action_client:/root/ROS2Docker/ros2_ws/install/examples_rclpy_executors:/opt/ros/foxy /usr/bin/cmake --build /root/ROS2Docker/ros2_ws/build/ur_moveit_config -- -j16 -l16
[0.634s] Invoked command in '/root/ROS2Docker/ros2_ws/build/ur_moveit_config' returned '0': CMAKE_PREFIX_PATH=${CMAKE_PREFIX_PATH}:/root/ROS2Docker/ros2_ws/install/ur_ignition:/root/ROS2Docker/ros2_ws/install/examples_rclpy_minimal_subscriber:/root/ROS2Docker/ros2_ws/install/examples_rclpy_minimal_service:/root/ROS2Docker/ros2_ws/install/examples_rclpy_minimal_publisher:/root/ROS2Docker/ros2_ws/install/examples_rclpy_minimal_client:/root/ROS2Docker/ros2_ws/install/examples_rclpy_minimal_action_server:/root/ROS2Docker/ros2_ws/install/examples_rclpy_minimal_action_client:/root/ROS2Docker/ros2_ws/install/examples_rclpy_executors:/opt/ros/foxy /usr/bin/cmake --build /root/ROS2Docker/ros2_ws/build/ur_moveit_config -- -j16 -l16
[0.665s] Invoking command in '/root/ROS2Docker/ros2_ws/build/ur_moveit_config': CMAKE_PREFIX_PATH=${CMAKE_PREFIX_PATH}:/root/ROS2Docker/ros2_ws/install/ur_ignition:/root/ROS2Docker/ros2_ws/install/examples_rclpy_minimal_subscriber:/root/ROS2Docker/ros2_ws/install/examples_rclpy_minimal_service:/root/ROS2Docker/ros2_ws/install/examples_rclpy_minimal_publisher:/root/ROS2Docker/ros2_ws/install/examples_rclpy_minimal_client:/root/ROS2Docker/ros2_ws/install/examples_rclpy_minimal_action_server:/root/ROS2Docker/ros2_ws/install/examples_rclpy_minimal_action_client:/root/ROS2Docker/ros2_ws/install/examples_rclpy_executors:/opt/ros/foxy /usr/bin/cmake --install /root/ROS2Docker/ros2_ws/build/ur_moveit_config
[0.670s] -- Install configuration: ""
[0.670s] -- Installing: /root/ROS2Docker/ros2_ws/install/ur_moveit_config/share/ur_moveit_config/config
[0.671s] -- Installing: /root/ROS2Docker/ros2_ws/install/ur_moveit_config/share/ur_moveit_config/config/ompl_planning.yaml
[0.671s] -- Installing: /root/ROS2Docker/ros2_ws/install/ur_moveit_config/share/ur_moveit_config/config/controllers.yaml
[0.671s] -- Installing: /root/ROS2Docker/ros2_ws/install/ur_moveit_config/share/ur_moveit_config/config/kinematics.yaml
[0.671s] -- Installing: /root/ROS2Docker/ros2_ws/install/ur_moveit_config/share/ur_moveit_config/rviz
[0.671s] -- Installing: /root/ROS2Docker/ros2_ws/install/ur_moveit_config/share/ur_moveit_config/rviz/view_robot.rviz
[0.671s] -- Installing: /root/ROS2Docker/ros2_ws/install/ur_moveit_config/share/ur_moveit_config/srdf
[0.671s] -- Installing: /root/ROS2Docker/ros2_ws/install/ur_moveit_config/share/ur_moveit_config/srdf/ur.srdf.xacro
[0.671s] -- Installing: /root/ROS2Docker/ros2_ws/install/ur_moveit_config/share/ur_moveit_config/srdf/ur_macro.srdf.xacro
[0.671s] -- Installing: /root/ROS2Docker/ros2_ws/install/ur_moveit_config/share/ament_index/resource_index/package_run_dependencies/ur_moveit_config
[0.671s] -- Installing: /root/ROS2Docker/ros2_ws/install/ur_moveit_config/share/ament_index/resource_index/parent_prefix_path/ur_moveit_config
[0.671s] -- Installing: /root/ROS2Docker/ros2_ws/install/ur_moveit_config/share/ur_moveit_config/environment/ament_prefix_path.sh
[0.672s] -- Installing: /root/ROS2Docker/ros2_ws/install/ur_moveit_config/share/ur_moveit_config/environment/ament_prefix_path.dsv
[0.672s] -- Installing: /root/ROS2Docker/ros2_ws/install/ur_moveit_config/share/ur_moveit_config/environment/path.sh
[0.672s] -- Installing: /root/ROS2Docker/ros2_ws/install/ur_moveit_config/share/ur_moveit_config/environment/path.dsv
[0.672s] -- Installing: /root/ROS2Docker/ros2_ws/install/ur_moveit_config/share/ur_moveit_config/local_setup.bash
[0.672s] -- Installing: /root/ROS2Docker/ros2_ws/install/ur_moveit_config/share/ur_moveit_config/local_setup.sh
[0.672s] -- Installing: /root/ROS2Docker/ros2_ws/install/ur_moveit_config/share/ur_moveit_config/local_setup.zsh
[0.672s] -- Installing: /root/ROS2Docker/ros2_ws/install/ur_moveit_config/share/ur_moveit_config/local_setup.dsv
[0.672s] -- Installing: /root/ROS2Docker/ros2_ws/install/ur_moveit_config/share/ur_moveit_config/package.dsv
[0.672s] -- Installing: /root/ROS2Docker/ros2_ws/install/ur_moveit_config/share/ament_index/resource_index/packages/ur_moveit_config
[0.672s] -- Installing: /root/ROS2Docker/ros2_ws/install/ur_moveit_config/share/ur_moveit_config/cmake/ur_moveit_configConfig.cmake
[0.672s] -- Installing: /root/ROS2Docker/ros2_ws/install/ur_moveit_config/share/ur_moveit_config/cmake/ur_moveit_configConfig-version.cmake
[0.673s] -- Installing: /root/ROS2Docker/ros2_ws/install/ur_moveit_config/share/ur_moveit_config/package.xml
[0.675s] Invoked command in '/root/ROS2Docker/ros2_ws/build/ur_moveit_config' returned '0': CMAKE_PREFIX_PATH=${CMAKE_PREFIX_PATH}:/root/ROS2Docker/ros2_ws/install/ur_ignition:/root/ROS2Docker/ros2_ws/install/examples_rclpy_minimal_subscriber:/root/ROS2Docker/ros2_ws/install/examples_rclpy_minimal_service:/root/ROS2Docker/ros2_ws/install/examples_rclpy_minimal_publisher:/root/ROS2Docker/ros2_ws/install/examples_rclpy_minimal_client:/root/ROS2Docker/ros2_ws/install/examples_rclpy_minimal_action_server:/root/ROS2Docker/ros2_ws/install/examples_rclpy_minimal_action_client:/root/ROS2Docker/ros2_ws/install/examples_rclpy_executors:/opt/ros/foxy /usr/bin/cmake --install /root/ROS2Docker/ros2_ws/build/ur_moveit_config
